{
  "uid" : "4cc4bccfec0c64ce",
  "name" : "testFourExpectedFailure",
  "fullName" : "test.java.tests.theInternet.parallel.TestFour.testFourExpectedFailure",
  "historyId" : "ce09e92ae2bcb1db5e1b8af8fb14a997",
  "time" : {
    "start" : 1648561232439,
    "stop" : 1648561237070,
    "duration" : 4631
  },
  "description" : "Verify the successful login with valid username and password.",
  "descriptionHtml" : "<p>Verify the successful login with valid username and password.</p>\n",
  "status" : "skipped",
  "statusMessage" : "success message not present expected [false] but found [true]",
  "statusTrace" : "java.lang.AssertionError: success message not present expected [false] but found [true]\n\tat org.testng.Assert.fail(Assert.java:99)\n\tat org.testng.Assert.failNotEquals(Assert.java:1037)\n\tat org.testng.Assert.assertFalse(Assert.java:67)\n\tat test.java.tests.theInternet.parallel.TestFour.testFourExpectedFailure(TestFour.java:77)\n\tat java.base/jdk.internal.reflect.NativeMethodAccessorImpl.invoke0(Native Method)\n\tat java.base/jdk.internal.reflect.NativeMethodAccessorImpl.invoke(NativeMethodAccessorImpl.java:77)\n\tat java.base/jdk.internal.reflect.DelegatingMethodAccessorImpl.invoke(DelegatingMethodAccessorImpl.java:43)\n\tat java.base/java.lang.reflect.Method.invoke(Method.java:568)\n\tat org.testng.internal.MethodInvocationHelper.invokeMethod(MethodInvocationHelper.java:133)\n\tat org.testng.internal.TestInvoker.invokeMethod(TestInvoker.java:598)\n\tat org.testng.internal.TestInvoker.invokeTestMethod(TestInvoker.java:173)\n\tat org.testng.internal.MethodRunner.runInSequence(MethodRunner.java:46)\n\tat org.testng.internal.TestInvoker$MethodInvocationAgent.invoke(TestInvoker.java:824)\n\tat org.testng.internal.TestInvoker.invokeTestMethods(TestInvoker.java:146)\n\tat org.testng.internal.TestMethodWorker.invokeTestMethods(TestMethodWorker.java:146)\n\tat org.testng.internal.TestMethodWorker.run(TestMethodWorker.java:128)\n\tat java.base/java.util.concurrent.ThreadPoolExecutor.runWorker(ThreadPoolExecutor.java:1136)\n\tat java.base/java.util.concurrent.ThreadPoolExecutor$Worker.run(ThreadPoolExecutor.java:635)\n\tat java.base/java.lang.Thread.run(Thread.java:833)\n",
  "flaky" : false,
  "newFailed" : false,
  "beforeStages" : [ {
    "name" : "setup",
    "time" : {
      "start" : 1648561230686,
      "stop" : 1648561232430,
      "duration" : 1744
    },
    "description" : "",
    "status" : "passed",
    "steps" : [ {
      "name" : "Start time: 29 Mar 2022 13:40:30",
      "time" : {
        "start" : 1648561230686,
        "stop" : 1648561230686,
        "duration" : 0
      },
      "status" : "passed",
      "steps" : [ ],
      "attachments" : [ ],
      "parameters" : [ ],
      "stepsCount" : 0,
      "attachmentsCount" : 0,
      "shouldDisplayMessage" : false,
      "hasContent" : false
    }, {
      "name" : "Running Test on 'Linux' OS.",
      "time" : {
        "start" : 1648561230686,
        "stop" : 1648561230686,
        "duration" : 0
      },
      "status" : "passed",
      "steps" : [ ],
      "attachments" : [ ],
      "parameters" : [ ],
      "stepsCount" : 0,
      "attachmentsCount" : 0,
      "shouldDisplayMessage" : false,
      "hasContent" : false
    }, {
      "name" : "Browser: CHROMEHEADLESS",
      "time" : {
        "start" : 1648561230686,
        "stop" : 1648561230686,
        "duration" : 0
      },
      "status" : "passed",
      "steps" : [ ],
      "attachments" : [ ],
      "parameters" : [ ],
      "stepsCount" : 0,
      "attachmentsCount" : 0,
      "shouldDisplayMessage" : false,
      "hasContent" : false
    }, {
      "name" : "Driver instance: ChromeDriver: chrome on LINUX (2f0cd4be49bbc73838118a916395eaac)",
      "time" : {
        "start" : 1648561232426,
        "stop" : 1648561232426,
        "duration" : 0
      },
      "status" : "passed",
      "steps" : [ ],
      "attachments" : [ ],
      "parameters" : [ ],
      "stepsCount" : 0,
      "attachmentsCount" : 0,
      "shouldDisplayMessage" : false,
      "hasContent" : false
    } ],
    "attachments" : [ ],
    "parameters" : [ ],
    "stepsCount" : 4,
    "attachmentsCount" : 0,
    "shouldDisplayMessage" : false,
    "hasContent" : true
  } ],
  "testStage" : {
    "description" : "Verify the successful login with valid username and password.",
    "status" : "skipped",
    "statusMessage" : "success message not present expected [false] but found [true]",
    "statusTrace" : "java.lang.AssertionError: success message not present expected [false] but found [true]\n\tat org.testng.Assert.fail(Assert.java:99)\n\tat org.testng.Assert.failNotEquals(Assert.java:1037)\n\tat org.testng.Assert.assertFalse(Assert.java:67)\n\tat test.java.tests.theInternet.parallel.TestFour.testFourExpectedFailure(TestFour.java:77)\n\tat java.base/jdk.internal.reflect.NativeMethodAccessorImpl.invoke0(Native Method)\n\tat java.base/jdk.internal.reflect.NativeMethodAccessorImpl.invoke(NativeMethodAccessorImpl.java:77)\n\tat java.base/jdk.internal.reflect.DelegatingMethodAccessorImpl.invoke(DelegatingMethodAccessorImpl.java:43)\n\tat java.base/java.lang.reflect.Method.invoke(Method.java:568)\n\tat org.testng.internal.MethodInvocationHelper.invokeMethod(MethodInvocationHelper.java:133)\n\tat org.testng.internal.TestInvoker.invokeMethod(TestInvoker.java:598)\n\tat org.testng.internal.TestInvoker.invokeTestMethod(TestInvoker.java:173)\n\tat org.testng.internal.MethodRunner.runInSequence(MethodRunner.java:46)\n\tat org.testng.internal.TestInvoker$MethodInvocationAgent.invoke(TestInvoker.java:824)\n\tat org.testng.internal.TestInvoker.invokeTestMethods(TestInvoker.java:146)\n\tat org.testng.internal.TestMethodWorker.invokeTestMethods(TestMethodWorker.java:146)\n\tat org.testng.internal.TestMethodWorker.run(TestMethodWorker.java:128)\n\tat java.base/java.util.concurrent.ThreadPoolExecutor.runWorker(ThreadPoolExecutor.java:1136)\n\tat java.base/java.util.concurrent.ThreadPoolExecutor$Worker.run(ThreadPoolExecutor.java:635)\n\tat java.base/java.lang.Thread.run(Thread.java:833)\n",
    "steps" : [ {
      "name" : "Access http://the-internet.herokuapp.com/login URL.",
      "time" : {
        "start" : 1648561232445,
        "stop" : 1648561232445,
        "duration" : 0
      },
      "status" : "passed",
      "steps" : [ ],
      "attachments" : [ ],
      "parameters" : [ ],
      "stepsCount" : 0,
      "attachmentsCount" : 0,
      "shouldDisplayMessage" : false,
      "hasContent" : false
    }, {
      "name" : "Verify login form present or not.",
      "time" : {
        "start" : 1648561233875,
        "stop" : 1648561233875,
        "duration" : 0
      },
      "status" : "passed",
      "steps" : [ ],
      "attachments" : [ ],
      "parameters" : [ ],
      "stepsCount" : 0,
      "attachmentsCount" : 0,
      "shouldDisplayMessage" : false,
      "hasContent" : false
    }, {
      "name" : "1. Login with valid username and password.",
      "time" : {
        "start" : 1648561234119,
        "stop" : 1648561234119,
        "duration" : 0
      },
      "status" : "passed",
      "steps" : [ ],
      "attachments" : [ ],
      "parameters" : [ ],
      "stepsCount" : 0,
      "attachmentsCount" : 0,
      "shouldDisplayMessage" : false,
      "hasContent" : false
    }, {
      "name" : "Enter tomsmith username",
      "time" : {
        "start" : 1648561234119,
        "stop" : 1648561234119,
        "duration" : 0
      },
      "status" : "passed",
      "steps" : [ ],
      "attachments" : [ ],
      "parameters" : [ ],
      "stepsCount" : 0,
      "attachmentsCount" : 0,
      "shouldDisplayMessage" : false,
      "hasContent" : false
    }, {
      "name" : "Enter SuperSecretPassword! password",
      "time" : {
        "start" : 1648561234846,
        "stop" : 1648561234846,
        "duration" : 0
      },
      "status" : "passed",
      "steps" : [ ],
      "attachments" : [ ],
      "parameters" : [ ],
      "stepsCount" : 0,
      "attachmentsCount" : 0,
      "shouldDisplayMessage" : false,
      "hasContent" : false
    }, {
      "name" : "Click on Submit button",
      "time" : {
        "start" : 1648561235574,
        "stop" : 1648561235574,
        "duration" : 0
      },
      "status" : "passed",
      "steps" : [ ],
      "attachments" : [ ],
      "parameters" : [ ],
      "stepsCount" : 0,
      "attachmentsCount" : 0,
      "shouldDisplayMessage" : false,
      "hasContent" : false
    }, {
      "name" : "2. Verify success message present",
      "time" : {
        "start" : 1648561236803,
        "stop" : 1648561236803,
        "duration" : 0
      },
      "status" : "passed",
      "steps" : [ ],
      "attachments" : [ ],
      "parameters" : [ ],
      "stepsCount" : 0,
      "attachmentsCount" : 0,
      "shouldDisplayMessage" : false,
      "hasContent" : false
    }, {
      "name" : "Verify success message present or not.",
      "time" : {
        "start" : 1648561236803,
        "stop" : 1648561236803,
        "duration" : 0
      },
      "status" : "passed",
      "steps" : [ ],
      "attachments" : [ ],
      "parameters" : [ ],
      "stepsCount" : 0,
      "attachmentsCount" : 0,
      "shouldDisplayMessage" : false,
      "hasContent" : false
    } ],
    "attachments" : [ ],
    "parameters" : [ ],
    "stepsCount" : 8,
    "attachmentsCount" : 0,
    "shouldDisplayMessage" : true,
    "hasContent" : true
  },
  "afterStages" : [ {
    "name" : "teardown",
    "time" : {
      "start" : 1648561237072,
      "stop" : 1648561237232,
      "duration" : 160
    },
    "description" : "",
    "status" : "passed",
    "steps" : [ {
      "name" : "Cleaning up driver instance: ChromeDriver: chrome on LINUX (2f0cd4be49bbc73838118a916395eaac)",
      "time" : {
        "start" : 1648561237072,
        "stop" : 1648561237072,
        "duration" : 0
      },
      "status" : "passed",
      "steps" : [ ],
      "attachments" : [ ],
      "parameters" : [ ],
      "stepsCount" : 0,
      "attachmentsCount" : 0,
      "shouldDisplayMessage" : false,
      "hasContent" : false
    }, {
      "name" : "Complete time: 29 Mar 2022 13:40:37",
      "time" : {
        "start" : 1648561237232,
        "stop" : 1648561237232,
        "duration" : 0
      },
      "status" : "passed",
      "steps" : [ ],
      "attachments" : [ ],
      "parameters" : [ ],
      "stepsCount" : 0,
      "attachmentsCount" : 0,
      "shouldDisplayMessage" : false,
      "hasContent" : false
    } ],
    "attachments" : [ ],
    "parameters" : [ ],
    "stepsCount" : 2,
    "attachmentsCount" : 0,
    "shouldDisplayMessage" : false,
    "hasContent" : true
  } ],
  "labels" : [ {
    "name" : "package",
    "value" : "test.java.tests.theInternet.parallel.TestFour"
  }, {
    "name" : "testClass",
    "value" : "test.java.tests.theInternet.parallel.TestFour"
  }, {
    "name" : "testMethod",
    "value" : "testFourExpectedFailure"
  }, {
    "name" : "parentSuite",
    "value" : "Suite - Parallel Execution"
  }, {
    "name" : "suite",
    "value" : "Test Parallel Execution"
  }, {
    "name" : "subSuite",
    "value" : "test.java.tests.theInternet.parallel.TestFour"
  }, {
    "name" : "host",
    "value" : "fv-az178-772"
  }, {
    "name" : "thread",
    "value" : "2335@fv-az178-772.TestNG-test=Test Parallel Execution-16(207)"
  }, {
    "name" : "framework",
    "value" : "testng"
  }, {
    "name" : "language",
    "value" : "java"
  }, {
    "name" : "severity",
    "value" : "blocker"
  }, {
    "name" : "resultFormat",
    "value" : "allure2"
  } ],
  "parameters" : [ ],
  "links" : [ ],
  "hidden" : true,
  "retry" : true,
  "extra" : {
    "categories" : [ ],
    "tags" : [ ]
  },
  "source" : "4cc4bccfec0c64ce.json",
  "parameterValues" : [ ]
}