{
  "uid" : "a875b5997eecb565",
  "name" : "testOneExpectedFailure",
  "fullName" : "test.java.tests.theInternet.parallel.TestOne.testOneExpectedFailure",
  "historyId" : "ab6883056220de6a4dfa4936aa12b217",
  "time" : {
    "start" : 1632593616017,
    "stop" : 1632593616726,
    "duration" : 709
  },
  "description" : "Verify the successful login with valid username and password.",
  "descriptionHtml" : "<p>Verify the successful login with valid username and password.</p>\n",
  "status" : "failed",
  "statusMessage" : "success message not present expected [false] but found [true]",
  "statusTrace" : "java.lang.AssertionError: success message not present expected [false] but found [true]\n\tat org.testng.Assert.fail(Assert.java:99)\n\tat org.testng.Assert.failNotEquals(Assert.java:1037)\n\tat org.testng.Assert.assertFalse(Assert.java:67)\n\tat test.java.tests.theInternet.parallel.TestOne.testOneExpectedFailure(TestOne.java:77)\n\tat java.base/jdk.internal.reflect.NativeMethodAccessorImpl.invoke0(Native Method)\n\tat java.base/jdk.internal.reflect.NativeMethodAccessorImpl.invoke(NativeMethodAccessorImpl.java:62)\n\tat java.base/jdk.internal.reflect.DelegatingMethodAccessorImpl.invoke(DelegatingMethodAccessorImpl.java:43)\n\tat java.base/java.lang.reflect.Method.invoke(Method.java:566)\n\tat org.testng.internal.MethodInvocationHelper.invokeMethod(MethodInvocationHelper.java:132)\n\tat org.testng.internal.TestInvoker.invokeMethod(TestInvoker.java:599)\n\tat org.testng.internal.TestInvoker.retryFailed(TestInvoker.java:214)\n\tat org.testng.internal.MethodRunner.runInSequence(MethodRunner.java:58)\n\tat org.testng.internal.TestInvoker$MethodInvocationAgent.invoke(TestInvoker.java:822)\n\tat org.testng.internal.TestInvoker.invokeTestMethods(TestInvoker.java:147)\n\tat org.testng.internal.TestMethodWorker.invokeTestMethods(TestMethodWorker.java:146)\n\tat org.testng.internal.TestMethodWorker.run(TestMethodWorker.java:128)\n\tat java.base/java.util.concurrent.ThreadPoolExecutor.runWorker(ThreadPoolExecutor.java:1128)\n\tat java.base/java.util.concurrent.ThreadPoolExecutor$Worker.run(ThreadPoolExecutor.java:628)\n\tat java.base/java.lang.Thread.run(Thread.java:829)\n",
  "flaky" : false,
  "newFailed" : false,
  "beforeStages" : [ {
    "name" : "setup",
    "time" : {
      "start" : 1632593615819,
      "stop" : 1632593616016,
      "duration" : 197
    },
    "description" : "",
    "status" : "passed",
    "steps" : [ {
      "name" : "Start time: 25 Sep 2021 18:13:35",
      "time" : {
        "start" : 1632593615819,
        "stop" : 1632593615819,
        "duration" : 0
      },
      "status" : "passed",
      "steps" : [ ],
      "attachments" : [ ],
      "parameters" : [ ],
      "stepsCount" : 0,
      "attachmentsCount" : 0,
      "shouldDisplayMessage" : false,
      "hasContent" : false
    }, {
      "name" : "Running Test on 'Linux' OS.",
      "time" : {
        "start" : 1632593615819,
        "stop" : 1632593615819,
        "duration" : 0
      },
      "status" : "passed",
      "steps" : [ ],
      "attachments" : [ ],
      "parameters" : [ ],
      "stepsCount" : 0,
      "attachmentsCount" : 0,
      "shouldDisplayMessage" : false,
      "hasContent" : false
    }, {
      "name" : "Browser: CHROMEHEADLESS",
      "time" : {
        "start" : 1632593615819,
        "stop" : 1632593615819,
        "duration" : 0
      },
      "status" : "passed",
      "steps" : [ ],
      "attachments" : [ ],
      "parameters" : [ ],
      "stepsCount" : 0,
      "attachmentsCount" : 0,
      "shouldDisplayMessage" : false,
      "hasContent" : false
    }, {
      "name" : "Driver instance: ChromeDriver: chrome on LINUX (9d52d8b533a371c5476597e9ae2f6bd6)",
      "time" : {
        "start" : 1632593616005,
        "stop" : 1632593616005,
        "duration" : 0
      },
      "status" : "passed",
      "steps" : [ ],
      "attachments" : [ ],
      "parameters" : [ ],
      "stepsCount" : 0,
      "attachmentsCount" : 0,
      "shouldDisplayMessage" : false,
      "hasContent" : false
    } ],
    "attachments" : [ ],
    "parameters" : [ ],
    "stepsCount" : 4,
    "attachmentsCount" : 0,
    "shouldDisplayMessage" : false,
    "hasContent" : true
  } ],
  "testStage" : {
    "description" : "Verify the successful login with valid username and password.",
    "status" : "failed",
    "statusMessage" : "success message not present expected [false] but found [true]",
    "statusTrace" : "java.lang.AssertionError: success message not present expected [false] but found [true]\n\tat org.testng.Assert.fail(Assert.java:99)\n\tat org.testng.Assert.failNotEquals(Assert.java:1037)\n\tat org.testng.Assert.assertFalse(Assert.java:67)\n\tat test.java.tests.theInternet.parallel.TestOne.testOneExpectedFailure(TestOne.java:77)\n\tat java.base/jdk.internal.reflect.NativeMethodAccessorImpl.invoke0(Native Method)\n\tat java.base/jdk.internal.reflect.NativeMethodAccessorImpl.invoke(NativeMethodAccessorImpl.java:62)\n\tat java.base/jdk.internal.reflect.DelegatingMethodAccessorImpl.invoke(DelegatingMethodAccessorImpl.java:43)\n\tat java.base/java.lang.reflect.Method.invoke(Method.java:566)\n\tat org.testng.internal.MethodInvocationHelper.invokeMethod(MethodInvocationHelper.java:132)\n\tat org.testng.internal.TestInvoker.invokeMethod(TestInvoker.java:599)\n\tat org.testng.internal.TestInvoker.retryFailed(TestInvoker.java:214)\n\tat org.testng.internal.MethodRunner.runInSequence(MethodRunner.java:58)\n\tat org.testng.internal.TestInvoker$MethodInvocationAgent.invoke(TestInvoker.java:822)\n\tat org.testng.internal.TestInvoker.invokeTestMethods(TestInvoker.java:147)\n\tat org.testng.internal.TestMethodWorker.invokeTestMethods(TestMethodWorker.java:146)\n\tat org.testng.internal.TestMethodWorker.run(TestMethodWorker.java:128)\n\tat java.base/java.util.concurrent.ThreadPoolExecutor.runWorker(ThreadPoolExecutor.java:1128)\n\tat java.base/java.util.concurrent.ThreadPoolExecutor$Worker.run(ThreadPoolExecutor.java:628)\n\tat java.base/java.lang.Thread.run(Thread.java:829)\n",
    "steps" : [ {
      "name" : "Access http://the-internet.herokuapp.com/login URL.",
      "time" : {
        "start" : 1632593616022,
        "stop" : 1632593616022,
        "duration" : 0
      },
      "status" : "passed",
      "steps" : [ ],
      "attachments" : [ ],
      "parameters" : [ ],
      "stepsCount" : 0,
      "attachmentsCount" : 0,
      "shouldDisplayMessage" : false,
      "hasContent" : false
    }, {
      "name" : "Verify login form present or not.",
      "time" : {
        "start" : 1632593616238,
        "stop" : 1632593616238,
        "duration" : 0
      },
      "status" : "passed",
      "steps" : [ ],
      "attachments" : [ ],
      "parameters" : [ ],
      "stepsCount" : 0,
      "attachmentsCount" : 0,
      "shouldDisplayMessage" : false,
      "hasContent" : false
    }, {
      "name" : "1. Login with valid username and password.",
      "time" : {
        "start" : 1632593616276,
        "stop" : 1632593616276,
        "duration" : 0
      },
      "status" : "passed",
      "steps" : [ ],
      "attachments" : [ ],
      "parameters" : [ ],
      "stepsCount" : 0,
      "attachmentsCount" : 0,
      "shouldDisplayMessage" : false,
      "hasContent" : false
    }, {
      "name" : "Enter tomsmith username",
      "time" : {
        "start" : 1632593616276,
        "stop" : 1632593616276,
        "duration" : 0
      },
      "status" : "passed",
      "steps" : [ ],
      "attachments" : [ ],
      "parameters" : [ ],
      "stepsCount" : 0,
      "attachmentsCount" : 0,
      "shouldDisplayMessage" : false,
      "hasContent" : false
    }, {
      "name" : "Enter SuperSecretPassword! password",
      "time" : {
        "start" : 1632593616343,
        "stop" : 1632593616343,
        "duration" : 0
      },
      "status" : "passed",
      "steps" : [ ],
      "attachments" : [ ],
      "parameters" : [ ],
      "stepsCount" : 0,
      "attachmentsCount" : 0,
      "shouldDisplayMessage" : false,
      "hasContent" : false
    }, {
      "name" : "Click on Submit button",
      "time" : {
        "start" : 1632593616415,
        "stop" : 1632593616415,
        "duration" : 0
      },
      "status" : "passed",
      "steps" : [ ],
      "attachments" : [ ],
      "parameters" : [ ],
      "stepsCount" : 0,
      "attachmentsCount" : 0,
      "shouldDisplayMessage" : false,
      "hasContent" : false
    }, {
      "name" : "2. Verify success message present",
      "time" : {
        "start" : 1632593616556,
        "stop" : 1632593616556,
        "duration" : 0
      },
      "status" : "passed",
      "steps" : [ ],
      "attachments" : [ ],
      "parameters" : [ ],
      "stepsCount" : 0,
      "attachmentsCount" : 0,
      "shouldDisplayMessage" : false,
      "hasContent" : false
    }, {
      "name" : "Verify success message present or not.",
      "time" : {
        "start" : 1632593616556,
        "stop" : 1632593616556,
        "duration" : 0
      },
      "status" : "passed",
      "steps" : [ ],
      "attachments" : [ ],
      "parameters" : [ ],
      "stepsCount" : 0,
      "attachmentsCount" : 0,
      "shouldDisplayMessage" : false,
      "hasContent" : false
    } ],
    "attachments" : [ {
      "uid" : "edcbeb55ed9b5a55",
      "name" : "saveFailureScreenshot",
      "source" : "edcbeb55ed9b5a55.png",
      "type" : "image/png",
      "size" : 38519
    }, {
      "uid" : "4d2878155709c88a",
      "name" : "testOneExpectedFailure failed and screenshot taken!",
      "source" : "4d2878155709c88a.txt",
      "type" : "text/plain",
      "size" : 51
    } ],
    "parameters" : [ ],
    "stepsCount" : 8,
    "attachmentsCount" : 2,
    "shouldDisplayMessage" : true,
    "hasContent" : true
  },
  "afterStages" : [ {
    "name" : "teardown",
    "time" : {
      "start" : 1632593616735,
      "stop" : 1632593616802,
      "duration" : 67
    },
    "description" : "",
    "status" : "passed",
    "steps" : [ {
      "name" : "Cleaning up driver instance: ChromeDriver: chrome on LINUX (9d52d8b533a371c5476597e9ae2f6bd6)",
      "time" : {
        "start" : 1632593616735,
        "stop" : 1632593616735,
        "duration" : 0
      },
      "status" : "passed",
      "steps" : [ ],
      "attachments" : [ ],
      "parameters" : [ ],
      "stepsCount" : 0,
      "attachmentsCount" : 0,
      "shouldDisplayMessage" : false,
      "hasContent" : false
    }, {
      "name" : "Complete time: 25 Sep 2021 18:13:36",
      "time" : {
        "start" : 1632593616802,
        "stop" : 1632593616802,
        "duration" : 0
      },
      "status" : "passed",
      "steps" : [ ],
      "attachments" : [ ],
      "parameters" : [ ],
      "stepsCount" : 0,
      "attachmentsCount" : 0,
      "shouldDisplayMessage" : false,
      "hasContent" : false
    } ],
    "attachments" : [ ],
    "parameters" : [ ],
    "stepsCount" : 2,
    "attachmentsCount" : 0,
    "shouldDisplayMessage" : false,
    "hasContent" : true
  } ],
  "labels" : [ {
    "name" : "package",
    "value" : "test.java.tests.theInternet.parallel.TestOne"
  }, {
    "name" : "testClass",
    "value" : "test.java.tests.theInternet.parallel.TestOne"
  }, {
    "name" : "testMethod",
    "value" : "testOneExpectedFailure"
  }, {
    "name" : "parentSuite",
    "value" : "Suite - Parallel Execution"
  }, {
    "name" : "suite",
    "value" : "Test Parallel Execution"
  }, {
    "name" : "subSuite",
    "value" : "test.java.tests.theInternet.parallel.TestOne"
  }, {
    "name" : "host",
    "value" : "fv-az246-128"
  }, {
    "name" : "thread",
    "value" : "2817@fv-az246-128.TestNG-test=Test Parallel Execution-4(17)"
  }, {
    "name" : "framework",
    "value" : "testng"
  }, {
    "name" : "language",
    "value" : "java"
  }, {
    "name" : "severity",
    "value" : "blocker"
  }, {
    "name" : "resultFormat",
    "value" : "allure2"
  } ],
  "parameters" : [ ],
  "links" : [ ],
  "hidden" : false,
  "retry" : false,
  "extra" : {
    "severity" : "blocker",
    "retries" : [ {
      "uid" : "31fbff3a5b952d0",
      "status" : "skipped",
      "statusDetails" : "success message not present expected [false] but found [true]",
      "time" : {
        "start" : 1632593615135,
        "stop" : 1632593615747,
        "duration" : 612
      }
    }, {
      "uid" : "b372a6a5098884fe",
      "status" : "skipped",
      "statusDetails" : "invalid session id\nBuild info: version: '4.0.0-beta-2', revision: '4ec0cfc112'\nSystem info: host: 'fv-az246-128', ip: '10.1.0.214', os.name: 'Linux', os.arch: 'amd64', os.version: '5.8.0-1041-azure', java.version: '11.0.12'\nDriver info: org.openqa.selenium.chrome.ChromeDriver\nCommand: [31248d2b0c1cd6fa4edfff21555b68dd, isElementDisplayed {id=54340d70-eb9f-4c0b-ad9d-68d80a9c02ff}]\nCapabilities {acceptInsecureCerts: false, browserName: chrome, browserVersion: 93.0.4577.82, chrome: {chromedriverVersion: 93.0.4577.63 (ff5c0da2ec0ad..., userDataDir: /tmp/.com.google.Chrome.gUBlqA}, goog:chromeOptions: {debuggerAddress: localhost:37249}, javascriptEnabled: true, networkConnectionEnabled: false, pageLoadStrategy: normal, platform: LINUX, platformName: LINUX, proxy: Proxy(), setWindowRect: true, strictFileInteractability: false, timeouts: {implicit: 0, pageLoad: 300000, script: 30000}, unhandledPromptBehavior: dismiss and notify, webauthn:extension:credBlob: true, webauthn:extension:largeBlob: true, webauthn:virtualAuthenticators: true}\nElement: [[ChromeDriver: chrome on LINUX (31248d2b0c1cd6fa4edfff21555b68dd)] -> css selector: .flash.success]\nSession ID: 31248d2b0c1cd6fa4edfff21555b68dd",
      "time" : {
        "start" : 1632593613051,
        "stop" : 1632593614813,
        "duration" : 1762
      }
    } ],
    "categories" : [ {
      "name" : "Product defects",
      "matchedStatuses" : [ ],
      "flaky" : false
    } ],
    "history" : {
      "statistic" : {
        "failed" : 32,
        "broken" : 0,
        "skipped" : 0,
        "passed" : 1,
        "unknown" : 0,
        "total" : 33
      },
      "items" : [ {
        "uid" : "176226500296540a",
        "reportUrl" : "https://jagadeeshshetty.github.io/SeleniumMaven/40//#testresult/176226500296540a",
        "status" : "failed",
        "statusDetails" : "success message not present expected [false] but found [true]",
        "time" : {
          "start" : 1632201908718,
          "stop" : 1632201909243,
          "duration" : 525
        }
      }, {
        "uid" : "1f163d9f6ab0276e",
        "reportUrl" : "https://jagadeeshshetty.github.io/SeleniumMaven/39//#testresult/1f163d9f6ab0276e",
        "status" : "failed",
        "statusDetails" : "success message not present expected [false] but found [true]",
        "time" : {
          "start" : 1630765661406,
          "stop" : 1630765662347,
          "duration" : 941
        }
      }, {
        "uid" : "1cd3cf8935030456",
        "reportUrl" : "https://jagadeeshshetty.github.io/SeleniumMaven/38//#testresult/1cd3cf8935030456",
        "status" : "failed",
        "statusDetails" : "success message not present expected [false] but found [true]",
        "time" : {
          "start" : 1630690672590,
          "stop" : 1630690673248,
          "duration" : 658
        }
      }, {
        "uid" : "e0d4a4fa8abb06a8",
        "reportUrl" : "https://jagadeeshshetty.github.io/SeleniumMaven/37//#testresult/e0d4a4fa8abb06a8",
        "status" : "failed",
        "statusDetails" : "success message not present expected [false] but found [true]",
        "time" : {
          "start" : 1628308278483,
          "stop" : 1628308279237,
          "duration" : 754
        }
      }, {
        "uid" : "b18b8e7e7803c39a",
        "reportUrl" : "https://jagadeeshshetty.github.io/SeleniumMaven/36//#testresult/b18b8e7e7803c39a",
        "status" : "failed",
        "statusDetails" : "success message not present expected [false] but found [true]",
        "time" : {
          "start" : 1628088246550,
          "stop" : 1628088247175,
          "duration" : 625
        }
      }, {
        "uid" : "d4f5a220dd1c1816",
        "reportUrl" : "https://jagadeeshshetty.github.io/SeleniumMaven/35//#testresult/d4f5a220dd1c1816",
        "status" : "failed",
        "statusDetails" : "success message not present expected [false] but found [true]",
        "time" : {
          "start" : 1627903951772,
          "stop" : 1627903952381,
          "duration" : 609
        }
      }, {
        "uid" : "18028d0cfa4196fe",
        "reportUrl" : "https://jagadeeshshetty.github.io/SeleniumMaven/34//#testresult/18028d0cfa4196fe",
        "status" : "failed",
        "statusDetails" : "success message not present expected [false] but found [true]",
        "time" : {
          "start" : 1626619966867,
          "stop" : 1626619967435,
          "duration" : 568
        }
      }, {
        "uid" : "c90b3c7cf413ddc7",
        "reportUrl" : "https://jagadeeshshetty.github.io/SeleniumMaven/33//#testresult/c90b3c7cf413ddc7",
        "status" : "failed",
        "statusDetails" : "success message not present expected [false] but found [true]",
        "time" : {
          "start" : 1626062992179,
          "stop" : 1626062992886,
          "duration" : 707
        }
      }, {
        "uid" : "b0ab6a5b8f3c58ae",
        "reportUrl" : "https://jagadeeshshetty.github.io/SeleniumMaven/32//#testresult/b0ab6a5b8f3c58ae",
        "status" : "failed",
        "statusDetails" : "success message not present expected [false] but found [true]",
        "time" : {
          "start" : 1623745416062,
          "stop" : 1623745416745,
          "duration" : 683
        }
      }, {
        "uid" : "3c51d159deb2e73d",
        "reportUrl" : "https://jagadeeshshetty.github.io/SeleniumMaven/31//#testresult/3c51d159deb2e73d",
        "status" : "failed",
        "statusDetails" : "success message not present expected [false] but found [true]",
        "time" : {
          "start" : 1623327092973,
          "stop" : 1623327094444,
          "duration" : 1471
        }
      }, {
        "uid" : "df36852e668a200d",
        "reportUrl" : "https://jagadeeshshetty.github.io/SeleniumMaven/30//#testresult/df36852e668a200d",
        "status" : "failed",
        "statusDetails" : "success message not present expected [false] but found [true]",
        "time" : {
          "start" : 1623123641764,
          "stop" : 1623123643355,
          "duration" : 1591
        }
      }, {
        "uid" : "efe8e0d824f190f8",
        "reportUrl" : "https://jagadeeshshetty.github.io/SeleniumMaven/29//#testresult/efe8e0d824f190f8",
        "status" : "failed",
        "statusDetails" : "success message not present expected [false] but found [true]",
        "time" : {
          "start" : 1622343610400,
          "stop" : 1622343611014,
          "duration" : 614
        }
      }, {
        "uid" : "27a11c8316ff39d1",
        "reportUrl" : "https://jagadeeshshetty.github.io/SeleniumMaven/28//#testresult/27a11c8316ff39d1",
        "status" : "failed",
        "statusDetails" : "success message not present expected [false] but found [true]",
        "time" : {
          "start" : 1621268878341,
          "stop" : 1621268879233,
          "duration" : 892
        }
      }, {
        "uid" : "f2c7a57bcbfc22f3",
        "reportUrl" : "https://jagadeeshshetty.github.io/SeleniumMaven/27//#testresult/f2c7a57bcbfc22f3",
        "status" : "failed",
        "statusDetails" : "success message not present expected [false] but found [true]",
        "time" : {
          "start" : 1621252014614,
          "stop" : 1621252015181,
          "duration" : 567
        }
      }, {
        "uid" : "70ac13e31f643285",
        "reportUrl" : "https://jagadeeshshetty.github.io/SeleniumMaven/26//#testresult/70ac13e31f643285",
        "status" : "failed",
        "statusDetails" : "success message not present expected [false] but found [true]",
        "time" : {
          "start" : 1621251089956,
          "stop" : 1621251091447,
          "duration" : 1491
        }
      }, {
        "uid" : "818e72ea30c3fd52",
        "reportUrl" : "https://jagadeeshshetty.github.io/SeleniumMaven/25//#testresult/818e72ea30c3fd52",
        "status" : "failed",
        "statusDetails" : "success message not present expected [false] but found [true]",
        "time" : {
          "start" : 1619446311340,
          "stop" : 1619446313757,
          "duration" : 2417
        }
      }, {
        "uid" : "ad98dd27cb81c15d",
        "reportUrl" : "https://jagadeeshshetty.github.io/SeleniumMaven/24//#testresult/ad98dd27cb81c15d",
        "status" : "failed",
        "statusDetails" : "success message not present expected [false] but found [true]",
        "time" : {
          "start" : 1619362079010,
          "stop" : 1619362080512,
          "duration" : 1502
        }
      }, {
        "uid" : "3f5b9e64a70f737c",
        "reportUrl" : "https://jagadeeshshetty.github.io/SeleniumMaven/23//#testresult/3f5b9e64a70f737c",
        "status" : "failed",
        "statusDetails" : "success message not present expected [false] but found [true]",
        "time" : {
          "start" : 1619350000234,
          "stop" : 1619350000925,
          "duration" : 691
        }
      }, {
        "uid" : "beacadfd20161536",
        "reportUrl" : "https://jagadeeshshetty.github.io/SeleniumMaven/22//#testresult/beacadfd20161536",
        "status" : "failed",
        "statusDetails" : "success message not present expected [false] but found [true]",
        "time" : {
          "start" : 1619337652284,
          "stop" : 1619337653228,
          "duration" : 944
        }
      }, {
        "uid" : "f7d1af92c2a1cd77",
        "reportUrl" : "https://jagadeeshshetty.github.io/SeleniumMaven/21//#testresult/f7d1af92c2a1cd77",
        "status" : "failed",
        "statusDetails" : "success message not present expected [false] but found [true]",
        "time" : {
          "start" : 1619337238188,
          "stop" : 1619337239018,
          "duration" : 830
        }
      } ]
    },
    "tags" : [ ]
  },
  "source" : "a875b5997eecb565.json",
  "parameterValues" : [ ]
}