{"uid":"83b99e3b462642fd","name":"testOneUnstableTest","fullName":"test.java.tests.theInternet.parallel.TestOne.testOneUnstableTest","historyId":"8137bd3f91581775ba225d9ec76feed3","time":{"start":1692270918050,"stop":1692270918053,"duration":3},"description":"Verify the error message with invalid username and password.","descriptionHtml":"<p>Verify the error message with invalid username and password.</p>\n","status":"failed","statusMessage":"expected [0] but found [1]","statusTrace":"java.lang.AssertionError: expected [0] but found [1]\n\tat org.testng.Assert.fail(Assert.java:110)\n\tat org.testng.Assert.failNotEquals(Assert.java:1577)\n\tat org.testng.Assert.assertEqualsImpl(Assert.java:149)\n\tat org.testng.Assert.assertEquals(Assert.java:131)\n\tat org.testng.Assert.assertEquals(Assert.java:1418)\n\tat org.testng.Assert.assertEquals(Assert.java:1382)\n\tat org.testng.Assert.assertEquals(Assert.java:1428)\n\tat test.java.tests.theInternet.parallel.TestOne.testOneUnstableTest(TestOne.java:62)\n\tat java.base/jdk.internal.reflect.NativeMethodAccessorImpl.invoke0(Native Method)\n\tat java.base/jdk.internal.reflect.NativeMethodAccessorImpl.invoke(NativeMethodAccessorImpl.java:77)\n\tat java.base/jdk.internal.reflect.DelegatingMethodAccessorImpl.invoke(DelegatingMethodAccessorImpl.java:43)\n\tat java.base/java.lang.reflect.Method.invoke(Method.java:568)\n\tat org.testng.internal.invokers.MethodInvocationHelper.invokeMethod(MethodInvocationHelper.java:139)\n\tat org.testng.internal.invokers.TestInvoker.invokeMethod(TestInvoker.java:677)\n\tat org.testng.internal.invokers.TestInvoker.retryFailed(TestInvoker.java:263)\n\tat org.testng.internal.invokers.MethodRunner.runInSequence(MethodRunner.java:62)\n\tat org.testng.internal.invokers.TestInvoker$MethodInvocationAgent.invoke(TestInvoker.java:969)\n\tat org.testng.internal.invokers.TestInvoker.invokeTestMethods(TestInvoker.java:194)\n\tat org.testng.internal.invokers.TestMethodWorker.invokeTestMethods(TestMethodWorker.java:148)\n\tat org.testng.internal.invokers.TestMethodWorker.run(TestMethodWorker.java:128)\n\tat java.base/java.util.concurrent.ThreadPoolExecutor.runWorker(ThreadPoolExecutor.java:1136)\n\tat java.base/java.util.concurrent.ThreadPoolExecutor$Worker.run(ThreadPoolExecutor.java:635)\n\tat java.base/java.lang.Thread.run(Thread.java:833)\n","flaky":false,"newFailed":true,"newBroken":false,"newPassed":false,"retriesCount":2,"retriesStatusChange":true,"beforeStages":[{"name":"setup","time":{"start":1692270917043,"stop":1692270918047,"duration":1004},"description":"","status":"passed","steps":[{"name":"Start time: 17 Aug 2023 11:15:17","time":{"start":1692270917043,"stop":1692270917043,"duration":0},"status":"passed","steps":[],"attachments":[],"parameters":[],"stepsCount":0,"attachmentsCount":0,"shouldDisplayMessage":false,"hasContent":false},{"name":"Running Test on 'Linux' OS.","time":{"start":1692270917044,"stop":1692270917044,"duration":0},"status":"passed","steps":[],"attachments":[],"parameters":[],"stepsCount":0,"attachmentsCount":0,"shouldDisplayMessage":false,"hasContent":false},{"name":"JVM Version: 17.0.8","time":{"start":1692270917044,"stop":1692270917044,"duration":0},"status":"passed","steps":[],"attachments":[],"parameters":[],"stepsCount":0,"attachmentsCount":0,"shouldDisplayMessage":false,"hasContent":false},{"name":"Browser: CHROME 115.0.5790.170","time":{"start":1692270918033,"stop":1692270918033,"duration":0},"status":"passed","steps":[],"attachments":[],"parameters":[],"stepsCount":0,"attachmentsCount":0,"shouldDisplayMessage":false,"hasContent":false},{"name":"Driver instance: ChromeDriver: chrome on linux (bb2c56661ab2e46fe3862570da655ccc)","time":{"start":1692270918033,"stop":1692270918033,"duration":0},"status":"passed","steps":[],"attachments":[],"parameters":[],"stepsCount":0,"attachmentsCount":0,"shouldDisplayMessage":false,"hasContent":false}],"attachments":[],"parameters":[],"stepsCount":5,"attachmentsCount":0,"shouldDisplayMessage":false,"hasContent":true}],"testStage":{"description":"Verify the error message with invalid username and password.","status":"failed","statusMessage":"expected [0] but found [1]","statusTrace":"java.lang.AssertionError: expected [0] but found [1]\n\tat org.testng.Assert.fail(Assert.java:110)\n\tat org.testng.Assert.failNotEquals(Assert.java:1577)\n\tat org.testng.Assert.assertEqualsImpl(Assert.java:149)\n\tat org.testng.Assert.assertEquals(Assert.java:131)\n\tat org.testng.Assert.assertEquals(Assert.java:1418)\n\tat org.testng.Assert.assertEquals(Assert.java:1382)\n\tat org.testng.Assert.assertEquals(Assert.java:1428)\n\tat test.java.tests.theInternet.parallel.TestOne.testOneUnstableTest(TestOne.java:62)\n\tat java.base/jdk.internal.reflect.NativeMethodAccessorImpl.invoke0(Native Method)\n\tat java.base/jdk.internal.reflect.NativeMethodAccessorImpl.invoke(NativeMethodAccessorImpl.java:77)\n\tat java.base/jdk.internal.reflect.DelegatingMethodAccessorImpl.invoke(DelegatingMethodAccessorImpl.java:43)\n\tat java.base/java.lang.reflect.Method.invoke(Method.java:568)\n\tat org.testng.internal.invokers.MethodInvocationHelper.invokeMethod(MethodInvocationHelper.java:139)\n\tat org.testng.internal.invokers.TestInvoker.invokeMethod(TestInvoker.java:677)\n\tat org.testng.internal.invokers.TestInvoker.retryFailed(TestInvoker.java:263)\n\tat org.testng.internal.invokers.MethodRunner.runInSequence(MethodRunner.java:62)\n\tat org.testng.internal.invokers.TestInvoker$MethodInvocationAgent.invoke(TestInvoker.java:969)\n\tat org.testng.internal.invokers.TestInvoker.invokeTestMethods(TestInvoker.java:194)\n\tat org.testng.internal.invokers.TestMethodWorker.invokeTestMethods(TestMethodWorker.java:148)\n\tat org.testng.internal.invokers.TestMethodWorker.run(TestMethodWorker.java:128)\n\tat java.base/java.util.concurrent.ThreadPoolExecutor.runWorker(ThreadPoolExecutor.java:1136)\n\tat java.base/java.util.concurrent.ThreadPoolExecutor$Worker.run(ThreadPoolExecutor.java:635)\n\tat java.base/java.lang.Thread.run(Thread.java:833)\n","steps":[{"name":"1","time":{"start":1692270918050,"stop":1692270918050,"duration":0},"status":"passed","steps":[],"attachments":[],"parameters":[],"stepsCount":0,"attachmentsCount":0,"shouldDisplayMessage":false,"hasContent":false}],"attachments":[],"parameters":[],"stepsCount":1,"attachmentsCount":0,"shouldDisplayMessage":true,"hasContent":true},"afterStages":[{"name":"teardown","time":{"start":1692270918239,"stop":1692270918333,"duration":94},"description":"","status":"passed","steps":[{"name":"Cleaning up driver instance: ChromeDriver: chrome on linux (bb2c56661ab2e46fe3862570da655ccc)","time":{"start":1692270918239,"stop":1692270918239,"duration":0},"status":"passed","steps":[],"attachments":[],"parameters":[],"stepsCount":0,"attachmentsCount":0,"shouldDisplayMessage":false,"hasContent":false},{"name":"Complete time: 17 Aug 2023 11:15:18","time":{"start":1692270918333,"stop":1692270918333,"duration":0},"status":"passed","steps":[],"attachments":[],"parameters":[],"stepsCount":0,"attachmentsCount":0,"shouldDisplayMessage":false,"hasContent":false}],"attachments":[],"parameters":[],"stepsCount":2,"attachmentsCount":0,"shouldDisplayMessage":false,"hasContent":true}],"labels":[{"name":"package","value":"test.java.tests.theInternet.parallel.TestOne"},{"name":"testClass","value":"test.java.tests.theInternet.parallel.TestOne"},{"name":"testMethod","value":"testOneUnstableTest"},{"name":"parentSuite","value":"Suite - Parallel Execution"},{"name":"suite","value":"Test Parallel Execution"},{"name":"subSuite","value":"test.java.tests.theInternet.parallel.TestOne"},{"name":"host","value":"fv-az168-408"},{"name":"thread","value":"2291@fv-az168-408.TestNG-test=Test Parallel Execution-3(19)"},{"name":"framework","value":"testng"},{"name":"language","value":"java"},{"name":"severity","value":"trivial"},{"name":"resultFormat","value":"allure2"}],"parameters":[],"links":[],"hidden":false,"retry":false,"extra":{"severity":"trivial","retries":[{"uid":"27093ab512534ae5","status":"skipped","statusDetails":"expected [0] but found [1]","time":{"start":1692270916907,"stop":1692270916913,"duration":6}},{"uid":"74e8f2b4a002ef7f","status":"skipped","statusDetails":"expected [0] but found [1]","time":{"start":1692270915897,"stop":1692270915971,"duration":74}}],"categories":[{"name":"Product defects","matchedStatuses":[],"flaky":false}],"history":{"statistic":{"failed":1,"broken":0,"skipped":1,"passed":6,"unknown":0,"total":8},"items":[{"uid":"ccf9d1a6e96f9140","reportUrl":"https://jagadeeshshetty.github.io/SeleniumMaven/80//#testresult/ccf9d1a6e96f9140","status":"passed","time":{"start":1692270317190,"stop":1692270317228,"duration":38}},{"uid":"2952dc1ad607420c","reportUrl":"https://jagadeeshshetty.github.io/SeleniumMaven/79//#testresult/2952dc1ad607420c","status":"passed","time":{"start":1692181755838,"stop":1692181755840,"duration":2}},{"uid":"51864fd0ad479611","reportUrl":"https://jagadeeshshetty.github.io/SeleniumMaven/78//#testresult/51864fd0ad479611","status":"passed","time":{"start":1692181396181,"stop":1692181396181,"duration":0}},{"uid":"ea7382eb735ec4b8","reportUrl":"https://jagadeeshshetty.github.io/SeleniumMaven/77//#testresult/ea7382eb735ec4b8","status":"passed","time":{"start":1692178416838,"stop":1692178416845,"duration":7}},{"uid":"869dff758a3881df","reportUrl":"https://jagadeeshshetty.github.io/SeleniumMaven/76//#testresult/869dff758a3881df","status":"passed","time":{"start":1692176608307,"stop":1692176608310,"duration":3}},{"uid":"aedbd90bfde671e2","reportUrl":"https://jagadeeshshetty.github.io/SeleniumMaven/75//#testresult/aedbd90bfde671e2","status":"passed","time":{"start":1692124613967,"stop":1692124613980,"duration":13}},{"uid":"82b3e67d7c9ac20f","reportUrl":"https://jagadeeshshetty.github.io/SeleniumMaven/73//#testresult/82b3e67d7c9ac20f","status":"skipped","statusDetails":"Unable to establish websocket connection to http://localhost:41081/devtools/browser/001e7098-2055-487c-a826-b3ea5816b4a6\nBuild info: version: '4.1.2', revision: '9a5a329c5a'\nSystem info: host: 'fv-az203-597', ip: '10.1.0.117', os.name: 'Linux', os.arch: 'amd64', os.version: '5.15.0-1041-azure', java.version: '17.0.8'\nDriver info: driver.version: ChromeDriver","time":{"start":1690849856328,"stop":1690849856331,"duration":3}}]},"tags":[]},"source":"83b99e3b462642fd.json","parameterValues":[]}