{
  "uid" : "74a233dc6758a8a7",
  "name" : "testThreeExpectedFailure",
  "fullName" : "test.java.tests.theInternet.parallel.TestThree.testThreeExpectedFailure",
  "historyId" : "cad436207142227918581ae7912911d3",
  "time" : {
    "start" : 1627903958901,
    "stop" : 1627903959598,
    "duration" : 697
  },
  "description" : "Verify the successful login with valid username and password.",
  "descriptionHtml" : "<p>Verify the successful login with valid username and password.</p>\n",
  "status" : "failed",
  "statusMessage" : "success message not present expected [false] but found [true]",
  "statusTrace" : "java.lang.AssertionError: success message not present expected [false] but found [true]\n\tat org.testng.Assert.fail(Assert.java:99)\n\tat org.testng.Assert.failNotEquals(Assert.java:1037)\n\tat org.testng.Assert.assertFalse(Assert.java:67)\n\tat test.java.tests.theInternet.parallel.TestThree.testThreeExpectedFailure(TestThree.java:77)\n\tat java.base/jdk.internal.reflect.NativeMethodAccessorImpl.invoke0(Native Method)\n\tat java.base/jdk.internal.reflect.NativeMethodAccessorImpl.invoke(NativeMethodAccessorImpl.java:62)\n\tat java.base/jdk.internal.reflect.DelegatingMethodAccessorImpl.invoke(DelegatingMethodAccessorImpl.java:43)\n\tat java.base/java.lang.reflect.Method.invoke(Method.java:566)\n\tat org.testng.internal.MethodInvocationHelper.invokeMethod(MethodInvocationHelper.java:132)\n\tat org.testng.internal.TestInvoker.invokeMethod(TestInvoker.java:599)\n\tat org.testng.internal.TestInvoker.retryFailed(TestInvoker.java:214)\n\tat org.testng.internal.MethodRunner.runInSequence(MethodRunner.java:58)\n\tat org.testng.internal.TestInvoker$MethodInvocationAgent.invoke(TestInvoker.java:822)\n\tat org.testng.internal.TestInvoker.invokeTestMethods(TestInvoker.java:147)\n\tat org.testng.internal.TestMethodWorker.invokeTestMethods(TestMethodWorker.java:146)\n\tat org.testng.internal.TestMethodWorker.run(TestMethodWorker.java:128)\n\tat java.base/java.util.concurrent.ThreadPoolExecutor.runWorker(ThreadPoolExecutor.java:1128)\n\tat java.base/java.util.concurrent.ThreadPoolExecutor$Worker.run(ThreadPoolExecutor.java:628)\n\tat java.base/java.lang.Thread.run(Thread.java:829)\n",
  "flaky" : false,
  "newFailed" : false,
  "beforeStages" : [ {
    "name" : "setup",
    "time" : {
      "start" : 1627903958680,
      "stop" : 1627903958900,
      "duration" : 220
    },
    "description" : "",
    "status" : "passed",
    "steps" : [ {
      "name" : "Start time: 2 Aug 2021 11:32:38",
      "time" : {
        "start" : 1627903958680,
        "stop" : 1627903958680,
        "duration" : 0
      },
      "status" : "passed",
      "steps" : [ ],
      "attachments" : [ ],
      "parameters" : [ ],
      "stepsCount" : 0,
      "attachmentsCount" : 0,
      "shouldDisplayMessage" : false,
      "hasContent" : false
    }, {
      "name" : "Running Test on 'Linux' OS.",
      "time" : {
        "start" : 1627903958680,
        "stop" : 1627903958680,
        "duration" : 0
      },
      "status" : "passed",
      "steps" : [ ],
      "attachments" : [ ],
      "parameters" : [ ],
      "stepsCount" : 0,
      "attachmentsCount" : 0,
      "shouldDisplayMessage" : false,
      "hasContent" : false
    }, {
      "name" : "Browser: CHROMEHEADLESS",
      "time" : {
        "start" : 1627903958680,
        "stop" : 1627903958680,
        "duration" : 0
      },
      "status" : "passed",
      "steps" : [ ],
      "attachments" : [ ],
      "parameters" : [ ],
      "stepsCount" : 0,
      "attachmentsCount" : 0,
      "shouldDisplayMessage" : false,
      "hasContent" : false
    }, {
      "name" : "Driver instance: ChromeDriver: chrome on LINUX (5570cd7ca5d19625ca698af7ec5b7a00)",
      "time" : {
        "start" : 1627903958896,
        "stop" : 1627903958896,
        "duration" : 0
      },
      "status" : "passed",
      "steps" : [ ],
      "attachments" : [ ],
      "parameters" : [ ],
      "stepsCount" : 0,
      "attachmentsCount" : 0,
      "shouldDisplayMessage" : false,
      "hasContent" : false
    } ],
    "attachments" : [ ],
    "parameters" : [ ],
    "stepsCount" : 4,
    "attachmentsCount" : 0,
    "shouldDisplayMessage" : false,
    "hasContent" : true
  } ],
  "testStage" : {
    "description" : "Verify the successful login with valid username and password.",
    "status" : "failed",
    "statusMessage" : "success message not present expected [false] but found [true]",
    "statusTrace" : "java.lang.AssertionError: success message not present expected [false] but found [true]\n\tat org.testng.Assert.fail(Assert.java:99)\n\tat org.testng.Assert.failNotEquals(Assert.java:1037)\n\tat org.testng.Assert.assertFalse(Assert.java:67)\n\tat test.java.tests.theInternet.parallel.TestThree.testThreeExpectedFailure(TestThree.java:77)\n\tat java.base/jdk.internal.reflect.NativeMethodAccessorImpl.invoke0(Native Method)\n\tat java.base/jdk.internal.reflect.NativeMethodAccessorImpl.invoke(NativeMethodAccessorImpl.java:62)\n\tat java.base/jdk.internal.reflect.DelegatingMethodAccessorImpl.invoke(DelegatingMethodAccessorImpl.java:43)\n\tat java.base/java.lang.reflect.Method.invoke(Method.java:566)\n\tat org.testng.internal.MethodInvocationHelper.invokeMethod(MethodInvocationHelper.java:132)\n\tat org.testng.internal.TestInvoker.invokeMethod(TestInvoker.java:599)\n\tat org.testng.internal.TestInvoker.retryFailed(TestInvoker.java:214)\n\tat org.testng.internal.MethodRunner.runInSequence(MethodRunner.java:58)\n\tat org.testng.internal.TestInvoker$MethodInvocationAgent.invoke(TestInvoker.java:822)\n\tat org.testng.internal.TestInvoker.invokeTestMethods(TestInvoker.java:147)\n\tat org.testng.internal.TestMethodWorker.invokeTestMethods(TestMethodWorker.java:146)\n\tat org.testng.internal.TestMethodWorker.run(TestMethodWorker.java:128)\n\tat java.base/java.util.concurrent.ThreadPoolExecutor.runWorker(ThreadPoolExecutor.java:1128)\n\tat java.base/java.util.concurrent.ThreadPoolExecutor$Worker.run(ThreadPoolExecutor.java:628)\n\tat java.base/java.lang.Thread.run(Thread.java:829)\n",
    "steps" : [ {
      "name" : "Access http://the-internet.herokuapp.com/login URL.",
      "time" : {
        "start" : 1627903958902,
        "stop" : 1627903958902,
        "duration" : 0
      },
      "status" : "passed",
      "steps" : [ ],
      "attachments" : [ ],
      "parameters" : [ ],
      "stepsCount" : 0,
      "attachmentsCount" : 0,
      "shouldDisplayMessage" : false,
      "hasContent" : false
    }, {
      "name" : "Verify login form present or not.",
      "time" : {
        "start" : 1627903959135,
        "stop" : 1627903959135,
        "duration" : 0
      },
      "status" : "passed",
      "steps" : [ ],
      "attachments" : [ ],
      "parameters" : [ ],
      "stepsCount" : 0,
      "attachmentsCount" : 0,
      "shouldDisplayMessage" : false,
      "hasContent" : false
    }, {
      "name" : "1. Login with valid username and password.",
      "time" : {
        "start" : 1627903959169,
        "stop" : 1627903959169,
        "duration" : 0
      },
      "status" : "passed",
      "steps" : [ ],
      "attachments" : [ ],
      "parameters" : [ ],
      "stepsCount" : 0,
      "attachmentsCount" : 0,
      "shouldDisplayMessage" : false,
      "hasContent" : false
    }, {
      "name" : "Enter tomsmith username",
      "time" : {
        "start" : 1627903959169,
        "stop" : 1627903959169,
        "duration" : 0
      },
      "status" : "passed",
      "steps" : [ ],
      "attachments" : [ ],
      "parameters" : [ ],
      "stepsCount" : 0,
      "attachmentsCount" : 0,
      "shouldDisplayMessage" : false,
      "hasContent" : false
    }, {
      "name" : "Enter SuperSecretPassword! password",
      "time" : {
        "start" : 1627903959226,
        "stop" : 1627903959227,
        "duration" : 1
      },
      "status" : "passed",
      "steps" : [ ],
      "attachments" : [ ],
      "parameters" : [ ],
      "stepsCount" : 0,
      "attachmentsCount" : 0,
      "shouldDisplayMessage" : false,
      "hasContent" : false
    }, {
      "name" : "Click on Submit button",
      "time" : {
        "start" : 1627903959308,
        "stop" : 1627903959308,
        "duration" : 0
      },
      "status" : "passed",
      "steps" : [ ],
      "attachments" : [ ],
      "parameters" : [ ],
      "stepsCount" : 0,
      "attachmentsCount" : 0,
      "shouldDisplayMessage" : false,
      "hasContent" : false
    }, {
      "name" : "2. Verify success message present",
      "time" : {
        "start" : 1627903959448,
        "stop" : 1627903959448,
        "duration" : 0
      },
      "status" : "passed",
      "steps" : [ ],
      "attachments" : [ ],
      "parameters" : [ ],
      "stepsCount" : 0,
      "attachmentsCount" : 0,
      "shouldDisplayMessage" : false,
      "hasContent" : false
    }, {
      "name" : "Verify success message present or not.",
      "time" : {
        "start" : 1627903959448,
        "stop" : 1627903959448,
        "duration" : 0
      },
      "status" : "passed",
      "steps" : [ ],
      "attachments" : [ ],
      "parameters" : [ ],
      "stepsCount" : 0,
      "attachmentsCount" : 0,
      "shouldDisplayMessage" : false,
      "hasContent" : false
    } ],
    "attachments" : [ {
      "uid" : "a624481ebadff430",
      "name" : "saveFailureScreenshot",
      "source" : "a624481ebadff430.png",
      "type" : "image/png",
      "size" : 38519
    }, {
      "uid" : "b29e45778384b7a3",
      "name" : "testThreeExpectedFailure failed and screenshot taken!",
      "source" : "b29e45778384b7a3.txt",
      "type" : "text/plain",
      "size" : 53
    } ],
    "parameters" : [ ],
    "stepsCount" : 8,
    "attachmentsCount" : 2,
    "shouldDisplayMessage" : true,
    "hasContent" : true
  },
  "afterStages" : [ {
    "name" : "teardown",
    "time" : {
      "start" : 1627903959598,
      "stop" : 1627903959665,
      "duration" : 67
    },
    "description" : "",
    "status" : "passed",
    "steps" : [ {
      "name" : "Cleaning up driver instance: ChromeDriver: chrome on LINUX (5570cd7ca5d19625ca698af7ec5b7a00)",
      "time" : {
        "start" : 1627903959599,
        "stop" : 1627903959599,
        "duration" : 0
      },
      "status" : "passed",
      "steps" : [ ],
      "attachments" : [ ],
      "parameters" : [ ],
      "stepsCount" : 0,
      "attachmentsCount" : 0,
      "shouldDisplayMessage" : false,
      "hasContent" : false
    }, {
      "name" : "Complete time: 2 Aug 2021 11:32:39",
      "time" : {
        "start" : 1627903959665,
        "stop" : 1627903959665,
        "duration" : 0
      },
      "status" : "passed",
      "steps" : [ ],
      "attachments" : [ ],
      "parameters" : [ ],
      "stepsCount" : 0,
      "attachmentsCount" : 0,
      "shouldDisplayMessage" : false,
      "hasContent" : false
    } ],
    "attachments" : [ ],
    "parameters" : [ ],
    "stepsCount" : 2,
    "attachmentsCount" : 0,
    "shouldDisplayMessage" : false,
    "hasContent" : true
  } ],
  "labels" : [ {
    "name" : "package",
    "value" : "test.java.tests.theInternet.parallel.TestThree"
  }, {
    "name" : "testClass",
    "value" : "test.java.tests.theInternet.parallel.TestThree"
  }, {
    "name" : "testMethod",
    "value" : "testThreeExpectedFailure"
  }, {
    "name" : "parentSuite",
    "value" : "Suite - Parallel Execution"
  }, {
    "name" : "suite",
    "value" : "Test Parallel Execution"
  }, {
    "name" : "subSuite",
    "value" : "test.java.tests.theInternet.parallel.TestThree"
  }, {
    "name" : "host",
    "value" : "fv-az163-899"
  }, {
    "name" : "thread",
    "value" : "2905@fv-az163-899.TestNG-test=Test Parallel Execution-12(144)"
  }, {
    "name" : "framework",
    "value" : "testng"
  }, {
    "name" : "language",
    "value" : "java"
  }, {
    "name" : "severity",
    "value" : "blocker"
  }, {
    "name" : "resultFormat",
    "value" : "allure2"
  } ],
  "parameters" : [ ],
  "links" : [ ],
  "hidden" : false,
  "retry" : false,
  "extra" : {
    "severity" : "blocker",
    "retries" : [ {
      "uid" : "1277fc2288c5700e",
      "status" : "skipped",
      "statusDetails" : "success message not present expected [false] but found [true]",
      "time" : {
        "start" : 1627903957950,
        "stop" : 1627903958609,
        "duration" : 659
      }
    }, {
      "uid" : "1767791256cd7310",
      "status" : "skipped",
      "statusDetails" : "success message not present expected [false] but found [true]",
      "time" : {
        "start" : 1627903956192,
        "stop" : 1627903957561,
        "duration" : 1369
      }
    } ],
    "categories" : [ {
      "name" : "Product defects",
      "matchedStatuses" : [ ],
      "flaky" : false
    } ],
    "history" : {
      "statistic" : {
        "failed" : 27,
        "broken" : 0,
        "skipped" : 0,
        "passed" : 0,
        "unknown" : 0,
        "total" : 27
      },
      "items" : [ {
        "uid" : "b5588dd99e6a5223",
        "reportUrl" : "https://jagadeeshshetty.github.io/SeleniumMaven/34//#testresult/b5588dd99e6a5223",
        "status" : "failed",
        "statusDetails" : "success message not present expected [false] but found [true]",
        "time" : {
          "start" : 1626619973469,
          "stop" : 1626619973994,
          "duration" : 525
        }
      }, {
        "uid" : "235f4e660bcf02a5",
        "reportUrl" : "https://jagadeeshshetty.github.io/SeleniumMaven/33//#testresult/235f4e660bcf02a5",
        "status" : "failed",
        "statusDetails" : "success message not present expected [false] but found [true]",
        "time" : {
          "start" : 1626063000348,
          "stop" : 1626063000985,
          "duration" : 637
        }
      }, {
        "uid" : "7143012a20948d82",
        "reportUrl" : "https://jagadeeshshetty.github.io/SeleniumMaven/32//#testresult/7143012a20948d82",
        "status" : "failed",
        "statusDetails" : "success message not present expected [false] but found [true]",
        "time" : {
          "start" : 1623745424567,
          "stop" : 1623745425209,
          "duration" : 642
        }
      }, {
        "uid" : "4e4d1265995dd1c8",
        "reportUrl" : "https://jagadeeshshetty.github.io/SeleniumMaven/31//#testresult/4e4d1265995dd1c8",
        "status" : "failed",
        "statusDetails" : "success message not present expected [false] but found [true]",
        "time" : {
          "start" : 1623327107028,
          "stop" : 1623327109249,
          "duration" : 2221
        }
      }, {
        "uid" : "c8af9ae3582c9582",
        "reportUrl" : "https://jagadeeshshetty.github.io/SeleniumMaven/30//#testresult/c8af9ae3582c9582",
        "status" : "failed",
        "statusDetails" : "success message not present expected [false] but found [true]",
        "time" : {
          "start" : 1623123656151,
          "stop" : 1623123658411,
          "duration" : 2260
        }
      }, {
        "uid" : "6b76abc6cb631017",
        "reportUrl" : "https://jagadeeshshetty.github.io/SeleniumMaven/29//#testresult/6b76abc6cb631017",
        "status" : "failed",
        "statusDetails" : "success message not present expected [false] but found [true]",
        "time" : {
          "start" : 1622343617837,
          "stop" : 1622343618404,
          "duration" : 567
        }
      }, {
        "uid" : "870ccd50461e4bb2",
        "reportUrl" : "https://jagadeeshshetty.github.io/SeleniumMaven/28//#testresult/870ccd50461e4bb2",
        "status" : "failed",
        "statusDetails" : "success message not present expected [false] but found [true]",
        "time" : {
          "start" : 1621268888378,
          "stop" : 1621268889226,
          "duration" : 848
        }
      }, {
        "uid" : "d1b4d48232816e43",
        "reportUrl" : "https://jagadeeshshetty.github.io/SeleniumMaven/27//#testresult/d1b4d48232816e43",
        "status" : "failed",
        "statusDetails" : "success message not present expected [false] but found [true]",
        "time" : {
          "start" : 1621252021209,
          "stop" : 1621252021733,
          "duration" : 524
        }
      }, {
        "uid" : "9a2004f0c935c359",
        "reportUrl" : "https://jagadeeshshetty.github.io/SeleniumMaven/26//#testresult/9a2004f0c935c359",
        "status" : "failed",
        "statusDetails" : "success message not present expected [false] but found [true]",
        "time" : {
          "start" : 1621251103053,
          "stop" : 1621251104641,
          "duration" : 1588
        }
      }, {
        "uid" : "95055f974a53a668",
        "reportUrl" : "https://jagadeeshshetty.github.io/SeleniumMaven/25//#testresult/95055f974a53a668",
        "status" : "failed",
        "statusDetails" : "success message not present expected [false] but found [true]",
        "time" : {
          "start" : 1619446328263,
          "stop" : 1619446329755,
          "duration" : 1492
        }
      }, {
        "uid" : "84b8775e3b49a02e",
        "reportUrl" : "https://jagadeeshshetty.github.io/SeleniumMaven/24//#testresult/84b8775e3b49a02e",
        "status" : "failed",
        "statusDetails" : "success message not present expected [false] but found [true]",
        "time" : {
          "start" : 1619362092025,
          "stop" : 1619362093483,
          "duration" : 1458
        }
      }, {
        "uid" : "e10710aa51b90378",
        "reportUrl" : "https://jagadeeshshetty.github.io/SeleniumMaven/23//#testresult/e10710aa51b90378",
        "status" : "failed",
        "statusDetails" : "success message not present expected [false] but found [true]",
        "time" : {
          "start" : 1619350008263,
          "stop" : 1619350008921,
          "duration" : 658
        }
      }, {
        "uid" : "3941f799f2219bad",
        "reportUrl" : "https://jagadeeshshetty.github.io/SeleniumMaven/22//#testresult/3941f799f2219bad",
        "status" : "failed",
        "statusDetails" : "success message not present expected [false] but found [true]",
        "time" : {
          "start" : 1619337661667,
          "stop" : 1619337662868,
          "duration" : 1201
        }
      }, {
        "uid" : "2112770c6b36c230",
        "reportUrl" : "https://jagadeeshshetty.github.io/SeleniumMaven/21//#testresult/2112770c6b36c230",
        "status" : "failed",
        "statusDetails" : "success message not present expected [false] but found [true]",
        "time" : {
          "start" : 1619337246938,
          "stop" : 1619337247575,
          "duration" : 637
        }
      }, {
        "uid" : "6d71a6033c6149d5",
        "reportUrl" : "https://jagadeeshshetty.github.io/SeleniumMaven/20//#testresult/6d71a6033c6149d5",
        "status" : "failed",
        "statusDetails" : "success message not present expected [false] but found [true]",
        "time" : {
          "start" : 1619326372587,
          "stop" : 1619326373189,
          "duration" : 602
        }
      }, {
        "uid" : "91fd0a8a69c21052",
        "reportUrl" : "https://jagadeeshshetty.github.io/SeleniumMaven/19//#testresult/91fd0a8a69c21052",
        "status" : "failed",
        "statusDetails" : "success message not present expected [false] but found [true]",
        "time" : {
          "start" : 1619279911824,
          "stop" : 1619279912617,
          "duration" : 793
        }
      }, {
        "uid" : "3d3656ce87775799",
        "reportUrl" : "https://jagadeeshshetty.github.io/SeleniumMaven/18//#testresult/3d3656ce87775799",
        "status" : "failed",
        "statusDetails" : "success message not present expected [false] but found [true]",
        "time" : {
          "start" : 1618154936944,
          "stop" : 1618154937761,
          "duration" : 817
        }
      }, {
        "uid" : "4fe58f9240fc0cc",
        "reportUrl" : "https://jagadeeshshetty.github.io/SeleniumMaven/17//#testresult/4fe58f9240fc0cc",
        "status" : "failed",
        "statusDetails" : "success message not present expected [false] but found [true]",
        "time" : {
          "start" : 1618139739910,
          "stop" : 1618139740870,
          "duration" : 960
        }
      }, {
        "uid" : "836dd92f32038e52",
        "reportUrl" : "https://jagadeeshshetty.github.io/SeleniumMaven/16//#testresult/836dd92f32038e52",
        "status" : "failed",
        "statusDetails" : "success message not present expected [false] but found [true]",
        "time" : {
          "start" : 1618139393552,
          "stop" : 1618139395113,
          "duration" : 1561
        }
      }, {
        "uid" : "35a5d220ca206e5",
        "reportUrl" : "https://jagadeeshshetty.github.io/SeleniumMaven/15//#testresult/35a5d220ca206e5",
        "status" : "failed",
        "statusDetails" : "success message not present expected [false] but found [true]",
        "time" : {
          "start" : 1618138831024,
          "stop" : 1618138832834,
          "duration" : 1810
        }
      } ]
    },
    "tags" : [ ]
  },
  "source" : "74a233dc6758a8a7.json",
  "parameterValues" : [ ]
}