{"uid":"8fea0a8931761ffa","name":"testFourUnstableTest","fullName":"test.java.tests.theInternet.parallel.TestFour.testFourUnstableTest","historyId":"dcd78623fadf0a79af5144e8dea6f0d","time":{"start":1692274118663,"stop":1692274118665,"duration":2},"description":"Verify the error message with invalid username and password.","descriptionHtml":"<p>Verify the error message with invalid username and password.</p>\n","status":"skipped","statusMessage":"expected [true] but found [false]","statusTrace":"java.lang.AssertionError: expected [true] but found [false]\n\tat org.testng.Assert.fail(Assert.java:110)\n\tat org.testng.Assert.failNotEquals(Assert.java:1577)\n\tat org.testng.Assert.assertTrue(Assert.java:56)\n\tat org.testng.Assert.assertTrue(Assert.java:66)\n\tat test.java.tests.theInternet.parallel.TestFour.testFourUnstableTest(TestFour.java:62)\n\tat java.base/jdk.internal.reflect.NativeMethodAccessorImpl.invoke0(Native Method)\n\tat java.base/jdk.internal.reflect.NativeMethodAccessorImpl.invoke(NativeMethodAccessorImpl.java:77)\n\tat java.base/jdk.internal.reflect.DelegatingMethodAccessorImpl.invoke(DelegatingMethodAccessorImpl.java:43)\n\tat java.base/java.lang.reflect.Method.invoke(Method.java:568)\n\tat org.testng.internal.invokers.MethodInvocationHelper.invokeMethod(MethodInvocationHelper.java:139)\n\tat org.testng.internal.invokers.TestInvoker.invokeMethod(TestInvoker.java:677)\n\tat org.testng.internal.invokers.TestInvoker.invokeTestMethod(TestInvoker.java:221)\n\tat org.testng.internal.invokers.MethodRunner.runInSequence(MethodRunner.java:50)\n\tat org.testng.internal.invokers.TestInvoker$MethodInvocationAgent.invoke(TestInvoker.java:969)\n\tat org.testng.internal.invokers.TestInvoker.invokeTestMethods(TestInvoker.java:194)\n\tat org.testng.internal.invokers.TestMethodWorker.invokeTestMethods(TestMethodWorker.java:148)\n\tat org.testng.internal.invokers.TestMethodWorker.run(TestMethodWorker.java:128)\n\tat java.base/java.util.concurrent.ThreadPoolExecutor.runWorker(ThreadPoolExecutor.java:1136)\n\tat java.base/java.util.concurrent.ThreadPoolExecutor$Worker.run(ThreadPoolExecutor.java:635)\n\tat java.base/java.lang.Thread.run(Thread.java:833)\n","flaky":false,"newFailed":false,"newBroken":false,"newPassed":false,"retriesCount":0,"retriesStatusChange":false,"beforeStages":[{"name":"setup","time":{"start":1692274117696,"stop":1692274118643,"duration":947},"description":"","status":"passed","steps":[{"name":"Start time: 17 Aug 2023 12:08:37","time":{"start":1692274117696,"stop":1692274117696,"duration":0},"status":"passed","steps":[],"attachments":[],"parameters":[],"stepsCount":0,"attachmentsCount":0,"shouldDisplayMessage":false,"hasContent":false},{"name":"Running Test on 'Linux' OS.","time":{"start":1692274117696,"stop":1692274117696,"duration":0},"status":"passed","steps":[],"attachments":[],"parameters":[],"stepsCount":0,"attachmentsCount":0,"shouldDisplayMessage":false,"hasContent":false},{"name":"JVM Version: 17.0.8","time":{"start":1692274117696,"stop":1692274117696,"duration":0},"status":"passed","steps":[],"attachments":[],"parameters":[],"stepsCount":0,"attachmentsCount":0,"shouldDisplayMessage":false,"hasContent":false},{"name":"Browser: CHROME 115.0.5790.170","time":{"start":1692274118624,"stop":1692274118624,"duration":0},"status":"passed","steps":[],"attachments":[],"parameters":[],"stepsCount":0,"attachmentsCount":0,"shouldDisplayMessage":false,"hasContent":false},{"name":"Driver instance: ChromeDriver: chrome on linux (334431b2c9c8f63d2341409cecc04395)","time":{"start":1692274118624,"stop":1692274118624,"duration":0},"status":"passed","steps":[],"attachments":[],"parameters":[],"stepsCount":0,"attachmentsCount":0,"shouldDisplayMessage":false,"hasContent":false}],"attachments":[],"parameters":[],"stepsCount":5,"attachmentsCount":0,"shouldDisplayMessage":false,"hasContent":true}],"testStage":{"description":"Verify the error message with invalid username and password.","status":"skipped","statusMessage":"expected [true] but found [false]","statusTrace":"java.lang.AssertionError: expected [true] but found [false]\n\tat org.testng.Assert.fail(Assert.java:110)\n\tat org.testng.Assert.failNotEquals(Assert.java:1577)\n\tat org.testng.Assert.assertTrue(Assert.java:56)\n\tat org.testng.Assert.assertTrue(Assert.java:66)\n\tat test.java.tests.theInternet.parallel.TestFour.testFourUnstableTest(TestFour.java:62)\n\tat java.base/jdk.internal.reflect.NativeMethodAccessorImpl.invoke0(Native Method)\n\tat java.base/jdk.internal.reflect.NativeMethodAccessorImpl.invoke(NativeMethodAccessorImpl.java:77)\n\tat java.base/jdk.internal.reflect.DelegatingMethodAccessorImpl.invoke(DelegatingMethodAccessorImpl.java:43)\n\tat java.base/java.lang.reflect.Method.invoke(Method.java:568)\n\tat org.testng.internal.invokers.MethodInvocationHelper.invokeMethod(MethodInvocationHelper.java:139)\n\tat org.testng.internal.invokers.TestInvoker.invokeMethod(TestInvoker.java:677)\n\tat org.testng.internal.invokers.TestInvoker.invokeTestMethod(TestInvoker.java:221)\n\tat org.testng.internal.invokers.MethodRunner.runInSequence(MethodRunner.java:50)\n\tat org.testng.internal.invokers.TestInvoker$MethodInvocationAgent.invoke(TestInvoker.java:969)\n\tat org.testng.internal.invokers.TestInvoker.invokeTestMethods(TestInvoker.java:194)\n\tat org.testng.internal.invokers.TestMethodWorker.invokeTestMethods(TestMethodWorker.java:148)\n\tat org.testng.internal.invokers.TestMethodWorker.run(TestMethodWorker.java:128)\n\tat java.base/java.util.concurrent.ThreadPoolExecutor.runWorker(ThreadPoolExecutor.java:1136)\n\tat java.base/java.util.concurrent.ThreadPoolExecutor$Worker.run(ThreadPoolExecutor.java:635)\n\tat java.base/java.lang.Thread.run(Thread.java:833)\n","steps":[{"name":"1","time":{"start":1692274118664,"stop":1692274118665,"duration":1},"status":"passed","steps":[],"attachments":[],"parameters":[],"stepsCount":0,"attachmentsCount":0,"shouldDisplayMessage":false,"hasContent":false}],"attachments":[],"parameters":[],"stepsCount":1,"attachmentsCount":0,"shouldDisplayMessage":true,"hasContent":true},"afterStages":[{"name":"teardown","time":{"start":1692274118678,"stop":1692274118828,"duration":150},"description":"","status":"passed","steps":[{"name":"Cleaning up driver instance: ChromeDriver: chrome on linux (334431b2c9c8f63d2341409cecc04395)","time":{"start":1692274118678,"stop":1692274118678,"duration":0},"status":"passed","steps":[],"attachments":[],"parameters":[],"stepsCount":0,"attachmentsCount":0,"shouldDisplayMessage":false,"hasContent":false},{"name":"Complete time: 17 Aug 2023 12:08:38","time":{"start":1692274118828,"stop":1692274118828,"duration":0},"status":"passed","steps":[],"attachments":[],"parameters":[],"stepsCount":0,"attachmentsCount":0,"shouldDisplayMessage":false,"hasContent":false}],"attachments":[],"parameters":[],"stepsCount":2,"attachmentsCount":0,"shouldDisplayMessage":false,"hasContent":true}],"labels":[{"name":"package","value":"test.java.tests.theInternet.parallel.TestFour"},{"name":"testClass","value":"test.java.tests.theInternet.parallel.TestFour"},{"name":"testMethod","value":"testFourUnstableTest"},{"name":"parentSuite","value":"Suite - Parallel Execution"},{"name":"suite","value":"Test Parallel Execution"},{"name":"subSuite","value":"test.java.tests.theInternet.parallel.TestFour"},{"name":"host","value":"fv-az203-940"},{"name":"thread","value":"2284@fv-az203-940.TestNG-test=Test Parallel Execution-15(197)"},{"name":"framework","value":"testng"},{"name":"language","value":"java"},{"name":"severity","value":"trivial"},{"name":"resultFormat","value":"allure2"}],"parameters":[],"links":[],"hidden":true,"retry":true,"extra":{"categories":[],"tags":[]},"source":"8fea0a8931761ffa.json","parameterValues":[]}