{"uid":"61492395894e6865","name":"testTwoExpectedFailure","fullName":"test.java.tests.theInternet.parallel.TestTwo.testTwoExpectedFailure","historyId":"4efe4554ba541344b9f422311a9a859c","time":{"start":1692270564430,"stop":1692270661260,"duration":96830},"description":"Verify the successful login with valid username and password.","descriptionHtml":"<p>Verify the successful login with valid username and password.</p>\n","status":"failed","statusMessage":"success message not present expected [false] but found [true]","statusTrace":"java.lang.AssertionError: success message not present expected [false] but found [true]\n\tat org.testng.Assert.fail(Assert.java:110)\n\tat org.testng.Assert.failNotEquals(Assert.java:1577)\n\tat org.testng.Assert.assertFalse(Assert.java:78)\n\tat test.java.tests.theInternet.parallel.TestTwo.testTwoExpectedFailure(TestTwo.java:77)\n\tat java.base/jdk.internal.reflect.NativeMethodAccessorImpl.invoke0(Native Method)\n\tat java.base/jdk.internal.reflect.NativeMethodAccessorImpl.invoke(NativeMethodAccessorImpl.java:77)\n\tat java.base/jdk.internal.reflect.DelegatingMethodAccessorImpl.invoke(DelegatingMethodAccessorImpl.java:43)\n\tat java.base/java.lang.reflect.Method.invoke(Method.java:568)\n\tat org.testng.internal.invokers.MethodInvocationHelper.invokeMethod(MethodInvocationHelper.java:139)\n\tat org.testng.internal.invokers.TestInvoker.invokeMethod(TestInvoker.java:677)\n\tat org.testng.internal.invokers.TestInvoker.retryFailed(TestInvoker.java:263)\n\tat org.testng.internal.invokers.MethodRunner.runInSequence(MethodRunner.java:62)\n\tat org.testng.internal.invokers.TestInvoker$MethodInvocationAgent.invoke(TestInvoker.java:969)\n\tat org.testng.internal.invokers.TestInvoker.invokeTestMethods(TestInvoker.java:194)\n\tat org.testng.internal.invokers.TestMethodWorker.invokeTestMethods(TestMethodWorker.java:148)\n\tat org.testng.internal.invokers.TestMethodWorker.run(TestMethodWorker.java:128)\n\tat java.base/java.util.concurrent.ThreadPoolExecutor.runWorker(ThreadPoolExecutor.java:1136)\n\tat java.base/java.util.concurrent.ThreadPoolExecutor$Worker.run(ThreadPoolExecutor.java:635)\n\tat java.base/java.lang.Thread.run(Thread.java:833)\n","flaky":false,"newFailed":false,"newBroken":false,"newPassed":false,"retriesCount":2,"retriesStatusChange":true,"beforeStages":[{"name":"setup","time":{"start":1692270564108,"stop":1692270564428,"duration":320},"description":"","status":"passed","steps":[{"name":"Start time: 17 Aug 2023 11:09:24","time":{"start":1692270564108,"stop":1692270564108,"duration":0},"status":"passed","steps":[],"attachments":[],"parameters":[],"shouldDisplayMessage":false,"hasContent":false,"stepsCount":0,"attachmentsCount":0},{"name":"Running Test on 'Linux' OS.","time":{"start":1692270564108,"stop":1692270564108,"duration":0},"status":"passed","steps":[],"attachments":[],"parameters":[],"shouldDisplayMessage":false,"hasContent":false,"stepsCount":0,"attachmentsCount":0},{"name":"JVM Version: 17.0.8","time":{"start":1692270564108,"stop":1692270564108,"duration":0},"status":"passed","steps":[],"attachments":[],"parameters":[],"shouldDisplayMessage":false,"hasContent":false,"stepsCount":0,"attachmentsCount":0},{"name":"Browser: CHROME 115.0.5790.170","time":{"start":1692270564425,"stop":1692270564425,"duration":0},"status":"passed","steps":[],"attachments":[],"parameters":[],"shouldDisplayMessage":false,"hasContent":false,"stepsCount":0,"attachmentsCount":0},{"name":"Driver instance: ChromeDriver: chrome on linux (a9582c06123bde6cbb9526bc2e51a582)","time":{"start":1692270564425,"stop":1692270564425,"duration":0},"status":"passed","steps":[],"attachments":[],"parameters":[],"shouldDisplayMessage":false,"hasContent":false,"stepsCount":0,"attachmentsCount":0}],"attachments":[],"parameters":[],"shouldDisplayMessage":false,"hasContent":true,"stepsCount":5,"attachmentsCount":0}],"testStage":{"description":"Verify the successful login with valid username and password.","status":"failed","statusMessage":"success message not present expected [false] but found [true]","statusTrace":"java.lang.AssertionError: success message not present expected [false] but found [true]\n\tat org.testng.Assert.fail(Assert.java:110)\n\tat org.testng.Assert.failNotEquals(Assert.java:1577)\n\tat org.testng.Assert.assertFalse(Assert.java:78)\n\tat test.java.tests.theInternet.parallel.TestTwo.testTwoExpectedFailure(TestTwo.java:77)\n\tat java.base/jdk.internal.reflect.NativeMethodAccessorImpl.invoke0(Native Method)\n\tat java.base/jdk.internal.reflect.NativeMethodAccessorImpl.invoke(NativeMethodAccessorImpl.java:77)\n\tat java.base/jdk.internal.reflect.DelegatingMethodAccessorImpl.invoke(DelegatingMethodAccessorImpl.java:43)\n\tat java.base/java.lang.reflect.Method.invoke(Method.java:568)\n\tat org.testng.internal.invokers.MethodInvocationHelper.invokeMethod(MethodInvocationHelper.java:139)\n\tat org.testng.internal.invokers.TestInvoker.invokeMethod(TestInvoker.java:677)\n\tat org.testng.internal.invokers.TestInvoker.retryFailed(TestInvoker.java:263)\n\tat org.testng.internal.invokers.MethodRunner.runInSequence(MethodRunner.java:62)\n\tat org.testng.internal.invokers.TestInvoker$MethodInvocationAgent.invoke(TestInvoker.java:969)\n\tat org.testng.internal.invokers.TestInvoker.invokeTestMethods(TestInvoker.java:194)\n\tat org.testng.internal.invokers.TestMethodWorker.invokeTestMethods(TestMethodWorker.java:148)\n\tat org.testng.internal.invokers.TestMethodWorker.run(TestMethodWorker.java:128)\n\tat java.base/java.util.concurrent.ThreadPoolExecutor.runWorker(ThreadPoolExecutor.java:1136)\n\tat java.base/java.util.concurrent.ThreadPoolExecutor$Worker.run(ThreadPoolExecutor.java:635)\n\tat java.base/java.lang.Thread.run(Thread.java:833)\n","steps":[{"name":"Access http://the-internet.herokuapp.com/login URL.","time":{"start":1692270564431,"stop":1692270564431,"duration":0},"status":"passed","steps":[],"attachments":[],"parameters":[],"shouldDisplayMessage":false,"hasContent":false,"stepsCount":0,"attachmentsCount":0},{"name":"Verify login form present or not.","time":{"start":1692270564656,"stop":1692270564656,"duration":0},"status":"passed","steps":[],"attachments":[],"parameters":[],"shouldDisplayMessage":false,"hasContent":false,"stepsCount":0,"attachmentsCount":0},{"name":"1. Login with valid username and password.","time":{"start":1692270564698,"stop":1692270564698,"duration":0},"status":"passed","steps":[],"attachments":[],"parameters":[],"shouldDisplayMessage":false,"hasContent":false,"stepsCount":0,"attachmentsCount":0},{"name":"Enter tomsmith username","time":{"start":1692270564698,"stop":1692270564698,"duration":0},"status":"passed","steps":[],"attachments":[],"parameters":[],"shouldDisplayMessage":false,"hasContent":false,"stepsCount":0,"attachmentsCount":0},{"name":"Enter SuperSecretPassword! password","time":{"start":1692270564783,"stop":1692270564783,"duration":0},"status":"passed","steps":[],"attachments":[],"parameters":[],"shouldDisplayMessage":false,"hasContent":false,"stepsCount":0,"attachmentsCount":0},{"name":"Click on Submit button","time":{"start":1692270660917,"stop":1692270660917,"duration":0},"status":"passed","steps":[],"attachments":[],"parameters":[],"shouldDisplayMessage":false,"hasContent":false,"stepsCount":0,"attachmentsCount":0},{"name":"2. Verify success message present","time":{"start":1692270661224,"stop":1692270661224,"duration":0},"status":"passed","steps":[],"attachments":[],"parameters":[],"shouldDisplayMessage":false,"hasContent":false,"stepsCount":0,"attachmentsCount":0},{"name":"Verify success message present or not.","time":{"start":1692270661224,"stop":1692270661224,"duration":0},"status":"passed","steps":[],"attachments":[],"parameters":[],"shouldDisplayMessage":false,"hasContent":false,"stepsCount":0,"attachmentsCount":0}],"attachments":[],"parameters":[],"shouldDisplayMessage":true,"hasContent":true,"stepsCount":8,"attachmentsCount":0},"afterStages":[{"name":"teardown","time":{"start":1692270661328,"stop":1692270661393,"duration":65},"description":"","status":"passed","steps":[{"name":"Cleaning up driver instance: ChromeDriver: chrome on linux (a9582c06123bde6cbb9526bc2e51a582)","time":{"start":1692270661328,"stop":1692270661328,"duration":0},"status":"passed","steps":[],"attachments":[],"parameters":[],"shouldDisplayMessage":false,"hasContent":false,"stepsCount":0,"attachmentsCount":0},{"name":"Complete time: 17 Aug 2023 11:11:01","time":{"start":1692270661393,"stop":1692270661393,"duration":0},"status":"passed","steps":[],"attachments":[],"parameters":[],"shouldDisplayMessage":false,"hasContent":false,"stepsCount":0,"attachmentsCount":0}],"attachments":[],"parameters":[],"shouldDisplayMessage":false,"hasContent":true,"stepsCount":2,"attachmentsCount":0}],"labels":[{"name":"package","value":"test.java.tests.theInternet.parallel.TestTwo"},{"name":"testClass","value":"test.java.tests.theInternet.parallel.TestTwo"},{"name":"testMethod","value":"testTwoExpectedFailure"},{"name":"parentSuite","value":"Suite - Parallel Execution"},{"name":"suite","value":"Test Parallel Execution"},{"name":"subSuite","value":"test.java.tests.theInternet.parallel.TestTwo"},{"name":"host","value":"fv-az442-411"},{"name":"thread","value":"2284@fv-az442-411.TestNG-test=Test Parallel Execution-8(83)"},{"name":"framework","value":"testng"},{"name":"language","value":"java"},{"name":"severity","value":"blocker"},{"name":"resultFormat","value":"allure2"}],"parameters":[],"links":[],"hidden":false,"retry":false,"extra":{"severity":"blocker","retries":[{"uid":"60e70d72ca7eab54","status":"skipped","statusDetails":"Session ID is null. Using WebDriver after calling quit()?\nBuild info: version: '4.11.0', revision: '040bc5406b'\nSystem info: os.name: 'Linux', os.arch: 'amd64', os.version: '5.15.0-1041-azure', java.version: '17.0.8'\nDriver info: org.openqa.selenium.chrome.ChromeDriver\nCommand: [null, findElement {using=css selector, value=.flash.success}]\nCapabilities {acceptInsecureCerts: false, browserName: chrome, browserVersion: 115.0.5790.170, chrome: {chromedriverVersion: 115.0.5790.170 (cc0d30c2ca5..., userDataDir: /tmp/.org.chromium.Chromium...}, goog:chromeOptions: {debuggerAddress: localhost:41715}, networkConnectionEnabled: false, pageLoadStrategy: normal, platformName: linux, proxy: Proxy(), se:cdp: ws://localhost:41715/devtoo..., se:cdpVersion: 115.0.5790.170, setWindowRect: true, strictFileInteractability: false, timeouts: {implicit: 0, pageLoad: 300000, script: 30000}, unhandledPromptBehavior: dismiss and notify, webauthn:extension:credBlob: true, webauthn:extension:largeBlob: true, webauthn:extension:minPinLength: true, webauthn:extension:prf: true, webauthn:virtualAuthenticators: true}","time":{"start":1692270467016,"stop":1692270564032,"duration":97016}},{"uid":"efa79e3e8dd46e35","status":"skipped","statusDetails":"success message not present expected [false] but found [true]","time":{"start":1692270321453,"stop":1692270466507,"duration":145054}}],"categories":[{"name":"Product defects","matchedStatuses":[],"flaky":false}],"history":{"statistic":{"failed":6,"broken":0,"skipped":1,"passed":0,"unknown":0,"total":7},"items":[{"uid":"b3d2d53eed6a628d","reportUrl":"https://jagadeeshshetty.github.io/SeleniumMaven/79//#testresult/b3d2d53eed6a628d","status":"failed","statusDetails":"success message not present expected [false] but found [true]","time":{"start":1692182099051,"stop":1692182195863,"duration":96812}},{"uid":"ccf2352a151ade8e","reportUrl":"https://jagadeeshshetty.github.io/SeleniumMaven/78//#testresult/ccf2352a151ade8e","status":"failed","statusDetails":"success message not present expected [false] but found [true]","time":{"start":1692181643597,"stop":1692181644092,"duration":495}},{"uid":"ec61f8da7091179f","reportUrl":"https://jagadeeshshetty.github.io/SeleniumMaven/77//#testresult/ec61f8da7091179f","status":"failed","statusDetails":"success message not present expected [false] but found [true]","time":{"start":1692178422829,"stop":1692178423305,"duration":476}},{"uid":"7a655077e9010b8e","reportUrl":"https://jagadeeshshetty.github.io/SeleniumMaven/76//#testresult/7a655077e9010b8e","status":"failed","statusDetails":"success message not present expected [false] but found [true]","time":{"start":1692176615932,"stop":1692176616804,"duration":872}},{"uid":"8ca7c63601142f85","reportUrl":"https://jagadeeshshetty.github.io/SeleniumMaven/75//#testresult/8ca7c63601142f85","status":"failed","statusDetails":"success message not present expected [false] but found [true]","time":{"start":1692124622244,"stop":1692124623224,"duration":980}},{"uid":"cbc0d96269a271d9","reportUrl":"https://jagadeeshshetty.github.io/SeleniumMaven/73//#testresult/cbc0d96269a271d9","status":"skipped","statusDetails":"Unable to establish websocket connection to http://localhost:38633/devtools/browser/5c1bff2c-b7d3-44a3-9acd-a45e146683fd\nBuild info: version: '4.1.2', revision: '9a5a329c5a'\nSystem info: host: 'fv-az203-597', ip: '10.1.0.117', os.name: 'Linux', os.arch: 'amd64', os.version: '5.15.0-1041-azure', java.version: '17.0.8'\nDriver info: driver.version: ChromeDriver","time":{"start":1690849857292,"stop":1690849857297,"duration":5}}]},"tags":[]},"source":"61492395894e6865.json","parameterValues":[]}