{"uid":"becb9d6165b19a5e","name":"testFourValidLoginOne","fullName":"test.java.tests.theInternet.parallel.TestFour.testFourValidLoginOne","historyId":"fb020d25f649e1b7fd73d72affc00fe4","time":{"start":1692271002624,"stop":1692271147641,"duration":145017},"description":"Verify the successful login with valid username and password.","descriptionHtml":"<p>Verify the successful login with valid username and password.</p>\n","status":"skipped","statusMessage":"no such element: Unable to locate element: {\"method\":\"css selector\",\"selector\":\".flash.success\"}\n  (Session info: headless chrome=115.0.5790.170)\nFor documentation on this error, please visit: https://www.selenium.dev/documentation/webdriver/troubleshooting/errors#no-such-element-exception\nBuild info: version: '4.11.0', revision: '040bc5406b'\nSystem info: os.name: 'Linux', os.arch: 'amd64', os.version: '5.15.0-1041-azure', java.version: '17.0.8'\nDriver info: org.openqa.selenium.chrome.ChromeDriver\nCommand: [7b8064bec046e785684cb3e4c7cd80ef, findElement {using=css selector, value=.flash.success}]\nCapabilities {acceptInsecureCerts: false, browserName: chrome, browserVersion: 115.0.5790.170, chrome: {chromedriverVersion: 115.0.5790.170 (cc0d30c2ca5..., userDataDir: /tmp/.org.chromium.Chromium...}, goog:chromeOptions: {debuggerAddress: localhost:36207}, networkConnectionEnabled: false, pageLoadStrategy: normal, platformName: linux, proxy: Proxy(), se:cdp: ws://localhost:36207/devtoo..., se:cdpVersion: 115.0.5790.170, setWindowRect: true, strictFileInteractability: false, timeouts: {implicit: 0, pageLoad: 300000, script: 30000}, unhandledPromptBehavior: dismiss and notify, webauthn:extension:credBlob: true, webauthn:extension:largeBlob: true, webauthn:extension:minPinLength: true, webauthn:extension:prf: true, webauthn:virtualAuthenticators: true}\nSession ID: 7b8064bec046e785684cb3e4c7cd80ef","statusTrace":"org.openqa.selenium.NoSuchElementException: no such element: Unable to locate element: {\"method\":\"css selector\",\"selector\":\".flash.success\"}\n  (Session info: headless chrome=115.0.5790.170)\nFor documentation on this error, please visit: https://www.selenium.dev/documentation/webdriver/troubleshooting/errors#no-such-element-exception\nBuild info: version: '4.11.0', revision: '040bc5406b'\nSystem info: os.name: 'Linux', os.arch: 'amd64', os.version: '5.15.0-1041-azure', java.version: '17.0.8'\nDriver info: org.openqa.selenium.chrome.ChromeDriver\nCommand: [7b8064bec046e785684cb3e4c7cd80ef, findElement {using=css selector, value=.flash.success}]\nCapabilities {acceptInsecureCerts: false, browserName: chrome, browserVersion: 115.0.5790.170, chrome: {chromedriverVersion: 115.0.5790.170 (cc0d30c2ca5..., userDataDir: /tmp/.org.chromium.Chromium...}, goog:chromeOptions: {debuggerAddress: localhost:36207}, networkConnectionEnabled: false, pageLoadStrategy: normal, platformName: linux, proxy: Proxy(), se:cdp: ws://localhost:36207/devtoo..., se:cdpVersion: 115.0.5790.170, setWindowRect: true, strictFileInteractability: false, timeouts: {implicit: 0, pageLoad: 300000, script: 30000}, unhandledPromptBehavior: dismiss and notify, webauthn:extension:credBlob: true, webauthn:extension:largeBlob: true, webauthn:extension:minPinLength: true, webauthn:extension:prf: true, webauthn:virtualAuthenticators: true}\nSession ID: 7b8064bec046e785684cb3e4c7cd80ef\n\tat jdk.internal.reflect.GeneratedConstructorAccessor31.newInstance(Unknown Source)\n\tat java.base/jdk.internal.reflect.DelegatingConstructorAccessorImpl.newInstance(DelegatingConstructorAccessorImpl.java:45)\n\tat java.base/java.lang.reflect.Constructor.newInstanceWithCaller(Constructor.java:499)\n\tat java.base/java.lang.reflect.Constructor.newInstance(Constructor.java:480)\n\tat org.openqa.selenium.remote.codec.w3c.W3CHttpResponseCodec.createException(W3CHttpResponseCodec.java:200)\n\tat org.openqa.selenium.remote.codec.w3c.W3CHttpResponseCodec.decode(W3CHttpResponseCodec.java:133)\n\tat org.openqa.selenium.remote.codec.w3c.W3CHttpResponseCodec.decode(W3CHttpResponseCodec.java:52)\n\tat org.openqa.selenium.remote.HttpCommandExecutor.execute(HttpCommandExecutor.java:191)\n\tat org.openqa.selenium.remote.service.DriverCommandExecutor.invokeExecute(DriverCommandExecutor.java:196)\n\tat org.openqa.selenium.remote.service.DriverCommandExecutor.execute(DriverCommandExecutor.java:171)\n\tat org.openqa.selenium.remote.RemoteWebDriver.execute(RemoteWebDriver.java:518)\n\tat org.openqa.selenium.remote.ElementLocation$ElementFinder$2.findElement(ElementLocation.java:165)\n\tat org.openqa.selenium.remote.ElementLocation.findElement(ElementLocation.java:59)\n\tat org.openqa.selenium.remote.RemoteWebDriver.findElement(RemoteWebDriver.java:355)\n\tat org.openqa.selenium.remote.RemoteWebDriver.findElement(RemoteWebDriver.java:349)\n\tat test.java.pageobjects.BasePage.find(BasePage.java:29)\n\tat test.java.pageobjects.BasePage.isDisplayed(BasePage.java:47)\n\tat test.java.pageobjects.theInternet.LoginPage.successMessagePresent(LoginPage.java:40)\n\tat test.java.tests.theInternet.parallel.TestFour.testFourValidLoginOne(TestFour.java:35)\n\tat java.base/jdk.internal.reflect.NativeMethodAccessorImpl.invoke0(Native Method)\n\tat java.base/jdk.internal.reflect.NativeMethodAccessorImpl.invoke(NativeMethodAccessorImpl.java:77)\n\tat java.base/jdk.internal.reflect.DelegatingMethodAccessorImpl.invoke(DelegatingMethodAccessorImpl.java:43)\n\tat java.base/java.lang.reflect.Method.invoke(Method.java:568)\n\tat org.testng.internal.invokers.MethodInvocationHelper.invokeMethod(MethodInvocationHelper.java:139)\n\tat org.testng.internal.invokers.TestInvoker.invokeMethod(TestInvoker.java:677)\n\tat org.testng.internal.invokers.TestInvoker.invokeTestMethod(TestInvoker.java:221)\n\tat org.testng.internal.invokers.MethodRunner.runInSequence(MethodRunner.java:50)\n\tat org.testng.internal.invokers.TestInvoker$MethodInvocationAgent.invoke(TestInvoker.java:969)\n\tat org.testng.internal.invokers.TestInvoker.invokeTestMethods(TestInvoker.java:194)\n\tat org.testng.internal.invokers.TestMethodWorker.invokeTestMethods(TestMethodWorker.java:148)\n\tat org.testng.internal.invokers.TestMethodWorker.run(TestMethodWorker.java:128)\n\tat java.base/java.util.concurrent.ThreadPoolExecutor.runWorker(ThreadPoolExecutor.java:1136)\n\tat java.base/java.util.concurrent.ThreadPoolExecutor$Worker.run(ThreadPoolExecutor.java:635)\n\tat java.base/java.lang.Thread.run(Thread.java:833)\n","flaky":false,"newFailed":false,"newBroken":false,"newPassed":false,"retriesCount":0,"retriesStatusChange":false,"beforeStages":[{"name":"setup","time":{"start":1692271002021,"stop":1692271002623,"duration":602},"description":"","status":"passed","steps":[{"name":"Start time: 17 Aug 2023 11:16:42","time":{"start":1692271002021,"stop":1692271002021,"duration":0},"status":"passed","steps":[],"attachments":[],"parameters":[],"shouldDisplayMessage":false,"hasContent":false,"stepsCount":0,"attachmentsCount":0},{"name":"Running Test on 'Linux' OS.","time":{"start":1692271002021,"stop":1692271002021,"duration":0},"status":"passed","steps":[],"attachments":[],"parameters":[],"shouldDisplayMessage":false,"hasContent":false,"stepsCount":0,"attachmentsCount":0},{"name":"JVM Version: 17.0.8","time":{"start":1692271002021,"stop":1692271002021,"duration":0},"status":"passed","steps":[],"attachments":[],"parameters":[],"shouldDisplayMessage":false,"hasContent":false,"stepsCount":0,"attachmentsCount":0},{"name":"Browser: CHROME 115.0.5790.170","time":{"start":1692271002621,"stop":1692271002621,"duration":0},"status":"passed","steps":[],"attachments":[],"parameters":[],"shouldDisplayMessage":false,"hasContent":false,"stepsCount":0,"attachmentsCount":0},{"name":"Driver instance: ChromeDriver: chrome on linux (892ba1b27d2842c248169c05816d44ca)","time":{"start":1692271002621,"stop":1692271002621,"duration":0},"status":"passed","steps":[],"attachments":[],"parameters":[],"shouldDisplayMessage":false,"hasContent":false,"stepsCount":0,"attachmentsCount":0}],"attachments":[],"parameters":[],"shouldDisplayMessage":false,"hasContent":true,"stepsCount":5,"attachmentsCount":0}],"testStage":{"description":"Verify the successful login with valid username and password.","status":"skipped","statusMessage":"no such element: Unable to locate element: {\"method\":\"css selector\",\"selector\":\".flash.success\"}\n  (Session info: headless chrome=115.0.5790.170)\nFor documentation on this error, please visit: https://www.selenium.dev/documentation/webdriver/troubleshooting/errors#no-such-element-exception\nBuild info: version: '4.11.0', revision: '040bc5406b'\nSystem info: os.name: 'Linux', os.arch: 'amd64', os.version: '5.15.0-1041-azure', java.version: '17.0.8'\nDriver info: org.openqa.selenium.chrome.ChromeDriver\nCommand: [7b8064bec046e785684cb3e4c7cd80ef, findElement {using=css selector, value=.flash.success}]\nCapabilities {acceptInsecureCerts: false, browserName: chrome, browserVersion: 115.0.5790.170, chrome: {chromedriverVersion: 115.0.5790.170 (cc0d30c2ca5..., userDataDir: /tmp/.org.chromium.Chromium...}, goog:chromeOptions: {debuggerAddress: localhost:36207}, networkConnectionEnabled: false, pageLoadStrategy: normal, platformName: linux, proxy: Proxy(), se:cdp: ws://localhost:36207/devtoo..., se:cdpVersion: 115.0.5790.170, setWindowRect: true, strictFileInteractability: false, timeouts: {implicit: 0, pageLoad: 300000, script: 30000}, unhandledPromptBehavior: dismiss and notify, webauthn:extension:credBlob: true, webauthn:extension:largeBlob: true, webauthn:extension:minPinLength: true, webauthn:extension:prf: true, webauthn:virtualAuthenticators: true}\nSession ID: 7b8064bec046e785684cb3e4c7cd80ef","statusTrace":"org.openqa.selenium.NoSuchElementException: no such element: Unable to locate element: {\"method\":\"css selector\",\"selector\":\".flash.success\"}\n  (Session info: headless chrome=115.0.5790.170)\nFor documentation on this error, please visit: https://www.selenium.dev/documentation/webdriver/troubleshooting/errors#no-such-element-exception\nBuild info: version: '4.11.0', revision: '040bc5406b'\nSystem info: os.name: 'Linux', os.arch: 'amd64', os.version: '5.15.0-1041-azure', java.version: '17.0.8'\nDriver info: org.openqa.selenium.chrome.ChromeDriver\nCommand: [7b8064bec046e785684cb3e4c7cd80ef, findElement {using=css selector, value=.flash.success}]\nCapabilities {acceptInsecureCerts: false, browserName: chrome, browserVersion: 115.0.5790.170, chrome: {chromedriverVersion: 115.0.5790.170 (cc0d30c2ca5..., userDataDir: /tmp/.org.chromium.Chromium...}, goog:chromeOptions: {debuggerAddress: localhost:36207}, networkConnectionEnabled: false, pageLoadStrategy: normal, platformName: linux, proxy: Proxy(), se:cdp: ws://localhost:36207/devtoo..., se:cdpVersion: 115.0.5790.170, setWindowRect: true, strictFileInteractability: false, timeouts: {implicit: 0, pageLoad: 300000, script: 30000}, unhandledPromptBehavior: dismiss and notify, webauthn:extension:credBlob: true, webauthn:extension:largeBlob: true, webauthn:extension:minPinLength: true, webauthn:extension:prf: true, webauthn:virtualAuthenticators: true}\nSession ID: 7b8064bec046e785684cb3e4c7cd80ef\n\tat jdk.internal.reflect.GeneratedConstructorAccessor31.newInstance(Unknown Source)\n\tat java.base/jdk.internal.reflect.DelegatingConstructorAccessorImpl.newInstance(DelegatingConstructorAccessorImpl.java:45)\n\tat java.base/java.lang.reflect.Constructor.newInstanceWithCaller(Constructor.java:499)\n\tat java.base/java.lang.reflect.Constructor.newInstance(Constructor.java:480)\n\tat org.openqa.selenium.remote.codec.w3c.W3CHttpResponseCodec.createException(W3CHttpResponseCodec.java:200)\n\tat org.openqa.selenium.remote.codec.w3c.W3CHttpResponseCodec.decode(W3CHttpResponseCodec.java:133)\n\tat org.openqa.selenium.remote.codec.w3c.W3CHttpResponseCodec.decode(W3CHttpResponseCodec.java:52)\n\tat org.openqa.selenium.remote.HttpCommandExecutor.execute(HttpCommandExecutor.java:191)\n\tat org.openqa.selenium.remote.service.DriverCommandExecutor.invokeExecute(DriverCommandExecutor.java:196)\n\tat org.openqa.selenium.remote.service.DriverCommandExecutor.execute(DriverCommandExecutor.java:171)\n\tat org.openqa.selenium.remote.RemoteWebDriver.execute(RemoteWebDriver.java:518)\n\tat org.openqa.selenium.remote.ElementLocation$ElementFinder$2.findElement(ElementLocation.java:165)\n\tat org.openqa.selenium.remote.ElementLocation.findElement(ElementLocation.java:59)\n\tat org.openqa.selenium.remote.RemoteWebDriver.findElement(RemoteWebDriver.java:355)\n\tat org.openqa.selenium.remote.RemoteWebDriver.findElement(RemoteWebDriver.java:349)\n\tat test.java.pageobjects.BasePage.find(BasePage.java:29)\n\tat test.java.pageobjects.BasePage.isDisplayed(BasePage.java:47)\n\tat test.java.pageobjects.theInternet.LoginPage.successMessagePresent(LoginPage.java:40)\n\tat test.java.tests.theInternet.parallel.TestFour.testFourValidLoginOne(TestFour.java:35)\n\tat java.base/jdk.internal.reflect.NativeMethodAccessorImpl.invoke0(Native Method)\n\tat java.base/jdk.internal.reflect.NativeMethodAccessorImpl.invoke(NativeMethodAccessorImpl.java:77)\n\tat java.base/jdk.internal.reflect.DelegatingMethodAccessorImpl.invoke(DelegatingMethodAccessorImpl.java:43)\n\tat java.base/java.lang.reflect.Method.invoke(Method.java:568)\n\tat org.testng.internal.invokers.MethodInvocationHelper.invokeMethod(MethodInvocationHelper.java:139)\n\tat org.testng.internal.invokers.TestInvoker.invokeMethod(TestInvoker.java:677)\n\tat org.testng.internal.invokers.TestInvoker.invokeTestMethod(TestInvoker.java:221)\n\tat org.testng.internal.invokers.MethodRunner.runInSequence(MethodRunner.java:50)\n\tat org.testng.internal.invokers.TestInvoker$MethodInvocationAgent.invoke(TestInvoker.java:969)\n\tat org.testng.internal.invokers.TestInvoker.invokeTestMethods(TestInvoker.java:194)\n\tat org.testng.internal.invokers.TestMethodWorker.invokeTestMethods(TestMethodWorker.java:148)\n\tat org.testng.internal.invokers.TestMethodWorker.run(TestMethodWorker.java:128)\n\tat java.base/java.util.concurrent.ThreadPoolExecutor.runWorker(ThreadPoolExecutor.java:1136)\n\tat java.base/java.util.concurrent.ThreadPoolExecutor$Worker.run(ThreadPoolExecutor.java:635)\n\tat java.base/java.lang.Thread.run(Thread.java:833)\n","steps":[{"name":"Access http://the-internet.herokuapp.com/login URL.","time":{"start":1692271002627,"stop":1692271002627,"duration":0},"status":"passed","steps":[],"attachments":[],"parameters":[],"shouldDisplayMessage":false,"hasContent":false,"stepsCount":0,"attachmentsCount":0},{"name":"Verify login form present or not.","time":{"start":1692271003017,"stop":1692271003017,"duration":0},"status":"passed","steps":[],"attachments":[],"parameters":[],"shouldDisplayMessage":false,"hasContent":false,"stepsCount":0,"attachmentsCount":0},{"name":"1. Login with valid username and password.","time":{"start":1692271003072,"stop":1692271003072,"duration":0},"status":"passed","steps":[],"attachments":[],"parameters":[],"shouldDisplayMessage":false,"hasContent":false,"stepsCount":0,"attachmentsCount":0},{"name":"Enter tomsmith username","time":{"start":1692271003072,"stop":1692271003072,"duration":0},"status":"passed","steps":[],"attachments":[],"parameters":[],"shouldDisplayMessage":false,"hasContent":false,"stepsCount":0,"attachmentsCount":0},{"name":"Enter SuperSecretPassword! password","time":{"start":1692271003218,"stop":1692271003218,"duration":0},"status":"passed","steps":[],"attachments":[],"parameters":[],"shouldDisplayMessage":false,"hasContent":false,"stepsCount":0,"attachmentsCount":0},{"name":"Click on Submit button","time":{"start":1692271003331,"stop":1692271003331,"duration":0},"status":"passed","steps":[],"attachments":[],"parameters":[],"shouldDisplayMessage":false,"hasContent":false,"stepsCount":0,"attachmentsCount":0},{"name":"2. Verify success message present","time":{"start":1692271003452,"stop":1692271003452,"duration":0},"status":"passed","steps":[],"attachments":[],"parameters":[],"shouldDisplayMessage":false,"hasContent":false,"stepsCount":0,"attachmentsCount":0},{"name":"Verify success message present or not.","time":{"start":1692271003452,"stop":1692271003452,"duration":0},"status":"passed","steps":[],"attachments":[],"parameters":[],"shouldDisplayMessage":false,"hasContent":false,"stepsCount":0,"attachmentsCount":0}],"attachments":[],"parameters":[],"shouldDisplayMessage":true,"hasContent":true,"stepsCount":8,"attachmentsCount":0},"afterStages":[{"name":"teardown","time":{"start":1692271147642,"stop":1692271147744,"duration":102},"description":"","status":"passed","steps":[{"name":"Cleaning up driver instance: ChromeDriver: chrome on linux (892ba1b27d2842c248169c05816d44ca)","time":{"start":1692271147642,"stop":1692271147642,"duration":0},"status":"passed","steps":[],"attachments":[],"parameters":[],"shouldDisplayMessage":false,"hasContent":false,"stepsCount":0,"attachmentsCount":0},{"name":"Complete time: 17 Aug 2023 11:19:07","time":{"start":1692271147744,"stop":1692271147744,"duration":0},"status":"passed","steps":[],"attachments":[],"parameters":[],"shouldDisplayMessage":false,"hasContent":false,"stepsCount":0,"attachmentsCount":0}],"attachments":[],"parameters":[],"shouldDisplayMessage":false,"hasContent":true,"stepsCount":2,"attachmentsCount":0}],"labels":[{"name":"package","value":"test.java.tests.theInternet.parallel.TestFour"},{"name":"testClass","value":"test.java.tests.theInternet.parallel.TestFour"},{"name":"testMethod","value":"testFourValidLoginOne"},{"name":"parentSuite","value":"Suite - Parallel Execution"},{"name":"suite","value":"Test Parallel Execution"},{"name":"subSuite","value":"test.java.tests.theInternet.parallel.TestFour"},{"name":"host","value":"fv-az442-411"},{"name":"thread","value":"2284@fv-az442-411.TestNG-test=Test Parallel Execution-14(240)"},{"name":"framework","value":"testng"},{"name":"language","value":"java"},{"name":"severity","value":"blocker"},{"name":"resultFormat","value":"allure2"}],"parameters":[],"links":[],"hidden":true,"retry":true,"extra":{"categories":[],"tags":[]},"source":"becb9d6165b19a5e.json","parameterValues":[]}