{
  "uid" : "98a31db6fa9140d9",
  "name" : "unstableTest",
  "fullName" : "test.java.tests.theInternet.TestLoginPage.unstableTest",
  "historyId" : "480e1f23368ced480027317384e0ee9a",
  "time" : {
    "start" : 1617642296836,
    "stop" : 1617642296950,
    "duration" : 114
  },
  "description" : "Verify the error message with invalid username and password.",
  "descriptionHtml" : "<p>Verify the error message with invalid username and password.</p>\n",
  "status" : "failed",
  "statusMessage" : "expected [true] but found [false]",
  "statusTrace" : "java.lang.AssertionError: expected [true] but found [false]\n\tat org.testng.Assert.fail(Assert.java:99)\n\tat org.testng.Assert.failNotEquals(Assert.java:1037)\n\tat org.testng.Assert.assertTrue(Assert.java:45)\n\tat org.testng.Assert.assertTrue(Assert.java:55)\n\tat test.java.tests.theInternet.TestLoginPage.unstableTest(TestLoginPage.java:63)\n\tat sun.reflect.NativeMethodAccessorImpl.invoke0(Native Method)\n\tat sun.reflect.NativeMethodAccessorImpl.invoke(NativeMethodAccessorImpl.java:62)\n\tat sun.reflect.DelegatingMethodAccessorImpl.invoke(DelegatingMethodAccessorImpl.java:43)\n\tat java.lang.reflect.Method.invoke(Method.java:498)\n\tat org.testng.internal.MethodInvocationHelper.invokeMethod(MethodInvocationHelper.java:132)\n\tat org.testng.internal.TestInvoker.invokeMethod(TestInvoker.java:599)\n\tat org.testng.internal.TestInvoker.retryFailed(TestInvoker.java:214)\n\tat org.testng.internal.MethodRunner.runInSequence(MethodRunner.java:58)\n\tat org.testng.internal.TestInvoker$MethodInvocationAgent.invoke(TestInvoker.java:822)\n\tat org.testng.internal.TestInvoker.invokeTestMethods(TestInvoker.java:147)\n\tat org.testng.internal.TestMethodWorker.invokeTestMethods(TestMethodWorker.java:146)\n\tat org.testng.internal.TestMethodWorker.run(TestMethodWorker.java:128)\n\tat java.util.ArrayList.forEach(ArrayList.java:1259)\n\tat org.testng.TestRunner.privateRun(TestRunner.java:764)\n\tat org.testng.TestRunner.run(TestRunner.java:585)\n\tat org.testng.SuiteRunner.runTest(SuiteRunner.java:384)\n\tat org.testng.SuiteRunner.runSequentially(SuiteRunner.java:378)\n\tat org.testng.SuiteRunner.privateRun(SuiteRunner.java:337)\n\tat org.testng.SuiteRunner.run(SuiteRunner.java:286)\n\tat org.testng.SuiteRunnerWorker.runSuite(SuiteRunnerWorker.java:53)\n\tat org.testng.SuiteRunnerWorker.run(SuiteRunnerWorker.java:96)\n\tat org.testng.TestNG.runSuitesSequentially(TestNG.java:1218)\n\tat org.testng.TestNG.runSuitesLocally(TestNG.java:1140)\n\tat org.testng.TestNG.runSuites(TestNG.java:1069)\n\tat org.testng.TestNG.run(TestNG.java:1037)\n\tat org.apache.maven.surefire.testng.TestNGExecutor.run(TestNGExecutor.java:283)\n\tat org.apache.maven.surefire.testng.TestNGXmlTestSuite.execute(TestNGXmlTestSuite.java:75)\n\tat org.apache.maven.surefire.testng.TestNGProvider.invoke(TestNGProvider.java:120)\n\tat org.apache.maven.surefire.booter.ForkedBooter.invokeProviderInSameClassLoader(ForkedBooter.java:384)\n\tat org.apache.maven.surefire.booter.ForkedBooter.runSuitesInProcess(ForkedBooter.java:345)\n\tat org.apache.maven.surefire.booter.ForkedBooter.execute(ForkedBooter.java:126)\n\tat org.apache.maven.surefire.booter.ForkedBooter.main(ForkedBooter.java:418)\n",
  "flaky" : true,
  "newFailed" : false,
  "beforeStages" : [ {
    "name" : "testSetUp",
    "time" : {
      "start" : 1617642296374,
      "stop" : 1617642296834,
      "duration" : 460
    },
    "description" : "",
    "status" : "passed",
    "steps" : [ {
      "name" : "Access http://the-internet.herokuapp.com/login URL.",
      "time" : {
        "start" : 1617642296374,
        "stop" : 1617642296374,
        "duration" : 0
      },
      "status" : "passed",
      "steps" : [ ],
      "attachments" : [ ],
      "parameters" : [ ],
      "stepsCount" : 0,
      "attachmentsCount" : 0,
      "shouldDisplayMessage" : false,
      "hasContent" : false
    }, {
      "name" : "Verify login form present or not.",
      "time" : {
        "start" : 1617642296793,
        "stop" : 1617642296793,
        "duration" : 0
      },
      "status" : "passed",
      "steps" : [ ],
      "attachments" : [ ],
      "parameters" : [ ],
      "stepsCount" : 0,
      "attachmentsCount" : 0,
      "shouldDisplayMessage" : false,
      "hasContent" : false
    } ],
    "attachments" : [ ],
    "parameters" : [ ],
    "stepsCount" : 2,
    "attachmentsCount" : 0,
    "shouldDisplayMessage" : false,
    "hasContent" : true
  }, {
    "name" : "globalSetup",
    "time" : {
      "start" : 1617642296148,
      "stop" : 1617642296373,
      "duration" : 225
    },
    "description" : "",
    "status" : "passed",
    "steps" : [ {
      "name" : "Running Test on 'Linux' OS.",
      "time" : {
        "start" : 1617642296148,
        "stop" : 1617642296148,
        "duration" : 0
      },
      "status" : "passed",
      "steps" : [ ],
      "attachments" : [ ],
      "parameters" : [ ],
      "stepsCount" : 0,
      "attachmentsCount" : 0,
      "shouldDisplayMessage" : false,
      "hasContent" : false
    }, {
      "name" : "Browser: CHROMEHEADLESS",
      "time" : {
        "start" : 1617642296150,
        "stop" : 1617642296150,
        "duration" : 0
      },
      "status" : "passed",
      "steps" : [ ],
      "attachments" : [ ],
      "parameters" : [ ],
      "stepsCount" : 0,
      "attachmentsCount" : 0,
      "shouldDisplayMessage" : false,
      "hasContent" : false
    }, {
      "name" : "Browser: Chrome Headless",
      "time" : {
        "start" : 1617642296150,
        "stop" : 1617642296150,
        "duration" : 0
      },
      "status" : "passed",
      "steps" : [ ],
      "attachments" : [ ],
      "parameters" : [ ],
      "stepsCount" : 0,
      "attachmentsCount" : 0,
      "shouldDisplayMessage" : false,
      "hasContent" : false
    }, {
      "name" : "Driver instance: ChromeDriver: chrome on LINUX (2211ae1beecfa3853273aeb0a34ab636)",
      "time" : {
        "start" : 1617642296370,
        "stop" : 1617642296370,
        "duration" : 0
      },
      "status" : "passed",
      "steps" : [ ],
      "attachments" : [ ],
      "parameters" : [ ],
      "stepsCount" : 0,
      "attachmentsCount" : 0,
      "shouldDisplayMessage" : false,
      "hasContent" : false
    } ],
    "attachments" : [ ],
    "parameters" : [ ],
    "stepsCount" : 4,
    "attachmentsCount" : 0,
    "shouldDisplayMessage" : false,
    "hasContent" : true
  } ],
  "testStage" : {
    "description" : "Verify the error message with invalid username and password.",
    "status" : "failed",
    "statusMessage" : "expected [true] but found [false]",
    "statusTrace" : "java.lang.AssertionError: expected [true] but found [false]\n\tat org.testng.Assert.fail(Assert.java:99)\n\tat org.testng.Assert.failNotEquals(Assert.java:1037)\n\tat org.testng.Assert.assertTrue(Assert.java:45)\n\tat org.testng.Assert.assertTrue(Assert.java:55)\n\tat test.java.tests.theInternet.TestLoginPage.unstableTest(TestLoginPage.java:63)\n\tat sun.reflect.NativeMethodAccessorImpl.invoke0(Native Method)\n\tat sun.reflect.NativeMethodAccessorImpl.invoke(NativeMethodAccessorImpl.java:62)\n\tat sun.reflect.DelegatingMethodAccessorImpl.invoke(DelegatingMethodAccessorImpl.java:43)\n\tat java.lang.reflect.Method.invoke(Method.java:498)\n\tat org.testng.internal.MethodInvocationHelper.invokeMethod(MethodInvocationHelper.java:132)\n\tat org.testng.internal.TestInvoker.invokeMethod(TestInvoker.java:599)\n\tat org.testng.internal.TestInvoker.retryFailed(TestInvoker.java:214)\n\tat org.testng.internal.MethodRunner.runInSequence(MethodRunner.java:58)\n\tat org.testng.internal.TestInvoker$MethodInvocationAgent.invoke(TestInvoker.java:822)\n\tat org.testng.internal.TestInvoker.invokeTestMethods(TestInvoker.java:147)\n\tat org.testng.internal.TestMethodWorker.invokeTestMethods(TestMethodWorker.java:146)\n\tat org.testng.internal.TestMethodWorker.run(TestMethodWorker.java:128)\n\tat java.util.ArrayList.forEach(ArrayList.java:1259)\n\tat org.testng.TestRunner.privateRun(TestRunner.java:764)\n\tat org.testng.TestRunner.run(TestRunner.java:585)\n\tat org.testng.SuiteRunner.runTest(SuiteRunner.java:384)\n\tat org.testng.SuiteRunner.runSequentially(SuiteRunner.java:378)\n\tat org.testng.SuiteRunner.privateRun(SuiteRunner.java:337)\n\tat org.testng.SuiteRunner.run(SuiteRunner.java:286)\n\tat org.testng.SuiteRunnerWorker.runSuite(SuiteRunnerWorker.java:53)\n\tat org.testng.SuiteRunnerWorker.run(SuiteRunnerWorker.java:96)\n\tat org.testng.TestNG.runSuitesSequentially(TestNG.java:1218)\n\tat org.testng.TestNG.runSuitesLocally(TestNG.java:1140)\n\tat org.testng.TestNG.runSuites(TestNG.java:1069)\n\tat org.testng.TestNG.run(TestNG.java:1037)\n\tat org.apache.maven.surefire.testng.TestNGExecutor.run(TestNGExecutor.java:283)\n\tat org.apache.maven.surefire.testng.TestNGXmlTestSuite.execute(TestNGXmlTestSuite.java:75)\n\tat org.apache.maven.surefire.testng.TestNGProvider.invoke(TestNGProvider.java:120)\n\tat org.apache.maven.surefire.booter.ForkedBooter.invokeProviderInSameClassLoader(ForkedBooter.java:384)\n\tat org.apache.maven.surefire.booter.ForkedBooter.runSuitesInProcess(ForkedBooter.java:345)\n\tat org.apache.maven.surefire.booter.ForkedBooter.execute(ForkedBooter.java:126)\n\tat org.apache.maven.surefire.booter.ForkedBooter.main(ForkedBooter.java:418)\n",
    "steps" : [ {
      "name" : "1",
      "time" : {
        "start" : 1617642296836,
        "stop" : 1617642296836,
        "duration" : 0
      },
      "status" : "passed",
      "steps" : [ ],
      "attachments" : [ ],
      "parameters" : [ ],
      "stepsCount" : 0,
      "attachmentsCount" : 0,
      "shouldDisplayMessage" : false,
      "hasContent" : false
    } ],
    "attachments" : [ {
      "uid" : "6642f067c1cb1073",
      "name" : "saveFailureScreenshot",
      "source" : "6642f067c1cb1073.png",
      "type" : "image/png",
      "size" : 56474
    }, {
      "uid" : "77f6a711bd34504",
      "name" : "unstableTest failed and screenshot taken!",
      "source" : "77f6a711bd34504.txt",
      "type" : "text/plain",
      "size" : 41
    } ],
    "parameters" : [ ],
    "stepsCount" : 1,
    "attachmentsCount" : 2,
    "shouldDisplayMessage" : true,
    "hasContent" : true
  },
  "afterStages" : [ {
    "name" : "tearDown",
    "time" : {
      "start" : 1617642296967,
      "stop" : 1617642297034,
      "duration" : 67
    },
    "description" : "",
    "status" : "passed",
    "steps" : [ {
      "name" : "Cleaning up driver instance: ChromeDriver: chrome on LINUX (2211ae1beecfa3853273aeb0a34ab636)",
      "time" : {
        "start" : 1617642296967,
        "stop" : 1617642296967,
        "duration" : 0
      },
      "status" : "passed",
      "steps" : [ ],
      "attachments" : [ ],
      "parameters" : [ ],
      "stepsCount" : 0,
      "attachmentsCount" : 0,
      "shouldDisplayMessage" : false,
      "hasContent" : false
    } ],
    "attachments" : [ ],
    "parameters" : [ ],
    "stepsCount" : 1,
    "attachmentsCount" : 0,
    "shouldDisplayMessage" : false,
    "hasContent" : true
  } ],
  "labels" : [ {
    "name" : "package",
    "value" : "test.java.tests.theInternet.TestLoginPage"
  }, {
    "name" : "testClass",
    "value" : "test.java.tests.theInternet.TestLoginPage"
  }, {
    "name" : "testMethod",
    "value" : "unstableTest"
  }, {
    "name" : "parentSuite",
    "value" : "Suite"
  }, {
    "name" : "suite",
    "value" : "Test"
  }, {
    "name" : "subSuite",
    "value" : "test.java.tests.theInternet.TestLoginPage"
  }, {
    "name" : "host",
    "value" : "fv-az139-698"
  }, {
    "name" : "thread",
    "value" : "3027@fv-az139-698.main(1)"
  }, {
    "name" : "framework",
    "value" : "testng"
  }, {
    "name" : "language",
    "value" : "java"
  }, {
    "name" : "severity",
    "value" : "trivial"
  }, {
    "name" : "resultFormat",
    "value" : "allure2"
  } ],
  "parameters" : [ ],
  "links" : [ ],
  "hidden" : false,
  "retry" : false,
  "extra" : {
    "severity" : "trivial",
    "retries" : [ {
      "uid" : "b515aa512ddbb0b7",
      "status" : "skipped",
      "statusDetails" : "expected [true] but found [false]",
      "time" : {
        "start" : 1617642296079,
        "stop" : 1617642296080,
        "duration" : 1
      }
    }, {
      "uid" : "2f2bc0ad35beb9ef",
      "status" : "skipped",
      "statusDetails" : "expected [true] but found [false]",
      "time" : {
        "start" : 1617642295184,
        "stop" : 1617642295188,
        "duration" : 4
      }
    } ],
    "categories" : [ {
      "name" : "Product defects",
      "matchedStatuses" : [ ],
      "flaky" : false
    } ],
    "history" : {
      "statistic" : {
        "failed" : 7,
        "broken" : 0,
        "skipped" : 0,
        "passed" : 11,
        "unknown" : 0,
        "total" : 18
      },
      "items" : [ {
        "uid" : "621246dfd9b68c50",
        "reportUrl" : "https://jagadeeshshetty.github.io/SeleniumMaven/4//#testresult/621246dfd9b68c50",
        "status" : "failed",
        "statusDetails" : "expected [true] but found [false]",
        "time" : {
          "start" : 1616952847810,
          "stop" : 1616952847921,
          "duration" : 111
        }
      }, {
        "uid" : "fd9c5bf13b03c981",
        "reportUrl" : "https://jagadeeshshetty.github.io/SeleniumMaven/3//#testresult/fd9c5bf13b03c981",
        "status" : "failed",
        "statusDetails" : "expected [true] but found [false]",
        "time" : {
          "start" : 1616952399237,
          "stop" : 1616952399380,
          "duration" : 143
        }
      }, {
        "uid" : "659e62eb2473640e",
        "reportUrl" : "https://jagadeeshshetty.github.io/SeleniumMaven/2//#testresult/659e62eb2473640e",
        "status" : "passed",
        "time" : {
          "start" : 1616950399260,
          "stop" : 1616950399260,
          "duration" : 0
        }
      }, {
        "uid" : "eb8363542916c6ec",
        "reportUrl" : "https://jagadeeshshetty.github.io/SeleniumMaven/1//#testresult/eb8363542916c6ec",
        "status" : "passed",
        "time" : {
          "start" : 1616949822549,
          "stop" : 1616949822552,
          "duration" : 3
        }
      }, {
        "uid" : "3fa1418fe20e7199",
        "reportUrl" : "https://jagadeeshshetty.github.io/SeleniumMaven/33//#testresult/3fa1418fe20e7199",
        "status" : "passed",
        "time" : {
          "start" : 1616939334436,
          "stop" : 1616939334436,
          "duration" : 0
        }
      }, {
        "uid" : "f95f2d0c3ddde9b8",
        "reportUrl" : "https://jagadeeshshetty.github.io/SeleniumMaven/32//#testresult/f95f2d0c3ddde9b8",
        "status" : "failed",
        "statusDetails" : "expected [true] but found [false]",
        "time" : {
          "start" : 1616926137427,
          "stop" : 1616926137534,
          "duration" : 107
        }
      }, {
        "uid" : "14bd1cdcc9899819",
        "reportUrl" : "https://jagadeeshshetty.github.io/SeleniumMaven/31//#testresult/14bd1cdcc9899819",
        "status" : "passed",
        "time" : {
          "start" : 1616925802755,
          "stop" : 1616925802755,
          "duration" : 0
        }
      }, {
        "uid" : "34c39f05b4e5f739",
        "reportUrl" : "https://jagadeeshshetty.github.io/SeleniumMaven/30//#testresult/34c39f05b4e5f739",
        "status" : "passed",
        "time" : {
          "start" : 1616924240004,
          "stop" : 1616924240004,
          "duration" : 0
        }
      }, {
        "uid" : "fbc44815661e9659",
        "reportUrl" : "https://jagadeeshshetty.github.io/SeleniumMaven/30//#testresult/fbc44815661e9659",
        "status" : "passed",
        "time" : {
          "start" : 1616924043784,
          "stop" : 1616924043784,
          "duration" : 0
        }
      }, {
        "uid" : "a878e0c20072a07e",
        "reportUrl" : "https://jagadeeshshetty.github.io/SeleniumMaven/29//#testresult/a878e0c20072a07e",
        "status" : "passed",
        "time" : {
          "start" : 1616923343148,
          "stop" : 1616923343149,
          "duration" : 1
        }
      }, {
        "uid" : "92b77ef0b0a9bb87",
        "reportUrl" : "https://jagadeeshshetty.github.io/SeleniumMaven/29//#testresult/92b77ef0b0a9bb87",
        "status" : "passed",
        "time" : {
          "start" : 1616922722123,
          "stop" : 1616922722123,
          "duration" : 0
        }
      }, {
        "uid" : "ea774f3d5a885558",
        "reportUrl" : "https://jagadeeshshetty.github.io/SeleniumMaven/29//#testresult/ea774f3d5a885558",
        "status" : "passed",
        "time" : {
          "start" : 1616922426516,
          "stop" : 1616922426517,
          "duration" : 1
        }
      }, {
        "uid" : "eb09648c145fe66e",
        "reportUrl" : "https://jagadeeshshetty.github.io/SeleniumMaven/28//#testresult/eb09648c145fe66e",
        "status" : "passed",
        "time" : {
          "start" : 1616919374770,
          "stop" : 1616919374770,
          "duration" : 0
        }
      }, {
        "uid" : "6580d441c13fdf52",
        "reportUrl" : "https://jagadeeshshetty.github.io/SeleniumMaven/27//#testresult/6580d441c13fdf52",
        "status" : "passed",
        "time" : {
          "start" : 1616918972961,
          "stop" : 1616918972966,
          "duration" : 5
        }
      }, {
        "uid" : "a6377ec3cd643109",
        "reportUrl" : "https://jagadeeshshetty.github.io/SeleniumMaven/26//#testresult/a6377ec3cd643109",
        "status" : "failed",
        "statusDetails" : "expected [true] but found [false]",
        "time" : {
          "start" : 1616916383843,
          "stop" : 1616916383933,
          "duration" : 90
        }
      }, {
        "uid" : "86a1f6ce7056a4bd",
        "reportUrl" : "https://jagadeeshshetty.github.io/SeleniumMaven/25//#testresult/86a1f6ce7056a4bd",
        "status" : "failed",
        "statusDetails" : "expected [true] but found [false]",
        "time" : {
          "start" : 1616915981922,
          "stop" : 1616915982024,
          "duration" : 102
        }
      }, {
        "uid" : "4e0e8091c4de8e9b",
        "reportUrl" : "https://jagadeeshshetty.github.io/SeleniumMaven/24//#testresult/4e0e8091c4de8e9b",
        "status" : "failed",
        "statusDetails" : "expected [true] but found [false]",
        "time" : {
          "start" : 1616915799702,
          "stop" : 1616915799805,
          "duration" : 103
        }
      } ]
    },
    "tags" : [ ]
  },
  "source" : "98a31db6fa9140d9.json",
  "parameterValues" : [ ]
}