{
  "uid" : "f95fc31331a6dc58",
  "name" : "testThreeExpectedFailure",
  "fullName" : "test.java.tests.theInternet.parallel.TestThree.testThreeExpectedFailure",
  "historyId" : "cad436207142227918581ae7912911d3",
  "time" : {
    "start" : 1635766776501,
    "stop" : 1635766777102,
    "duration" : 601
  },
  "description" : "Verify the successful login with valid username and password.",
  "descriptionHtml" : "<p>Verify the successful login with valid username and password.</p>\n",
  "status" : "failed",
  "statusMessage" : "success message not present expected [false] but found [true]",
  "statusTrace" : "java.lang.AssertionError: success message not present expected [false] but found [true]\n\tat org.testng.Assert.fail(Assert.java:99)\n\tat org.testng.Assert.failNotEquals(Assert.java:1037)\n\tat org.testng.Assert.assertFalse(Assert.java:67)\n\tat test.java.tests.theInternet.parallel.TestThree.testThreeExpectedFailure(TestThree.java:77)\n\tat java.base/jdk.internal.reflect.NativeMethodAccessorImpl.invoke0(Native Method)\n\tat java.base/jdk.internal.reflect.NativeMethodAccessorImpl.invoke(NativeMethodAccessorImpl.java:77)\n\tat java.base/jdk.internal.reflect.DelegatingMethodAccessorImpl.invoke(DelegatingMethodAccessorImpl.java:43)\n\tat java.base/java.lang.reflect.Method.invoke(Method.java:568)\n\tat org.testng.internal.MethodInvocationHelper.invokeMethod(MethodInvocationHelper.java:133)\n\tat org.testng.internal.TestInvoker.invokeMethod(TestInvoker.java:598)\n\tat org.testng.internal.TestInvoker.retryFailed(TestInvoker.java:213)\n\tat org.testng.internal.MethodRunner.runInSequence(MethodRunner.java:58)\n\tat org.testng.internal.TestInvoker$MethodInvocationAgent.invoke(TestInvoker.java:824)\n\tat org.testng.internal.TestInvoker.invokeTestMethods(TestInvoker.java:146)\n\tat org.testng.internal.TestMethodWorker.invokeTestMethods(TestMethodWorker.java:146)\n\tat org.testng.internal.TestMethodWorker.run(TestMethodWorker.java:128)\n\tat java.base/java.util.concurrent.ThreadPoolExecutor.runWorker(ThreadPoolExecutor.java:1136)\n\tat java.base/java.util.concurrent.ThreadPoolExecutor$Worker.run(ThreadPoolExecutor.java:635)\n\tat java.base/java.lang.Thread.run(Thread.java:833)\n",
  "flaky" : false,
  "newFailed" : false,
  "beforeStages" : [ {
    "name" : "setup",
    "time" : {
      "start" : 1635766776333,
      "stop" : 1635766776500,
      "duration" : 167
    },
    "description" : "",
    "status" : "passed",
    "steps" : [ {
      "name" : "Start time: 1 Nov 2021 11:39:36",
      "time" : {
        "start" : 1635766776333,
        "stop" : 1635766776333,
        "duration" : 0
      },
      "status" : "passed",
      "steps" : [ ],
      "attachments" : [ ],
      "parameters" : [ ],
      "stepsCount" : 0,
      "attachmentsCount" : 0,
      "shouldDisplayMessage" : false,
      "hasContent" : false
    }, {
      "name" : "Running Test on 'Linux' OS.",
      "time" : {
        "start" : 1635766776333,
        "stop" : 1635766776333,
        "duration" : 0
      },
      "status" : "passed",
      "steps" : [ ],
      "attachments" : [ ],
      "parameters" : [ ],
      "stepsCount" : 0,
      "attachmentsCount" : 0,
      "shouldDisplayMessage" : false,
      "hasContent" : false
    }, {
      "name" : "Browser: CHROMEHEADLESS",
      "time" : {
        "start" : 1635766776333,
        "stop" : 1635766776333,
        "duration" : 0
      },
      "status" : "passed",
      "steps" : [ ],
      "attachments" : [ ],
      "parameters" : [ ],
      "stepsCount" : 0,
      "attachmentsCount" : 0,
      "shouldDisplayMessage" : false,
      "hasContent" : false
    }, {
      "name" : "Driver instance: ChromeDriver: chrome on LINUX (96485ee3b4fa54bbf3ccc2bc7fca9ef9)",
      "time" : {
        "start" : 1635766776492,
        "stop" : 1635766776492,
        "duration" : 0
      },
      "status" : "passed",
      "steps" : [ ],
      "attachments" : [ ],
      "parameters" : [ ],
      "stepsCount" : 0,
      "attachmentsCount" : 0,
      "shouldDisplayMessage" : false,
      "hasContent" : false
    } ],
    "attachments" : [ ],
    "parameters" : [ ],
    "stepsCount" : 4,
    "attachmentsCount" : 0,
    "shouldDisplayMessage" : false,
    "hasContent" : true
  } ],
  "testStage" : {
    "description" : "Verify the successful login with valid username and password.",
    "status" : "failed",
    "statusMessage" : "success message not present expected [false] but found [true]",
    "statusTrace" : "java.lang.AssertionError: success message not present expected [false] but found [true]\n\tat org.testng.Assert.fail(Assert.java:99)\n\tat org.testng.Assert.failNotEquals(Assert.java:1037)\n\tat org.testng.Assert.assertFalse(Assert.java:67)\n\tat test.java.tests.theInternet.parallel.TestThree.testThreeExpectedFailure(TestThree.java:77)\n\tat java.base/jdk.internal.reflect.NativeMethodAccessorImpl.invoke0(Native Method)\n\tat java.base/jdk.internal.reflect.NativeMethodAccessorImpl.invoke(NativeMethodAccessorImpl.java:77)\n\tat java.base/jdk.internal.reflect.DelegatingMethodAccessorImpl.invoke(DelegatingMethodAccessorImpl.java:43)\n\tat java.base/java.lang.reflect.Method.invoke(Method.java:568)\n\tat org.testng.internal.MethodInvocationHelper.invokeMethod(MethodInvocationHelper.java:133)\n\tat org.testng.internal.TestInvoker.invokeMethod(TestInvoker.java:598)\n\tat org.testng.internal.TestInvoker.retryFailed(TestInvoker.java:213)\n\tat org.testng.internal.MethodRunner.runInSequence(MethodRunner.java:58)\n\tat org.testng.internal.TestInvoker$MethodInvocationAgent.invoke(TestInvoker.java:824)\n\tat org.testng.internal.TestInvoker.invokeTestMethods(TestInvoker.java:146)\n\tat org.testng.internal.TestMethodWorker.invokeTestMethods(TestMethodWorker.java:146)\n\tat org.testng.internal.TestMethodWorker.run(TestMethodWorker.java:128)\n\tat java.base/java.util.concurrent.ThreadPoolExecutor.runWorker(ThreadPoolExecutor.java:1136)\n\tat java.base/java.util.concurrent.ThreadPoolExecutor$Worker.run(ThreadPoolExecutor.java:635)\n\tat java.base/java.lang.Thread.run(Thread.java:833)\n",
    "steps" : [ {
      "name" : "Access http://the-internet.herokuapp.com/login URL.",
      "time" : {
        "start" : 1635766776502,
        "stop" : 1635766776502,
        "duration" : 0
      },
      "status" : "passed",
      "steps" : [ ],
      "attachments" : [ ],
      "parameters" : [ ],
      "stepsCount" : 0,
      "attachmentsCount" : 0,
      "shouldDisplayMessage" : false,
      "hasContent" : false
    }, {
      "name" : "Verify login form present or not.",
      "time" : {
        "start" : 1635766776667,
        "stop" : 1635766776667,
        "duration" : 0
      },
      "status" : "passed",
      "steps" : [ ],
      "attachments" : [ ],
      "parameters" : [ ],
      "stepsCount" : 0,
      "attachmentsCount" : 0,
      "shouldDisplayMessage" : false,
      "hasContent" : false
    }, {
      "name" : "1. Login with valid username and password.",
      "time" : {
        "start" : 1635766776707,
        "stop" : 1635766776707,
        "duration" : 0
      },
      "status" : "passed",
      "steps" : [ ],
      "attachments" : [ ],
      "parameters" : [ ],
      "stepsCount" : 0,
      "attachmentsCount" : 0,
      "shouldDisplayMessage" : false,
      "hasContent" : false
    }, {
      "name" : "Enter tomsmith username",
      "time" : {
        "start" : 1635766776707,
        "stop" : 1635766776707,
        "duration" : 0
      },
      "status" : "passed",
      "steps" : [ ],
      "attachments" : [ ],
      "parameters" : [ ],
      "stepsCount" : 0,
      "attachmentsCount" : 0,
      "shouldDisplayMessage" : false,
      "hasContent" : false
    }, {
      "name" : "Enter SuperSecretPassword! password",
      "time" : {
        "start" : 1635766776774,
        "stop" : 1635766776774,
        "duration" : 0
      },
      "status" : "passed",
      "steps" : [ ],
      "attachments" : [ ],
      "parameters" : [ ],
      "stepsCount" : 0,
      "attachmentsCount" : 0,
      "shouldDisplayMessage" : false,
      "hasContent" : false
    }, {
      "name" : "Click on Submit button",
      "time" : {
        "start" : 1635766776847,
        "stop" : 1635766776847,
        "duration" : 0
      },
      "status" : "passed",
      "steps" : [ ],
      "attachments" : [ ],
      "parameters" : [ ],
      "stepsCount" : 0,
      "attachmentsCount" : 0,
      "shouldDisplayMessage" : false,
      "hasContent" : false
    }, {
      "name" : "2. Verify success message present",
      "time" : {
        "start" : 1635766776998,
        "stop" : 1635766776998,
        "duration" : 0
      },
      "status" : "passed",
      "steps" : [ ],
      "attachments" : [ ],
      "parameters" : [ ],
      "stepsCount" : 0,
      "attachmentsCount" : 0,
      "shouldDisplayMessage" : false,
      "hasContent" : false
    }, {
      "name" : "Verify success message present or not.",
      "time" : {
        "start" : 1635766776998,
        "stop" : 1635766776998,
        "duration" : 0
      },
      "status" : "passed",
      "steps" : [ ],
      "attachments" : [ ],
      "parameters" : [ ],
      "stepsCount" : 0,
      "attachmentsCount" : 0,
      "shouldDisplayMessage" : false,
      "hasContent" : false
    } ],
    "attachments" : [ {
      "uid" : "bcf60d4bcac263cf",
      "name" : "saveFailureScreenshot",
      "source" : "bcf60d4bcac263cf.png",
      "type" : "image/png",
      "size" : 38519
    }, {
      "uid" : "50765e33bf3102f",
      "name" : "testThreeExpectedFailure failed and screenshot taken!",
      "source" : "50765e33bf3102f.txt",
      "type" : "text/plain",
      "size" : 53
    } ],
    "parameters" : [ ],
    "stepsCount" : 8,
    "attachmentsCount" : 2,
    "shouldDisplayMessage" : true,
    "hasContent" : true
  },
  "afterStages" : [ {
    "name" : "teardown",
    "time" : {
      "start" : 1635766777104,
      "stop" : 1635766777169,
      "duration" : 65
    },
    "description" : "",
    "status" : "passed",
    "steps" : [ {
      "name" : "Cleaning up driver instance: ChromeDriver: chrome on LINUX (96485ee3b4fa54bbf3ccc2bc7fca9ef9)",
      "time" : {
        "start" : 1635766777104,
        "stop" : 1635766777104,
        "duration" : 0
      },
      "status" : "passed",
      "steps" : [ ],
      "attachments" : [ ],
      "parameters" : [ ],
      "stepsCount" : 0,
      "attachmentsCount" : 0,
      "shouldDisplayMessage" : false,
      "hasContent" : false
    }, {
      "name" : "Complete time: 1 Nov 2021 11:39:37",
      "time" : {
        "start" : 1635766777169,
        "stop" : 1635766777169,
        "duration" : 0
      },
      "status" : "passed",
      "steps" : [ ],
      "attachments" : [ ],
      "parameters" : [ ],
      "stepsCount" : 0,
      "attachmentsCount" : 0,
      "shouldDisplayMessage" : false,
      "hasContent" : false
    } ],
    "attachments" : [ ],
    "parameters" : [ ],
    "stepsCount" : 2,
    "attachmentsCount" : 0,
    "shouldDisplayMessage" : false,
    "hasContent" : true
  } ],
  "labels" : [ {
    "name" : "package",
    "value" : "test.java.tests.theInternet.parallel.TestThree"
  }, {
    "name" : "testClass",
    "value" : "test.java.tests.theInternet.parallel.TestThree"
  }, {
    "name" : "testMethod",
    "value" : "testThreeExpectedFailure"
  }, {
    "name" : "parentSuite",
    "value" : "Suite - Parallel Execution"
  }, {
    "name" : "suite",
    "value" : "Test Parallel Execution"
  }, {
    "name" : "subSuite",
    "value" : "test.java.tests.theInternet.parallel.TestThree"
  }, {
    "name" : "host",
    "value" : "fv-az127-985"
  }, {
    "name" : "thread",
    "value" : "3189@fv-az127-985.TestNG-test=Test Parallel Execution-12(123)"
  }, {
    "name" : "framework",
    "value" : "testng"
  }, {
    "name" : "language",
    "value" : "java"
  }, {
    "name" : "severity",
    "value" : "blocker"
  }, {
    "name" : "resultFormat",
    "value" : "allure2"
  } ],
  "parameters" : [ ],
  "links" : [ ],
  "hidden" : false,
  "retry" : false,
  "extra" : {
    "severity" : "blocker",
    "retries" : [ {
      "uid" : "64730958f1bf2b89",
      "status" : "skipped",
      "statusDetails" : "success message not present expected [false] but found [true]",
      "time" : {
        "start" : 1635766775765,
        "stop" : 1635766776259,
        "duration" : 494
      }
    }, {
      "uid" : "bc016bf4eefe4510",
      "status" : "skipped",
      "statusDetails" : "success message not present expected [false] but found [true]",
      "time" : {
        "start" : 1635766774355,
        "stop" : 1635766775518,
        "duration" : 1163
      }
    } ],
    "categories" : [ {
      "name" : "Product defects",
      "matchedStatuses" : [ ],
      "flaky" : false
    } ],
    "history" : {
      "statistic" : {
        "failed" : 41,
        "broken" : 0,
        "skipped" : 1,
        "passed" : 0,
        "unknown" : 0,
        "total" : 42
      },
      "items" : [ {
        "uid" : "ac834d03c3fe7099",
        "reportUrl" : "https://jagadeeshshetty.github.io/SeleniumMaven/48//#testresult/ac834d03c3fe7099",
        "status" : "failed",
        "statusDetails" : "success message not present expected [false] but found [true]",
        "time" : {
          "start" : 1635765697938,
          "stop" : 1635765698608,
          "duration" : 670
        }
      }, {
        "uid" : "c4eb0cb0f4adfa89",
        "reportUrl" : "https://jagadeeshshetty.github.io/SeleniumMaven/47//#testresult/c4eb0cb0f4adfa89",
        "status" : "failed",
        "statusDetails" : "success message not present expected [false] but found [true]",
        "time" : {
          "start" : 1634460321606,
          "stop" : 1634460322168,
          "duration" : 562
        }
      }, {
        "uid" : "268e9d92e8ecf622",
        "reportUrl" : "https://jagadeeshshetty.github.io/SeleniumMaven/47//#testresult/268e9d92e8ecf622",
        "status" : "failed",
        "statusDetails" : "success message not present expected [false] but found [true]",
        "time" : {
          "start" : 1634459937900,
          "stop" : 1634459938914,
          "duration" : 1014
        }
      }, {
        "uid" : "74be7d8cc1cc339",
        "reportUrl" : "https://jagadeeshshetty.github.io/SeleniumMaven/46//#testresult/74be7d8cc1cc339",
        "status" : "failed",
        "statusDetails" : "success message not present expected [false] but found [true]",
        "time" : {
          "start" : 1634459760551,
          "stop" : 1634459761137,
          "duration" : 586
        }
      }, {
        "uid" : "28f13012cccca126",
        "reportUrl" : "https://jagadeeshshetty.github.io/SeleniumMaven/45//#testresult/28f13012cccca126",
        "status" : "failed",
        "statusDetails" : "success message not present expected [false] but found [true]",
        "time" : {
          "start" : 1634459245870,
          "stop" : 1634459246554,
          "duration" : 684
        }
      }, {
        "uid" : "67b6aa20d5c3d48",
        "reportUrl" : "https://jagadeeshshetty.github.io/SeleniumMaven/44//#testresult/67b6aa20d5c3d48",
        "status" : "failed",
        "statusDetails" : "success message not present expected [false] but found [true]",
        "time" : {
          "start" : 1634459126519,
          "stop" : 1634459128029,
          "duration" : 1510
        }
      }, {
        "uid" : "2d1e1490604e19e0",
        "reportUrl" : "https://jagadeeshshetty.github.io/SeleniumMaven/43//#testresult/2d1e1490604e19e0",
        "status" : "failed",
        "statusDetails" : "success message not present expected [false] but found [true]",
        "time" : {
          "start" : 1634440456157,
          "stop" : 1634440457700,
          "duration" : 1543
        }
      }, {
        "uid" : "ca30d3dff118ae82",
        "reportUrl" : "https://jagadeeshshetty.github.io/SeleniumMaven/42//#testresult/ca30d3dff118ae82",
        "status" : "skipped",
        "statusDetails" : "org/apache/commons/io/IOUtils",
        "time" : {
          "start" : 1634438932693,
          "stop" : 1634438932693,
          "duration" : 0
        }
      }, {
        "uid" : "31450d45db696c49",
        "reportUrl" : "https://jagadeeshshetty.github.io/SeleniumMaven/41//#testresult/31450d45db696c49",
        "status" : "failed",
        "statusDetails" : "success message not present expected [false] but found [true]",
        "time" : {
          "start" : 1632593624919,
          "stop" : 1632593625623,
          "duration" : 704
        }
      }, {
        "uid" : "76255a2ae87d90f8",
        "reportUrl" : "https://jagadeeshshetty.github.io/SeleniumMaven/40//#testresult/76255a2ae87d90f8",
        "status" : "failed",
        "statusDetails" : "success message not present expected [false] but found [true]",
        "time" : {
          "start" : 1632201915551,
          "stop" : 1632201916050,
          "duration" : 499
        }
      }, {
        "uid" : "1c38dd49f4cc37",
        "reportUrl" : "https://jagadeeshshetty.github.io/SeleniumMaven/39//#testresult/1c38dd49f4cc37",
        "status" : "failed",
        "statusDetails" : "success message not present expected [false] but found [true]",
        "time" : {
          "start" : 1630765670158,
          "stop" : 1630765671099,
          "duration" : 941
        }
      }, {
        "uid" : "6cffc2be636e34a",
        "reportUrl" : "https://jagadeeshshetty.github.io/SeleniumMaven/38//#testresult/6cffc2be636e34a",
        "status" : "failed",
        "statusDetails" : "success message not present expected [false] but found [true]",
        "time" : {
          "start" : 1630690679153,
          "stop" : 1630690679686,
          "duration" : 533
        }
      }, {
        "uid" : "a3d35f92503704ab",
        "reportUrl" : "https://jagadeeshshetty.github.io/SeleniumMaven/37//#testresult/a3d35f92503704ab",
        "status" : "failed",
        "statusDetails" : "success message not present expected [false] but found [true]",
        "time" : {
          "start" : 1628308286345,
          "stop" : 1628308286996,
          "duration" : 651
        }
      }, {
        "uid" : "ba6d1303ff8330cc",
        "reportUrl" : "https://jagadeeshshetty.github.io/SeleniumMaven/36//#testresult/ba6d1303ff8330cc",
        "status" : "failed",
        "statusDetails" : "success message not present expected [false] but found [true]",
        "time" : {
          "start" : 1628088253044,
          "stop" : 1628088253587,
          "duration" : 543
        }
      }, {
        "uid" : "74a233dc6758a8a7",
        "reportUrl" : "https://jagadeeshshetty.github.io/SeleniumMaven/35//#testresult/74a233dc6758a8a7",
        "status" : "failed",
        "statusDetails" : "success message not present expected [false] but found [true]",
        "time" : {
          "start" : 1627903958901,
          "stop" : 1627903959598,
          "duration" : 697
        }
      }, {
        "uid" : "b5588dd99e6a5223",
        "reportUrl" : "https://jagadeeshshetty.github.io/SeleniumMaven/34//#testresult/b5588dd99e6a5223",
        "status" : "failed",
        "statusDetails" : "success message not present expected [false] but found [true]",
        "time" : {
          "start" : 1626619973469,
          "stop" : 1626619973994,
          "duration" : 525
        }
      }, {
        "uid" : "235f4e660bcf02a5",
        "reportUrl" : "https://jagadeeshshetty.github.io/SeleniumMaven/33//#testresult/235f4e660bcf02a5",
        "status" : "failed",
        "statusDetails" : "success message not present expected [false] but found [true]",
        "time" : {
          "start" : 1626063000348,
          "stop" : 1626063000985,
          "duration" : 637
        }
      }, {
        "uid" : "7143012a20948d82",
        "reportUrl" : "https://jagadeeshshetty.github.io/SeleniumMaven/32//#testresult/7143012a20948d82",
        "status" : "failed",
        "statusDetails" : "success message not present expected [false] but found [true]",
        "time" : {
          "start" : 1623745424567,
          "stop" : 1623745425209,
          "duration" : 642
        }
      }, {
        "uid" : "4e4d1265995dd1c8",
        "reportUrl" : "https://jagadeeshshetty.github.io/SeleniumMaven/31//#testresult/4e4d1265995dd1c8",
        "status" : "failed",
        "statusDetails" : "success message not present expected [false] but found [true]",
        "time" : {
          "start" : 1623327107028,
          "stop" : 1623327109249,
          "duration" : 2221
        }
      }, {
        "uid" : "c8af9ae3582c9582",
        "reportUrl" : "https://jagadeeshshetty.github.io/SeleniumMaven/30//#testresult/c8af9ae3582c9582",
        "status" : "failed",
        "statusDetails" : "success message not present expected [false] but found [true]",
        "time" : {
          "start" : 1623123656151,
          "stop" : 1623123658411,
          "duration" : 2260
        }
      } ]
    },
    "tags" : [ ]
  },
  "source" : "f95fc31331a6dc58.json",
  "parameterValues" : [ ]
}