{
  "uid" : "1cd3cf8935030456",
  "name" : "testOneExpectedFailure",
  "fullName" : "test.java.tests.theInternet.parallel.TestOne.testOneExpectedFailure",
  "historyId" : "ab6883056220de6a4dfa4936aa12b217",
  "time" : {
    "start" : 1630690672590,
    "stop" : 1630690673248,
    "duration" : 658
  },
  "description" : "Verify the successful login with valid username and password.",
  "descriptionHtml" : "<p>Verify the successful login with valid username and password.</p>\n",
  "status" : "failed",
  "statusMessage" : "success message not present expected [false] but found [true]",
  "statusTrace" : "java.lang.AssertionError: success message not present expected [false] but found [true]\n\tat org.testng.Assert.fail(Assert.java:99)\n\tat org.testng.Assert.failNotEquals(Assert.java:1037)\n\tat org.testng.Assert.assertFalse(Assert.java:67)\n\tat test.java.tests.theInternet.parallel.TestOne.testOneExpectedFailure(TestOne.java:77)\n\tat java.base/jdk.internal.reflect.NativeMethodAccessorImpl.invoke0(Native Method)\n\tat java.base/jdk.internal.reflect.NativeMethodAccessorImpl.invoke(NativeMethodAccessorImpl.java:62)\n\tat java.base/jdk.internal.reflect.DelegatingMethodAccessorImpl.invoke(DelegatingMethodAccessorImpl.java:43)\n\tat java.base/java.lang.reflect.Method.invoke(Method.java:566)\n\tat org.testng.internal.MethodInvocationHelper.invokeMethod(MethodInvocationHelper.java:132)\n\tat org.testng.internal.TestInvoker.invokeMethod(TestInvoker.java:599)\n\tat org.testng.internal.TestInvoker.retryFailed(TestInvoker.java:214)\n\tat org.testng.internal.MethodRunner.runInSequence(MethodRunner.java:58)\n\tat org.testng.internal.TestInvoker$MethodInvocationAgent.invoke(TestInvoker.java:822)\n\tat org.testng.internal.TestInvoker.invokeTestMethods(TestInvoker.java:147)\n\tat org.testng.internal.TestMethodWorker.invokeTestMethods(TestMethodWorker.java:146)\n\tat org.testng.internal.TestMethodWorker.run(TestMethodWorker.java:128)\n\tat java.base/java.util.concurrent.ThreadPoolExecutor.runWorker(ThreadPoolExecutor.java:1128)\n\tat java.base/java.util.concurrent.ThreadPoolExecutor$Worker.run(ThreadPoolExecutor.java:628)\n\tat java.base/java.lang.Thread.run(Thread.java:829)\n",
  "flaky" : false,
  "newFailed" : false,
  "beforeStages" : [ {
    "name" : "setup",
    "time" : {
      "start" : 1630690672420,
      "stop" : 1630690672588,
      "duration" : 168
    },
    "description" : "",
    "status" : "passed",
    "steps" : [ {
      "name" : "Start time: 3 Sep 2021 17:37:52",
      "time" : {
        "start" : 1630690672420,
        "stop" : 1630690672420,
        "duration" : 0
      },
      "status" : "passed",
      "steps" : [ ],
      "attachments" : [ ],
      "parameters" : [ ],
      "stepsCount" : 0,
      "attachmentsCount" : 0,
      "shouldDisplayMessage" : false,
      "hasContent" : false
    }, {
      "name" : "Running Test on 'Linux' OS.",
      "time" : {
        "start" : 1630690672420,
        "stop" : 1630690672420,
        "duration" : 0
      },
      "status" : "passed",
      "steps" : [ ],
      "attachments" : [ ],
      "parameters" : [ ],
      "stepsCount" : 0,
      "attachmentsCount" : 0,
      "shouldDisplayMessage" : false,
      "hasContent" : false
    }, {
      "name" : "Browser: CHROMEHEADLESS",
      "time" : {
        "start" : 1630690672420,
        "stop" : 1630690672420,
        "duration" : 0
      },
      "status" : "passed",
      "steps" : [ ],
      "attachments" : [ ],
      "parameters" : [ ],
      "stepsCount" : 0,
      "attachmentsCount" : 0,
      "shouldDisplayMessage" : false,
      "hasContent" : false
    }, {
      "name" : "Driver instance: ChromeDriver: chrome on LINUX (c346d9587fbd74d0168a64f95b5316f3)",
      "time" : {
        "start" : 1630690672586,
        "stop" : 1630690672586,
        "duration" : 0
      },
      "status" : "passed",
      "steps" : [ ],
      "attachments" : [ ],
      "parameters" : [ ],
      "stepsCount" : 0,
      "attachmentsCount" : 0,
      "shouldDisplayMessage" : false,
      "hasContent" : false
    } ],
    "attachments" : [ ],
    "parameters" : [ ],
    "stepsCount" : 4,
    "attachmentsCount" : 0,
    "shouldDisplayMessage" : false,
    "hasContent" : true
  } ],
  "testStage" : {
    "description" : "Verify the successful login with valid username and password.",
    "status" : "failed",
    "statusMessage" : "success message not present expected [false] but found [true]",
    "statusTrace" : "java.lang.AssertionError: success message not present expected [false] but found [true]\n\tat org.testng.Assert.fail(Assert.java:99)\n\tat org.testng.Assert.failNotEquals(Assert.java:1037)\n\tat org.testng.Assert.assertFalse(Assert.java:67)\n\tat test.java.tests.theInternet.parallel.TestOne.testOneExpectedFailure(TestOne.java:77)\n\tat java.base/jdk.internal.reflect.NativeMethodAccessorImpl.invoke0(Native Method)\n\tat java.base/jdk.internal.reflect.NativeMethodAccessorImpl.invoke(NativeMethodAccessorImpl.java:62)\n\tat java.base/jdk.internal.reflect.DelegatingMethodAccessorImpl.invoke(DelegatingMethodAccessorImpl.java:43)\n\tat java.base/java.lang.reflect.Method.invoke(Method.java:566)\n\tat org.testng.internal.MethodInvocationHelper.invokeMethod(MethodInvocationHelper.java:132)\n\tat org.testng.internal.TestInvoker.invokeMethod(TestInvoker.java:599)\n\tat org.testng.internal.TestInvoker.retryFailed(TestInvoker.java:214)\n\tat org.testng.internal.MethodRunner.runInSequence(MethodRunner.java:58)\n\tat org.testng.internal.TestInvoker$MethodInvocationAgent.invoke(TestInvoker.java:822)\n\tat org.testng.internal.TestInvoker.invokeTestMethods(TestInvoker.java:147)\n\tat org.testng.internal.TestMethodWorker.invokeTestMethods(TestMethodWorker.java:146)\n\tat org.testng.internal.TestMethodWorker.run(TestMethodWorker.java:128)\n\tat java.base/java.util.concurrent.ThreadPoolExecutor.runWorker(ThreadPoolExecutor.java:1128)\n\tat java.base/java.util.concurrent.ThreadPoolExecutor$Worker.run(ThreadPoolExecutor.java:628)\n\tat java.base/java.lang.Thread.run(Thread.java:829)\n",
    "steps" : [ {
      "name" : "Access http://the-internet.herokuapp.com/login URL.",
      "time" : {
        "start" : 1630690672590,
        "stop" : 1630690672590,
        "duration" : 0
      },
      "status" : "passed",
      "steps" : [ ],
      "attachments" : [ ],
      "parameters" : [ ],
      "stepsCount" : 0,
      "attachmentsCount" : 0,
      "shouldDisplayMessage" : false,
      "hasContent" : false
    }, {
      "name" : "Verify login form present or not.",
      "time" : {
        "start" : 1630690672846,
        "stop" : 1630690672846,
        "duration" : 0
      },
      "status" : "passed",
      "steps" : [ ],
      "attachments" : [ ],
      "parameters" : [ ],
      "stepsCount" : 0,
      "attachmentsCount" : 0,
      "shouldDisplayMessage" : false,
      "hasContent" : false
    }, {
      "name" : "1. Login with valid username and password.",
      "time" : {
        "start" : 1630690672888,
        "stop" : 1630690672888,
        "duration" : 0
      },
      "status" : "passed",
      "steps" : [ ],
      "attachments" : [ ],
      "parameters" : [ ],
      "stepsCount" : 0,
      "attachmentsCount" : 0,
      "shouldDisplayMessage" : false,
      "hasContent" : false
    }, {
      "name" : "Enter tomsmith username",
      "time" : {
        "start" : 1630690672888,
        "stop" : 1630690672888,
        "duration" : 0
      },
      "status" : "passed",
      "steps" : [ ],
      "attachments" : [ ],
      "parameters" : [ ],
      "stepsCount" : 0,
      "attachmentsCount" : 0,
      "shouldDisplayMessage" : false,
      "hasContent" : false
    }, {
      "name" : "Enter SuperSecretPassword! password",
      "time" : {
        "start" : 1630690672939,
        "stop" : 1630690672939,
        "duration" : 0
      },
      "status" : "passed",
      "steps" : [ ],
      "attachments" : [ ],
      "parameters" : [ ],
      "stepsCount" : 0,
      "attachmentsCount" : 0,
      "shouldDisplayMessage" : false,
      "hasContent" : false
    }, {
      "name" : "Click on Submit button",
      "time" : {
        "start" : 1630690673002,
        "stop" : 1630690673002,
        "duration" : 0
      },
      "status" : "passed",
      "steps" : [ ],
      "attachments" : [ ],
      "parameters" : [ ],
      "stepsCount" : 0,
      "attachmentsCount" : 0,
      "shouldDisplayMessage" : false,
      "hasContent" : false
    }, {
      "name" : "2. Verify success message present",
      "time" : {
        "start" : 1630690673120,
        "stop" : 1630690673120,
        "duration" : 0
      },
      "status" : "passed",
      "steps" : [ ],
      "attachments" : [ ],
      "parameters" : [ ],
      "stepsCount" : 0,
      "attachmentsCount" : 0,
      "shouldDisplayMessage" : false,
      "hasContent" : false
    }, {
      "name" : "Verify success message present or not.",
      "time" : {
        "start" : 1630690673120,
        "stop" : 1630690673120,
        "duration" : 0
      },
      "status" : "passed",
      "steps" : [ ],
      "attachments" : [ ],
      "parameters" : [ ],
      "stepsCount" : 0,
      "attachmentsCount" : 0,
      "shouldDisplayMessage" : false,
      "hasContent" : false
    } ],
    "attachments" : [ {
      "uid" : "2f293d541b2661e5",
      "name" : "saveFailureScreenshot",
      "source" : "2f293d541b2661e5.png",
      "type" : "image/png",
      "size" : 38519
    }, {
      "uid" : "9f82d6b6b36c3dba",
      "name" : "testOneExpectedFailure failed and screenshot taken!",
      "source" : "9f82d6b6b36c3dba.txt",
      "type" : "text/plain",
      "size" : 51
    } ],
    "parameters" : [ ],
    "stepsCount" : 8,
    "attachmentsCount" : 2,
    "shouldDisplayMessage" : true,
    "hasContent" : true
  },
  "afterStages" : [ {
    "name" : "teardown",
    "time" : {
      "start" : 1630690673249,
      "stop" : 1630690673317,
      "duration" : 68
    },
    "description" : "",
    "status" : "passed",
    "steps" : [ {
      "name" : "Cleaning up driver instance: ChromeDriver: chrome on LINUX (c346d9587fbd74d0168a64f95b5316f3)",
      "time" : {
        "start" : 1630690673249,
        "stop" : 1630690673249,
        "duration" : 0
      },
      "status" : "passed",
      "steps" : [ ],
      "attachments" : [ ],
      "parameters" : [ ],
      "stepsCount" : 0,
      "attachmentsCount" : 0,
      "shouldDisplayMessage" : false,
      "hasContent" : false
    }, {
      "name" : "Complete time: 3 Sep 2021 17:37:53",
      "time" : {
        "start" : 1630690673316,
        "stop" : 1630690673316,
        "duration" : 0
      },
      "status" : "passed",
      "steps" : [ ],
      "attachments" : [ ],
      "parameters" : [ ],
      "stepsCount" : 0,
      "attachmentsCount" : 0,
      "shouldDisplayMessage" : false,
      "hasContent" : false
    } ],
    "attachments" : [ ],
    "parameters" : [ ],
    "stepsCount" : 2,
    "attachmentsCount" : 0,
    "shouldDisplayMessage" : false,
    "hasContent" : true
  } ],
  "labels" : [ {
    "name" : "package",
    "value" : "test.java.tests.theInternet.parallel.TestOne"
  }, {
    "name" : "testClass",
    "value" : "test.java.tests.theInternet.parallel.TestOne"
  }, {
    "name" : "testMethod",
    "value" : "testOneExpectedFailure"
  }, {
    "name" : "parentSuite",
    "value" : "Suite - Parallel Execution"
  }, {
    "name" : "suite",
    "value" : "Test Parallel Execution"
  }, {
    "name" : "subSuite",
    "value" : "test.java.tests.theInternet.parallel.TestOne"
  }, {
    "name" : "host",
    "value" : "fv-az178-200"
  }, {
    "name" : "thread",
    "value" : "2835@fv-az178-200.TestNG-test=Test Parallel Execution-4(17)"
  }, {
    "name" : "framework",
    "value" : "testng"
  }, {
    "name" : "language",
    "value" : "java"
  }, {
    "name" : "severity",
    "value" : "blocker"
  }, {
    "name" : "resultFormat",
    "value" : "allure2"
  } ],
  "parameters" : [ ],
  "links" : [ ],
  "hidden" : false,
  "retry" : false,
  "extra" : {
    "severity" : "blocker",
    "retries" : [ {
      "uid" : "364795d9a88a492c",
      "status" : "skipped",
      "statusDetails" : "success message not present expected [false] but found [true]",
      "time" : {
        "start" : 1630690671824,
        "stop" : 1630690672348,
        "duration" : 524
      }
    }, {
      "uid" : "4071a9867240e5df",
      "status" : "skipped",
      "statusDetails" : "success message not present expected [false] but found [true]",
      "time" : {
        "start" : 1630690670330,
        "stop" : 1630690671559,
        "duration" : 1229
      }
    } ],
    "categories" : [ {
      "name" : "Product defects",
      "matchedStatuses" : [ ],
      "flaky" : false
    } ],
    "history" : {
      "statistic" : {
        "failed" : 29,
        "broken" : 0,
        "skipped" : 0,
        "passed" : 1,
        "unknown" : 0,
        "total" : 30
      },
      "items" : [ {
        "uid" : "e0d4a4fa8abb06a8",
        "reportUrl" : "https://jagadeeshshetty.github.io/SeleniumMaven/37//#testresult/e0d4a4fa8abb06a8",
        "status" : "failed",
        "statusDetails" : "success message not present expected [false] but found [true]",
        "time" : {
          "start" : 1628308278483,
          "stop" : 1628308279237,
          "duration" : 754
        }
      }, {
        "uid" : "b18b8e7e7803c39a",
        "reportUrl" : "https://jagadeeshshetty.github.io/SeleniumMaven/36//#testresult/b18b8e7e7803c39a",
        "status" : "failed",
        "statusDetails" : "success message not present expected [false] but found [true]",
        "time" : {
          "start" : 1628088246550,
          "stop" : 1628088247175,
          "duration" : 625
        }
      }, {
        "uid" : "d4f5a220dd1c1816",
        "reportUrl" : "https://jagadeeshshetty.github.io/SeleniumMaven/35//#testresult/d4f5a220dd1c1816",
        "status" : "failed",
        "statusDetails" : "success message not present expected [false] but found [true]",
        "time" : {
          "start" : 1627903951772,
          "stop" : 1627903952381,
          "duration" : 609
        }
      }, {
        "uid" : "18028d0cfa4196fe",
        "reportUrl" : "https://jagadeeshshetty.github.io/SeleniumMaven/34//#testresult/18028d0cfa4196fe",
        "status" : "failed",
        "statusDetails" : "success message not present expected [false] but found [true]",
        "time" : {
          "start" : 1626619966867,
          "stop" : 1626619967435,
          "duration" : 568
        }
      }, {
        "uid" : "c90b3c7cf413ddc7",
        "reportUrl" : "https://jagadeeshshetty.github.io/SeleniumMaven/33//#testresult/c90b3c7cf413ddc7",
        "status" : "failed",
        "statusDetails" : "success message not present expected [false] but found [true]",
        "time" : {
          "start" : 1626062992179,
          "stop" : 1626062992886,
          "duration" : 707
        }
      }, {
        "uid" : "b0ab6a5b8f3c58ae",
        "reportUrl" : "https://jagadeeshshetty.github.io/SeleniumMaven/32//#testresult/b0ab6a5b8f3c58ae",
        "status" : "failed",
        "statusDetails" : "success message not present expected [false] but found [true]",
        "time" : {
          "start" : 1623745416062,
          "stop" : 1623745416745,
          "duration" : 683
        }
      }, {
        "uid" : "3c51d159deb2e73d",
        "reportUrl" : "https://jagadeeshshetty.github.io/SeleniumMaven/31//#testresult/3c51d159deb2e73d",
        "status" : "failed",
        "statusDetails" : "success message not present expected [false] but found [true]",
        "time" : {
          "start" : 1623327092973,
          "stop" : 1623327094444,
          "duration" : 1471
        }
      }, {
        "uid" : "df36852e668a200d",
        "reportUrl" : "https://jagadeeshshetty.github.io/SeleniumMaven/30//#testresult/df36852e668a200d",
        "status" : "failed",
        "statusDetails" : "success message not present expected [false] but found [true]",
        "time" : {
          "start" : 1623123641764,
          "stop" : 1623123643355,
          "duration" : 1591
        }
      }, {
        "uid" : "efe8e0d824f190f8",
        "reportUrl" : "https://jagadeeshshetty.github.io/SeleniumMaven/29//#testresult/efe8e0d824f190f8",
        "status" : "failed",
        "statusDetails" : "success message not present expected [false] but found [true]",
        "time" : {
          "start" : 1622343610400,
          "stop" : 1622343611014,
          "duration" : 614
        }
      }, {
        "uid" : "27a11c8316ff39d1",
        "reportUrl" : "https://jagadeeshshetty.github.io/SeleniumMaven/28//#testresult/27a11c8316ff39d1",
        "status" : "failed",
        "statusDetails" : "success message not present expected [false] but found [true]",
        "time" : {
          "start" : 1621268878341,
          "stop" : 1621268879233,
          "duration" : 892
        }
      }, {
        "uid" : "f2c7a57bcbfc22f3",
        "reportUrl" : "https://jagadeeshshetty.github.io/SeleniumMaven/27//#testresult/f2c7a57bcbfc22f3",
        "status" : "failed",
        "statusDetails" : "success message not present expected [false] but found [true]",
        "time" : {
          "start" : 1621252014614,
          "stop" : 1621252015181,
          "duration" : 567
        }
      }, {
        "uid" : "70ac13e31f643285",
        "reportUrl" : "https://jagadeeshshetty.github.io/SeleniumMaven/26//#testresult/70ac13e31f643285",
        "status" : "failed",
        "statusDetails" : "success message not present expected [false] but found [true]",
        "time" : {
          "start" : 1621251089956,
          "stop" : 1621251091447,
          "duration" : 1491
        }
      }, {
        "uid" : "818e72ea30c3fd52",
        "reportUrl" : "https://jagadeeshshetty.github.io/SeleniumMaven/25//#testresult/818e72ea30c3fd52",
        "status" : "failed",
        "statusDetails" : "success message not present expected [false] but found [true]",
        "time" : {
          "start" : 1619446311340,
          "stop" : 1619446313757,
          "duration" : 2417
        }
      }, {
        "uid" : "ad98dd27cb81c15d",
        "reportUrl" : "https://jagadeeshshetty.github.io/SeleniumMaven/24//#testresult/ad98dd27cb81c15d",
        "status" : "failed",
        "statusDetails" : "success message not present expected [false] but found [true]",
        "time" : {
          "start" : 1619362079010,
          "stop" : 1619362080512,
          "duration" : 1502
        }
      }, {
        "uid" : "3f5b9e64a70f737c",
        "reportUrl" : "https://jagadeeshshetty.github.io/SeleniumMaven/23//#testresult/3f5b9e64a70f737c",
        "status" : "failed",
        "statusDetails" : "success message not present expected [false] but found [true]",
        "time" : {
          "start" : 1619350000234,
          "stop" : 1619350000925,
          "duration" : 691
        }
      }, {
        "uid" : "beacadfd20161536",
        "reportUrl" : "https://jagadeeshshetty.github.io/SeleniumMaven/22//#testresult/beacadfd20161536",
        "status" : "failed",
        "statusDetails" : "success message not present expected [false] but found [true]",
        "time" : {
          "start" : 1619337652284,
          "stop" : 1619337653228,
          "duration" : 944
        }
      }, {
        "uid" : "f7d1af92c2a1cd77",
        "reportUrl" : "https://jagadeeshshetty.github.io/SeleniumMaven/21//#testresult/f7d1af92c2a1cd77",
        "status" : "failed",
        "statusDetails" : "success message not present expected [false] but found [true]",
        "time" : {
          "start" : 1619337238188,
          "stop" : 1619337239018,
          "duration" : 830
        }
      }, {
        "uid" : "8f54b74c5f28fe57",
        "reportUrl" : "https://jagadeeshshetty.github.io/SeleniumMaven/20//#testresult/8f54b74c5f28fe57",
        "status" : "failed",
        "statusDetails" : "success message not present expected [false] but found [true]",
        "time" : {
          "start" : 1619326365216,
          "stop" : 1619326365826,
          "duration" : 610
        }
      }, {
        "uid" : "33f40bf3e943b177",
        "reportUrl" : "https://jagadeeshshetty.github.io/SeleniumMaven/19//#testresult/33f40bf3e943b177",
        "status" : "failed",
        "statusDetails" : "success message not present expected [false] but found [true]",
        "time" : {
          "start" : 1619279902729,
          "stop" : 1619279903746,
          "duration" : 1017
        }
      }, {
        "uid" : "e8d0d9b99a574ba1",
        "reportUrl" : "https://jagadeeshshetty.github.io/SeleniumMaven/18//#testresult/e8d0d9b99a574ba1",
        "status" : "failed",
        "statusDetails" : "success message not present expected [false] but found [true]",
        "time" : {
          "start" : 1618154928283,
          "stop" : 1618154929097,
          "duration" : 814
        }
      } ]
    },
    "tags" : [ ]
  },
  "source" : "1cd3cf8935030456.json",
  "parameterValues" : [ ]
}