{
  "uid" : "2f23eddce27175df",
  "name" : "testTwoExpectedFailure",
  "fullName" : "test.java.tests.theInternet.parallel.TestTwo.testTwoExpectedFailure",
  "historyId" : "4efe4554ba541344b9f422311a9a859c",
  "time" : {
    "start" : 1630690676015,
    "stop" : 1630690676571,
    "duration" : 556
  },
  "description" : "Verify the successful login with valid username and password.",
  "descriptionHtml" : "<p>Verify the successful login with valid username and password.</p>\n",
  "status" : "failed",
  "statusMessage" : "success message not present expected [false] but found [true]",
  "statusTrace" : "java.lang.AssertionError: success message not present expected [false] but found [true]\n\tat org.testng.Assert.fail(Assert.java:99)\n\tat org.testng.Assert.failNotEquals(Assert.java:1037)\n\tat org.testng.Assert.assertFalse(Assert.java:67)\n\tat test.java.tests.theInternet.parallel.TestTwo.testTwoExpectedFailure(TestTwo.java:77)\n\tat java.base/jdk.internal.reflect.NativeMethodAccessorImpl.invoke0(Native Method)\n\tat java.base/jdk.internal.reflect.NativeMethodAccessorImpl.invoke(NativeMethodAccessorImpl.java:62)\n\tat java.base/jdk.internal.reflect.DelegatingMethodAccessorImpl.invoke(DelegatingMethodAccessorImpl.java:43)\n\tat java.base/java.lang.reflect.Method.invoke(Method.java:566)\n\tat org.testng.internal.MethodInvocationHelper.invokeMethod(MethodInvocationHelper.java:132)\n\tat org.testng.internal.TestInvoker.invokeMethod(TestInvoker.java:599)\n\tat org.testng.internal.TestInvoker.retryFailed(TestInvoker.java:214)\n\tat org.testng.internal.MethodRunner.runInSequence(MethodRunner.java:58)\n\tat org.testng.internal.TestInvoker$MethodInvocationAgent.invoke(TestInvoker.java:822)\n\tat org.testng.internal.TestInvoker.invokeTestMethods(TestInvoker.java:147)\n\tat org.testng.internal.TestMethodWorker.invokeTestMethods(TestMethodWorker.java:146)\n\tat org.testng.internal.TestMethodWorker.run(TestMethodWorker.java:128)\n\tat java.base/java.util.concurrent.ThreadPoolExecutor.runWorker(ThreadPoolExecutor.java:1128)\n\tat java.base/java.util.concurrent.ThreadPoolExecutor$Worker.run(ThreadPoolExecutor.java:628)\n\tat java.base/java.lang.Thread.run(Thread.java:829)\n",
  "flaky" : false,
  "newFailed" : false,
  "beforeStages" : [ {
    "name" : "setup",
    "time" : {
      "start" : 1630690675829,
      "stop" : 1630690676013,
      "duration" : 184
    },
    "description" : "",
    "status" : "passed",
    "steps" : [ {
      "name" : "Start time: 3 Sep 2021 17:37:55",
      "time" : {
        "start" : 1630690675829,
        "stop" : 1630690675829,
        "duration" : 0
      },
      "status" : "passed",
      "steps" : [ ],
      "attachments" : [ ],
      "parameters" : [ ],
      "stepsCount" : 0,
      "attachmentsCount" : 0,
      "shouldDisplayMessage" : false,
      "hasContent" : false
    }, {
      "name" : "Running Test on 'Linux' OS.",
      "time" : {
        "start" : 1630690675829,
        "stop" : 1630690675829,
        "duration" : 0
      },
      "status" : "passed",
      "steps" : [ ],
      "attachments" : [ ],
      "parameters" : [ ],
      "stepsCount" : 0,
      "attachmentsCount" : 0,
      "shouldDisplayMessage" : false,
      "hasContent" : false
    }, {
      "name" : "Browser: CHROMEHEADLESS",
      "time" : {
        "start" : 1630690675829,
        "stop" : 1630690675829,
        "duration" : 0
      },
      "status" : "passed",
      "steps" : [ ],
      "attachments" : [ ],
      "parameters" : [ ],
      "stepsCount" : 0,
      "attachmentsCount" : 0,
      "shouldDisplayMessage" : false,
      "hasContent" : false
    }, {
      "name" : "Driver instance: ChromeDriver: chrome on LINUX (2e0bfd52e05fa0ca8de22bb7c012164a)",
      "time" : {
        "start" : 1630690676008,
        "stop" : 1630690676008,
        "duration" : 0
      },
      "status" : "passed",
      "steps" : [ ],
      "attachments" : [ ],
      "parameters" : [ ],
      "stepsCount" : 0,
      "attachmentsCount" : 0,
      "shouldDisplayMessage" : false,
      "hasContent" : false
    } ],
    "attachments" : [ ],
    "parameters" : [ ],
    "stepsCount" : 4,
    "attachmentsCount" : 0,
    "shouldDisplayMessage" : false,
    "hasContent" : true
  } ],
  "testStage" : {
    "description" : "Verify the successful login with valid username and password.",
    "status" : "failed",
    "statusMessage" : "success message not present expected [false] but found [true]",
    "statusTrace" : "java.lang.AssertionError: success message not present expected [false] but found [true]\n\tat org.testng.Assert.fail(Assert.java:99)\n\tat org.testng.Assert.failNotEquals(Assert.java:1037)\n\tat org.testng.Assert.assertFalse(Assert.java:67)\n\tat test.java.tests.theInternet.parallel.TestTwo.testTwoExpectedFailure(TestTwo.java:77)\n\tat java.base/jdk.internal.reflect.NativeMethodAccessorImpl.invoke0(Native Method)\n\tat java.base/jdk.internal.reflect.NativeMethodAccessorImpl.invoke(NativeMethodAccessorImpl.java:62)\n\tat java.base/jdk.internal.reflect.DelegatingMethodAccessorImpl.invoke(DelegatingMethodAccessorImpl.java:43)\n\tat java.base/java.lang.reflect.Method.invoke(Method.java:566)\n\tat org.testng.internal.MethodInvocationHelper.invokeMethod(MethodInvocationHelper.java:132)\n\tat org.testng.internal.TestInvoker.invokeMethod(TestInvoker.java:599)\n\tat org.testng.internal.TestInvoker.retryFailed(TestInvoker.java:214)\n\tat org.testng.internal.MethodRunner.runInSequence(MethodRunner.java:58)\n\tat org.testng.internal.TestInvoker$MethodInvocationAgent.invoke(TestInvoker.java:822)\n\tat org.testng.internal.TestInvoker.invokeTestMethods(TestInvoker.java:147)\n\tat org.testng.internal.TestMethodWorker.invokeTestMethods(TestMethodWorker.java:146)\n\tat org.testng.internal.TestMethodWorker.run(TestMethodWorker.java:128)\n\tat java.base/java.util.concurrent.ThreadPoolExecutor.runWorker(ThreadPoolExecutor.java:1128)\n\tat java.base/java.util.concurrent.ThreadPoolExecutor$Worker.run(ThreadPoolExecutor.java:628)\n\tat java.base/java.lang.Thread.run(Thread.java:829)\n",
    "steps" : [ {
      "name" : "Access http://the-internet.herokuapp.com/login URL.",
      "time" : {
        "start" : 1630690676015,
        "stop" : 1630690676015,
        "duration" : 0
      },
      "status" : "passed",
      "steps" : [ ],
      "attachments" : [ ],
      "parameters" : [ ],
      "stepsCount" : 0,
      "attachmentsCount" : 0,
      "shouldDisplayMessage" : false,
      "hasContent" : false
    }, {
      "name" : "Verify login form present or not.",
      "time" : {
        "start" : 1630690676203,
        "stop" : 1630690676203,
        "duration" : 0
      },
      "status" : "passed",
      "steps" : [ ],
      "attachments" : [ ],
      "parameters" : [ ],
      "stepsCount" : 0,
      "attachmentsCount" : 0,
      "shouldDisplayMessage" : false,
      "hasContent" : false
    }, {
      "name" : "1. Login with valid username and password.",
      "time" : {
        "start" : 1630690676239,
        "stop" : 1630690676240,
        "duration" : 1
      },
      "status" : "passed",
      "steps" : [ ],
      "attachments" : [ ],
      "parameters" : [ ],
      "stepsCount" : 0,
      "attachmentsCount" : 0,
      "shouldDisplayMessage" : false,
      "hasContent" : false
    }, {
      "name" : "Enter tomsmith username",
      "time" : {
        "start" : 1630690676240,
        "stop" : 1630690676240,
        "duration" : 0
      },
      "status" : "passed",
      "steps" : [ ],
      "attachments" : [ ],
      "parameters" : [ ],
      "stepsCount" : 0,
      "attachmentsCount" : 0,
      "shouldDisplayMessage" : false,
      "hasContent" : false
    }, {
      "name" : "Enter SuperSecretPassword! password",
      "time" : {
        "start" : 1630690676290,
        "stop" : 1630690676290,
        "duration" : 0
      },
      "status" : "passed",
      "steps" : [ ],
      "attachments" : [ ],
      "parameters" : [ ],
      "stepsCount" : 0,
      "attachmentsCount" : 0,
      "shouldDisplayMessage" : false,
      "hasContent" : false
    }, {
      "name" : "Click on Submit button",
      "time" : {
        "start" : 1630690676351,
        "stop" : 1630690676351,
        "duration" : 0
      },
      "status" : "passed",
      "steps" : [ ],
      "attachments" : [ ],
      "parameters" : [ ],
      "stepsCount" : 0,
      "attachmentsCount" : 0,
      "shouldDisplayMessage" : false,
      "hasContent" : false
    }, {
      "name" : "2. Verify success message present",
      "time" : {
        "start" : 1630690676476,
        "stop" : 1630690676476,
        "duration" : 0
      },
      "status" : "passed",
      "steps" : [ ],
      "attachments" : [ ],
      "parameters" : [ ],
      "stepsCount" : 0,
      "attachmentsCount" : 0,
      "shouldDisplayMessage" : false,
      "hasContent" : false
    }, {
      "name" : "Verify success message present or not.",
      "time" : {
        "start" : 1630690676476,
        "stop" : 1630690676476,
        "duration" : 0
      },
      "status" : "passed",
      "steps" : [ ],
      "attachments" : [ ],
      "parameters" : [ ],
      "stepsCount" : 0,
      "attachmentsCount" : 0,
      "shouldDisplayMessage" : false,
      "hasContent" : false
    } ],
    "attachments" : [ {
      "uid" : "da878700cd48992b",
      "name" : "saveFailureScreenshot",
      "source" : "da878700cd48992b.png",
      "type" : "image/png",
      "size" : 38519
    }, {
      "uid" : "7b14ff17b3b096cf",
      "name" : "testTwoExpectedFailure failed and screenshot taken!",
      "source" : "7b14ff17b3b096cf.txt",
      "type" : "text/plain",
      "size" : 51
    } ],
    "parameters" : [ ],
    "stepsCount" : 8,
    "attachmentsCount" : 2,
    "shouldDisplayMessage" : true,
    "hasContent" : true
  },
  "afterStages" : [ {
    "name" : "teardown",
    "time" : {
      "start" : 1630690676572,
      "stop" : 1630690676640,
      "duration" : 68
    },
    "description" : "",
    "status" : "passed",
    "steps" : [ {
      "name" : "Cleaning up driver instance: ChromeDriver: chrome on LINUX (2e0bfd52e05fa0ca8de22bb7c012164a)",
      "time" : {
        "start" : 1630690676572,
        "stop" : 1630690676572,
        "duration" : 0
      },
      "status" : "passed",
      "steps" : [ ],
      "attachments" : [ ],
      "parameters" : [ ],
      "stepsCount" : 0,
      "attachmentsCount" : 0,
      "shouldDisplayMessage" : false,
      "hasContent" : false
    }, {
      "name" : "Complete time: 3 Sep 2021 17:37:56",
      "time" : {
        "start" : 1630690676640,
        "stop" : 1630690676640,
        "duration" : 0
      },
      "status" : "passed",
      "steps" : [ ],
      "attachments" : [ ],
      "parameters" : [ ],
      "stepsCount" : 0,
      "attachmentsCount" : 0,
      "shouldDisplayMessage" : false,
      "hasContent" : false
    } ],
    "attachments" : [ ],
    "parameters" : [ ],
    "stepsCount" : 2,
    "attachmentsCount" : 0,
    "shouldDisplayMessage" : false,
    "hasContent" : true
  } ],
  "labels" : [ {
    "name" : "package",
    "value" : "test.java.tests.theInternet.parallel.TestTwo"
  }, {
    "name" : "testClass",
    "value" : "test.java.tests.theInternet.parallel.TestTwo"
  }, {
    "name" : "testMethod",
    "value" : "testTwoExpectedFailure"
  }, {
    "name" : "parentSuite",
    "value" : "Suite - Parallel Execution"
  }, {
    "name" : "suite",
    "value" : "Test Parallel Execution"
  }, {
    "name" : "subSuite",
    "value" : "test.java.tests.theInternet.parallel.TestTwo"
  }, {
    "name" : "host",
    "value" : "fv-az178-200"
  }, {
    "name" : "thread",
    "value" : "2835@fv-az178-200.TestNG-test=Test Parallel Execution-8(81)"
  }, {
    "name" : "framework",
    "value" : "testng"
  }, {
    "name" : "language",
    "value" : "java"
  }, {
    "name" : "severity",
    "value" : "blocker"
  }, {
    "name" : "resultFormat",
    "value" : "allure2"
  } ],
  "parameters" : [ ],
  "links" : [ ],
  "hidden" : false,
  "retry" : false,
  "extra" : {
    "severity" : "blocker",
    "retries" : [ {
      "uid" : "b3c226c96cad3df6",
      "status" : "skipped",
      "statusDetails" : "success message not present expected [false] but found [true]",
      "time" : {
        "start" : 1630690675237,
        "stop" : 1630690675755,
        "duration" : 518
      }
    }, {
      "uid" : "d9c449e546f019d2",
      "status" : "skipped",
      "statusDetails" : "success message not present expected [false] but found [true]",
      "time" : {
        "start" : 1630690673933,
        "stop" : 1630690674987,
        "duration" : 1054
      }
    } ],
    "categories" : [ {
      "name" : "Product defects",
      "matchedStatuses" : [ ],
      "flaky" : false
    } ],
    "history" : {
      "statistic" : {
        "failed" : 30,
        "broken" : 0,
        "skipped" : 0,
        "passed" : 0,
        "unknown" : 0,
        "total" : 30
      },
      "items" : [ {
        "uid" : "6e20122279c334dd",
        "reportUrl" : "https://jagadeeshshetty.github.io/SeleniumMaven/37//#testresult/6e20122279c334dd",
        "status" : "failed",
        "statusDetails" : "success message not present expected [false] but found [true]",
        "time" : {
          "start" : 1628308282358,
          "stop" : 1628308283024,
          "duration" : 666
        }
      }, {
        "uid" : "a307711f80b8c09c",
        "reportUrl" : "https://jagadeeshshetty.github.io/SeleniumMaven/36//#testresult/a307711f80b8c09c",
        "status" : "failed",
        "statusDetails" : "success message not present expected [false] but found [true]",
        "time" : {
          "start" : 1628088249981,
          "stop" : 1628088250523,
          "duration" : 542
        }
      }, {
        "uid" : "7ca523a812ecb812",
        "reportUrl" : "https://jagadeeshshetty.github.io/SeleniumMaven/35//#testresult/7ca523a812ecb812",
        "status" : "failed",
        "statusDetails" : "success message not present expected [false] but found [true]",
        "time" : {
          "start" : 1627903955066,
          "stop" : 1627903955638,
          "duration" : 572
        }
      }, {
        "uid" : "6c914b685e9ab657",
        "reportUrl" : "https://jagadeeshshetty.github.io/SeleniumMaven/34//#testresult/6c914b685e9ab657",
        "status" : "failed",
        "statusDetails" : "success message not present expected [false] but found [true]",
        "time" : {
          "start" : 1626619970173,
          "stop" : 1626619970779,
          "duration" : 606
        }
      }, {
        "uid" : "106cfb382825284e",
        "reportUrl" : "https://jagadeeshshetty.github.io/SeleniumMaven/33//#testresult/106cfb382825284e",
        "status" : "failed",
        "statusDetails" : "success message not present expected [false] but found [true]",
        "time" : {
          "start" : 1626062996498,
          "stop" : 1626062997156,
          "duration" : 658
        }
      }, {
        "uid" : "c0ea880354ef97b3",
        "reportUrl" : "https://jagadeeshshetty.github.io/SeleniumMaven/32//#testresult/c0ea880354ef97b3",
        "status" : "failed",
        "statusDetails" : "success message not present expected [false] but found [true]",
        "time" : {
          "start" : 1623745420351,
          "stop" : 1623745421031,
          "duration" : 680
        }
      }, {
        "uid" : "117b58e65c20797e",
        "reportUrl" : "https://jagadeeshshetty.github.io/SeleniumMaven/31//#testresult/117b58e65c20797e",
        "status" : "failed",
        "statusDetails" : "success message not present expected [false] but found [true]",
        "time" : {
          "start" : 1623327099816,
          "stop" : 1623327102399,
          "duration" : 2583
        }
      }, {
        "uid" : "5ddb6da61f3b1daa",
        "reportUrl" : "https://jagadeeshshetty.github.io/SeleniumMaven/30//#testresult/5ddb6da61f3b1daa",
        "status" : "failed",
        "statusDetails" : "success message not present expected [false] but found [true]",
        "time" : {
          "start" : 1623123649051,
          "stop" : 1623123651623,
          "duration" : 2572
        }
      }, {
        "uid" : "c54b253d9f443ab9",
        "reportUrl" : "https://jagadeeshshetty.github.io/SeleniumMaven/29//#testresult/c54b253d9f443ab9",
        "status" : "failed",
        "statusDetails" : "success message not present expected [false] but found [true]",
        "time" : {
          "start" : 1622343614320,
          "stop" : 1622343614907,
          "duration" : 587
        }
      }, {
        "uid" : "b6d7228583fee5eb",
        "reportUrl" : "https://jagadeeshshetty.github.io/SeleniumMaven/28//#testresult/b6d7228583fee5eb",
        "status" : "failed",
        "statusDetails" : "success message not present expected [false] but found [true]",
        "time" : {
          "start" : 1621268883224,
          "stop" : 1621268884133,
          "duration" : 909
        }
      }, {
        "uid" : "5e123f1dbf7ea0f4",
        "reportUrl" : "https://jagadeeshshetty.github.io/SeleniumMaven/27//#testresult/5e123f1dbf7ea0f4",
        "status" : "failed",
        "statusDetails" : "success message not present expected [false] but found [true]",
        "time" : {
          "start" : 1621252017927,
          "stop" : 1621252018469,
          "duration" : 542
        }
      }, {
        "uid" : "3a57197359f9fc74",
        "reportUrl" : "https://jagadeeshshetty.github.io/SeleniumMaven/26//#testresult/3a57197359f9fc74",
        "status" : "failed",
        "statusDetails" : "success message not present expected [false] but found [true]",
        "time" : {
          "start" : 1621251096123,
          "stop" : 1621251097562,
          "duration" : 1439
        }
      }, {
        "uid" : "d9d6fe7872047fd3",
        "reportUrl" : "https://jagadeeshshetty.github.io/SeleniumMaven/25//#testresult/d9d6fe7872047fd3",
        "status" : "failed",
        "statusDetails" : "success message not present expected [false] but found [true]",
        "time" : {
          "start" : 1619446320331,
          "stop" : 1619446321811,
          "duration" : 1480
        }
      }, {
        "uid" : "3fdc5a6a0e806a54",
        "reportUrl" : "https://jagadeeshshetty.github.io/SeleniumMaven/24//#testresult/3fdc5a6a0e806a54",
        "status" : "failed",
        "statusDetails" : "success message not present expected [false] but found [true]",
        "time" : {
          "start" : 1619362085296,
          "stop" : 1619362086784,
          "duration" : 1488
        }
      }, {
        "uid" : "428d539584cfca49",
        "reportUrl" : "https://jagadeeshshetty.github.io/SeleniumMaven/23//#testresult/428d539584cfca49",
        "status" : "failed",
        "statusDetails" : "success message not present expected [false] but found [true]",
        "time" : {
          "start" : 1619350004364,
          "stop" : 1619350005018,
          "duration" : 654
        }
      }, {
        "uid" : "dc30549126136d0e",
        "reportUrl" : "https://jagadeeshshetty.github.io/SeleniumMaven/22//#testresult/dc30549126136d0e",
        "status" : "failed",
        "statusDetails" : "success message not present expected [false] but found [true]",
        "time" : {
          "start" : 1619337657164,
          "stop" : 1619337658054,
          "duration" : 890
        }
      }, {
        "uid" : "68eaa8550491ad67",
        "reportUrl" : "https://jagadeeshshetty.github.io/SeleniumMaven/21//#testresult/68eaa8550491ad67",
        "status" : "failed",
        "statusDetails" : "success message not present expected [false] but found [true]",
        "time" : {
          "start" : 1619337242651,
          "stop" : 1619337243420,
          "duration" : 769
        }
      }, {
        "uid" : "27b64a01cac4ee57",
        "reportUrl" : "https://jagadeeshshetty.github.io/SeleniumMaven/20//#testresult/27b64a01cac4ee57",
        "status" : "failed",
        "statusDetails" : "success message not present expected [false] but found [true]",
        "time" : {
          "start" : 1619326369021,
          "stop" : 1619326369590,
          "duration" : 569
        }
      }, {
        "uid" : "614d6efa73ee2f96",
        "reportUrl" : "https://jagadeeshshetty.github.io/SeleniumMaven/19//#testresult/614d6efa73ee2f96",
        "status" : "failed",
        "statusDetails" : "success message not present expected [false] but found [true]",
        "time" : {
          "start" : 1619279907656,
          "stop" : 1619279908448,
          "duration" : 792
        }
      }, {
        "uid" : "62754b2800327e92",
        "reportUrl" : "https://jagadeeshshetty.github.io/SeleniumMaven/18//#testresult/62754b2800327e92",
        "status" : "failed",
        "statusDetails" : "success message not present expected [false] but found [true]",
        "time" : {
          "start" : 1618154932521,
          "stop" : 1618154933495,
          "duration" : 974
        }
      } ]
    },
    "tags" : [ ]
  },
  "source" : "2f23eddce27175df.json",
  "parameterValues" : [ ]
}