{
  "uid" : "6cffc2be636e34a",
  "name" : "testThreeExpectedFailure",
  "fullName" : "test.java.tests.theInternet.parallel.TestThree.testThreeExpectedFailure",
  "historyId" : "cad436207142227918581ae7912911d3",
  "time" : {
    "start" : 1630690679153,
    "stop" : 1630690679686,
    "duration" : 533
  },
  "description" : "Verify the successful login with valid username and password.",
  "descriptionHtml" : "<p>Verify the successful login with valid username and password.</p>\n",
  "status" : "failed",
  "statusMessage" : "success message not present expected [false] but found [true]",
  "statusTrace" : "java.lang.AssertionError: success message not present expected [false] but found [true]\n\tat org.testng.Assert.fail(Assert.java:99)\n\tat org.testng.Assert.failNotEquals(Assert.java:1037)\n\tat org.testng.Assert.assertFalse(Assert.java:67)\n\tat test.java.tests.theInternet.parallel.TestThree.testThreeExpectedFailure(TestThree.java:77)\n\tat java.base/jdk.internal.reflect.NativeMethodAccessorImpl.invoke0(Native Method)\n\tat java.base/jdk.internal.reflect.NativeMethodAccessorImpl.invoke(NativeMethodAccessorImpl.java:62)\n\tat java.base/jdk.internal.reflect.DelegatingMethodAccessorImpl.invoke(DelegatingMethodAccessorImpl.java:43)\n\tat java.base/java.lang.reflect.Method.invoke(Method.java:566)\n\tat org.testng.internal.MethodInvocationHelper.invokeMethod(MethodInvocationHelper.java:132)\n\tat org.testng.internal.TestInvoker.invokeMethod(TestInvoker.java:599)\n\tat org.testng.internal.TestInvoker.retryFailed(TestInvoker.java:214)\n\tat org.testng.internal.MethodRunner.runInSequence(MethodRunner.java:58)\n\tat org.testng.internal.TestInvoker$MethodInvocationAgent.invoke(TestInvoker.java:822)\n\tat org.testng.internal.TestInvoker.invokeTestMethods(TestInvoker.java:147)\n\tat org.testng.internal.TestMethodWorker.invokeTestMethods(TestMethodWorker.java:146)\n\tat org.testng.internal.TestMethodWorker.run(TestMethodWorker.java:128)\n\tat java.base/java.util.concurrent.ThreadPoolExecutor.runWorker(ThreadPoolExecutor.java:1128)\n\tat java.base/java.util.concurrent.ThreadPoolExecutor$Worker.run(ThreadPoolExecutor.java:628)\n\tat java.base/java.lang.Thread.run(Thread.java:829)\n",
  "flaky" : false,
  "newFailed" : false,
  "beforeStages" : [ {
    "name" : "setup",
    "time" : {
      "start" : 1630690678993,
      "stop" : 1630690679150,
      "duration" : 157
    },
    "description" : "",
    "status" : "passed",
    "steps" : [ {
      "name" : "Start time: 3 Sep 2021 17:37:58",
      "time" : {
        "start" : 1630690678993,
        "stop" : 1630690678993,
        "duration" : 0
      },
      "status" : "passed",
      "steps" : [ ],
      "attachments" : [ ],
      "parameters" : [ ],
      "stepsCount" : 0,
      "attachmentsCount" : 0,
      "shouldDisplayMessage" : false,
      "hasContent" : false
    }, {
      "name" : "Running Test on 'Linux' OS.",
      "time" : {
        "start" : 1630690678993,
        "stop" : 1630690678993,
        "duration" : 0
      },
      "status" : "passed",
      "steps" : [ ],
      "attachments" : [ ],
      "parameters" : [ ],
      "stepsCount" : 0,
      "attachmentsCount" : 0,
      "shouldDisplayMessage" : false,
      "hasContent" : false
    }, {
      "name" : "Browser: CHROMEHEADLESS",
      "time" : {
        "start" : 1630690678993,
        "stop" : 1630690678993,
        "duration" : 0
      },
      "status" : "passed",
      "steps" : [ ],
      "attachments" : [ ],
      "parameters" : [ ],
      "stepsCount" : 0,
      "attachmentsCount" : 0,
      "shouldDisplayMessage" : false,
      "hasContent" : false
    }, {
      "name" : "Driver instance: ChromeDriver: chrome on LINUX (81cba4ccefed3da99057b62595d70b77)",
      "time" : {
        "start" : 1630690679149,
        "stop" : 1630690679149,
        "duration" : 0
      },
      "status" : "passed",
      "steps" : [ ],
      "attachments" : [ ],
      "parameters" : [ ],
      "stepsCount" : 0,
      "attachmentsCount" : 0,
      "shouldDisplayMessage" : false,
      "hasContent" : false
    } ],
    "attachments" : [ ],
    "parameters" : [ ],
    "stepsCount" : 4,
    "attachmentsCount" : 0,
    "shouldDisplayMessage" : false,
    "hasContent" : true
  } ],
  "testStage" : {
    "description" : "Verify the successful login with valid username and password.",
    "status" : "failed",
    "statusMessage" : "success message not present expected [false] but found [true]",
    "statusTrace" : "java.lang.AssertionError: success message not present expected [false] but found [true]\n\tat org.testng.Assert.fail(Assert.java:99)\n\tat org.testng.Assert.failNotEquals(Assert.java:1037)\n\tat org.testng.Assert.assertFalse(Assert.java:67)\n\tat test.java.tests.theInternet.parallel.TestThree.testThreeExpectedFailure(TestThree.java:77)\n\tat java.base/jdk.internal.reflect.NativeMethodAccessorImpl.invoke0(Native Method)\n\tat java.base/jdk.internal.reflect.NativeMethodAccessorImpl.invoke(NativeMethodAccessorImpl.java:62)\n\tat java.base/jdk.internal.reflect.DelegatingMethodAccessorImpl.invoke(DelegatingMethodAccessorImpl.java:43)\n\tat java.base/java.lang.reflect.Method.invoke(Method.java:566)\n\tat org.testng.internal.MethodInvocationHelper.invokeMethod(MethodInvocationHelper.java:132)\n\tat org.testng.internal.TestInvoker.invokeMethod(TestInvoker.java:599)\n\tat org.testng.internal.TestInvoker.retryFailed(TestInvoker.java:214)\n\tat org.testng.internal.MethodRunner.runInSequence(MethodRunner.java:58)\n\tat org.testng.internal.TestInvoker$MethodInvocationAgent.invoke(TestInvoker.java:822)\n\tat org.testng.internal.TestInvoker.invokeTestMethods(TestInvoker.java:147)\n\tat org.testng.internal.TestMethodWorker.invokeTestMethods(TestMethodWorker.java:146)\n\tat org.testng.internal.TestMethodWorker.run(TestMethodWorker.java:128)\n\tat java.base/java.util.concurrent.ThreadPoolExecutor.runWorker(ThreadPoolExecutor.java:1128)\n\tat java.base/java.util.concurrent.ThreadPoolExecutor$Worker.run(ThreadPoolExecutor.java:628)\n\tat java.base/java.lang.Thread.run(Thread.java:829)\n",
    "steps" : [ {
      "name" : "Access http://the-internet.herokuapp.com/login URL.",
      "time" : {
        "start" : 1630690679153,
        "stop" : 1630690679154,
        "duration" : 1
      },
      "status" : "passed",
      "steps" : [ ],
      "attachments" : [ ],
      "parameters" : [ ],
      "stepsCount" : 0,
      "attachmentsCount" : 0,
      "shouldDisplayMessage" : false,
      "hasContent" : false
    }, {
      "name" : "Verify login form present or not.",
      "time" : {
        "start" : 1630690679340,
        "stop" : 1630690679340,
        "duration" : 0
      },
      "status" : "passed",
      "steps" : [ ],
      "attachments" : [ ],
      "parameters" : [ ],
      "stepsCount" : 0,
      "attachmentsCount" : 0,
      "shouldDisplayMessage" : false,
      "hasContent" : false
    }, {
      "name" : "1. Login with valid username and password.",
      "time" : {
        "start" : 1630690679373,
        "stop" : 1630690679373,
        "duration" : 0
      },
      "status" : "passed",
      "steps" : [ ],
      "attachments" : [ ],
      "parameters" : [ ],
      "stepsCount" : 0,
      "attachmentsCount" : 0,
      "shouldDisplayMessage" : false,
      "hasContent" : false
    }, {
      "name" : "Enter tomsmith username",
      "time" : {
        "start" : 1630690679373,
        "stop" : 1630690679373,
        "duration" : 0
      },
      "status" : "passed",
      "steps" : [ ],
      "attachments" : [ ],
      "parameters" : [ ],
      "stepsCount" : 0,
      "attachmentsCount" : 0,
      "shouldDisplayMessage" : false,
      "hasContent" : false
    }, {
      "name" : "Enter SuperSecretPassword! password",
      "time" : {
        "start" : 1630690679423,
        "stop" : 1630690679423,
        "duration" : 0
      },
      "status" : "passed",
      "steps" : [ ],
      "attachments" : [ ],
      "parameters" : [ ],
      "stepsCount" : 0,
      "attachmentsCount" : 0,
      "shouldDisplayMessage" : false,
      "hasContent" : false
    }, {
      "name" : "Click on Submit button",
      "time" : {
        "start" : 1630690679485,
        "stop" : 1630690679485,
        "duration" : 0
      },
      "status" : "passed",
      "steps" : [ ],
      "attachments" : [ ],
      "parameters" : [ ],
      "stepsCount" : 0,
      "attachmentsCount" : 0,
      "shouldDisplayMessage" : false,
      "hasContent" : false
    }, {
      "name" : "2. Verify success message present",
      "time" : {
        "start" : 1630690679608,
        "stop" : 1630690679608,
        "duration" : 0
      },
      "status" : "passed",
      "steps" : [ ],
      "attachments" : [ ],
      "parameters" : [ ],
      "stepsCount" : 0,
      "attachmentsCount" : 0,
      "shouldDisplayMessage" : false,
      "hasContent" : false
    }, {
      "name" : "Verify success message present or not.",
      "time" : {
        "start" : 1630690679608,
        "stop" : 1630690679608,
        "duration" : 0
      },
      "status" : "passed",
      "steps" : [ ],
      "attachments" : [ ],
      "parameters" : [ ],
      "stepsCount" : 0,
      "attachmentsCount" : 0,
      "shouldDisplayMessage" : false,
      "hasContent" : false
    } ],
    "attachments" : [ {
      "uid" : "9bc94fd4f6ff926e",
      "name" : "saveFailureScreenshot",
      "source" : "9bc94fd4f6ff926e.png",
      "type" : "image/png",
      "size" : 38519
    }, {
      "uid" : "b0a53df88868ed50",
      "name" : "testThreeExpectedFailure failed and screenshot taken!",
      "source" : "b0a53df88868ed50.txt",
      "type" : "text/plain",
      "size" : 53
    } ],
    "parameters" : [ ],
    "stepsCount" : 8,
    "attachmentsCount" : 2,
    "shouldDisplayMessage" : true,
    "hasContent" : true
  },
  "afterStages" : [ {
    "name" : "teardown",
    "time" : {
      "start" : 1630690679687,
      "stop" : 1630690679754,
      "duration" : 67
    },
    "description" : "",
    "status" : "passed",
    "steps" : [ {
      "name" : "Cleaning up driver instance: ChromeDriver: chrome on LINUX (81cba4ccefed3da99057b62595d70b77)",
      "time" : {
        "start" : 1630690679687,
        "stop" : 1630690679687,
        "duration" : 0
      },
      "status" : "passed",
      "steps" : [ ],
      "attachments" : [ ],
      "parameters" : [ ],
      "stepsCount" : 0,
      "attachmentsCount" : 0,
      "shouldDisplayMessage" : false,
      "hasContent" : false
    }, {
      "name" : "Complete time: 3 Sep 2021 17:37:59",
      "time" : {
        "start" : 1630690679754,
        "stop" : 1630690679754,
        "duration" : 0
      },
      "status" : "passed",
      "steps" : [ ],
      "attachments" : [ ],
      "parameters" : [ ],
      "stepsCount" : 0,
      "attachmentsCount" : 0,
      "shouldDisplayMessage" : false,
      "hasContent" : false
    } ],
    "attachments" : [ ],
    "parameters" : [ ],
    "stepsCount" : 2,
    "attachmentsCount" : 0,
    "shouldDisplayMessage" : false,
    "hasContent" : true
  } ],
  "labels" : [ {
    "name" : "package",
    "value" : "test.java.tests.theInternet.parallel.TestThree"
  }, {
    "name" : "testClass",
    "value" : "test.java.tests.theInternet.parallel.TestThree"
  }, {
    "name" : "testMethod",
    "value" : "testThreeExpectedFailure"
  }, {
    "name" : "parentSuite",
    "value" : "Suite - Parallel Execution"
  }, {
    "name" : "suite",
    "value" : "Test Parallel Execution"
  }, {
    "name" : "subSuite",
    "value" : "test.java.tests.theInternet.parallel.TestThree"
  }, {
    "name" : "host",
    "value" : "fv-az178-200"
  }, {
    "name" : "thread",
    "value" : "2835@fv-az178-200.TestNG-test=Test Parallel Execution-12(135)"
  }, {
    "name" : "framework",
    "value" : "testng"
  }, {
    "name" : "language",
    "value" : "java"
  }, {
    "name" : "severity",
    "value" : "blocker"
  }, {
    "name" : "resultFormat",
    "value" : "allure2"
  } ],
  "parameters" : [ ],
  "links" : [ ],
  "hidden" : false,
  "retry" : false,
  "extra" : {
    "severity" : "blocker",
    "retries" : [ {
      "uid" : "da1e19c7a16e6adb",
      "status" : "skipped",
      "statusDetails" : "success message not present expected [false] but found [true]",
      "time" : {
        "start" : 1630690678427,
        "stop" : 1630690678925,
        "duration" : 498
      }
    }, {
      "uid" : "afba19b76ae3abbb",
      "status" : "skipped",
      "statusDetails" : "no such element: Unable to locate element: {\"method\":\"css selector\",\"selector\":\".flash.success\"}\n  (Session info: headless chrome=92.0.4515.159)\nFor documentation on this error, please visit: https://selenium.dev/exceptions/#no_such_element\nBuild info: version: '4.0.0-beta-2', revision: '4ec0cfc112'\nSystem info: host: 'fv-az178-200', ip: '10.1.0.31', os.name: 'Linux', os.arch: 'amd64', os.version: '5.8.0-1040-azure', java.version: '11.0.12'\nDriver info: org.openqa.selenium.chrome.ChromeDriver\nCommand: [0c182a416da52c7d9015145e6ae132c3, findElement {using=css selector, value=.flash.success}]\nCapabilities {acceptInsecureCerts: false, browserName: chrome, browserVersion: 92.0.4515.159, chrome: {chromedriverVersion: 92.0.4515.107 (87a818b10553..., userDataDir: /tmp/.com.google.Chrome.2hP3Vd}, goog:chromeOptions: {debuggerAddress: localhost:33313}, javascriptEnabled: true, networkConnectionEnabled: false, pageLoadStrategy: normal, platform: LINUX, platformName: LINUX, proxy: Proxy(), setWindowRect: true, strictFileInteractability: false, timeouts: {implicit: 0, pageLoad: 300000, script: 30000}, unhandledPromptBehavior: dismiss and notify, webauthn:extension:credBlob: true, webauthn:extension:largeBlob: true, webauthn:virtualAuthenticators: true}\nSession ID: 0c182a416da52c7d9015145e6ae132c3",
      "time" : {
        "start" : 1630690676986,
        "stop" : 1630690678017,
        "duration" : 1031
      }
    } ],
    "categories" : [ {
      "name" : "Product defects",
      "matchedStatuses" : [ ],
      "flaky" : false
    } ],
    "history" : {
      "statistic" : {
        "failed" : 30,
        "broken" : 0,
        "skipped" : 0,
        "passed" : 0,
        "unknown" : 0,
        "total" : 30
      },
      "items" : [ {
        "uid" : "a3d35f92503704ab",
        "reportUrl" : "https://jagadeeshshetty.github.io/SeleniumMaven/37//#testresult/a3d35f92503704ab",
        "status" : "failed",
        "statusDetails" : "success message not present expected [false] but found [true]",
        "time" : {
          "start" : 1628308286345,
          "stop" : 1628308286996,
          "duration" : 651
        }
      }, {
        "uid" : "ba6d1303ff8330cc",
        "reportUrl" : "https://jagadeeshshetty.github.io/SeleniumMaven/36//#testresult/ba6d1303ff8330cc",
        "status" : "failed",
        "statusDetails" : "success message not present expected [false] but found [true]",
        "time" : {
          "start" : 1628088253044,
          "stop" : 1628088253587,
          "duration" : 543
        }
      }, {
        "uid" : "74a233dc6758a8a7",
        "reportUrl" : "https://jagadeeshshetty.github.io/SeleniumMaven/35//#testresult/74a233dc6758a8a7",
        "status" : "failed",
        "statusDetails" : "success message not present expected [false] but found [true]",
        "time" : {
          "start" : 1627903958901,
          "stop" : 1627903959598,
          "duration" : 697
        }
      }, {
        "uid" : "b5588dd99e6a5223",
        "reportUrl" : "https://jagadeeshshetty.github.io/SeleniumMaven/34//#testresult/b5588dd99e6a5223",
        "status" : "failed",
        "statusDetails" : "success message not present expected [false] but found [true]",
        "time" : {
          "start" : 1626619973469,
          "stop" : 1626619973994,
          "duration" : 525
        }
      }, {
        "uid" : "235f4e660bcf02a5",
        "reportUrl" : "https://jagadeeshshetty.github.io/SeleniumMaven/33//#testresult/235f4e660bcf02a5",
        "status" : "failed",
        "statusDetails" : "success message not present expected [false] but found [true]",
        "time" : {
          "start" : 1626063000348,
          "stop" : 1626063000985,
          "duration" : 637
        }
      }, {
        "uid" : "7143012a20948d82",
        "reportUrl" : "https://jagadeeshshetty.github.io/SeleniumMaven/32//#testresult/7143012a20948d82",
        "status" : "failed",
        "statusDetails" : "success message not present expected [false] but found [true]",
        "time" : {
          "start" : 1623745424567,
          "stop" : 1623745425209,
          "duration" : 642
        }
      }, {
        "uid" : "4e4d1265995dd1c8",
        "reportUrl" : "https://jagadeeshshetty.github.io/SeleniumMaven/31//#testresult/4e4d1265995dd1c8",
        "status" : "failed",
        "statusDetails" : "success message not present expected [false] but found [true]",
        "time" : {
          "start" : 1623327107028,
          "stop" : 1623327109249,
          "duration" : 2221
        }
      }, {
        "uid" : "c8af9ae3582c9582",
        "reportUrl" : "https://jagadeeshshetty.github.io/SeleniumMaven/30//#testresult/c8af9ae3582c9582",
        "status" : "failed",
        "statusDetails" : "success message not present expected [false] but found [true]",
        "time" : {
          "start" : 1623123656151,
          "stop" : 1623123658411,
          "duration" : 2260
        }
      }, {
        "uid" : "6b76abc6cb631017",
        "reportUrl" : "https://jagadeeshshetty.github.io/SeleniumMaven/29//#testresult/6b76abc6cb631017",
        "status" : "failed",
        "statusDetails" : "success message not present expected [false] but found [true]",
        "time" : {
          "start" : 1622343617837,
          "stop" : 1622343618404,
          "duration" : 567
        }
      }, {
        "uid" : "870ccd50461e4bb2",
        "reportUrl" : "https://jagadeeshshetty.github.io/SeleniumMaven/28//#testresult/870ccd50461e4bb2",
        "status" : "failed",
        "statusDetails" : "success message not present expected [false] but found [true]",
        "time" : {
          "start" : 1621268888378,
          "stop" : 1621268889226,
          "duration" : 848
        }
      }, {
        "uid" : "d1b4d48232816e43",
        "reportUrl" : "https://jagadeeshshetty.github.io/SeleniumMaven/27//#testresult/d1b4d48232816e43",
        "status" : "failed",
        "statusDetails" : "success message not present expected [false] but found [true]",
        "time" : {
          "start" : 1621252021209,
          "stop" : 1621252021733,
          "duration" : 524
        }
      }, {
        "uid" : "9a2004f0c935c359",
        "reportUrl" : "https://jagadeeshshetty.github.io/SeleniumMaven/26//#testresult/9a2004f0c935c359",
        "status" : "failed",
        "statusDetails" : "success message not present expected [false] but found [true]",
        "time" : {
          "start" : 1621251103053,
          "stop" : 1621251104641,
          "duration" : 1588
        }
      }, {
        "uid" : "95055f974a53a668",
        "reportUrl" : "https://jagadeeshshetty.github.io/SeleniumMaven/25//#testresult/95055f974a53a668",
        "status" : "failed",
        "statusDetails" : "success message not present expected [false] but found [true]",
        "time" : {
          "start" : 1619446328263,
          "stop" : 1619446329755,
          "duration" : 1492
        }
      }, {
        "uid" : "84b8775e3b49a02e",
        "reportUrl" : "https://jagadeeshshetty.github.io/SeleniumMaven/24//#testresult/84b8775e3b49a02e",
        "status" : "failed",
        "statusDetails" : "success message not present expected [false] but found [true]",
        "time" : {
          "start" : 1619362092025,
          "stop" : 1619362093483,
          "duration" : 1458
        }
      }, {
        "uid" : "e10710aa51b90378",
        "reportUrl" : "https://jagadeeshshetty.github.io/SeleniumMaven/23//#testresult/e10710aa51b90378",
        "status" : "failed",
        "statusDetails" : "success message not present expected [false] but found [true]",
        "time" : {
          "start" : 1619350008263,
          "stop" : 1619350008921,
          "duration" : 658
        }
      }, {
        "uid" : "3941f799f2219bad",
        "reportUrl" : "https://jagadeeshshetty.github.io/SeleniumMaven/22//#testresult/3941f799f2219bad",
        "status" : "failed",
        "statusDetails" : "success message not present expected [false] but found [true]",
        "time" : {
          "start" : 1619337661667,
          "stop" : 1619337662868,
          "duration" : 1201
        }
      }, {
        "uid" : "2112770c6b36c230",
        "reportUrl" : "https://jagadeeshshetty.github.io/SeleniumMaven/21//#testresult/2112770c6b36c230",
        "status" : "failed",
        "statusDetails" : "success message not present expected [false] but found [true]",
        "time" : {
          "start" : 1619337246938,
          "stop" : 1619337247575,
          "duration" : 637
        }
      }, {
        "uid" : "6d71a6033c6149d5",
        "reportUrl" : "https://jagadeeshshetty.github.io/SeleniumMaven/20//#testresult/6d71a6033c6149d5",
        "status" : "failed",
        "statusDetails" : "success message not present expected [false] but found [true]",
        "time" : {
          "start" : 1619326372587,
          "stop" : 1619326373189,
          "duration" : 602
        }
      }, {
        "uid" : "91fd0a8a69c21052",
        "reportUrl" : "https://jagadeeshshetty.github.io/SeleniumMaven/19//#testresult/91fd0a8a69c21052",
        "status" : "failed",
        "statusDetails" : "success message not present expected [false] but found [true]",
        "time" : {
          "start" : 1619279911824,
          "stop" : 1619279912617,
          "duration" : 793
        }
      }, {
        "uid" : "3d3656ce87775799",
        "reportUrl" : "https://jagadeeshshetty.github.io/SeleniumMaven/18//#testresult/3d3656ce87775799",
        "status" : "failed",
        "statusDetails" : "success message not present expected [false] but found [true]",
        "time" : {
          "start" : 1618154936944,
          "stop" : 1618154937761,
          "duration" : 817
        }
      } ]
    },
    "tags" : [ ]
  },
  "source" : "6cffc2be636e34a.json",
  "parameterValues" : [ ]
}