{
  "uid" : "b6d7228583fee5eb",
  "name" : "testTwoExpectedFailure",
  "fullName" : "test.java.tests.theInternet.parallel.TestTwo.testTwoExpectedFailure",
  "historyId" : "4efe4554ba541344b9f422311a9a859c",
  "time" : {
    "start" : 1621268883224,
    "stop" : 1621268884133,
    "duration" : 909
  },
  "description" : "Verify the successful login with valid username and password.",
  "descriptionHtml" : "<p>Verify the successful login with valid username and password.</p>\n",
  "status" : "failed",
  "statusMessage" : "success message not present expected [false] but found [true]",
  "statusTrace" : "java.lang.AssertionError: success message not present expected [false] but found [true]\n\tat org.testng.Assert.fail(Assert.java:99)\n\tat org.testng.Assert.failNotEquals(Assert.java:1037)\n\tat org.testng.Assert.assertFalse(Assert.java:67)\n\tat test.java.tests.theInternet.parallel.TestTwo.testTwoExpectedFailure(TestTwo.java:77)\n\tat java.base/jdk.internal.reflect.NativeMethodAccessorImpl.invoke0(Native Method)\n\tat java.base/jdk.internal.reflect.NativeMethodAccessorImpl.invoke(NativeMethodAccessorImpl.java:62)\n\tat java.base/jdk.internal.reflect.DelegatingMethodAccessorImpl.invoke(DelegatingMethodAccessorImpl.java:43)\n\tat java.base/java.lang.reflect.Method.invoke(Method.java:566)\n\tat org.testng.internal.MethodInvocationHelper.invokeMethod(MethodInvocationHelper.java:132)\n\tat org.testng.internal.TestInvoker.invokeMethod(TestInvoker.java:599)\n\tat org.testng.internal.TestInvoker.retryFailed(TestInvoker.java:214)\n\tat org.testng.internal.MethodRunner.runInSequence(MethodRunner.java:58)\n\tat org.testng.internal.TestInvoker$MethodInvocationAgent.invoke(TestInvoker.java:822)\n\tat org.testng.internal.TestInvoker.invokeTestMethods(TestInvoker.java:147)\n\tat org.testng.internal.TestMethodWorker.invokeTestMethods(TestMethodWorker.java:146)\n\tat org.testng.internal.TestMethodWorker.run(TestMethodWorker.java:128)\n\tat java.base/java.util.concurrent.ThreadPoolExecutor.runWorker(ThreadPoolExecutor.java:1128)\n\tat java.base/java.util.concurrent.ThreadPoolExecutor$Worker.run(ThreadPoolExecutor.java:628)\n\tat java.base/java.lang.Thread.run(Thread.java:829)\n",
  "flaky" : false,
  "newFailed" : false,
  "beforeStages" : [ {
    "name" : "setup",
    "time" : {
      "start" : 1621268882881,
      "stop" : 1621268883216,
      "duration" : 335
    },
    "description" : "",
    "status" : "passed",
    "steps" : [ {
      "name" : "Start time: 17 May 2021 16:28:02",
      "time" : {
        "start" : 1621268882881,
        "stop" : 1621268882881,
        "duration" : 0
      },
      "status" : "passed",
      "steps" : [ ],
      "attachments" : [ ],
      "parameters" : [ ],
      "shouldDisplayMessage" : false,
      "hasContent" : false,
      "stepsCount" : 0,
      "attachmentsCount" : 0
    }, {
      "name" : "Running Test on 'Linux' OS.",
      "time" : {
        "start" : 1621268882881,
        "stop" : 1621268882881,
        "duration" : 0
      },
      "status" : "passed",
      "steps" : [ ],
      "attachments" : [ ],
      "parameters" : [ ],
      "shouldDisplayMessage" : false,
      "hasContent" : false,
      "stepsCount" : 0,
      "attachmentsCount" : 0
    }, {
      "name" : "Browser: CHROMEHEADLESS",
      "time" : {
        "start" : 1621268882882,
        "stop" : 1621268882882,
        "duration" : 0
      },
      "status" : "passed",
      "steps" : [ ],
      "attachments" : [ ],
      "parameters" : [ ],
      "shouldDisplayMessage" : false,
      "hasContent" : false,
      "stepsCount" : 0,
      "attachmentsCount" : 0
    }, {
      "name" : "Driver instance: ChromeDriver: chrome on LINUX (46d297dae4e5c6cb0928567999e6bc39)",
      "time" : {
        "start" : 1621268883214,
        "stop" : 1621268883214,
        "duration" : 0
      },
      "status" : "passed",
      "steps" : [ ],
      "attachments" : [ ],
      "parameters" : [ ],
      "shouldDisplayMessage" : false,
      "hasContent" : false,
      "stepsCount" : 0,
      "attachmentsCount" : 0
    } ],
    "attachments" : [ ],
    "parameters" : [ ],
    "shouldDisplayMessage" : false,
    "hasContent" : true,
    "stepsCount" : 4,
    "attachmentsCount" : 0
  } ],
  "testStage" : {
    "description" : "Verify the successful login with valid username and password.",
    "status" : "failed",
    "statusMessage" : "success message not present expected [false] but found [true]",
    "statusTrace" : "java.lang.AssertionError: success message not present expected [false] but found [true]\n\tat org.testng.Assert.fail(Assert.java:99)\n\tat org.testng.Assert.failNotEquals(Assert.java:1037)\n\tat org.testng.Assert.assertFalse(Assert.java:67)\n\tat test.java.tests.theInternet.parallel.TestTwo.testTwoExpectedFailure(TestTwo.java:77)\n\tat java.base/jdk.internal.reflect.NativeMethodAccessorImpl.invoke0(Native Method)\n\tat java.base/jdk.internal.reflect.NativeMethodAccessorImpl.invoke(NativeMethodAccessorImpl.java:62)\n\tat java.base/jdk.internal.reflect.DelegatingMethodAccessorImpl.invoke(DelegatingMethodAccessorImpl.java:43)\n\tat java.base/java.lang.reflect.Method.invoke(Method.java:566)\n\tat org.testng.internal.MethodInvocationHelper.invokeMethod(MethodInvocationHelper.java:132)\n\tat org.testng.internal.TestInvoker.invokeMethod(TestInvoker.java:599)\n\tat org.testng.internal.TestInvoker.retryFailed(TestInvoker.java:214)\n\tat org.testng.internal.MethodRunner.runInSequence(MethodRunner.java:58)\n\tat org.testng.internal.TestInvoker$MethodInvocationAgent.invoke(TestInvoker.java:822)\n\tat org.testng.internal.TestInvoker.invokeTestMethods(TestInvoker.java:147)\n\tat org.testng.internal.TestMethodWorker.invokeTestMethods(TestMethodWorker.java:146)\n\tat org.testng.internal.TestMethodWorker.run(TestMethodWorker.java:128)\n\tat java.base/java.util.concurrent.ThreadPoolExecutor.runWorker(ThreadPoolExecutor.java:1128)\n\tat java.base/java.util.concurrent.ThreadPoolExecutor$Worker.run(ThreadPoolExecutor.java:628)\n\tat java.base/java.lang.Thread.run(Thread.java:829)\n",
    "steps" : [ {
      "name" : "Access http://the-internet.herokuapp.com/login URL.",
      "time" : {
        "start" : 1621268883224,
        "stop" : 1621268883224,
        "duration" : 0
      },
      "status" : "passed",
      "steps" : [ ],
      "attachments" : [ ],
      "parameters" : [ ],
      "shouldDisplayMessage" : false,
      "hasContent" : false,
      "stepsCount" : 0,
      "attachmentsCount" : 0
    }, {
      "name" : "Verify login form present or not.",
      "time" : {
        "start" : 1621268883652,
        "stop" : 1621268883652,
        "duration" : 0
      },
      "status" : "passed",
      "steps" : [ ],
      "attachments" : [ ],
      "parameters" : [ ],
      "shouldDisplayMessage" : false,
      "hasContent" : false,
      "stepsCount" : 0,
      "attachmentsCount" : 0
    }, {
      "name" : "1. Login with valid username and password.",
      "time" : {
        "start" : 1621268883693,
        "stop" : 1621268883694,
        "duration" : 1
      },
      "status" : "passed",
      "steps" : [ ],
      "attachments" : [ ],
      "parameters" : [ ],
      "shouldDisplayMessage" : false,
      "hasContent" : false,
      "stepsCount" : 0,
      "attachmentsCount" : 0
    }, {
      "name" : "Enter tomsmith username",
      "time" : {
        "start" : 1621268883694,
        "stop" : 1621268883694,
        "duration" : 0
      },
      "status" : "passed",
      "steps" : [ ],
      "attachments" : [ ],
      "parameters" : [ ],
      "shouldDisplayMessage" : false,
      "hasContent" : false,
      "stepsCount" : 0,
      "attachmentsCount" : 0
    }, {
      "name" : "Enter SuperSecretPassword! password",
      "time" : {
        "start" : 1621268883756,
        "stop" : 1621268883756,
        "duration" : 0
      },
      "status" : "passed",
      "steps" : [ ],
      "attachments" : [ ],
      "parameters" : [ ],
      "shouldDisplayMessage" : false,
      "hasContent" : false,
      "stepsCount" : 0,
      "attachmentsCount" : 0
    }, {
      "name" : "Click on Submit button",
      "time" : {
        "start" : 1621268883831,
        "stop" : 1621268883831,
        "duration" : 0
      },
      "status" : "passed",
      "steps" : [ ],
      "attachments" : [ ],
      "parameters" : [ ],
      "shouldDisplayMessage" : false,
      "hasContent" : false,
      "stepsCount" : 0,
      "attachmentsCount" : 0
    }, {
      "name" : "2. Verify success message present",
      "time" : {
        "start" : 1621268884020,
        "stop" : 1621268884020,
        "duration" : 0
      },
      "status" : "passed",
      "steps" : [ ],
      "attachments" : [ ],
      "parameters" : [ ],
      "shouldDisplayMessage" : false,
      "hasContent" : false,
      "stepsCount" : 0,
      "attachmentsCount" : 0
    }, {
      "name" : "Verify success message present or not.",
      "time" : {
        "start" : 1621268884020,
        "stop" : 1621268884020,
        "duration" : 0
      },
      "status" : "passed",
      "steps" : [ ],
      "attachments" : [ ],
      "parameters" : [ ],
      "shouldDisplayMessage" : false,
      "hasContent" : false,
      "stepsCount" : 0,
      "attachmentsCount" : 0
    } ],
    "attachments" : [ {
      "uid" : "7062df150bdb6fe3",
      "name" : "saveFailureScreenshot",
      "source" : "7062df150bdb6fe3.png",
      "type" : "image/png",
      "size" : 38519
    }, {
      "uid" : "8dacddb95fa8bfab",
      "name" : "testTwoExpectedFailure failed and screenshot taken!",
      "source" : "8dacddb95fa8bfab.txt",
      "type" : "text/plain",
      "size" : 51
    } ],
    "parameters" : [ ],
    "shouldDisplayMessage" : true,
    "hasContent" : true,
    "stepsCount" : 8,
    "attachmentsCount" : 2
  },
  "afterStages" : [ {
    "name" : "teardown",
    "time" : {
      "start" : 1621268884135,
      "stop" : 1621268884204,
      "duration" : 69
    },
    "description" : "",
    "status" : "passed",
    "steps" : [ {
      "name" : "Cleaning up driver instance: ChromeDriver: chrome on LINUX (46d297dae4e5c6cb0928567999e6bc39)",
      "time" : {
        "start" : 1621268884136,
        "stop" : 1621268884136,
        "duration" : 0
      },
      "status" : "passed",
      "steps" : [ ],
      "attachments" : [ ],
      "parameters" : [ ],
      "shouldDisplayMessage" : false,
      "hasContent" : false,
      "stepsCount" : 0,
      "attachmentsCount" : 0
    }, {
      "name" : "Complete time: 17 May 2021 16:28:04",
      "time" : {
        "start" : 1621268884204,
        "stop" : 1621268884204,
        "duration" : 0
      },
      "status" : "passed",
      "steps" : [ ],
      "attachments" : [ ],
      "parameters" : [ ],
      "shouldDisplayMessage" : false,
      "hasContent" : false,
      "stepsCount" : 0,
      "attachmentsCount" : 0
    } ],
    "attachments" : [ ],
    "parameters" : [ ],
    "shouldDisplayMessage" : false,
    "hasContent" : true,
    "stepsCount" : 2,
    "attachmentsCount" : 0
  } ],
  "labels" : [ {
    "name" : "package",
    "value" : "test.java.tests.theInternet.parallel.TestTwo"
  }, {
    "name" : "testClass",
    "value" : "test.java.tests.theInternet.parallel.TestTwo"
  }, {
    "name" : "testMethod",
    "value" : "testTwoExpectedFailure"
  }, {
    "name" : "parentSuite",
    "value" : "Suite - Parallel Execution"
  }, {
    "name" : "suite",
    "value" : "Test Parallel Execution"
  }, {
    "name" : "subSuite",
    "value" : "test.java.tests.theInternet.parallel.TestTwo"
  }, {
    "name" : "host",
    "value" : "fv-az249-862"
  }, {
    "name" : "thread",
    "value" : "2926@fv-az249-862.TestNG-test=Test Parallel Execution-8(82)"
  }, {
    "name" : "framework",
    "value" : "testng"
  }, {
    "name" : "language",
    "value" : "java"
  }, {
    "name" : "severity",
    "value" : "blocker"
  }, {
    "name" : "resultFormat",
    "value" : "allure2"
  } ],
  "parameters" : [ ],
  "links" : [ ],
  "hidden" : false,
  "retry" : false,
  "extra" : {
    "severity" : "blocker",
    "retries" : [ {
      "uid" : "449bcd39d81c2d82",
      "status" : "skipped",
      "statusDetails" : "no such element: Unable to locate element: {\"method\":\"css selector\",\"selector\":\".flash.success\"}\n  (Session info: headless chrome=90.0.4430.212)\nFor documentation on this error, please visit: https://selenium.dev/exceptions/#no_such_element\nBuild info: version: '4.0.0-beta-2', revision: '4ec0cfc112'\nSystem info: host: 'fv-az249-862', ip: '10.1.0.35', os.name: 'Linux', os.arch: 'amd64', os.version: '5.4.0-1047-azure', java.version: '11.0.11'\nDriver info: org.openqa.selenium.chrome.ChromeDriver\nCommand: [7a04d50a7f235fbc6eef3d2fdf7d39c6, findElement {using=css selector, value=.flash.success}]\nCapabilities {acceptInsecureCerts: false, browserName: chrome, browserVersion: 90.0.4430.212, chrome: {chromedriverVersion: 90.0.4430.24 (4c6d850f087da..., userDataDir: /tmp/.com.google.Chrome.DOwkZO}, goog:chromeOptions: {debuggerAddress: localhost:38027}, javascriptEnabled: true, networkConnectionEnabled: false, pageLoadStrategy: normal, platform: LINUX, platformName: LINUX, proxy: Proxy(), setWindowRect: true, strictFileInteractability: false, timeouts: {implicit: 0, pageLoad: 300000, script: 30000}, unhandledPromptBehavior: dismiss and notify, webauthn:extension:largeBlob: true, webauthn:virtualAuthenticators: true}\nSession ID: 7a04d50a7f235fbc6eef3d2fdf7d39c6",
      "time" : {
        "start" : 1621268881914,
        "stop" : 1621268882803,
        "duration" : 889
      }
    }, {
      "uid" : "3b8cb30e976d1ecf",
      "status" : "skipped",
      "statusDetails" : "success message not present expected [false] but found [true]",
      "time" : {
        "start" : 1621268880121,
        "stop" : 1621268881434,
        "duration" : 1313
      }
    } ],
    "categories" : [ {
      "name" : "Product defects",
      "matchedStatuses" : [ ],
      "flaky" : false
    } ],
    "history" : {
      "statistic" : {
        "failed" : 20,
        "broken" : 0,
        "skipped" : 0,
        "passed" : 0,
        "unknown" : 0,
        "total" : 20
      },
      "items" : [ {
        "uid" : "5e123f1dbf7ea0f4",
        "reportUrl" : "https://jagadeeshshetty.github.io/SeleniumMaven/27//#testresult/5e123f1dbf7ea0f4",
        "status" : "failed",
        "statusDetails" : "success message not present expected [false] but found [true]",
        "time" : {
          "start" : 1621252017927,
          "stop" : 1621252018469,
          "duration" : 542
        }
      }, {
        "uid" : "3a57197359f9fc74",
        "reportUrl" : "https://jagadeeshshetty.github.io/SeleniumMaven/26//#testresult/3a57197359f9fc74",
        "status" : "failed",
        "statusDetails" : "success message not present expected [false] but found [true]",
        "time" : {
          "start" : 1621251096123,
          "stop" : 1621251097562,
          "duration" : 1439
        }
      }, {
        "uid" : "d9d6fe7872047fd3",
        "reportUrl" : "https://jagadeeshshetty.github.io/SeleniumMaven/25//#testresult/d9d6fe7872047fd3",
        "status" : "failed",
        "statusDetails" : "success message not present expected [false] but found [true]",
        "time" : {
          "start" : 1619446320331,
          "stop" : 1619446321811,
          "duration" : 1480
        }
      }, {
        "uid" : "3fdc5a6a0e806a54",
        "reportUrl" : "https://jagadeeshshetty.github.io/SeleniumMaven/24//#testresult/3fdc5a6a0e806a54",
        "status" : "failed",
        "statusDetails" : "success message not present expected [false] but found [true]",
        "time" : {
          "start" : 1619362085296,
          "stop" : 1619362086784,
          "duration" : 1488
        }
      }, {
        "uid" : "428d539584cfca49",
        "reportUrl" : "https://jagadeeshshetty.github.io/SeleniumMaven/23//#testresult/428d539584cfca49",
        "status" : "failed",
        "statusDetails" : "success message not present expected [false] but found [true]",
        "time" : {
          "start" : 1619350004364,
          "stop" : 1619350005018,
          "duration" : 654
        }
      }, {
        "uid" : "dc30549126136d0e",
        "reportUrl" : "https://jagadeeshshetty.github.io/SeleniumMaven/22//#testresult/dc30549126136d0e",
        "status" : "failed",
        "statusDetails" : "success message not present expected [false] but found [true]",
        "time" : {
          "start" : 1619337657164,
          "stop" : 1619337658054,
          "duration" : 890
        }
      }, {
        "uid" : "68eaa8550491ad67",
        "reportUrl" : "https://jagadeeshshetty.github.io/SeleniumMaven/21//#testresult/68eaa8550491ad67",
        "status" : "failed",
        "statusDetails" : "success message not present expected [false] but found [true]",
        "time" : {
          "start" : 1619337242651,
          "stop" : 1619337243420,
          "duration" : 769
        }
      }, {
        "uid" : "27b64a01cac4ee57",
        "reportUrl" : "https://jagadeeshshetty.github.io/SeleniumMaven/20//#testresult/27b64a01cac4ee57",
        "status" : "failed",
        "statusDetails" : "success message not present expected [false] but found [true]",
        "time" : {
          "start" : 1619326369021,
          "stop" : 1619326369590,
          "duration" : 569
        }
      }, {
        "uid" : "614d6efa73ee2f96",
        "reportUrl" : "https://jagadeeshshetty.github.io/SeleniumMaven/19//#testresult/614d6efa73ee2f96",
        "status" : "failed",
        "statusDetails" : "success message not present expected [false] but found [true]",
        "time" : {
          "start" : 1619279907656,
          "stop" : 1619279908448,
          "duration" : 792
        }
      }, {
        "uid" : "62754b2800327e92",
        "reportUrl" : "https://jagadeeshshetty.github.io/SeleniumMaven/18//#testresult/62754b2800327e92",
        "status" : "failed",
        "statusDetails" : "success message not present expected [false] but found [true]",
        "time" : {
          "start" : 1618154932521,
          "stop" : 1618154933495,
          "duration" : 974
        }
      }, {
        "uid" : "b8375ce0000ae67c",
        "reportUrl" : "https://jagadeeshshetty.github.io/SeleniumMaven/17//#testresult/b8375ce0000ae67c",
        "status" : "failed",
        "statusDetails" : "success message not present expected [false] but found [true]",
        "time" : {
          "start" : 1618139734677,
          "stop" : 1618139735638,
          "duration" : 961
        }
      }, {
        "uid" : "b151d8fbeb0b2834",
        "reportUrl" : "https://jagadeeshshetty.github.io/SeleniumMaven/16//#testresult/b151d8fbeb0b2834",
        "status" : "failed",
        "statusDetails" : "success message not present expected [false] but found [true]",
        "time" : {
          "start" : 1618139386740,
          "stop" : 1618139388315,
          "duration" : 1575
        }
      }, {
        "uid" : "43635f75f4602dfa",
        "reportUrl" : "https://jagadeeshshetty.github.io/SeleniumMaven/15//#testresult/43635f75f4602dfa",
        "status" : "failed",
        "statusDetails" : "success message not present expected [false] but found [true]",
        "time" : {
          "start" : 1618138824289,
          "stop" : 1618138825886,
          "duration" : 1597
        }
      }, {
        "uid" : "964ee6c75134170a",
        "reportUrl" : "https://jagadeeshshetty.github.io/SeleniumMaven/14//#testresult/964ee6c75134170a",
        "status" : "failed",
        "statusDetails" : "success message not present expected [false] but found [true]",
        "time" : {
          "start" : 1618137437405,
          "stop" : 1618137438495,
          "duration" : 1090
        }
      }, {
        "uid" : "101cc4cf3c67f1c7",
        "reportUrl" : "https://jagadeeshshetty.github.io/SeleniumMaven/14//#testresult/101cc4cf3c67f1c7",
        "status" : "failed",
        "statusDetails" : "success message not present expected [false] but found [true]",
        "time" : {
          "start" : 1618131906070,
          "stop" : 1618131906817,
          "duration" : 747
        }
      }, {
        "uid" : "6af0d98947588f1",
        "reportUrl" : "https://jagadeeshshetty.github.io/SeleniumMaven/13//#testresult/6af0d98947588f1",
        "status" : "failed",
        "statusDetails" : "success message not present expected [false] but found [true]",
        "time" : {
          "start" : 1618070493173,
          "stop" : 1618070494747,
          "duration" : 1574
        }
      }, {
        "uid" : "c9faa8c73226c922",
        "reportUrl" : "https://jagadeeshshetty.github.io/SeleniumMaven/12//#testresult/c9faa8c73226c922",
        "status" : "failed",
        "statusDetails" : "success message not present expected [false] but found [true]",
        "time" : {
          "start" : 1618062503456,
          "stop" : 1618062504191,
          "duration" : 735
        }
      }, {
        "uid" : "1a830b66fef00a5a",
        "reportUrl" : "https://jagadeeshshetty.github.io/SeleniumMaven/11//#testresult/1a830b66fef00a5a",
        "status" : "failed",
        "statusDetails" : "success message not present expected [false] but found [true]",
        "time" : {
          "start" : 1618055885694,
          "stop" : 1618055886754,
          "duration" : 1060
        }
      }, {
        "uid" : "863f1371ae5ba71d",
        "reportUrl" : "https://jagadeeshshetty.github.io/SeleniumMaven/10//#testresult/863f1371ae5ba71d",
        "status" : "failed",
        "statusDetails" : "success message not present expected [false] but found [true]",
        "time" : {
          "start" : 1618055672131,
          "stop" : 1618055672851,
          "duration" : 720
        }
      } ]
    },
    "tags" : [ ]
  },
  "source" : "b6d7228583fee5eb.json",
  "parameterValues" : [ ]
}