{"uid":"7923e664a09d6d98","name":"testThreeExpectedFailure","fullName":"test.java.tests.theInternet.parallel.TestThree.testThreeExpectedFailure","historyId":"cad436207142227918581ae7912911d3","time":{"start":1692841442535,"stop":1692841443021,"duration":486},"description":"Verify the successful login with valid username and password.","descriptionHtml":"<p>Verify the successful login with valid username and password.</p>\n","status":"failed","statusMessage":"success message not present expected [false] but found [true]","statusTrace":"java.lang.AssertionError: success message not present expected [false] but found [true]\n\tat org.testng.Assert.fail(Assert.java:110)\n\tat org.testng.Assert.failNotEquals(Assert.java:1577)\n\tat org.testng.Assert.assertFalse(Assert.java:78)\n\tat test.java.tests.theInternet.parallel.TestThree.testThreeExpectedFailure(TestThree.java:77)\n\tat java.base/jdk.internal.reflect.NativeMethodAccessorImpl.invoke0(Native Method)\n\tat java.base/jdk.internal.reflect.NativeMethodAccessorImpl.invoke(NativeMethodAccessorImpl.java:77)\n\tat java.base/jdk.internal.reflect.DelegatingMethodAccessorImpl.invoke(DelegatingMethodAccessorImpl.java:43)\n\tat java.base/java.lang.reflect.Method.invoke(Method.java:568)\n\tat org.testng.internal.invokers.MethodInvocationHelper.invokeMethod(MethodInvocationHelper.java:139)\n\tat org.testng.internal.invokers.TestInvoker.invokeMethod(TestInvoker.java:677)\n\tat org.testng.internal.invokers.TestInvoker.retryFailed(TestInvoker.java:263)\n\tat org.testng.internal.invokers.MethodRunner.runInSequence(MethodRunner.java:62)\n\tat org.testng.internal.invokers.TestInvoker$MethodInvocationAgent.invoke(TestInvoker.java:969)\n\tat org.testng.internal.invokers.TestInvoker.invokeTestMethods(TestInvoker.java:194)\n\tat org.testng.internal.invokers.TestMethodWorker.invokeTestMethods(TestMethodWorker.java:148)\n\tat org.testng.internal.invokers.TestMethodWorker.run(TestMethodWorker.java:128)\n\tat java.base/java.util.concurrent.ThreadPoolExecutor.runWorker(ThreadPoolExecutor.java:1136)\n\tat java.base/java.util.concurrent.ThreadPoolExecutor$Worker.run(ThreadPoolExecutor.java:635)\n\tat java.base/java.lang.Thread.run(Thread.java:833)\n","flaky":true,"newFailed":true,"newBroken":false,"newPassed":false,"retriesCount":2,"retriesStatusChange":true,"beforeStages":[{"name":"setup","time":{"start":1692841442265,"stop":1692841442533,"duration":268},"description":"","status":"passed","steps":[{"name":"Start time: 24 Aug 2023 01:44:02","time":{"start":1692841442265,"stop":1692841442265,"duration":0},"status":"passed","steps":[],"attachments":[],"parameters":[],"stepsCount":0,"attachmentsCount":0,"shouldDisplayMessage":false,"hasContent":false},{"name":"Running Test on 'Linux' OS.","time":{"start":1692841442265,"stop":1692841442265,"duration":0},"status":"passed","steps":[],"attachments":[],"parameters":[],"stepsCount":0,"attachmentsCount":0,"shouldDisplayMessage":false,"hasContent":false},{"name":"JVM Version: 17.0.8","time":{"start":1692841442265,"stop":1692841442265,"duration":0},"status":"passed","steps":[],"attachments":[],"parameters":[],"stepsCount":0,"attachmentsCount":0,"shouldDisplayMessage":false,"hasContent":false},{"name":"Browser: CHROME 115.0.5790.170","time":{"start":1692841442527,"stop":1692841442527,"duration":0},"status":"passed","steps":[],"attachments":[],"parameters":[],"stepsCount":0,"attachmentsCount":0,"shouldDisplayMessage":false,"hasContent":false},{"name":"Driver instance: ChromeDriver: chrome on linux (170ee8a2c4c41085a1f39ca149792923)","time":{"start":1692841442527,"stop":1692841442527,"duration":0},"status":"passed","steps":[],"attachments":[],"parameters":[],"stepsCount":0,"attachmentsCount":0,"shouldDisplayMessage":false,"hasContent":false}],"attachments":[],"parameters":[],"stepsCount":5,"attachmentsCount":0,"shouldDisplayMessage":false,"hasContent":true}],"testStage":{"description":"Verify the successful login with valid username and password.","status":"failed","statusMessage":"success message not present expected [false] but found [true]","statusTrace":"java.lang.AssertionError: success message not present expected [false] but found [true]\n\tat org.testng.Assert.fail(Assert.java:110)\n\tat org.testng.Assert.failNotEquals(Assert.java:1577)\n\tat org.testng.Assert.assertFalse(Assert.java:78)\n\tat test.java.tests.theInternet.parallel.TestThree.testThreeExpectedFailure(TestThree.java:77)\n\tat java.base/jdk.internal.reflect.NativeMethodAccessorImpl.invoke0(Native Method)\n\tat java.base/jdk.internal.reflect.NativeMethodAccessorImpl.invoke(NativeMethodAccessorImpl.java:77)\n\tat java.base/jdk.internal.reflect.DelegatingMethodAccessorImpl.invoke(DelegatingMethodAccessorImpl.java:43)\n\tat java.base/java.lang.reflect.Method.invoke(Method.java:568)\n\tat org.testng.internal.invokers.MethodInvocationHelper.invokeMethod(MethodInvocationHelper.java:139)\n\tat org.testng.internal.invokers.TestInvoker.invokeMethod(TestInvoker.java:677)\n\tat org.testng.internal.invokers.TestInvoker.retryFailed(TestInvoker.java:263)\n\tat org.testng.internal.invokers.MethodRunner.runInSequence(MethodRunner.java:62)\n\tat org.testng.internal.invokers.TestInvoker$MethodInvocationAgent.invoke(TestInvoker.java:969)\n\tat org.testng.internal.invokers.TestInvoker.invokeTestMethods(TestInvoker.java:194)\n\tat org.testng.internal.invokers.TestMethodWorker.invokeTestMethods(TestMethodWorker.java:148)\n\tat org.testng.internal.invokers.TestMethodWorker.run(TestMethodWorker.java:128)\n\tat java.base/java.util.concurrent.ThreadPoolExecutor.runWorker(ThreadPoolExecutor.java:1136)\n\tat java.base/java.util.concurrent.ThreadPoolExecutor$Worker.run(ThreadPoolExecutor.java:635)\n\tat java.base/java.lang.Thread.run(Thread.java:833)\n","steps":[{"name":"Access http://the-internet.herokuapp.com/login URL.","time":{"start":1692841442535,"stop":1692841442535,"duration":0},"status":"passed","steps":[],"attachments":[],"parameters":[],"stepsCount":0,"attachmentsCount":0,"shouldDisplayMessage":false,"hasContent":false},{"name":"Verify login form present or not.","time":{"start":1692841442688,"stop":1692841442688,"duration":0},"status":"passed","steps":[],"attachments":[],"parameters":[],"stepsCount":0,"attachmentsCount":0,"shouldDisplayMessage":false,"hasContent":false},{"name":"1. Login with valid username and password.","time":{"start":1692841442730,"stop":1692841442730,"duration":0},"status":"passed","steps":[],"attachments":[],"parameters":[],"stepsCount":0,"attachmentsCount":0,"shouldDisplayMessage":false,"hasContent":false},{"name":"Enter tomsmith username","time":{"start":1692841442730,"stop":1692841442730,"duration":0},"status":"passed","steps":[],"attachments":[],"parameters":[],"stepsCount":0,"attachmentsCount":0,"shouldDisplayMessage":false,"hasContent":false},{"name":"Enter SuperSecretPassword! password","time":{"start":1692841442795,"stop":1692841442795,"duration":0},"status":"passed","steps":[],"attachments":[],"parameters":[],"stepsCount":0,"attachmentsCount":0,"shouldDisplayMessage":false,"hasContent":false},{"name":"Click on Submit button","time":{"start":1692841442863,"stop":1692841442863,"duration":0},"status":"passed","steps":[],"attachments":[],"parameters":[],"stepsCount":0,"attachmentsCount":0,"shouldDisplayMessage":false,"hasContent":false},{"name":"2. Verify success message present","time":{"start":1692841442984,"stop":1692841442984,"duration":0},"status":"passed","steps":[],"attachments":[],"parameters":[],"stepsCount":0,"attachmentsCount":0,"shouldDisplayMessage":false,"hasContent":false},{"name":"Verify success message present or not.","time":{"start":1692841442984,"stop":1692841442984,"duration":0},"status":"passed","steps":[],"attachments":[],"parameters":[],"stepsCount":0,"attachmentsCount":0,"shouldDisplayMessage":false,"hasContent":false}],"attachments":[],"parameters":[],"stepsCount":8,"attachmentsCount":0,"shouldDisplayMessage":true,"hasContent":true},"afterStages":[{"name":"teardown","time":{"start":1692841443099,"stop":1692841443202,"duration":103},"description":"","status":"passed","steps":[{"name":"Cleaning up driver instance: ChromeDriver: chrome on linux (170ee8a2c4c41085a1f39ca149792923)","time":{"start":1692841443099,"stop":1692841443099,"duration":0},"status":"passed","steps":[],"attachments":[],"parameters":[],"stepsCount":0,"attachmentsCount":0,"shouldDisplayMessage":false,"hasContent":false},{"name":"Complete time: 24 Aug 2023 01:44:03","time":{"start":1692841443201,"stop":1692841443202,"duration":1},"status":"passed","steps":[],"attachments":[],"parameters":[],"stepsCount":0,"attachmentsCount":0,"shouldDisplayMessage":false,"hasContent":false}],"attachments":[],"parameters":[],"stepsCount":2,"attachmentsCount":0,"shouldDisplayMessage":false,"hasContent":true}],"labels":[{"name":"package","value":"test.java.tests.theInternet.parallel.TestThree"},{"name":"testClass","value":"test.java.tests.theInternet.parallel.TestThree"},{"name":"testMethod","value":"testThreeExpectedFailure"},{"name":"parentSuite","value":"Suite - Parallel Execution"},{"name":"suite","value":"Test Parallel Execution"},{"name":"subSuite","value":"test.java.tests.theInternet.parallel.TestThree"},{"name":"host","value":"fv-az1248-525"},{"name":"thread","value":"2419@fv-az1248-525.TestNG-test=Test Parallel Execution-12(144)"},{"name":"framework","value":"testng"},{"name":"language","value":"java"},{"name":"severity","value":"blocker"},{"name":"resultFormat","value":"allure2"}],"parameters":[],"links":[],"hidden":false,"retry":false,"extra":{"severity":"blocker","retries":[{"uid":"1146d3ed8b4c5bd0","status":"skipped","statusDetails":"success message not present expected [false] but found [true]","time":{"start":1692841441603,"stop":1692841442196,"duration":593}},{"uid":"da38d12b68bd5744","status":"skipped","statusDetails":"Session ID is null. Using WebDriver after calling quit()?\nBuild info: version: '4.11.0', revision: '040bc5406b'\nSystem info: os.name: 'Linux', os.arch: 'amd64', os.version: '5.15.0-1041-azure', java.version: '17.0.8'\nDriver info: org.openqa.selenium.chrome.ChromeDriver\nCommand: [null, findElement {using=css selector, value=.flash.success}]\nCapabilities {acceptInsecureCerts: false, browserName: chrome, browserVersion: 115.0.5790.170, chrome: {chromedriverVersion: 115.0.5790.170 (cc0d30c2ca5..., userDataDir: /tmp/.org.chromium.Chromium...}, goog:chromeOptions: {debuggerAddress: localhost:41541}, networkConnectionEnabled: false, pageLoadStrategy: normal, platformName: linux, proxy: Proxy(), se:cdp: ws://localhost:41541/devtoo..., se:cdpVersion: 115.0.5790.170, setWindowRect: true, strictFileInteractability: false, timeouts: {implicit: 0, pageLoad: 300000, script: 30000}, unhandledPromptBehavior: dismiss and notify, webauthn:extension:credBlob: true, webauthn:extension:largeBlob: true, webauthn:extension:minPinLength: true, webauthn:extension:prf: true, webauthn:virtualAuthenticators: true}","time":{"start":1692841247962,"stop":1692841441066,"duration":193104}}],"categories":[{"name":"Product defects","matchedStatuses":[],"flaky":false}],"history":{"statistic":{"failed":18,"broken":0,"skipped":1,"passed":2,"unknown":0,"total":21},"items":[{"uid":"725de8322ac59e8c","reportUrl":"https://jagadeeshshetty.github.io/SeleniumMaven/96//#testresult/725de8322ac59e8c","status":"passed","time":{"start":1692841385349,"stop":1692841530726,"duration":145377}},{"uid":"a38090bb6cbd7377","reportUrl":"https://jagadeeshshetty.github.io/SeleniumMaven/94//#testresult/a38090bb6cbd7377","status":"failed","statusDetails":"success message not present expected [false] but found [true]","time":{"start":1692723017444,"stop":1692723018746,"duration":1302}},{"uid":"390d91322a46266a","reportUrl":"https://jagadeeshshetty.github.io/SeleniumMaven/86//#testresult/390d91322a46266a","status":"failed","statusDetails":"success message not present expected [false] but found [true]","time":{"start":1692603697135,"stop":1692603698141,"duration":1006}},{"uid":"4c3401703dbbaea1","reportUrl":"https://jagadeeshshetty.github.io/SeleniumMaven/90//#testresult/4c3401703dbbaea1","status":"failed","statusDetails":"success message not present expected [false] but found [true]","time":{"start":1692603827904,"stop":1692603828400,"duration":496}},{"uid":"b2438aa392880bff","reportUrl":"https://jagadeeshshetty.github.io/SeleniumMaven/93//#testresult/b2438aa392880bff","status":"failed","statusDetails":"success message not present expected [false] but found [true]","time":{"start":1692603567548,"stop":1692603568935,"duration":1387}},{"uid":"bee300b7a665fd8e","reportUrl":"https://jagadeeshshetty.github.io/SeleniumMaven/88//#testresult/bee300b7a665fd8e","status":"failed","statusDetails":"success message not present expected [false] but found [true]","time":{"start":1692603695129,"stop":1692603696184,"duration":1055}},{"uid":"34e3aa7bd1a0b6d7","reportUrl":"https://jagadeeshshetty.github.io/SeleniumMaven/92//#testresult/34e3aa7bd1a0b6d7","status":"failed","statusDetails":"success message not present expected [false] but found [true]","time":{"start":1692603611106,"stop":1692603612441,"duration":1335}},{"uid":"e2f7df59d9f8124e","reportUrl":"https://jagadeeshshetty.github.io/SeleniumMaven/87//#testresult/e2f7df59d9f8124e","status":"failed","statusDetails":"success message not present expected [false] but found [true]","time":{"start":1692603574038,"stop":1692603575503,"duration":1465}},{"uid":"10bdcc8d774bd195","reportUrl":"https://jagadeeshshetty.github.io/SeleniumMaven/85//#testresult/10bdcc8d774bd195","status":"failed","statusDetails":"success message not present expected [false] but found [true]","time":{"start":1692415522154,"stop":1692415522721,"duration":567}},{"uid":"fe03442c55ac9bf4","reportUrl":"https://jagadeeshshetty.github.io/SeleniumMaven/84//#testresult/fe03442c55ac9bf4","status":"failed","statusDetails":"success message not present expected [false] but found [true]","time":{"start":1692415041412,"stop":1692415042024,"duration":612}},{"uid":"b6791c812a9d4c63","reportUrl":"https://jagadeeshshetty.github.io/SeleniumMaven/83//#testresult/b6791c812a9d4c63","status":"failed","statusDetails":"success message not present expected [false] but found [true]","time":{"start":1692275160024,"stop":1692275161358,"duration":1334}},{"uid":"a4b306517de93f0d","reportUrl":"https://jagadeeshshetty.github.io/SeleniumMaven/82//#testresult/a4b306517de93f0d","status":"failed","statusDetails":"success message not present expected [false] but found [true]","time":{"start":1692274116543,"stop":1692274117528,"duration":985}},{"uid":"50f4eef148b64129","reportUrl":"https://jagadeeshshetty.github.io/SeleniumMaven/81//#testresult/50f4eef148b64129","status":"passed","time":{"start":1692271215262,"stop":1692271360770,"duration":145508}},{"uid":"3809e43fa8ffa98e","reportUrl":"https://jagadeeshshetty.github.io/SeleniumMaven/80//#testresult/3809e43fa8ffa98e","status":"failed","statusDetails":"success message not present expected [false] but found [true]","time":{"start":1692271001254,"stop":1692271001858,"duration":604}},{"uid":"269589140959b6d9","reportUrl":"https://jagadeeshshetty.github.io/SeleniumMaven/79//#testresult/269589140959b6d9","status":"failed","statusDetails":"success message not present expected [false] but found [true]","time":{"start":1692182391237,"stop":1692182391713,"duration":476}},{"uid":"ca4d35a7c0ce328e","reportUrl":"https://jagadeeshshetty.github.io/SeleniumMaven/78//#testresult/ca4d35a7c0ce328e","status":"failed","statusDetails":"success message not present expected [false] but found [true]","time":{"start":1692181647388,"stop":1692181647875,"duration":487}},{"uid":"11246160b727e7c0","reportUrl":"https://jagadeeshshetty.github.io/SeleniumMaven/77//#testresult/11246160b727e7c0","status":"failed","statusDetails":"success message not present expected [false] but found [true]","time":{"start":1692178715082,"stop":1692178811818,"duration":96736}},{"uid":"1000cf4fcb0d8eeb","reportUrl":"https://jagadeeshshetty.github.io/SeleniumMaven/76//#testresult/1000cf4fcb0d8eeb","status":"failed","statusDetails":"success message not present expected [false] but found [true]","time":{"start":1692176668585,"stop":1692176669392,"duration":807}},{"uid":"bf54fdcf0d38946c","reportUrl":"https://jagadeeshshetty.github.io/SeleniumMaven/75//#testresult/bf54fdcf0d38946c","status":"failed","statusDetails":"success message not present expected [false] but found [true]","time":{"start":1692124916183,"stop":1692124917192,"duration":1009}},{"uid":"f0135b7248e3332","reportUrl":"https://jagadeeshshetty.github.io/SeleniumMaven/73//#testresult/f0135b7248e3332","status":"skipped","statusDetails":"Unable to establish websocket connection to http://localhost:34445/devtools/browser/b0d78bfa-1a03-4b2f-800c-ddd96ba06897\nBuild info: version: '4.1.2', revision: '9a5a329c5a'\nSystem info: host: 'fv-az203-597', ip: '10.1.0.117', os.name: 'Linux', os.arch: 'amd64', os.version: '5.15.0-1041-azure', java.version: '17.0.8'\nDriver info: driver.version: ChromeDriver","time":{"start":1690849858436,"stop":1690849858438,"duration":2}}]},"tags":[]},"source":"7923e664a09d6d98.json","parameterValues":[]}