{"uid":"8b2ba1c9190f0a9f","name":"testOneExpectedFailure","fullName":"test.java.tests.theInternet.parallel.TestOne.testOneExpectedFailure","historyId":"ab6883056220de6a4dfa4936aa12b217","time":{"start":1692275145327,"stop":1692275146713,"duration":1386},"description":"Verify the successful login with valid username and password.","descriptionHtml":"<p>Verify the successful login with valid username and password.</p>\n","status":"skipped","statusMessage":"success message not present expected [false] but found [true]","statusTrace":"java.lang.AssertionError: success message not present expected [false] but found [true]\n\tat org.testng.Assert.fail(Assert.java:110)\n\tat org.testng.Assert.failNotEquals(Assert.java:1577)\n\tat org.testng.Assert.assertFalse(Assert.java:78)\n\tat test.java.tests.theInternet.parallel.TestOne.testOneExpectedFailure(TestOne.java:77)\n\tat java.base/jdk.internal.reflect.NativeMethodAccessorImpl.invoke0(Native Method)\n\tat java.base/jdk.internal.reflect.NativeMethodAccessorImpl.invoke(NativeMethodAccessorImpl.java:77)\n\tat java.base/jdk.internal.reflect.DelegatingMethodAccessorImpl.invoke(DelegatingMethodAccessorImpl.java:43)\n\tat java.base/java.lang.reflect.Method.invoke(Method.java:568)\n\tat org.testng.internal.invokers.MethodInvocationHelper.invokeMethod(MethodInvocationHelper.java:139)\n\tat org.testng.internal.invokers.TestInvoker.invokeMethod(TestInvoker.java:677)\n\tat org.testng.internal.invokers.TestInvoker.retryFailed(TestInvoker.java:263)\n\tat org.testng.internal.invokers.MethodRunner.runInSequence(MethodRunner.java:62)\n\tat org.testng.internal.invokers.TestInvoker$MethodInvocationAgent.invoke(TestInvoker.java:969)\n\tat org.testng.internal.invokers.TestInvoker.invokeTestMethods(TestInvoker.java:194)\n\tat org.testng.internal.invokers.TestMethodWorker.invokeTestMethods(TestMethodWorker.java:148)\n\tat org.testng.internal.invokers.TestMethodWorker.run(TestMethodWorker.java:128)\n\tat java.base/java.util.concurrent.ThreadPoolExecutor.runWorker(ThreadPoolExecutor.java:1136)\n\tat java.base/java.util.concurrent.ThreadPoolExecutor$Worker.run(ThreadPoolExecutor.java:635)\n\tat java.base/java.lang.Thread.run(Thread.java:833)\n","flaky":false,"newFailed":false,"newBroken":false,"newPassed":false,"retriesCount":0,"retriesStatusChange":false,"beforeStages":[{"name":"setup","time":{"start":1692275144986,"stop":1692275145323,"duration":337},"description":"","status":"passed","steps":[{"name":"Start time: 17 Aug 2023 12:25:44","time":{"start":1692275144986,"stop":1692275144986,"duration":0},"status":"passed","steps":[],"attachments":[],"parameters":[],"stepsCount":0,"attachmentsCount":0,"shouldDisplayMessage":false,"hasContent":false},{"name":"Running Test on 'Linux' OS.","time":{"start":1692275144986,"stop":1692275144986,"duration":0},"status":"passed","steps":[],"attachments":[],"parameters":[],"stepsCount":0,"attachmentsCount":0,"shouldDisplayMessage":false,"hasContent":false},{"name":"JVM Version: 17.0.8","time":{"start":1692275144986,"stop":1692275144986,"duration":0},"status":"passed","steps":[],"attachments":[],"parameters":[],"stepsCount":0,"attachmentsCount":0,"shouldDisplayMessage":false,"hasContent":false},{"name":"Browser: CHROME 115.0.5790.170","time":{"start":1692275145319,"stop":1692275145319,"duration":0},"status":"passed","steps":[],"attachments":[],"parameters":[],"stepsCount":0,"attachmentsCount":0,"shouldDisplayMessage":false,"hasContent":false},{"name":"Driver instance: ChromeDriver: chrome on linux (2f79e47bd73709656a890c1cff335d61)","time":{"start":1692275145319,"stop":1692275145319,"duration":0},"status":"passed","steps":[],"attachments":[],"parameters":[],"stepsCount":0,"attachmentsCount":0,"shouldDisplayMessage":false,"hasContent":false}],"attachments":[],"parameters":[],"stepsCount":5,"attachmentsCount":0,"shouldDisplayMessage":false,"hasContent":true}],"testStage":{"description":"Verify the successful login with valid username and password.","status":"skipped","statusMessage":"success message not present expected [false] but found [true]","statusTrace":"java.lang.AssertionError: success message not present expected [false] but found [true]\n\tat org.testng.Assert.fail(Assert.java:110)\n\tat org.testng.Assert.failNotEquals(Assert.java:1577)\n\tat org.testng.Assert.assertFalse(Assert.java:78)\n\tat test.java.tests.theInternet.parallel.TestOne.testOneExpectedFailure(TestOne.java:77)\n\tat java.base/jdk.internal.reflect.NativeMethodAccessorImpl.invoke0(Native Method)\n\tat java.base/jdk.internal.reflect.NativeMethodAccessorImpl.invoke(NativeMethodAccessorImpl.java:77)\n\tat java.base/jdk.internal.reflect.DelegatingMethodAccessorImpl.invoke(DelegatingMethodAccessorImpl.java:43)\n\tat java.base/java.lang.reflect.Method.invoke(Method.java:568)\n\tat org.testng.internal.invokers.MethodInvocationHelper.invokeMethod(MethodInvocationHelper.java:139)\n\tat org.testng.internal.invokers.TestInvoker.invokeMethod(TestInvoker.java:677)\n\tat org.testng.internal.invokers.TestInvoker.retryFailed(TestInvoker.java:263)\n\tat org.testng.internal.invokers.MethodRunner.runInSequence(MethodRunner.java:62)\n\tat org.testng.internal.invokers.TestInvoker$MethodInvocationAgent.invoke(TestInvoker.java:969)\n\tat org.testng.internal.invokers.TestInvoker.invokeTestMethods(TestInvoker.java:194)\n\tat org.testng.internal.invokers.TestMethodWorker.invokeTestMethods(TestMethodWorker.java:148)\n\tat org.testng.internal.invokers.TestMethodWorker.run(TestMethodWorker.java:128)\n\tat java.base/java.util.concurrent.ThreadPoolExecutor.runWorker(ThreadPoolExecutor.java:1136)\n\tat java.base/java.util.concurrent.ThreadPoolExecutor$Worker.run(ThreadPoolExecutor.java:635)\n\tat java.base/java.lang.Thread.run(Thread.java:833)\n","steps":[{"name":"Access http://the-internet.herokuapp.com/login URL.","time":{"start":1692275145331,"stop":1692275145331,"duration":0},"status":"passed","steps":[],"attachments":[],"parameters":[],"stepsCount":0,"attachmentsCount":0,"shouldDisplayMessage":false,"hasContent":false},{"name":"Verify login form present or not.","time":{"start":1692275146155,"stop":1692275146155,"duration":0},"status":"passed","steps":[],"attachments":[],"parameters":[],"stepsCount":0,"attachmentsCount":0,"shouldDisplayMessage":false,"hasContent":false},{"name":"1. Login with valid username and password.","time":{"start":1692275146209,"stop":1692275146209,"duration":0},"status":"passed","steps":[],"attachments":[],"parameters":[],"stepsCount":0,"attachmentsCount":0,"shouldDisplayMessage":false,"hasContent":false},{"name":"Enter tomsmith username","time":{"start":1692275146209,"stop":1692275146209,"duration":0},"status":"passed","steps":[],"attachments":[],"parameters":[],"stepsCount":0,"attachmentsCount":0,"shouldDisplayMessage":false,"hasContent":false},{"name":"Enter SuperSecretPassword! password","time":{"start":1692275146300,"stop":1692275146300,"duration":0},"status":"passed","steps":[],"attachments":[],"parameters":[],"stepsCount":0,"attachmentsCount":0,"shouldDisplayMessage":false,"hasContent":false},{"name":"Click on Submit button","time":{"start":1692275146385,"stop":1692275146385,"duration":0},"status":"passed","steps":[],"attachments":[],"parameters":[],"stepsCount":0,"attachmentsCount":0,"shouldDisplayMessage":false,"hasContent":false},{"name":"2. Verify success message present","time":{"start":1692275146662,"stop":1692275146662,"duration":0},"status":"passed","steps":[],"attachments":[],"parameters":[],"stepsCount":0,"attachmentsCount":0,"shouldDisplayMessage":false,"hasContent":false},{"name":"Verify success message present or not.","time":{"start":1692275146662,"stop":1692275146662,"duration":0},"status":"passed","steps":[],"attachments":[],"parameters":[],"stepsCount":0,"attachmentsCount":0,"shouldDisplayMessage":false,"hasContent":false}],"attachments":[],"parameters":[],"stepsCount":8,"attachmentsCount":0,"shouldDisplayMessage":true,"hasContent":true},"afterStages":[{"name":"teardown","time":{"start":1692275146715,"stop":1692275146819,"duration":104},"description":"","status":"passed","steps":[{"name":"Cleaning up driver instance: ChromeDriver: chrome on linux (2f79e47bd73709656a890c1cff335d61)","time":{"start":1692275146715,"stop":1692275146715,"duration":0},"status":"passed","steps":[],"attachments":[],"parameters":[],"stepsCount":0,"attachmentsCount":0,"shouldDisplayMessage":false,"hasContent":false},{"name":"Complete time: 17 Aug 2023 12:25:46","time":{"start":1692275146819,"stop":1692275146819,"duration":0},"status":"passed","steps":[],"attachments":[],"parameters":[],"stepsCount":0,"attachmentsCount":0,"shouldDisplayMessage":false,"hasContent":false}],"attachments":[],"parameters":[],"stepsCount":2,"attachmentsCount":0,"shouldDisplayMessage":false,"hasContent":true}],"labels":[{"name":"package","value":"test.java.tests.theInternet.parallel.TestOne"},{"name":"testClass","value":"test.java.tests.theInternet.parallel.TestOne"},{"name":"testMethod","value":"testOneExpectedFailure"},{"name":"parentSuite","value":"Suite - Parallel Execution"},{"name":"suite","value":"Test Parallel Execution"},{"name":"subSuite","value":"test.java.tests.theInternet.parallel.TestOne"},{"name":"host","value":"fv-az573-208"},{"name":"thread","value":"2303@fv-az573-208.TestNG-test=Test Parallel Execution-4(20)"},{"name":"framework","value":"testng"},{"name":"language","value":"java"},{"name":"severity","value":"blocker"},{"name":"resultFormat","value":"allure2"}],"parameters":[],"links":[],"hidden":true,"retry":true,"extra":{"categories":[],"tags":[]},"source":"8b2ba1c9190f0a9f.json","parameterValues":[]}