{"uid":"f4dce0e9eaf80d3","name":"testFourExpectedFailure","fullName":"test.java.tests.theInternet.parallel.TestFour.testFourExpectedFailure","historyId":"ce09e92ae2bcb1db5e1b8af8fb14a997","time":{"start":1692603831712,"stop":1692603832217,"duration":505},"description":"Verify the successful login with valid username and password.","descriptionHtml":"<p>Verify the successful login with valid username and password.</p>\n","status":"failed","statusMessage":"success message not present expected [false] but found [true]","statusTrace":"java.lang.AssertionError: success message not present expected [false] but found [true]\n\tat org.testng.Assert.fail(Assert.java:110)\n\tat org.testng.Assert.failNotEquals(Assert.java:1577)\n\tat org.testng.Assert.assertFalse(Assert.java:78)\n\tat test.java.tests.theInternet.parallel.TestFour.testFourExpectedFailure(TestFour.java:77)\n\tat java.base/jdk.internal.reflect.NativeMethodAccessorImpl.invoke0(Native Method)\n\tat java.base/jdk.internal.reflect.NativeMethodAccessorImpl.invoke(NativeMethodAccessorImpl.java:77)\n\tat java.base/jdk.internal.reflect.DelegatingMethodAccessorImpl.invoke(DelegatingMethodAccessorImpl.java:43)\n\tat java.base/java.lang.reflect.Method.invoke(Method.java:568)\n\tat org.testng.internal.invokers.MethodInvocationHelper.invokeMethod(MethodInvocationHelper.java:139)\n\tat org.testng.internal.invokers.TestInvoker.invokeMethod(TestInvoker.java:677)\n\tat org.testng.internal.invokers.TestInvoker.retryFailed(TestInvoker.java:263)\n\tat org.testng.internal.invokers.MethodRunner.runInSequence(MethodRunner.java:62)\n\tat org.testng.internal.invokers.TestInvoker$MethodInvocationAgent.invoke(TestInvoker.java:969)\n\tat org.testng.internal.invokers.TestInvoker.invokeTestMethods(TestInvoker.java:194)\n\tat org.testng.internal.invokers.TestMethodWorker.invokeTestMethods(TestMethodWorker.java:148)\n\tat org.testng.internal.invokers.TestMethodWorker.run(TestMethodWorker.java:128)\n\tat java.base/java.util.concurrent.ThreadPoolExecutor.runWorker(ThreadPoolExecutor.java:1136)\n\tat java.base/java.util.concurrent.ThreadPoolExecutor$Worker.run(ThreadPoolExecutor.java:635)\n\tat java.base/java.lang.Thread.run(Thread.java:833)\n","flaky":true,"newFailed":true,"newBroken":false,"newPassed":false,"retriesCount":2,"retriesStatusChange":true,"beforeStages":[{"name":"setup","time":{"start":1692603831411,"stop":1692603831710,"duration":299},"description":"","status":"passed","steps":[{"name":"Start time: 21 Aug 2023 07:43:51","time":{"start":1692603831411,"stop":1692603831411,"duration":0},"status":"passed","steps":[],"attachments":[],"parameters":[],"stepsCount":0,"attachmentsCount":0,"shouldDisplayMessage":false,"hasContent":false},{"name":"Running Test on 'Linux' OS.","time":{"start":1692603831411,"stop":1692603831411,"duration":0},"status":"passed","steps":[],"attachments":[],"parameters":[],"stepsCount":0,"attachmentsCount":0,"shouldDisplayMessage":false,"hasContent":false},{"name":"JVM Version: 17.0.8","time":{"start":1692603831411,"stop":1692603831411,"duration":0},"status":"passed","steps":[],"attachments":[],"parameters":[],"stepsCount":0,"attachmentsCount":0,"shouldDisplayMessage":false,"hasContent":false},{"name":"Browser: CHROME 115.0.5790.170","time":{"start":1692603831708,"stop":1692603831708,"duration":0},"status":"passed","steps":[],"attachments":[],"parameters":[],"stepsCount":0,"attachmentsCount":0,"shouldDisplayMessage":false,"hasContent":false},{"name":"Driver instance: ChromeDriver: chrome on linux (7d3d0699a65f82a7ef2335c6cd182474)","time":{"start":1692603831708,"stop":1692603831708,"duration":0},"status":"passed","steps":[],"attachments":[],"parameters":[],"stepsCount":0,"attachmentsCount":0,"shouldDisplayMessage":false,"hasContent":false}],"attachments":[],"parameters":[],"stepsCount":5,"attachmentsCount":0,"shouldDisplayMessage":false,"hasContent":true}],"testStage":{"description":"Verify the successful login with valid username and password.","status":"failed","statusMessage":"success message not present expected [false] but found [true]","statusTrace":"java.lang.AssertionError: success message not present expected [false] but found [true]\n\tat org.testng.Assert.fail(Assert.java:110)\n\tat org.testng.Assert.failNotEquals(Assert.java:1577)\n\tat org.testng.Assert.assertFalse(Assert.java:78)\n\tat test.java.tests.theInternet.parallel.TestFour.testFourExpectedFailure(TestFour.java:77)\n\tat java.base/jdk.internal.reflect.NativeMethodAccessorImpl.invoke0(Native Method)\n\tat java.base/jdk.internal.reflect.NativeMethodAccessorImpl.invoke(NativeMethodAccessorImpl.java:77)\n\tat java.base/jdk.internal.reflect.DelegatingMethodAccessorImpl.invoke(DelegatingMethodAccessorImpl.java:43)\n\tat java.base/java.lang.reflect.Method.invoke(Method.java:568)\n\tat org.testng.internal.invokers.MethodInvocationHelper.invokeMethod(MethodInvocationHelper.java:139)\n\tat org.testng.internal.invokers.TestInvoker.invokeMethod(TestInvoker.java:677)\n\tat org.testng.internal.invokers.TestInvoker.retryFailed(TestInvoker.java:263)\n\tat org.testng.internal.invokers.MethodRunner.runInSequence(MethodRunner.java:62)\n\tat org.testng.internal.invokers.TestInvoker$MethodInvocationAgent.invoke(TestInvoker.java:969)\n\tat org.testng.internal.invokers.TestInvoker.invokeTestMethods(TestInvoker.java:194)\n\tat org.testng.internal.invokers.TestMethodWorker.invokeTestMethods(TestMethodWorker.java:148)\n\tat org.testng.internal.invokers.TestMethodWorker.run(TestMethodWorker.java:128)\n\tat java.base/java.util.concurrent.ThreadPoolExecutor.runWorker(ThreadPoolExecutor.java:1136)\n\tat java.base/java.util.concurrent.ThreadPoolExecutor$Worker.run(ThreadPoolExecutor.java:635)\n\tat java.base/java.lang.Thread.run(Thread.java:833)\n","steps":[{"name":"Access http://the-internet.herokuapp.com/login URL.","time":{"start":1692603831714,"stop":1692603831714,"duration":0},"status":"passed","steps":[],"attachments":[],"parameters":[],"stepsCount":0,"attachmentsCount":0,"shouldDisplayMessage":false,"hasContent":false},{"name":"Verify login form present or not.","time":{"start":1692603831875,"stop":1692603831875,"duration":0},"status":"passed","steps":[],"attachments":[],"parameters":[],"stepsCount":0,"attachmentsCount":0,"shouldDisplayMessage":false,"hasContent":false},{"name":"1. Login with valid username and password.","time":{"start":1692603831917,"stop":1692603831917,"duration":0},"status":"passed","steps":[],"attachments":[],"parameters":[],"stepsCount":0,"attachmentsCount":0,"shouldDisplayMessage":false,"hasContent":false},{"name":"Enter tomsmith username","time":{"start":1692603831917,"stop":1692603831917,"duration":0},"status":"passed","steps":[],"attachments":[],"parameters":[],"stepsCount":0,"attachmentsCount":0,"shouldDisplayMessage":false,"hasContent":false},{"name":"Enter SuperSecretPassword! password","time":{"start":1692603831984,"stop":1692603831984,"duration":0},"status":"passed","steps":[],"attachments":[],"parameters":[],"stepsCount":0,"attachmentsCount":0,"shouldDisplayMessage":false,"hasContent":false},{"name":"Click on Submit button","time":{"start":1692603832056,"stop":1692603832056,"duration":0},"status":"passed","steps":[],"attachments":[],"parameters":[],"stepsCount":0,"attachmentsCount":0,"shouldDisplayMessage":false,"hasContent":false},{"name":"2. Verify success message present","time":{"start":1692603832176,"stop":1692603832176,"duration":0},"status":"passed","steps":[],"attachments":[],"parameters":[],"stepsCount":0,"attachmentsCount":0,"shouldDisplayMessage":false,"hasContent":false},{"name":"Verify success message present or not.","time":{"start":1692603832176,"stop":1692603832176,"duration":0},"status":"passed","steps":[],"attachments":[],"parameters":[],"stepsCount":0,"attachmentsCount":0,"shouldDisplayMessage":false,"hasContent":false}],"attachments":[],"parameters":[],"stepsCount":8,"attachmentsCount":0,"shouldDisplayMessage":true,"hasContent":true},"afterStages":[{"name":"teardown","time":{"start":1692603832287,"stop":1692603832389,"duration":102},"description":"","status":"passed","steps":[{"name":"Cleaning up driver instance: ChromeDriver: chrome on linux (7d3d0699a65f82a7ef2335c6cd182474)","time":{"start":1692603832287,"stop":1692603832287,"duration":0},"status":"passed","steps":[],"attachments":[],"parameters":[],"stepsCount":0,"attachmentsCount":0,"shouldDisplayMessage":false,"hasContent":false},{"name":"Complete time: 21 Aug 2023 07:43:52","time":{"start":1692603832389,"stop":1692603832389,"duration":0},"status":"passed","steps":[],"attachments":[],"parameters":[],"stepsCount":0,"attachmentsCount":0,"shouldDisplayMessage":false,"hasContent":false}],"attachments":[],"parameters":[],"stepsCount":2,"attachmentsCount":0,"shouldDisplayMessage":false,"hasContent":true}],"labels":[{"name":"package","value":"test.java.tests.theInternet.parallel.TestFour"},{"name":"testClass","value":"test.java.tests.theInternet.parallel.TestFour"},{"name":"testMethod","value":"testFourExpectedFailure"},{"name":"parentSuite","value":"Suite - Parallel Execution"},{"name":"suite","value":"Test Parallel Execution"},{"name":"subSuite","value":"test.java.tests.theInternet.parallel.TestFour"},{"name":"host","value":"fv-az590-232"},{"name":"thread","value":"2270@fv-az590-232.TestNG-test=Test Parallel Execution-16(195)"},{"name":"framework","value":"testng"},{"name":"language","value":"java"},{"name":"severity","value":"blocker"},{"name":"resultFormat","value":"allure2"}],"parameters":[],"links":[],"hidden":false,"retry":false,"extra":{"severity":"blocker","retries":[{"uid":"865dfdbe8ca74a7a","status":"skipped","statusDetails":"success message not present expected [false] but found [true]","time":{"start":1692603830829,"stop":1692603831303,"duration":474}},{"uid":"bb8a9357e779d9ff","status":"skipped","statusDetails":"Error communicating with the remote browser. It may have died.\nBuild info: version: '4.11.0', revision: '040bc5406b'\nSystem info: os.name: 'Linux', os.arch: 'amd64', os.version: '5.15.0-1042-azure', java.version: '17.0.8'\nDriver info: org.openqa.selenium.chrome.ChromeDriver\nCommand: [fd01599544a5610837ada8f6c1822560, isElementDisplayed [id]]\nCapabilities {acceptInsecureCerts: false, browserName: chrome, browserVersion: 115.0.5790.170, chrome: {chromedriverVersion: 115.0.5790.170 (cc0d30c2ca5..., userDataDir: /tmp/.org.chromium.Chromium...}, goog:chromeOptions: {debuggerAddress: localhost:42217}, networkConnectionEnabled: false, pageLoadStrategy: normal, platformName: linux, proxy: Proxy(), se:cdp: ws://localhost:42217/devtoo..., se:cdpVersion: 115.0.5790.170, setWindowRect: true, strictFileInteractability: false, timeouts: {implicit: 0, pageLoad: 300000, script: 30000}, unhandledPromptBehavior: dismiss and notify, webauthn:extension:credBlob: true, webauthn:extension:largeBlob: true, webauthn:extension:minPinLength: true, webauthn:extension:prf: true, webauthn:virtualAuthenticators: true}\nElement: [[ChromeDriver: chrome on linux (fd01599544a5610837ada8f6c1822560)] -> css selector: .flash.success]\nSession ID: fd01599544a5610837ada8f6c1822560","time":{"start":1692603829311,"stop":1692603830487,"duration":1176}}],"categories":[{"name":"Product defects","matchedStatuses":[],"flaky":false}],"history":{"statistic":{"failed":10,"broken":0,"skipped":1,"passed":6,"unknown":0,"total":17},"items":[{"uid":"ea701484a4067bee","reportUrl":"https://jagadeeshshetty.github.io/SeleniumMaven/93//#testresult/ea701484a4067bee","status":"passed","time":{"start":1692603569901,"stop":1692603716013,"duration":146112}},{"uid":"8c8275e9c5a1b038","reportUrl":"https://jagadeeshshetty.github.io/SeleniumMaven/88//#testresult/8c8275e9c5a1b038","status":"failed","statusDetails":"success message not present expected [false] but found [true]","time":{"start":1692603700144,"stop":1692603701188,"duration":1044}},{"uid":"7156a89866eb5bcb","reportUrl":"https://jagadeeshshetty.github.io/SeleniumMaven/92//#testresult/7156a89866eb5bcb","status":"passed","time":{"start":1692603613303,"stop":1692603663093,"duration":49790}},{"uid":"8db40ce92be6e512","reportUrl":"https://jagadeeshshetty.github.io/SeleniumMaven/87//#testresult/8db40ce92be6e512","status":"failed","statusDetails":"success message not present expected [false] but found [true]","time":{"start":1692603581111,"stop":1692603582549,"duration":1438}},{"uid":"ab600697b4862459","reportUrl":"https://jagadeeshshetty.github.io/SeleniumMaven/85//#testresult/ab600697b4862459","status":"passed","time":{"start":1692415523408,"stop":1692415668988,"duration":145580}},{"uid":"796e31e01ca847cb","reportUrl":"https://jagadeeshshetty.github.io/SeleniumMaven/84//#testresult/796e31e01ca847cb","status":"failed","statusDetails":"success message not present expected [false] but found [true]","time":{"start":1692415141500,"stop":1692415142061,"duration":561}},{"uid":"a31635d9eee2dc0f","reportUrl":"https://jagadeeshshetty.github.io/SeleniumMaven/83//#testresult/a31635d9eee2dc0f","status":"failed","statusDetails":"success message not present expected [false] but found [true]","time":{"start":1692275214395,"stop":1692275215732,"duration":1337}},{"uid":"805c5b89d93a369","reportUrl":"https://jagadeeshshetty.github.io/SeleniumMaven/82//#testresult/805c5b89d93a369","status":"failed","statusDetails":"success message not present expected [false] but found [true]","time":{"start":1692274411483,"stop":1692274412554,"duration":1071}},{"uid":"e938f045cd77850b","reportUrl":"https://jagadeeshshetty.github.io/SeleniumMaven/81//#testresult/e938f045cd77850b","status":"failed","statusDetails":"success message not present expected [false] but found [true]","time":{"start":1692271365895,"stop":1692271366835,"duration":940}},{"uid":"4ab8230fa26f57e","reportUrl":"https://jagadeeshshetty.github.io/SeleniumMaven/80//#testresult/4ab8230fa26f57e","status":"failed","statusDetails":"success message not present expected [false] but found [true]","time":{"start":1692271293672,"stop":1692271294198,"duration":526}},{"uid":"6f2640bd924eb8f4","reportUrl":"https://jagadeeshshetty.github.io/SeleniumMaven/79//#testresult/6f2640bd924eb8f4","status":"passed","time":{"start":1692182392630,"stop":1692182537598,"duration":144968}},{"uid":"59cd98e1d3d6fecf","reportUrl":"https://jagadeeshshetty.github.io/SeleniumMaven/78//#testresult/59cd98e1d3d6fecf","status":"passed","time":{"start":1692181648541,"stop":1692181793840,"duration":145299}},{"uid":"e11ff80c7579b8ac","reportUrl":"https://jagadeeshshetty.github.io/SeleniumMaven/77//#testresult/e11ff80c7579b8ac","status":"passed","time":{"start":1692178812614,"stop":1692178957856,"duration":145242}},{"uid":"ab6f64bd8b02e85","reportUrl":"https://jagadeeshshetty.github.io/SeleniumMaven/76//#testresult/ab6f64bd8b02e85","status":"failed","statusDetails":"success message not present expected [false] but found [true]","time":{"start":1692176721172,"stop":1692176722002,"duration":830}},{"uid":"d91088490e7afed","reportUrl":"https://jagadeeshshetty.github.io/SeleniumMaven/75//#testresult/d91088490e7afed","status":"failed","statusDetails":"success message not present expected [false] but found [true]","time":{"start":1692124921627,"stop":1692124922615,"duration":988}},{"uid":"86a8ca26f093af5","reportUrl":"https://jagadeeshshetty.github.io/SeleniumMaven/73//#testresult/86a8ca26f093af5","status":"skipped","statusDetails":"Unable to establish websocket connection to http://localhost:41735/devtools/browser/7eb2ee8d-0c5d-4fdd-8880-2d063e5a6e8e\nBuild info: version: '4.1.2', revision: '9a5a329c5a'\nSystem info: host: 'fv-az203-597', ip: '10.1.0.117', os.name: 'Linux', os.arch: 'amd64', os.version: '5.15.0-1041-azure', java.version: '17.0.8'\nDriver info: driver.version: ChromeDriver","time":{"start":1690849859462,"stop":1690849859476,"duration":14}}]},"tags":[]},"source":"f4dce0e9eaf80d3.json","parameterValues":[]}