{"uid":"51a4b6fc1d811749","name":"testTwoExpectedFailure","fullName":"test.java.tests.theInternet.parallel.TestTwo.testTwoExpectedFailure","historyId":"4efe4554ba541344b9f422311a9a859c","time":{"start":1700842807486,"stop":1700842807868,"duration":382},"description":"Verify the successful login with valid username and password.","descriptionHtml":"<p>Verify the successful login with valid username and password.</p>\n","status":"skipped","statusMessage":"success message not present expected [false] but found [true]","statusTrace":"java.lang.AssertionError: success message not present expected [false] but found [true]\n\tat org.testng.Assert.fail(Assert.java:110)\n\tat org.testng.Assert.failNotEquals(Assert.java:1577)\n\tat org.testng.Assert.assertFalse(Assert.java:78)\n\tat test.java.tests.theInternet.parallel.TestTwo.testTwoExpectedFailure(TestTwo.java:77)\n\tat java.base/jdk.internal.reflect.NativeMethodAccessorImpl.invoke0(Native Method)\n\tat java.base/jdk.internal.reflect.NativeMethodAccessorImpl.invoke(NativeMethodAccessorImpl.java:77)\n\tat java.base/jdk.internal.reflect.DelegatingMethodAccessorImpl.invoke(DelegatingMethodAccessorImpl.java:43)\n\tat java.base/java.lang.reflect.Method.invoke(Method.java:568)\n\tat org.testng.internal.invokers.MethodInvocationHelper.invokeMethod(MethodInvocationHelper.java:139)\n\tat org.testng.internal.invokers.TestInvoker.invokeMethod(TestInvoker.java:677)\n\tat org.testng.internal.invokers.TestInvoker.retryFailed(TestInvoker.java:263)\n\tat org.testng.internal.invokers.MethodRunner.runInSequence(MethodRunner.java:62)\n\tat org.testng.internal.invokers.TestInvoker$MethodInvocationAgent.invoke(TestInvoker.java:969)\n\tat org.testng.internal.invokers.TestInvoker.invokeTestMethods(TestInvoker.java:194)\n\tat org.testng.internal.invokers.TestMethodWorker.invokeTestMethods(TestMethodWorker.java:148)\n\tat org.testng.internal.invokers.TestMethodWorker.run(TestMethodWorker.java:128)\n\tat java.base/java.util.concurrent.ThreadPoolExecutor.runWorker(ThreadPoolExecutor.java:1136)\n\tat java.base/java.util.concurrent.ThreadPoolExecutor$Worker.run(ThreadPoolExecutor.java:635)\n\tat java.base/java.lang.Thread.run(Thread.java:840)\n","flaky":false,"newFailed":false,"newBroken":false,"newPassed":false,"retriesCount":0,"retriesStatusChange":false,"beforeStages":[{"name":"setup","time":{"start":1700842807252,"stop":1700842807484,"duration":232},"description":"","status":"passed","steps":[{"name":"Start time: 24 Nov 2023 16:20:07","time":{"start":1700842807252,"stop":1700842807252,"duration":0},"status":"passed","steps":[],"attachments":[],"parameters":[],"shouldDisplayMessage":false,"stepsCount":0,"attachmentsCount":0,"hasContent":false},{"name":"Running Test on 'Linux' OS.","time":{"start":1700842807252,"stop":1700842807252,"duration":0},"status":"passed","steps":[],"attachments":[],"parameters":[],"shouldDisplayMessage":false,"stepsCount":0,"attachmentsCount":0,"hasContent":false},{"name":"JVM Version: 17.0.9","time":{"start":1700842807252,"stop":1700842807252,"duration":0},"status":"passed","steps":[],"attachments":[],"parameters":[],"shouldDisplayMessage":false,"stepsCount":0,"attachmentsCount":0,"hasContent":false},{"name":"Browser: CHROME 119.0.6045.159","time":{"start":1700842807482,"stop":1700842807482,"duration":0},"status":"passed","steps":[],"attachments":[],"parameters":[],"shouldDisplayMessage":false,"stepsCount":0,"attachmentsCount":0,"hasContent":false},{"name":"Driver instance: ChromeDriver: chrome on linux (b8177c9818780cc806eb5eff6272c241)","time":{"start":1700842807482,"stop":1700842807482,"duration":0},"status":"passed","steps":[],"attachments":[],"parameters":[],"shouldDisplayMessage":false,"stepsCount":0,"attachmentsCount":0,"hasContent":false}],"attachments":[],"parameters":[],"shouldDisplayMessage":false,"stepsCount":5,"attachmentsCount":0,"hasContent":true}],"testStage":{"description":"Verify the successful login with valid username and password.","status":"skipped","statusMessage":"success message not present expected [false] but found [true]","statusTrace":"java.lang.AssertionError: success message not present expected [false] but found [true]\n\tat org.testng.Assert.fail(Assert.java:110)\n\tat org.testng.Assert.failNotEquals(Assert.java:1577)\n\tat org.testng.Assert.assertFalse(Assert.java:78)\n\tat test.java.tests.theInternet.parallel.TestTwo.testTwoExpectedFailure(TestTwo.java:77)\n\tat java.base/jdk.internal.reflect.NativeMethodAccessorImpl.invoke0(Native Method)\n\tat java.base/jdk.internal.reflect.NativeMethodAccessorImpl.invoke(NativeMethodAccessorImpl.java:77)\n\tat java.base/jdk.internal.reflect.DelegatingMethodAccessorImpl.invoke(DelegatingMethodAccessorImpl.java:43)\n\tat java.base/java.lang.reflect.Method.invoke(Method.java:568)\n\tat org.testng.internal.invokers.MethodInvocationHelper.invokeMethod(MethodInvocationHelper.java:139)\n\tat org.testng.internal.invokers.TestInvoker.invokeMethod(TestInvoker.java:677)\n\tat org.testng.internal.invokers.TestInvoker.retryFailed(TestInvoker.java:263)\n\tat org.testng.internal.invokers.MethodRunner.runInSequence(MethodRunner.java:62)\n\tat org.testng.internal.invokers.TestInvoker$MethodInvocationAgent.invoke(TestInvoker.java:969)\n\tat org.testng.internal.invokers.TestInvoker.invokeTestMethods(TestInvoker.java:194)\n\tat org.testng.internal.invokers.TestMethodWorker.invokeTestMethods(TestMethodWorker.java:148)\n\tat org.testng.internal.invokers.TestMethodWorker.run(TestMethodWorker.java:128)\n\tat java.base/java.util.concurrent.ThreadPoolExecutor.runWorker(ThreadPoolExecutor.java:1136)\n\tat java.base/java.util.concurrent.ThreadPoolExecutor$Worker.run(ThreadPoolExecutor.java:635)\n\tat java.base/java.lang.Thread.run(Thread.java:840)\n","steps":[{"name":"Access http://the-internet.herokuapp.com/login URL.","time":{"start":1700842807486,"stop":1700842807486,"duration":0},"status":"passed","steps":[],"attachments":[],"parameters":[],"shouldDisplayMessage":false,"stepsCount":0,"attachmentsCount":0,"hasContent":false},{"name":"Verify login form present or not.","time":{"start":1700842807624,"stop":1700842807624,"duration":0},"status":"passed","steps":[],"attachments":[],"parameters":[],"shouldDisplayMessage":false,"stepsCount":0,"attachmentsCount":0,"hasContent":false},{"name":"1. Login with valid username and password.","time":{"start":1700842807651,"stop":1700842807651,"duration":0},"status":"passed","steps":[],"attachments":[],"parameters":[],"shouldDisplayMessage":false,"stepsCount":0,"attachmentsCount":0,"hasContent":false},{"name":"Enter tomsmith username","time":{"start":1700842807652,"stop":1700842807652,"duration":0},"status":"passed","steps":[],"attachments":[],"parameters":[],"shouldDisplayMessage":false,"stepsCount":0,"attachmentsCount":0,"hasContent":false},{"name":"Enter SuperSecretPassword! password","time":{"start":1700842807701,"stop":1700842807701,"duration":0},"status":"passed","steps":[],"attachments":[],"parameters":[],"shouldDisplayMessage":false,"stepsCount":0,"attachmentsCount":0,"hasContent":false},{"name":"Click on Submit button","time":{"start":1700842807749,"stop":1700842807749,"duration":0},"status":"passed","steps":[],"attachments":[],"parameters":[],"shouldDisplayMessage":false,"stepsCount":0,"attachmentsCount":0,"hasContent":false},{"name":"2. Verify success message present","time":{"start":1700842807842,"stop":1700842807842,"duration":0},"status":"passed","steps":[],"attachments":[],"parameters":[],"shouldDisplayMessage":false,"stepsCount":0,"attachmentsCount":0,"hasContent":false},{"name":"Verify success message present or not.","time":{"start":1700842807842,"stop":1700842807842,"duration":0},"status":"passed","steps":[],"attachments":[],"parameters":[],"shouldDisplayMessage":false,"stepsCount":0,"attachmentsCount":0,"hasContent":false}],"attachments":[],"parameters":[],"shouldDisplayMessage":true,"stepsCount":8,"attachmentsCount":0,"hasContent":true},"afterStages":[{"name":"teardown","time":{"start":1700842807869,"stop":1700842807971,"duration":102},"description":"","status":"passed","steps":[{"name":"Cleaning up driver instance: ChromeDriver: chrome on linux (b8177c9818780cc806eb5eff6272c241)","time":{"start":1700842807869,"stop":1700842807869,"duration":0},"status":"passed","steps":[],"attachments":[],"parameters":[],"shouldDisplayMessage":false,"stepsCount":0,"attachmentsCount":0,"hasContent":false},{"name":"Complete time: 24 Nov 2023 16:20:07","time":{"start":1700842807971,"stop":1700842807971,"duration":0},"status":"passed","steps":[],"attachments":[],"parameters":[],"shouldDisplayMessage":false,"stepsCount":0,"attachmentsCount":0,"hasContent":false}],"attachments":[],"parameters":[],"shouldDisplayMessage":false,"stepsCount":2,"attachmentsCount":0,"hasContent":true}],"labels":[{"name":"package","value":"test.java.tests.theInternet.parallel.TestTwo"},{"name":"testClass","value":"test.java.tests.theInternet.parallel.TestTwo"},{"name":"testMethod","value":"testTwoExpectedFailure"},{"name":"parentSuite","value":"Suite - Parallel Execution"},{"name":"suite","value":"Test Parallel Execution"},{"name":"subSuite","value":"test.java.tests.theInternet.parallel.TestTwo"},{"name":"host","value":"fv-az1251-104"},{"name":"thread","value":"2416@fv-az1251-104.TestNG-test=Test Parallel Execution-8(89)"},{"name":"framework","value":"testng"},{"name":"language","value":"java"},{"name":"severity","value":"blocker"},{"name":"resultFormat","value":"allure2"}],"parameters":[],"links":[],"hidden":true,"retry":true,"extra":{"categories":[],"tags":[]},"source":"51a4b6fc1d811749.json","parameterValues":[]}