{
  "uid" : "1c38dd49f4cc37",
  "name" : "testThreeExpectedFailure",
  "fullName" : "test.java.tests.theInternet.parallel.TestThree.testThreeExpectedFailure",
  "historyId" : "cad436207142227918581ae7912911d3",
  "time" : {
    "start" : 1630765670158,
    "stop" : 1630765671099,
    "duration" : 941
  },
  "description" : "Verify the successful login with valid username and password.",
  "descriptionHtml" : "<p>Verify the successful login with valid username and password.</p>\n",
  "status" : "failed",
  "statusMessage" : "success message not present expected [false] but found [true]",
  "statusTrace" : "java.lang.AssertionError: success message not present expected [false] but found [true]\n\tat org.testng.Assert.fail(Assert.java:99)\n\tat org.testng.Assert.failNotEquals(Assert.java:1037)\n\tat org.testng.Assert.assertFalse(Assert.java:67)\n\tat test.java.tests.theInternet.parallel.TestThree.testThreeExpectedFailure(TestThree.java:77)\n\tat java.base/jdk.internal.reflect.NativeMethodAccessorImpl.invoke0(Native Method)\n\tat java.base/jdk.internal.reflect.NativeMethodAccessorImpl.invoke(NativeMethodAccessorImpl.java:62)\n\tat java.base/jdk.internal.reflect.DelegatingMethodAccessorImpl.invoke(DelegatingMethodAccessorImpl.java:43)\n\tat java.base/java.lang.reflect.Method.invoke(Method.java:566)\n\tat org.testng.internal.MethodInvocationHelper.invokeMethod(MethodInvocationHelper.java:132)\n\tat org.testng.internal.TestInvoker.invokeMethod(TestInvoker.java:599)\n\tat org.testng.internal.TestInvoker.retryFailed(TestInvoker.java:214)\n\tat org.testng.internal.MethodRunner.runInSequence(MethodRunner.java:58)\n\tat org.testng.internal.TestInvoker$MethodInvocationAgent.invoke(TestInvoker.java:822)\n\tat org.testng.internal.TestInvoker.invokeTestMethods(TestInvoker.java:147)\n\tat org.testng.internal.TestMethodWorker.invokeTestMethods(TestMethodWorker.java:146)\n\tat org.testng.internal.TestMethodWorker.run(TestMethodWorker.java:128)\n\tat java.base/java.util.concurrent.ThreadPoolExecutor.runWorker(ThreadPoolExecutor.java:1128)\n\tat java.base/java.util.concurrent.ThreadPoolExecutor$Worker.run(ThreadPoolExecutor.java:628)\n\tat java.base/java.lang.Thread.run(Thread.java:829)\n",
  "flaky" : false,
  "newFailed" : false,
  "beforeStages" : [ {
    "name" : "setup",
    "time" : {
      "start" : 1630765669712,
      "stop" : 1630765670150,
      "duration" : 438
    },
    "description" : "",
    "status" : "passed",
    "steps" : [ {
      "name" : "Start time: 4 Sep 2021 14:27:49",
      "time" : {
        "start" : 1630765669712,
        "stop" : 1630765669712,
        "duration" : 0
      },
      "status" : "passed",
      "steps" : [ ],
      "attachments" : [ ],
      "parameters" : [ ],
      "stepsCount" : 0,
      "attachmentsCount" : 0,
      "shouldDisplayMessage" : false,
      "hasContent" : false
    }, {
      "name" : "Running Test on 'Linux' OS.",
      "time" : {
        "start" : 1630765669712,
        "stop" : 1630765669712,
        "duration" : 0
      },
      "status" : "passed",
      "steps" : [ ],
      "attachments" : [ ],
      "parameters" : [ ],
      "stepsCount" : 0,
      "attachmentsCount" : 0,
      "shouldDisplayMessage" : false,
      "hasContent" : false
    }, {
      "name" : "Browser: CHROMEHEADLESS",
      "time" : {
        "start" : 1630765669712,
        "stop" : 1630765669712,
        "duration" : 0
      },
      "status" : "passed",
      "steps" : [ ],
      "attachments" : [ ],
      "parameters" : [ ],
      "stepsCount" : 0,
      "attachmentsCount" : 0,
      "shouldDisplayMessage" : false,
      "hasContent" : false
    }, {
      "name" : "Driver instance: ChromeDriver: chrome on LINUX (c1459b7e8cdf3f0afa5bafa9cf847f59)",
      "time" : {
        "start" : 1630765670139,
        "stop" : 1630765670140,
        "duration" : 1
      },
      "status" : "passed",
      "steps" : [ ],
      "attachments" : [ ],
      "parameters" : [ ],
      "stepsCount" : 0,
      "attachmentsCount" : 0,
      "shouldDisplayMessage" : false,
      "hasContent" : false
    } ],
    "attachments" : [ ],
    "parameters" : [ ],
    "stepsCount" : 4,
    "attachmentsCount" : 0,
    "shouldDisplayMessage" : false,
    "hasContent" : true
  } ],
  "testStage" : {
    "description" : "Verify the successful login with valid username and password.",
    "status" : "failed",
    "statusMessage" : "success message not present expected [false] but found [true]",
    "statusTrace" : "java.lang.AssertionError: success message not present expected [false] but found [true]\n\tat org.testng.Assert.fail(Assert.java:99)\n\tat org.testng.Assert.failNotEquals(Assert.java:1037)\n\tat org.testng.Assert.assertFalse(Assert.java:67)\n\tat test.java.tests.theInternet.parallel.TestThree.testThreeExpectedFailure(TestThree.java:77)\n\tat java.base/jdk.internal.reflect.NativeMethodAccessorImpl.invoke0(Native Method)\n\tat java.base/jdk.internal.reflect.NativeMethodAccessorImpl.invoke(NativeMethodAccessorImpl.java:62)\n\tat java.base/jdk.internal.reflect.DelegatingMethodAccessorImpl.invoke(DelegatingMethodAccessorImpl.java:43)\n\tat java.base/java.lang.reflect.Method.invoke(Method.java:566)\n\tat org.testng.internal.MethodInvocationHelper.invokeMethod(MethodInvocationHelper.java:132)\n\tat org.testng.internal.TestInvoker.invokeMethod(TestInvoker.java:599)\n\tat org.testng.internal.TestInvoker.retryFailed(TestInvoker.java:214)\n\tat org.testng.internal.MethodRunner.runInSequence(MethodRunner.java:58)\n\tat org.testng.internal.TestInvoker$MethodInvocationAgent.invoke(TestInvoker.java:822)\n\tat org.testng.internal.TestInvoker.invokeTestMethods(TestInvoker.java:147)\n\tat org.testng.internal.TestMethodWorker.invokeTestMethods(TestMethodWorker.java:146)\n\tat org.testng.internal.TestMethodWorker.run(TestMethodWorker.java:128)\n\tat java.base/java.util.concurrent.ThreadPoolExecutor.runWorker(ThreadPoolExecutor.java:1128)\n\tat java.base/java.util.concurrent.ThreadPoolExecutor$Worker.run(ThreadPoolExecutor.java:628)\n\tat java.base/java.lang.Thread.run(Thread.java:829)\n",
    "steps" : [ {
      "name" : "Access http://the-internet.herokuapp.com/login URL.",
      "time" : {
        "start" : 1630765670159,
        "stop" : 1630765670159,
        "duration" : 0
      },
      "status" : "passed",
      "steps" : [ ],
      "attachments" : [ ],
      "parameters" : [ ],
      "stepsCount" : 0,
      "attachmentsCount" : 0,
      "shouldDisplayMessage" : false,
      "hasContent" : false
    }, {
      "name" : "Verify login form present or not.",
      "time" : {
        "start" : 1630765670507,
        "stop" : 1630765670507,
        "duration" : 0
      },
      "status" : "passed",
      "steps" : [ ],
      "attachments" : [ ],
      "parameters" : [ ],
      "stepsCount" : 0,
      "attachmentsCount" : 0,
      "shouldDisplayMessage" : false,
      "hasContent" : false
    }, {
      "name" : "1. Login with valid username and password.",
      "time" : {
        "start" : 1630765670543,
        "stop" : 1630765670543,
        "duration" : 0
      },
      "status" : "passed",
      "steps" : [ ],
      "attachments" : [ ],
      "parameters" : [ ],
      "stepsCount" : 0,
      "attachmentsCount" : 0,
      "shouldDisplayMessage" : false,
      "hasContent" : false
    }, {
      "name" : "Enter tomsmith username",
      "time" : {
        "start" : 1630765670543,
        "stop" : 1630765670543,
        "duration" : 0
      },
      "status" : "passed",
      "steps" : [ ],
      "attachments" : [ ],
      "parameters" : [ ],
      "stepsCount" : 0,
      "attachmentsCount" : 0,
      "shouldDisplayMessage" : false,
      "hasContent" : false
    }, {
      "name" : "Enter SuperSecretPassword! password",
      "time" : {
        "start" : 1630765670621,
        "stop" : 1630765670621,
        "duration" : 0
      },
      "status" : "passed",
      "steps" : [ ],
      "attachments" : [ ],
      "parameters" : [ ],
      "stepsCount" : 0,
      "attachmentsCount" : 0,
      "shouldDisplayMessage" : false,
      "hasContent" : false
    }, {
      "name" : "Click on Submit button",
      "time" : {
        "start" : 1630765670731,
        "stop" : 1630765670731,
        "duration" : 0
      },
      "status" : "passed",
      "steps" : [ ],
      "attachments" : [ ],
      "parameters" : [ ],
      "stepsCount" : 0,
      "attachmentsCount" : 0,
      "shouldDisplayMessage" : false,
      "hasContent" : false
    }, {
      "name" : "2. Verify success message present",
      "time" : {
        "start" : 1630765670908,
        "stop" : 1630765670908,
        "duration" : 0
      },
      "status" : "passed",
      "steps" : [ ],
      "attachments" : [ ],
      "parameters" : [ ],
      "stepsCount" : 0,
      "attachmentsCount" : 0,
      "shouldDisplayMessage" : false,
      "hasContent" : false
    }, {
      "name" : "Verify success message present or not.",
      "time" : {
        "start" : 1630765670908,
        "stop" : 1630765670908,
        "duration" : 0
      },
      "status" : "passed",
      "steps" : [ ],
      "attachments" : [ ],
      "parameters" : [ ],
      "stepsCount" : 0,
      "attachmentsCount" : 0,
      "shouldDisplayMessage" : false,
      "hasContent" : false
    } ],
    "attachments" : [ {
      "uid" : "a23af052fda017ad",
      "name" : "saveFailureScreenshot",
      "source" : "a23af052fda017ad.png",
      "type" : "image/png",
      "size" : 38519
    }, {
      "uid" : "82330766aeff53e5",
      "name" : "testThreeExpectedFailure failed and screenshot taken!",
      "source" : "82330766aeff53e5.txt",
      "type" : "text/plain",
      "size" : 53
    } ],
    "parameters" : [ ],
    "stepsCount" : 8,
    "attachmentsCount" : 2,
    "shouldDisplayMessage" : true,
    "hasContent" : true
  },
  "afterStages" : [ {
    "name" : "teardown",
    "time" : {
      "start" : 1630765671100,
      "stop" : 1630765671173,
      "duration" : 73
    },
    "description" : "",
    "status" : "passed",
    "steps" : [ {
      "name" : "Cleaning up driver instance: ChromeDriver: chrome on LINUX (c1459b7e8cdf3f0afa5bafa9cf847f59)",
      "time" : {
        "start" : 1630765671100,
        "stop" : 1630765671100,
        "duration" : 0
      },
      "status" : "passed",
      "steps" : [ ],
      "attachments" : [ ],
      "parameters" : [ ],
      "stepsCount" : 0,
      "attachmentsCount" : 0,
      "shouldDisplayMessage" : false,
      "hasContent" : false
    }, {
      "name" : "Complete time: 4 Sep 2021 14:27:51",
      "time" : {
        "start" : 1630765671173,
        "stop" : 1630765671173,
        "duration" : 0
      },
      "status" : "passed",
      "steps" : [ ],
      "attachments" : [ ],
      "parameters" : [ ],
      "stepsCount" : 0,
      "attachmentsCount" : 0,
      "shouldDisplayMessage" : false,
      "hasContent" : false
    } ],
    "attachments" : [ ],
    "parameters" : [ ],
    "stepsCount" : 2,
    "attachmentsCount" : 0,
    "shouldDisplayMessage" : false,
    "hasContent" : true
  } ],
  "labels" : [ {
    "name" : "package",
    "value" : "test.java.tests.theInternet.parallel.TestThree"
  }, {
    "name" : "testClass",
    "value" : "test.java.tests.theInternet.parallel.TestThree"
  }, {
    "name" : "testMethod",
    "value" : "testThreeExpectedFailure"
  }, {
    "name" : "parentSuite",
    "value" : "Suite - Parallel Execution"
  }, {
    "name" : "suite",
    "value" : "Test Parallel Execution"
  }, {
    "name" : "subSuite",
    "value" : "test.java.tests.theInternet.parallel.TestThree"
  }, {
    "name" : "host",
    "value" : "fv-az139-887"
  }, {
    "name" : "thread",
    "value" : "2961@fv-az139-887.TestNG-test=Test Parallel Execution-12(136)"
  }, {
    "name" : "framework",
    "value" : "testng"
  }, {
    "name" : "language",
    "value" : "java"
  }, {
    "name" : "severity",
    "value" : "blocker"
  }, {
    "name" : "resultFormat",
    "value" : "allure2"
  } ],
  "parameters" : [ ],
  "links" : [ ],
  "hidden" : false,
  "retry" : false,
  "extra" : {
    "severity" : "blocker",
    "retries" : [ {
      "uid" : "2d49d37afde0f42e",
      "status" : "skipped",
      "statusDetails" : "success message not present expected [false] but found [true]",
      "time" : {
        "start" : 1630765668882,
        "stop" : 1630765669640,
        "duration" : 758
      }
    }, {
      "uid" : "af743e27f6e9a912",
      "status" : "skipped",
      "statusDetails" : "success message not present expected [false] but found [true]",
      "time" : {
        "start" : 1630765667015,
        "stop" : 1630765668280,
        "duration" : 1265
      }
    } ],
    "categories" : [ {
      "name" : "Product defects",
      "matchedStatuses" : [ ],
      "flaky" : false
    } ],
    "history" : {
      "statistic" : {
        "failed" : 31,
        "broken" : 0,
        "skipped" : 0,
        "passed" : 0,
        "unknown" : 0,
        "total" : 31
      },
      "items" : [ {
        "uid" : "6cffc2be636e34a",
        "reportUrl" : "https://jagadeeshshetty.github.io/SeleniumMaven/38//#testresult/6cffc2be636e34a",
        "status" : "failed",
        "statusDetails" : "success message not present expected [false] but found [true]",
        "time" : {
          "start" : 1630690679153,
          "stop" : 1630690679686,
          "duration" : 533
        }
      }, {
        "uid" : "a3d35f92503704ab",
        "reportUrl" : "https://jagadeeshshetty.github.io/SeleniumMaven/37//#testresult/a3d35f92503704ab",
        "status" : "failed",
        "statusDetails" : "success message not present expected [false] but found [true]",
        "time" : {
          "start" : 1628308286345,
          "stop" : 1628308286996,
          "duration" : 651
        }
      }, {
        "uid" : "ba6d1303ff8330cc",
        "reportUrl" : "https://jagadeeshshetty.github.io/SeleniumMaven/36//#testresult/ba6d1303ff8330cc",
        "status" : "failed",
        "statusDetails" : "success message not present expected [false] but found [true]",
        "time" : {
          "start" : 1628088253044,
          "stop" : 1628088253587,
          "duration" : 543
        }
      }, {
        "uid" : "74a233dc6758a8a7",
        "reportUrl" : "https://jagadeeshshetty.github.io/SeleniumMaven/35//#testresult/74a233dc6758a8a7",
        "status" : "failed",
        "statusDetails" : "success message not present expected [false] but found [true]",
        "time" : {
          "start" : 1627903958901,
          "stop" : 1627903959598,
          "duration" : 697
        }
      }, {
        "uid" : "b5588dd99e6a5223",
        "reportUrl" : "https://jagadeeshshetty.github.io/SeleniumMaven/34//#testresult/b5588dd99e6a5223",
        "status" : "failed",
        "statusDetails" : "success message not present expected [false] but found [true]",
        "time" : {
          "start" : 1626619973469,
          "stop" : 1626619973994,
          "duration" : 525
        }
      }, {
        "uid" : "235f4e660bcf02a5",
        "reportUrl" : "https://jagadeeshshetty.github.io/SeleniumMaven/33//#testresult/235f4e660bcf02a5",
        "status" : "failed",
        "statusDetails" : "success message not present expected [false] but found [true]",
        "time" : {
          "start" : 1626063000348,
          "stop" : 1626063000985,
          "duration" : 637
        }
      }, {
        "uid" : "7143012a20948d82",
        "reportUrl" : "https://jagadeeshshetty.github.io/SeleniumMaven/32//#testresult/7143012a20948d82",
        "status" : "failed",
        "statusDetails" : "success message not present expected [false] but found [true]",
        "time" : {
          "start" : 1623745424567,
          "stop" : 1623745425209,
          "duration" : 642
        }
      }, {
        "uid" : "4e4d1265995dd1c8",
        "reportUrl" : "https://jagadeeshshetty.github.io/SeleniumMaven/31//#testresult/4e4d1265995dd1c8",
        "status" : "failed",
        "statusDetails" : "success message not present expected [false] but found [true]",
        "time" : {
          "start" : 1623327107028,
          "stop" : 1623327109249,
          "duration" : 2221
        }
      }, {
        "uid" : "c8af9ae3582c9582",
        "reportUrl" : "https://jagadeeshshetty.github.io/SeleniumMaven/30//#testresult/c8af9ae3582c9582",
        "status" : "failed",
        "statusDetails" : "success message not present expected [false] but found [true]",
        "time" : {
          "start" : 1623123656151,
          "stop" : 1623123658411,
          "duration" : 2260
        }
      }, {
        "uid" : "6b76abc6cb631017",
        "reportUrl" : "https://jagadeeshshetty.github.io/SeleniumMaven/29//#testresult/6b76abc6cb631017",
        "status" : "failed",
        "statusDetails" : "success message not present expected [false] but found [true]",
        "time" : {
          "start" : 1622343617837,
          "stop" : 1622343618404,
          "duration" : 567
        }
      }, {
        "uid" : "870ccd50461e4bb2",
        "reportUrl" : "https://jagadeeshshetty.github.io/SeleniumMaven/28//#testresult/870ccd50461e4bb2",
        "status" : "failed",
        "statusDetails" : "success message not present expected [false] but found [true]",
        "time" : {
          "start" : 1621268888378,
          "stop" : 1621268889226,
          "duration" : 848
        }
      }, {
        "uid" : "d1b4d48232816e43",
        "reportUrl" : "https://jagadeeshshetty.github.io/SeleniumMaven/27//#testresult/d1b4d48232816e43",
        "status" : "failed",
        "statusDetails" : "success message not present expected [false] but found [true]",
        "time" : {
          "start" : 1621252021209,
          "stop" : 1621252021733,
          "duration" : 524
        }
      }, {
        "uid" : "9a2004f0c935c359",
        "reportUrl" : "https://jagadeeshshetty.github.io/SeleniumMaven/26//#testresult/9a2004f0c935c359",
        "status" : "failed",
        "statusDetails" : "success message not present expected [false] but found [true]",
        "time" : {
          "start" : 1621251103053,
          "stop" : 1621251104641,
          "duration" : 1588
        }
      }, {
        "uid" : "95055f974a53a668",
        "reportUrl" : "https://jagadeeshshetty.github.io/SeleniumMaven/25//#testresult/95055f974a53a668",
        "status" : "failed",
        "statusDetails" : "success message not present expected [false] but found [true]",
        "time" : {
          "start" : 1619446328263,
          "stop" : 1619446329755,
          "duration" : 1492
        }
      }, {
        "uid" : "84b8775e3b49a02e",
        "reportUrl" : "https://jagadeeshshetty.github.io/SeleniumMaven/24//#testresult/84b8775e3b49a02e",
        "status" : "failed",
        "statusDetails" : "success message not present expected [false] but found [true]",
        "time" : {
          "start" : 1619362092025,
          "stop" : 1619362093483,
          "duration" : 1458
        }
      }, {
        "uid" : "e10710aa51b90378",
        "reportUrl" : "https://jagadeeshshetty.github.io/SeleniumMaven/23//#testresult/e10710aa51b90378",
        "status" : "failed",
        "statusDetails" : "success message not present expected [false] but found [true]",
        "time" : {
          "start" : 1619350008263,
          "stop" : 1619350008921,
          "duration" : 658
        }
      }, {
        "uid" : "3941f799f2219bad",
        "reportUrl" : "https://jagadeeshshetty.github.io/SeleniumMaven/22//#testresult/3941f799f2219bad",
        "status" : "failed",
        "statusDetails" : "success message not present expected [false] but found [true]",
        "time" : {
          "start" : 1619337661667,
          "stop" : 1619337662868,
          "duration" : 1201
        }
      }, {
        "uid" : "2112770c6b36c230",
        "reportUrl" : "https://jagadeeshshetty.github.io/SeleniumMaven/21//#testresult/2112770c6b36c230",
        "status" : "failed",
        "statusDetails" : "success message not present expected [false] but found [true]",
        "time" : {
          "start" : 1619337246938,
          "stop" : 1619337247575,
          "duration" : 637
        }
      }, {
        "uid" : "6d71a6033c6149d5",
        "reportUrl" : "https://jagadeeshshetty.github.io/SeleniumMaven/20//#testresult/6d71a6033c6149d5",
        "status" : "failed",
        "statusDetails" : "success message not present expected [false] but found [true]",
        "time" : {
          "start" : 1619326372587,
          "stop" : 1619326373189,
          "duration" : 602
        }
      }, {
        "uid" : "91fd0a8a69c21052",
        "reportUrl" : "https://jagadeeshshetty.github.io/SeleniumMaven/19//#testresult/91fd0a8a69c21052",
        "status" : "failed",
        "statusDetails" : "success message not present expected [false] but found [true]",
        "time" : {
          "start" : 1619279911824,
          "stop" : 1619279912617,
          "duration" : 793
        }
      } ]
    },
    "tags" : [ ]
  },
  "source" : "1c38dd49f4cc37.json",
  "parameterValues" : [ ]
}