{"uid":"9be9acf1055d3258","name":"testThreeValidLoginOne","fullName":"test.java.tests.theInternet.parallel.TestThree.testThreeValidLoginOne","historyId":"643f538b383fa38bbf2698cd7b4db38f","time":{"start":1661670742503,"stop":1661670743295,"duration":792},"description":"Verify the successful login with valid username and password.","descriptionHtml":"<p>Verify the successful login with valid username and password.</p>\n","status":"skipped","statusMessage":"no such element: Unable to locate element: {\"method\":\"css selector\",\"selector\":\".flash.success\"}\n  (Session info: headless chrome=104.0.5112.101)\nFor documentation on this error, please visit: https://selenium.dev/exceptions/#no_such_element\nBuild info: version: '4.1.2', revision: '9a5a329c5a'\nSystem info: host: 'fv-az72-154', ip: '10.1.0.85', os.name: 'Linux', os.arch: 'amd64', os.version: '5.15.0-1017-azure', java.version: '17.0.4'\nDriver info: org.openqa.selenium.chrome.ChromeDriver\nCommand: [ce893660479b90cab31e31440c2eb701, findElement {using=css selector, value=.flash.success}]\nCapabilities {acceptInsecureCerts: false, browserName: chrome, browserVersion: 104.0.5112.101, chrome: {chromedriverVersion: 104.0.5112.79 (3cf3e8c8a07d..., userDataDir: /tmp/.com.google.Chrome.fes0aO}, goog:chromeOptions: {debuggerAddress: localhost:38553}, javascriptEnabled: true, networkConnectionEnabled: false, pageLoadStrategy: normal, platform: LINUX, platformName: LINUX, proxy: Proxy(), se:cdp: ws://localhost:38553/devtoo..., se:cdpVersion: 104.0.5112.101, setWindowRect: true, strictFileInteractability: false, timeouts: {implicit: 0, pageLoad: 300000, script: 30000}, unhandledPromptBehavior: dismiss and notify, webauthn:extension:credBlob: true, webauthn:extension:largeBlob: true, webauthn:virtualAuthenticators: true}\nSession ID: ce893660479b90cab31e31440c2eb701","statusTrace":"org.openqa.selenium.NoSuchElementException: no such element: Unable to locate element: {\"method\":\"css selector\",\"selector\":\".flash.success\"}\n  (Session info: headless chrome=104.0.5112.101)\nFor documentation on this error, please visit: https://selenium.dev/exceptions/#no_such_element\nBuild info: version: '4.1.2', revision: '9a5a329c5a'\nSystem info: host: 'fv-az72-154', ip: '10.1.0.85', os.name: 'Linux', os.arch: 'amd64', os.version: '5.15.0-1017-azure', java.version: '17.0.4'\nDriver info: org.openqa.selenium.chrome.ChromeDriver\nCommand: [ce893660479b90cab31e31440c2eb701, findElement {using=css selector, value=.flash.success}]\nCapabilities {acceptInsecureCerts: false, browserName: chrome, browserVersion: 104.0.5112.101, chrome: {chromedriverVersion: 104.0.5112.79 (3cf3e8c8a07d..., userDataDir: /tmp/.com.google.Chrome.fes0aO}, goog:chromeOptions: {debuggerAddress: localhost:38553}, javascriptEnabled: true, networkConnectionEnabled: false, pageLoadStrategy: normal, platform: LINUX, platformName: LINUX, proxy: Proxy(), se:cdp: ws://localhost:38553/devtoo..., se:cdpVersion: 104.0.5112.101, setWindowRect: true, strictFileInteractability: false, timeouts: {implicit: 0, pageLoad: 300000, script: 30000}, unhandledPromptBehavior: dismiss and notify, webauthn:extension:credBlob: true, webauthn:extension:largeBlob: true, webauthn:virtualAuthenticators: true}\nSession ID: ce893660479b90cab31e31440c2eb701\n\tat java.base/jdk.internal.reflect.NativeConstructorAccessorImpl.newInstance0(Native Method)\n\tat java.base/jdk.internal.reflect.NativeConstructorAccessorImpl.newInstance(NativeConstructorAccessorImpl.java:77)\n\tat java.base/jdk.internal.reflect.DelegatingConstructorAccessorImpl.newInstance(DelegatingConstructorAccessorImpl.java:45)\n\tat java.base/java.lang.reflect.Constructor.newInstanceWithCaller(Constructor.java:499)\n\tat java.base/java.lang.reflect.Constructor.newInstance(Constructor.java:480)\n\tat org.openqa.selenium.remote.codec.w3c.W3CHttpResponseCodec.createException(W3CHttpResponseCodec.java:200)\n\tat org.openqa.selenium.remote.codec.w3c.W3CHttpResponseCodec.decode(W3CHttpResponseCodec.java:133)\n\tat org.openqa.selenium.remote.codec.w3c.W3CHttpResponseCodec.decode(W3CHttpResponseCodec.java:53)\n\tat org.openqa.selenium.remote.HttpCommandExecutor.execute(HttpCommandExecutor.java:184)\n\tat org.openqa.selenium.remote.service.DriverCommandExecutor.invokeExecute(DriverCommandExecutor.java:167)\n\tat org.openqa.selenium.remote.service.DriverCommandExecutor.execute(DriverCommandExecutor.java:142)\n\tat org.openqa.selenium.remote.RemoteWebDriver.execute(RemoteWebDriver.java:558)\n\tat org.openqa.selenium.remote.ElementLocation$ElementFinder$2.findElement(ElementLocation.java:162)\n\tat org.openqa.selenium.remote.ElementLocation.findElement(ElementLocation.java:60)\n\tat org.openqa.selenium.remote.RemoteWebDriver.findElement(RemoteWebDriver.java:382)\n\tat org.openqa.selenium.remote.RemoteWebDriver.findElement(RemoteWebDriver.java:374)\n\tat test.java.pageobjects.BasePage.find(BasePage.java:29)\n\tat test.java.pageobjects.BasePage.isDisplayed(BasePage.java:47)\n\tat test.java.pageobjects.theInternet.LoginPage.successMessagePresent(LoginPage.java:40)\n\tat test.java.tests.theInternet.parallel.TestThree.testThreeValidLoginOne(TestThree.java:35)\n\tat java.base/jdk.internal.reflect.NativeMethodAccessorImpl.invoke0(Native Method)\n\tat java.base/jdk.internal.reflect.NativeMethodAccessorImpl.invoke(NativeMethodAccessorImpl.java:77)\n\tat java.base/jdk.internal.reflect.DelegatingMethodAccessorImpl.invoke(DelegatingMethodAccessorImpl.java:43)\n\tat java.base/java.lang.reflect.Method.invoke(Method.java:568)\n\tat org.testng.internal.MethodInvocationHelper.invokeMethod(MethodInvocationHelper.java:133)\n\tat org.testng.internal.TestInvoker.invokeMethod(TestInvoker.java:598)\n\tat org.testng.internal.TestInvoker.retryFailed(TestInvoker.java:213)\n\tat org.testng.internal.MethodRunner.runInSequence(MethodRunner.java:58)\n\tat org.testng.internal.TestInvoker$MethodInvocationAgent.invoke(TestInvoker.java:824)\n\tat org.testng.internal.TestInvoker.invokeTestMethods(TestInvoker.java:146)\n\tat org.testng.internal.TestMethodWorker.invokeTestMethods(TestMethodWorker.java:146)\n\tat org.testng.internal.TestMethodWorker.run(TestMethodWorker.java:128)\n\tat java.base/java.util.concurrent.ThreadPoolExecutor.runWorker(ThreadPoolExecutor.java:1136)\n\tat java.base/java.util.concurrent.ThreadPoolExecutor$Worker.run(ThreadPoolExecutor.java:635)\n\tat java.base/java.lang.Thread.run(Thread.java:833)\n","flaky":false,"newFailed":false,"newBroken":false,"newPassed":false,"retriesCount":0,"retriesStatusChange":false,"beforeStages":[{"name":"setup","time":{"start":1661670742075,"stop":1661670742501,"duration":426},"description":"","status":"passed","steps":[{"name":"Start time: 28 Aug 2022 07:12:22","time":{"start":1661670742075,"stop":1661670742075,"duration":0},"status":"passed","steps":[],"attachments":[],"parameters":[],"stepsCount":0,"attachmentsCount":0,"shouldDisplayMessage":false,"hasContent":false},{"name":"Running Test on 'Linux' OS.","time":{"start":1661670742075,"stop":1661670742075,"duration":0},"status":"passed","steps":[],"attachments":[],"parameters":[],"stepsCount":0,"attachmentsCount":0,"shouldDisplayMessage":false,"hasContent":false},{"name":"JVM Version: 17.0.4","time":{"start":1661670742075,"stop":1661670742075,"duration":0},"status":"passed","steps":[],"attachments":[],"parameters":[],"stepsCount":0,"attachmentsCount":0,"shouldDisplayMessage":false,"hasContent":false},{"name":"Browser: CHROMEHEADLESS","time":{"start":1661670742075,"stop":1661670742075,"duration":0},"status":"passed","steps":[],"attachments":[],"parameters":[],"stepsCount":0,"attachmentsCount":0,"shouldDisplayMessage":false,"hasContent":false},{"name":"Driver instance: ChromeDriver: chrome on LINUX (25dc5c372dd6390cc21b9cbf952169ec)","time":{"start":1661670742496,"stop":1661670742496,"duration":0},"status":"passed","steps":[],"attachments":[],"parameters":[],"stepsCount":0,"attachmentsCount":0,"shouldDisplayMessage":false,"hasContent":false}],"attachments":[],"parameters":[],"stepsCount":5,"attachmentsCount":0,"shouldDisplayMessage":false,"hasContent":true}],"testStage":{"description":"Verify the successful login with valid username and password.","status":"skipped","statusMessage":"no such element: Unable to locate element: {\"method\":\"css selector\",\"selector\":\".flash.success\"}\n  (Session info: headless chrome=104.0.5112.101)\nFor documentation on this error, please visit: https://selenium.dev/exceptions/#no_such_element\nBuild info: version: '4.1.2', revision: '9a5a329c5a'\nSystem info: host: 'fv-az72-154', ip: '10.1.0.85', os.name: 'Linux', os.arch: 'amd64', os.version: '5.15.0-1017-azure', java.version: '17.0.4'\nDriver info: org.openqa.selenium.chrome.ChromeDriver\nCommand: [ce893660479b90cab31e31440c2eb701, findElement {using=css selector, value=.flash.success}]\nCapabilities {acceptInsecureCerts: false, browserName: chrome, browserVersion: 104.0.5112.101, chrome: {chromedriverVersion: 104.0.5112.79 (3cf3e8c8a07d..., userDataDir: /tmp/.com.google.Chrome.fes0aO}, goog:chromeOptions: {debuggerAddress: localhost:38553}, javascriptEnabled: true, networkConnectionEnabled: false, pageLoadStrategy: normal, platform: LINUX, platformName: LINUX, proxy: Proxy(), se:cdp: ws://localhost:38553/devtoo..., se:cdpVersion: 104.0.5112.101, setWindowRect: true, strictFileInteractability: false, timeouts: {implicit: 0, pageLoad: 300000, script: 30000}, unhandledPromptBehavior: dismiss and notify, webauthn:extension:credBlob: true, webauthn:extension:largeBlob: true, webauthn:virtualAuthenticators: true}\nSession ID: ce893660479b90cab31e31440c2eb701","statusTrace":"org.openqa.selenium.NoSuchElementException: no such element: Unable to locate element: {\"method\":\"css selector\",\"selector\":\".flash.success\"}\n  (Session info: headless chrome=104.0.5112.101)\nFor documentation on this error, please visit: https://selenium.dev/exceptions/#no_such_element\nBuild info: version: '4.1.2', revision: '9a5a329c5a'\nSystem info: host: 'fv-az72-154', ip: '10.1.0.85', os.name: 'Linux', os.arch: 'amd64', os.version: '5.15.0-1017-azure', java.version: '17.0.4'\nDriver info: org.openqa.selenium.chrome.ChromeDriver\nCommand: [ce893660479b90cab31e31440c2eb701, findElement {using=css selector, value=.flash.success}]\nCapabilities {acceptInsecureCerts: false, browserName: chrome, browserVersion: 104.0.5112.101, chrome: {chromedriverVersion: 104.0.5112.79 (3cf3e8c8a07d..., userDataDir: /tmp/.com.google.Chrome.fes0aO}, goog:chromeOptions: {debuggerAddress: localhost:38553}, javascriptEnabled: true, networkConnectionEnabled: false, pageLoadStrategy: normal, platform: LINUX, platformName: LINUX, proxy: Proxy(), se:cdp: ws://localhost:38553/devtoo..., se:cdpVersion: 104.0.5112.101, setWindowRect: true, strictFileInteractability: false, timeouts: {implicit: 0, pageLoad: 300000, script: 30000}, unhandledPromptBehavior: dismiss and notify, webauthn:extension:credBlob: true, webauthn:extension:largeBlob: true, webauthn:virtualAuthenticators: true}\nSession ID: ce893660479b90cab31e31440c2eb701\n\tat java.base/jdk.internal.reflect.NativeConstructorAccessorImpl.newInstance0(Native Method)\n\tat java.base/jdk.internal.reflect.NativeConstructorAccessorImpl.newInstance(NativeConstructorAccessorImpl.java:77)\n\tat java.base/jdk.internal.reflect.DelegatingConstructorAccessorImpl.newInstance(DelegatingConstructorAccessorImpl.java:45)\n\tat java.base/java.lang.reflect.Constructor.newInstanceWithCaller(Constructor.java:499)\n\tat java.base/java.lang.reflect.Constructor.newInstance(Constructor.java:480)\n\tat org.openqa.selenium.remote.codec.w3c.W3CHttpResponseCodec.createException(W3CHttpResponseCodec.java:200)\n\tat org.openqa.selenium.remote.codec.w3c.W3CHttpResponseCodec.decode(W3CHttpResponseCodec.java:133)\n\tat org.openqa.selenium.remote.codec.w3c.W3CHttpResponseCodec.decode(W3CHttpResponseCodec.java:53)\n\tat org.openqa.selenium.remote.HttpCommandExecutor.execute(HttpCommandExecutor.java:184)\n\tat org.openqa.selenium.remote.service.DriverCommandExecutor.invokeExecute(DriverCommandExecutor.java:167)\n\tat org.openqa.selenium.remote.service.DriverCommandExecutor.execute(DriverCommandExecutor.java:142)\n\tat org.openqa.selenium.remote.RemoteWebDriver.execute(RemoteWebDriver.java:558)\n\tat org.openqa.selenium.remote.ElementLocation$ElementFinder$2.findElement(ElementLocation.java:162)\n\tat org.openqa.selenium.remote.ElementLocation.findElement(ElementLocation.java:60)\n\tat org.openqa.selenium.remote.RemoteWebDriver.findElement(RemoteWebDriver.java:382)\n\tat org.openqa.selenium.remote.RemoteWebDriver.findElement(RemoteWebDriver.java:374)\n\tat test.java.pageobjects.BasePage.find(BasePage.java:29)\n\tat test.java.pageobjects.BasePage.isDisplayed(BasePage.java:47)\n\tat test.java.pageobjects.theInternet.LoginPage.successMessagePresent(LoginPage.java:40)\n\tat test.java.tests.theInternet.parallel.TestThree.testThreeValidLoginOne(TestThree.java:35)\n\tat java.base/jdk.internal.reflect.NativeMethodAccessorImpl.invoke0(Native Method)\n\tat java.base/jdk.internal.reflect.NativeMethodAccessorImpl.invoke(NativeMethodAccessorImpl.java:77)\n\tat java.base/jdk.internal.reflect.DelegatingMethodAccessorImpl.invoke(DelegatingMethodAccessorImpl.java:43)\n\tat java.base/java.lang.reflect.Method.invoke(Method.java:568)\n\tat org.testng.internal.MethodInvocationHelper.invokeMethod(MethodInvocationHelper.java:133)\n\tat org.testng.internal.TestInvoker.invokeMethod(TestInvoker.java:598)\n\tat org.testng.internal.TestInvoker.retryFailed(TestInvoker.java:213)\n\tat org.testng.internal.MethodRunner.runInSequence(MethodRunner.java:58)\n\tat org.testng.internal.TestInvoker$MethodInvocationAgent.invoke(TestInvoker.java:824)\n\tat org.testng.internal.TestInvoker.invokeTestMethods(TestInvoker.java:146)\n\tat org.testng.internal.TestMethodWorker.invokeTestMethods(TestMethodWorker.java:146)\n\tat org.testng.internal.TestMethodWorker.run(TestMethodWorker.java:128)\n\tat java.base/java.util.concurrent.ThreadPoolExecutor.runWorker(ThreadPoolExecutor.java:1136)\n\tat java.base/java.util.concurrent.ThreadPoolExecutor$Worker.run(ThreadPoolExecutor.java:635)\n\tat java.base/java.lang.Thread.run(Thread.java:833)\n","steps":[{"name":"Access http://the-internet.herokuapp.com/login URL.","time":{"start":1661670742504,"stop":1661670742504,"duration":0},"status":"passed","steps":[],"attachments":[],"parameters":[],"stepsCount":0,"attachmentsCount":0,"shouldDisplayMessage":false,"hasContent":false},{"name":"Verify login form present or not.","time":{"start":1661670742845,"stop":1661670742845,"duration":0},"status":"passed","steps":[],"attachments":[],"parameters":[],"stepsCount":0,"attachmentsCount":0,"shouldDisplayMessage":false,"hasContent":false},{"name":"1. Login with valid username and password.","time":{"start":1661670742890,"stop":1661670742890,"duration":0},"status":"passed","steps":[],"attachments":[],"parameters":[],"stepsCount":0,"attachmentsCount":0,"shouldDisplayMessage":false,"hasContent":false},{"name":"Enter tomsmith username","time":{"start":1661670742890,"stop":1661670742890,"duration":0},"status":"passed","steps":[],"attachments":[],"parameters":[],"stepsCount":0,"attachmentsCount":0,"shouldDisplayMessage":false,"hasContent":false},{"name":"Enter SuperSecretPassword! password","time":{"start":1661670742974,"stop":1661670742974,"duration":0},"status":"passed","steps":[],"attachments":[],"parameters":[],"stepsCount":0,"attachmentsCount":0,"shouldDisplayMessage":false,"hasContent":false},{"name":"Click on Submit button","time":{"start":1661670743060,"stop":1661670743060,"duration":0},"status":"passed","steps":[],"attachments":[],"parameters":[],"stepsCount":0,"attachmentsCount":0,"shouldDisplayMessage":false,"hasContent":false},{"name":"2. Verify success message present","time":{"start":1661670743249,"stop":1661670743249,"duration":0},"status":"passed","steps":[],"attachments":[],"parameters":[],"stepsCount":0,"attachmentsCount":0,"shouldDisplayMessage":false,"hasContent":false},{"name":"Verify success message present or not.","time":{"start":1661670743249,"stop":1661670743249,"duration":0},"status":"passed","steps":[],"attachments":[],"parameters":[],"stepsCount":0,"attachmentsCount":0,"shouldDisplayMessage":false,"hasContent":false}],"attachments":[],"parameters":[],"stepsCount":8,"attachmentsCount":0,"shouldDisplayMessage":true,"hasContent":true},"afterStages":[{"name":"teardown","time":{"start":1661670743297,"stop":1661670743369,"duration":72},"description":"","status":"passed","steps":[{"name":"Cleaning up driver instance: ChromeDriver: chrome on LINUX (25dc5c372dd6390cc21b9cbf952169ec)","time":{"start":1661670743297,"stop":1661670743297,"duration":0},"status":"passed","steps":[],"attachments":[],"parameters":[],"stepsCount":0,"attachmentsCount":0,"shouldDisplayMessage":false,"hasContent":false},{"name":"Complete time: 28 Aug 2022 07:12:23","time":{"start":1661670743368,"stop":1661670743369,"duration":1},"status":"passed","steps":[],"attachments":[],"parameters":[],"stepsCount":0,"attachmentsCount":0,"shouldDisplayMessage":false,"hasContent":false}],"attachments":[],"parameters":[],"stepsCount":2,"attachmentsCount":0,"shouldDisplayMessage":false,"hasContent":true}],"labels":[{"name":"package","value":"test.java.tests.theInternet.parallel.TestThree"},{"name":"testClass","value":"test.java.tests.theInternet.parallel.TestThree"},{"name":"testMethod","value":"testThreeValidLoginOne"},{"name":"parentSuite","value":"Suite - Parallel Execution"},{"name":"suite","value":"Test Parallel Execution"},{"name":"subSuite","value":"test.java.tests.theInternet.parallel.TestThree"},{"name":"host","value":"fv-az72-154"},{"name":"thread","value":"2391@fv-az72-154.TestNG-test=Test Parallel Execution-10(162)"},{"name":"framework","value":"testng"},{"name":"language","value":"java"},{"name":"severity","value":"blocker"},{"name":"resultFormat","value":"allure2"}],"parameters":[],"links":[],"hidden":true,"retry":true,"extra":{"categories":[],"tags":[]},"source":"9be9acf1055d3258.json","parameterValues":[]}