{
  "uid" : "7eb21a76f60f051c",
  "name" : "testThreeExpectedFailure",
  "fullName" : "test.java.tests.theInternet.parallel.TestThree.testThreeExpectedFailure",
  "historyId" : "cad436207142227918581ae7912911d3",
  "time" : {
    "start" : 1618139391571,
    "stop" : 1618139393274,
    "duration" : 1703
  },
  "description" : "Verify the successful login with valid username and password.",
  "descriptionHtml" : "<p>Verify the successful login with valid username and password.</p>\n",
  "status" : "skipped",
  "statusMessage" : "success message not present expected [false] but found [true]",
  "statusTrace" : "java.lang.AssertionError: success message not present expected [false] but found [true]\n\tat org.testng.Assert.fail(Assert.java:99)\n\tat org.testng.Assert.failNotEquals(Assert.java:1037)\n\tat org.testng.Assert.assertFalse(Assert.java:67)\n\tat test.java.tests.theInternet.parallel.TestThree.testThreeExpectedFailure(TestThree.java:77)\n\tat java.base/jdk.internal.reflect.NativeMethodAccessorImpl.invoke0(Native Method)\n\tat java.base/jdk.internal.reflect.NativeMethodAccessorImpl.invoke(NativeMethodAccessorImpl.java:62)\n\tat java.base/jdk.internal.reflect.DelegatingMethodAccessorImpl.invoke(DelegatingMethodAccessorImpl.java:43)\n\tat java.base/java.lang.reflect.Method.invoke(Method.java:566)\n\tat org.testng.internal.MethodInvocationHelper.invokeMethod(MethodInvocationHelper.java:132)\n\tat org.testng.internal.TestInvoker.invokeMethod(TestInvoker.java:599)\n\tat org.testng.internal.TestInvoker.retryFailed(TestInvoker.java:214)\n\tat org.testng.internal.MethodRunner.runInSequence(MethodRunner.java:58)\n\tat org.testng.internal.TestInvoker$MethodInvocationAgent.invoke(TestInvoker.java:822)\n\tat org.testng.internal.TestInvoker.invokeTestMethods(TestInvoker.java:147)\n\tat org.testng.internal.TestMethodWorker.invokeTestMethods(TestMethodWorker.java:146)\n\tat org.testng.internal.TestMethodWorker.run(TestMethodWorker.java:128)\n\tat java.base/java.util.concurrent.ThreadPoolExecutor.runWorker(ThreadPoolExecutor.java:1128)\n\tat java.base/java.util.concurrent.ThreadPoolExecutor$Worker.run(ThreadPoolExecutor.java:628)\n\tat java.base/java.lang.Thread.run(Thread.java:834)\n",
  "flaky" : false,
  "newFailed" : false,
  "beforeStages" : [ {
    "name" : "setup",
    "time" : {
      "start" : 1618139391335,
      "stop" : 1618139391540,
      "duration" : 205
    },
    "description" : "",
    "status" : "passed",
    "steps" : [ {
      "name" : "Start time: 2021/04/11 11:09:51",
      "time" : {
        "start" : 1618139391335,
        "stop" : 1618139391335,
        "duration" : 0
      },
      "status" : "passed",
      "steps" : [ ],
      "attachments" : [ ],
      "parameters" : [ ],
      "attachmentsCount" : 0,
      "shouldDisplayMessage" : false,
      "hasContent" : false,
      "stepsCount" : 0
    }, {
      "name" : "Driver instance: ChromeDriver: chrome on LINUX (24fd8ef7fe873eea1a7179dea11c3c81)",
      "time" : {
        "start" : 1618139391538,
        "stop" : 1618139391538,
        "duration" : 0
      },
      "status" : "passed",
      "steps" : [ ],
      "attachments" : [ ],
      "parameters" : [ ],
      "attachmentsCount" : 0,
      "shouldDisplayMessage" : false,
      "hasContent" : false,
      "stepsCount" : 0
    } ],
    "attachments" : [ ],
    "parameters" : [ ],
    "attachmentsCount" : 0,
    "shouldDisplayMessage" : false,
    "hasContent" : true,
    "stepsCount" : 2
  } ],
  "testStage" : {
    "description" : "Verify the successful login with valid username and password.",
    "status" : "skipped",
    "statusMessage" : "success message not present expected [false] but found [true]",
    "statusTrace" : "java.lang.AssertionError: success message not present expected [false] but found [true]\n\tat org.testng.Assert.fail(Assert.java:99)\n\tat org.testng.Assert.failNotEquals(Assert.java:1037)\n\tat org.testng.Assert.assertFalse(Assert.java:67)\n\tat test.java.tests.theInternet.parallel.TestThree.testThreeExpectedFailure(TestThree.java:77)\n\tat java.base/jdk.internal.reflect.NativeMethodAccessorImpl.invoke0(Native Method)\n\tat java.base/jdk.internal.reflect.NativeMethodAccessorImpl.invoke(NativeMethodAccessorImpl.java:62)\n\tat java.base/jdk.internal.reflect.DelegatingMethodAccessorImpl.invoke(DelegatingMethodAccessorImpl.java:43)\n\tat java.base/java.lang.reflect.Method.invoke(Method.java:566)\n\tat org.testng.internal.MethodInvocationHelper.invokeMethod(MethodInvocationHelper.java:132)\n\tat org.testng.internal.TestInvoker.invokeMethod(TestInvoker.java:599)\n\tat org.testng.internal.TestInvoker.retryFailed(TestInvoker.java:214)\n\tat org.testng.internal.MethodRunner.runInSequence(MethodRunner.java:58)\n\tat org.testng.internal.TestInvoker$MethodInvocationAgent.invoke(TestInvoker.java:822)\n\tat org.testng.internal.TestInvoker.invokeTestMethods(TestInvoker.java:147)\n\tat org.testng.internal.TestMethodWorker.invokeTestMethods(TestMethodWorker.java:146)\n\tat org.testng.internal.TestMethodWorker.run(TestMethodWorker.java:128)\n\tat java.base/java.util.concurrent.ThreadPoolExecutor.runWorker(ThreadPoolExecutor.java:1128)\n\tat java.base/java.util.concurrent.ThreadPoolExecutor$Worker.run(ThreadPoolExecutor.java:628)\n\tat java.base/java.lang.Thread.run(Thread.java:834)\n",
    "steps" : [ {
      "name" : "Access http://the-internet.herokuapp.com/login URL.",
      "time" : {
        "start" : 1618139391571,
        "stop" : 1618139391571,
        "duration" : 0
      },
      "status" : "passed",
      "steps" : [ ],
      "attachments" : [ ],
      "parameters" : [ ],
      "attachmentsCount" : 0,
      "shouldDisplayMessage" : false,
      "hasContent" : false,
      "stepsCount" : 0
    }, {
      "name" : "Verify login form present or not.",
      "time" : {
        "start" : 1618139392530,
        "stop" : 1618139392530,
        "duration" : 0
      },
      "status" : "passed",
      "steps" : [ ],
      "attachments" : [ ],
      "parameters" : [ ],
      "attachmentsCount" : 0,
      "shouldDisplayMessage" : false,
      "hasContent" : false,
      "stepsCount" : 0
    }, {
      "name" : "1. Login with valid username and password.",
      "time" : {
        "start" : 1618139392568,
        "stop" : 1618139392568,
        "duration" : 0
      },
      "status" : "passed",
      "steps" : [ ],
      "attachments" : [ ],
      "parameters" : [ ],
      "attachmentsCount" : 0,
      "shouldDisplayMessage" : false,
      "hasContent" : false,
      "stepsCount" : 0
    }, {
      "name" : "Enter tomsmith username",
      "time" : {
        "start" : 1618139392568,
        "stop" : 1618139392568,
        "duration" : 0
      },
      "status" : "passed",
      "steps" : [ ],
      "attachments" : [ ],
      "parameters" : [ ],
      "attachmentsCount" : 0,
      "shouldDisplayMessage" : false,
      "hasContent" : false,
      "stepsCount" : 0
    }, {
      "name" : "Enter SuperSecretPassword! password",
      "time" : {
        "start" : 1618139392637,
        "stop" : 1618139392637,
        "duration" : 0
      },
      "status" : "passed",
      "steps" : [ ],
      "attachments" : [ ],
      "parameters" : [ ],
      "attachmentsCount" : 0,
      "shouldDisplayMessage" : false,
      "hasContent" : false,
      "stepsCount" : 0
    }, {
      "name" : "Click on Submit button",
      "time" : {
        "start" : 1618139392715,
        "stop" : 1618139392715,
        "duration" : 0
      },
      "status" : "passed",
      "steps" : [ ],
      "attachments" : [ ],
      "parameters" : [ ],
      "attachmentsCount" : 0,
      "shouldDisplayMessage" : false,
      "hasContent" : false,
      "stepsCount" : 0
    }, {
      "name" : "2. Verify success message present",
      "time" : {
        "start" : 1618139393231,
        "stop" : 1618139393231,
        "duration" : 0
      },
      "status" : "passed",
      "steps" : [ ],
      "attachments" : [ ],
      "parameters" : [ ],
      "attachmentsCount" : 0,
      "shouldDisplayMessage" : false,
      "hasContent" : false,
      "stepsCount" : 0
    }, {
      "name" : "Verify success message present or not.",
      "time" : {
        "start" : 1618139393231,
        "stop" : 1618139393231,
        "duration" : 0
      },
      "status" : "passed",
      "steps" : [ ],
      "attachments" : [ ],
      "parameters" : [ ],
      "attachmentsCount" : 0,
      "shouldDisplayMessage" : false,
      "hasContent" : false,
      "stepsCount" : 0
    } ],
    "attachments" : [ ],
    "parameters" : [ ],
    "attachmentsCount" : 0,
    "shouldDisplayMessage" : true,
    "hasContent" : true,
    "stepsCount" : 8
  },
  "afterStages" : [ {
    "name" : "teardown",
    "time" : {
      "start" : 1618139393275,
      "stop" : 1618139393340,
      "duration" : 65
    },
    "description" : "",
    "status" : "passed",
    "steps" : [ {
      "name" : "Cleaning up driver instance: ChromeDriver: chrome on LINUX (24fd8ef7fe873eea1a7179dea11c3c81)",
      "time" : {
        "start" : 1618139393276,
        "stop" : 1618139393276,
        "duration" : 0
      },
      "status" : "passed",
      "steps" : [ ],
      "attachments" : [ ],
      "parameters" : [ ],
      "attachmentsCount" : 0,
      "shouldDisplayMessage" : false,
      "hasContent" : false,
      "stepsCount" : 0
    }, {
      "name" : "Complete time: 2021/04/11 11:09:53",
      "time" : {
        "start" : 1618139393340,
        "stop" : 1618139393340,
        "duration" : 0
      },
      "status" : "passed",
      "steps" : [ ],
      "attachments" : [ ],
      "parameters" : [ ],
      "attachmentsCount" : 0,
      "shouldDisplayMessage" : false,
      "hasContent" : false,
      "stepsCount" : 0
    } ],
    "attachments" : [ ],
    "parameters" : [ ],
    "attachmentsCount" : 0,
    "shouldDisplayMessage" : false,
    "hasContent" : true,
    "stepsCount" : 2
  } ],
  "labels" : [ {
    "name" : "package",
    "value" : "test.java.tests.theInternet.parallel.TestThree"
  }, {
    "name" : "testClass",
    "value" : "test.java.tests.theInternet.parallel.TestThree"
  }, {
    "name" : "testMethod",
    "value" : "testThreeExpectedFailure"
  }, {
    "name" : "parentSuite",
    "value" : "Suite - Parallel Execution"
  }, {
    "name" : "suite",
    "value" : "Test Parallel Execution"
  }, {
    "name" : "subSuite",
    "value" : "test.java.tests.theInternet.parallel.TestThree"
  }, {
    "name" : "host",
    "value" : "fv-az144-753"
  }, {
    "name" : "thread",
    "value" : "3226@fv-az144-753.TestNG-test=Test Parallel Execution-12(137)"
  }, {
    "name" : "framework",
    "value" : "testng"
  }, {
    "name" : "language",
    "value" : "java"
  }, {
    "name" : "severity",
    "value" : "blocker"
  }, {
    "name" : "resultFormat",
    "value" : "allure2"
  } ],
  "parameters" : [ ],
  "links" : [ ],
  "hidden" : true,
  "retry" : true,
  "extra" : {
    "categories" : [ ],
    "tags" : [ ]
  },
  "source" : "7eb21a76f60f051c.json",
  "parameterValues" : [ ]
}