{"uid":"4b04444af17eb0f5","name":"testDuesColumnAscendingSort","fullName":"test.java.tests.theInternet.TestTables.testDuesColumnAscendingSort","historyId":"f2e3d58c60ee9aa23efc3e343042987e","time":{"start":1680605791934,"stop":1680605791935,"duration":1},"description":"Verify the 'Due' column sort functionality in an ascending order.","descriptionHtml":"<p>Verify the 'Due' column sort functionality in an ascending order.</p>\n","status":"skipped","statusMessage":"Unable to establish websocket connection to http://localhost:41993/devtools/browser/8bc0c434-9c0b-45e9-b3e0-45f335550d56\nBuild info: version: '4.1.2', revision: '9a5a329c5a'\nSystem info: host: 'fv-az178-146', ip: '10.1.1.99', os.name: 'Linux', os.arch: 'amd64', os.version: '5.15.0-1034-azure', java.version: '17.0.6'\nDriver info: driver.version: ChromeDriver","statusTrace":"org.openqa.selenium.remote.http.ConnectionFailedException: Unable to establish websocket connection to http://localhost:41993/devtools/browser/8bc0c434-9c0b-45e9-b3e0-45f335550d56\nBuild info: version: '4.1.2', revision: '9a5a329c5a'\nSystem info: host: 'fv-az178-146', ip: '10.1.1.99', os.name: 'Linux', os.arch: 'amd64', os.version: '5.15.0-1034-azure', java.version: '17.0.6'\nDriver info: driver.version: ChromeDriver\n\tat org.openqa.selenium.remote.http.netty.NettyWebSocket.<init>(NettyWebSocket.java:104)\n\tat org.openqa.selenium.remote.http.netty.NettyWebSocket.lambda$create$3(NettyWebSocket.java:137)\n\tat org.openqa.selenium.remote.http.netty.NettyClient.openSocket(NettyClient.java:118)\n\tat org.openqa.selenium.devtools.Connection.<init>(Connection.java:77)\n\tat org.openqa.selenium.chromium.ChromiumDriver.lambda$new$2(ChromiumDriver.java:124)\n\tat java.base/java.util.Optional.map(Optional.java:260)\n\tat org.openqa.selenium.chromium.ChromiumDriver.<init>(ChromiumDriver.java:122)\n\tat org.openqa.selenium.chrome.ChromeDriver.<init>(ChromeDriver.java:106)\n\tat org.openqa.selenium.chrome.ChromeDriver.<init>(ChromeDriver.java:93)\n\tat org.openqa.selenium.chrome.ChromeDriver.<init>(ChromeDriver.java:82)\n\tat test.java.helper.Base.setup(Base.java:54)\n\tat jdk.internal.reflect.GeneratedMethodAccessor58.invoke(Unknown Source)\n\tat java.base/jdk.internal.reflect.DelegatingMethodAccessorImpl.invoke(DelegatingMethodAccessorImpl.java:43)\n\tat java.base/java.lang.reflect.Method.invoke(Method.java:568)\n\tat org.testng.internal.MethodInvocationHelper.invokeMethod(MethodInvocationHelper.java:133)\n\tat org.testng.internal.MethodInvocationHelper.invokeMethodConsideringTimeout(MethodInvocationHelper.java:62)\n\tat org.testng.internal.ConfigInvoker.invokeConfigurationMethod(ConfigInvoker.java:385)\n\tat org.testng.internal.ConfigInvoker.invokeConfigurations(ConfigInvoker.java:321)\n\tat org.testng.internal.TestInvoker.runConfigMethods(TestInvoker.java:700)\n\tat org.testng.internal.TestInvoker.invokeMethod(TestInvoker.java:527)\n\tat org.testng.internal.TestInvoker.invokeTestMethod(TestInvoker.java:173)\n\tat org.testng.internal.MethodRunner.runInSequence(MethodRunner.java:46)\n\tat org.testng.internal.TestInvoker$MethodInvocationAgent.invoke(TestInvoker.java:824)\n\tat org.testng.internal.TestInvoker.invokeTestMethods(TestInvoker.java:146)\n\tat org.testng.internal.TestMethodWorker.invokeTestMethods(TestMethodWorker.java:146)\n\tat org.testng.internal.TestMethodWorker.run(TestMethodWorker.java:128)\n\tat java.base/java.util.concurrent.ThreadPoolExecutor.runWorker(ThreadPoolExecutor.java:1136)\n\tat java.base/java.util.concurrent.ThreadPoolExecutor$Worker.run(ThreadPoolExecutor.java:635)\n\tat java.base/java.lang.Thread.run(Thread.java:833)\n","flaky":false,"newFailed":false,"newBroken":false,"newPassed":false,"retriesCount":0,"retriesStatusChange":false,"beforeStages":[{"name":"setup","time":{"start":1680605791597,"stop":1680605791929,"duration":332},"description":"","status":"broken","statusMessage":"Unable to establish websocket connection to http://localhost:37421/devtools/browser/031431b0-35ac-4131-a4dc-be879ce78b33\nBuild info: version: '4.1.2', revision: '9a5a329c5a'\nSystem info: host: 'fv-az178-146', ip: '10.1.1.99', os.name: 'Linux', os.arch: 'amd64', os.version: '5.15.0-1034-azure', java.version: '17.0.6'\nDriver info: driver.version: ChromeDriver","statusTrace":"org.openqa.selenium.remote.http.ConnectionFailedException: Unable to establish websocket connection to http://localhost:37421/devtools/browser/031431b0-35ac-4131-a4dc-be879ce78b33\nBuild info: version: '4.1.2', revision: '9a5a329c5a'\nSystem info: host: 'fv-az178-146', ip: '10.1.1.99', os.name: 'Linux', os.arch: 'amd64', os.version: '5.15.0-1034-azure', java.version: '17.0.6'\nDriver info: driver.version: ChromeDriver\n\tat org.openqa.selenium.remote.http.netty.NettyWebSocket.<init>(NettyWebSocket.java:104)\n\tat org.openqa.selenium.remote.http.netty.NettyWebSocket.lambda$create$3(NettyWebSocket.java:137)\n\tat org.openqa.selenium.remote.http.netty.NettyClient.openSocket(NettyClient.java:118)\n\tat org.openqa.selenium.devtools.Connection.<init>(Connection.java:77)\n\tat org.openqa.selenium.chromium.ChromiumDriver.lambda$new$2(ChromiumDriver.java:124)\n\tat java.base/java.util.Optional.map(Optional.java:260)\n\tat org.openqa.selenium.chromium.ChromiumDriver.<init>(ChromiumDriver.java:122)\n\tat org.openqa.selenium.chrome.ChromeDriver.<init>(ChromeDriver.java:106)\n\tat org.openqa.selenium.chrome.ChromeDriver.<init>(ChromeDriver.java:93)\n\tat org.openqa.selenium.chrome.ChromeDriver.<init>(ChromeDriver.java:82)\n\tat test.java.helper.Base.setup(Base.java:54)\n\tat jdk.internal.reflect.GeneratedMethodAccessor58.invoke(Unknown Source)\n\tat java.base/jdk.internal.reflect.DelegatingMethodAccessorImpl.invoke(DelegatingMethodAccessorImpl.java:43)\n\tat java.base/java.lang.reflect.Method.invoke(Method.java:568)\n\tat org.testng.internal.MethodInvocationHelper.invokeMethod(MethodInvocationHelper.java:133)\n\tat org.testng.internal.MethodInvocationHelper.invokeMethodConsideringTimeout(MethodInvocationHelper.java:62)\n\tat org.testng.internal.ConfigInvoker.invokeConfigurationMethod(ConfigInvoker.java:385)\n\tat org.testng.internal.ConfigInvoker.invokeConfigurations(ConfigInvoker.java:321)\n\tat org.testng.internal.TestInvoker.runConfigMethods(TestInvoker.java:700)\n\tat org.testng.internal.TestInvoker.invokeMethod(TestInvoker.java:527)\n\tat org.testng.internal.TestInvoker.invokeTestMethod(TestInvoker.java:173)\n\tat org.testng.internal.MethodRunner.runInSequence(MethodRunner.java:46)\n\tat org.testng.internal.TestInvoker$MethodInvocationAgent.invoke(TestInvoker.java:824)\n\tat org.testng.internal.TestInvoker.invokeTestMethods(TestInvoker.java:146)\n\tat org.testng.internal.TestMethodWorker.invokeTestMethods(TestMethodWorker.java:146)\n\tat org.testng.internal.TestMethodWorker.run(TestMethodWorker.java:128)\n\tat java.base/java.util.concurrent.ThreadPoolExecutor.runWorker(ThreadPoolExecutor.java:1136)\n\tat java.base/java.util.concurrent.ThreadPoolExecutor$Worker.run(ThreadPoolExecutor.java:635)\n\tat java.base/java.lang.Thread.run(Thread.java:833)\n","steps":[{"name":"Start time: 4 Apr 2023 10:56:31","time":{"start":1680605791597,"stop":1680605791597,"duration":0},"status":"passed","steps":[],"attachments":[],"parameters":[],"stepsCount":0,"attachmentsCount":0,"shouldDisplayMessage":false,"hasContent":false},{"name":"Running Test on 'Linux' OS.","time":{"start":1680605791597,"stop":1680605791597,"duration":0},"status":"passed","steps":[],"attachments":[],"parameters":[],"stepsCount":0,"attachmentsCount":0,"shouldDisplayMessage":false,"hasContent":false},{"name":"JVM Version: 17.0.6","time":{"start":1680605791597,"stop":1680605791597,"duration":0},"status":"passed","steps":[],"attachments":[],"parameters":[],"stepsCount":0,"attachmentsCount":0,"shouldDisplayMessage":false,"hasContent":false},{"name":"Browser: CHROMEHEADLESS","time":{"start":1680605791597,"stop":1680605791597,"duration":0},"status":"passed","steps":[],"attachments":[],"parameters":[],"stepsCount":0,"attachmentsCount":0,"shouldDisplayMessage":false,"hasContent":false}],"attachments":[],"parameters":[],"stepsCount":4,"attachmentsCount":0,"shouldDisplayMessage":true,"hasContent":true}],"afterStages":[{"name":"teardown","time":{"start":1680605791938,"stop":1680605791938,"duration":0},"description":"","status":"broken","steps":[],"attachments":[],"parameters":[],"stepsCount":0,"attachmentsCount":0,"shouldDisplayMessage":false,"hasContent":false}],"labels":[{"name":"package","value":"test.java.tests.theInternet.TestTables"},{"name":"testClass","value":"test.java.tests.theInternet.TestTables"},{"name":"testMethod","value":"testDuesColumnAscendingSort"},{"name":"parentSuite","value":"Suite - Parallel Execution"},{"name":"suite","value":"Test Parallel Execution"},{"name":"subSuite","value":"test.java.tests.theInternet.TestTables"},{"name":"host","value":"fv-az178-146"},{"name":"thread","value":"2367@fv-az178-146.TestNG-test=Test Parallel Execution-3(19)"},{"name":"framework","value":"testng"},{"name":"language","value":"java"},{"name":"severity","value":"minor"},{"name":"resultFormat","value":"allure2"}],"parameters":[],"links":[],"hidden":false,"retry":false,"extra":{"severity":"minor","retries":[],"categories":[],"history":{"statistic":{"failed":0,"broken":0,"skipped":3,"passed":17,"unknown":0,"total":20},"items":[{"uid":"52f34237b56df32b","reportUrl":"https://jagadeeshshetty.github.io/SeleniumMaven/57//#testresult/52f34237b56df32b","status":"skipped","statusDetails":"Unable to establish websocket connection to http://localhost:37871/devtools/browser/9fb99be0-0701-4af5-8105-b8eeda366135\nBuild info: version: '4.1.2', revision: '9a5a329c5a'\nSystem info: host: 'fv-az436-419', ip: '10.1.0.212', os.name: 'Linux', os.arch: 'amd64', os.version: '5.15.0-1034-azure', java.version: '17.0.6'\nDriver info: driver.version: ChromeDriver","time":{"start":1680604537909,"stop":1680604537912,"duration":3}},{"uid":"d6b1944f743c059b","reportUrl":"https://jagadeeshshetty.github.io/SeleniumMaven/56//#testresult/d6b1944f743c059b","status":"skipped","statusDetails":"Unable to establish websocket connection to http://localhost:33733/devtools/browser/648456c2-02b7-4549-b430-ae723b4fbbe6\nBuild info: version: '4.1.2', revision: '9a5a329c5a'\nSystem info: host: 'fv-az175-915', ip: '10.1.1.146', os.name: 'Linux', os.arch: 'amd64', os.version: '5.15.0-1034-azure', java.version: '17.0.6'\nDriver info: driver.version: ChromeDriver","time":{"start":1680604520308,"stop":1680604520308,"duration":0}},{"uid":"8032cda359f1673e","reportUrl":"https://jagadeeshshetty.github.io/SeleniumMaven/55//#testresult/8032cda359f1673e","status":"passed","time":{"start":1661670750505,"stop":1661670751078,"duration":573}},{"uid":"94ad7447283eb3a2","reportUrl":"https://jagadeeshshetty.github.io/SeleniumMaven/54//#testresult/94ad7447283eb3a2","status":"passed","time":{"start":1653206423997,"stop":1653206424514,"duration":517}},{"uid":"4cf0a728113cc74f","reportUrl":"https://jagadeeshshetty.github.io/SeleniumMaven/53//#testresult/4cf0a728113cc74f","status":"passed","time":{"start":1648576763094,"stop":1648576763787,"duration":693}},{"uid":"82933339db252093","reportUrl":"https://jagadeeshshetty.github.io/SeleniumMaven/52//#testresult/82933339db252093","status":"passed","time":{"start":1648561245734,"stop":1648561247100,"duration":1366}},{"uid":"ea01dd920b9e30cd","reportUrl":"https://jagadeeshshetty.github.io/SeleniumMaven/51//#testresult/ea01dd920b9e30cd","status":"passed","time":{"start":1648448521143,"stop":1648448521597,"duration":454}},{"uid":"be6d043847b78d23","reportUrl":"https://jagadeeshshetty.github.io/SeleniumMaven/50//#testresult/be6d043847b78d23","status":"passed","time":{"start":1647626449610,"stop":1647626450765,"duration":1155}},{"uid":"89c644fe5d35376a","reportUrl":"https://jagadeeshshetty.github.io/SeleniumMaven/49//#testresult/89c644fe5d35376a","status":"passed","time":{"start":1635766782530,"stop":1635766783118,"duration":588}},{"uid":"c1d30cdb603fec52","reportUrl":"https://jagadeeshshetty.github.io/SeleniumMaven/48//#testresult/c1d30cdb603fec52","status":"passed","time":{"start":1635765703628,"stop":1635765704226,"duration":598}},{"uid":"65e847ad23ccc634","reportUrl":"https://jagadeeshshetty.github.io/SeleniumMaven/47//#testresult/65e847ad23ccc634","status":"passed","time":{"start":1634460326737,"stop":1634460327287,"duration":550}},{"uid":"52a06ff9caf146e7","reportUrl":"https://jagadeeshshetty.github.io/SeleniumMaven/47//#testresult/52a06ff9caf146e7","status":"passed","time":{"start":1634459945485,"stop":1634459946841,"duration":1356}},{"uid":"b83c7f846ae04553","reportUrl":"https://jagadeeshshetty.github.io/SeleniumMaven/46//#testresult/b83c7f846ae04553","status":"passed","time":{"start":1634459766284,"stop":1634459767072,"duration":788}},{"uid":"265165d9be0152cb","reportUrl":"https://jagadeeshshetty.github.io/SeleniumMaven/39//#testresult/265165d9be0152cb","status":"passed","time":{"start":1630765675519,"stop":1630765676109,"duration":590}},{"uid":"f3e91a24f8145b94","reportUrl":"https://jagadeeshshetty.github.io/SeleniumMaven/38//#testresult/f3e91a24f8145b94","status":"passed","time":{"start":1630690683548,"stop":1630690684059,"duration":511}},{"uid":"bc6fe307be9c16ad","reportUrl":"https://jagadeeshshetty.github.io/SeleniumMaven/37//#testresult/bc6fe307be9c16ad","status":"passed","time":{"start":1628308291995,"stop":1628308292527,"duration":532}},{"uid":"2ecfa8052956f2ea","reportUrl":"https://jagadeeshshetty.github.io/SeleniumMaven/36//#testresult/2ecfa8052956f2ea","status":"passed","time":{"start":1628088257693,"stop":1628088258340,"duration":647}},{"uid":"f9c0c0bc81297005","reportUrl":"https://jagadeeshshetty.github.io/SeleniumMaven/35//#testresult/f9c0c0bc81297005","status":"passed","time":{"start":1627903963652,"stop":1627903964184,"duration":532}},{"uid":"7c8ecb322a13a643","reportUrl":"https://jagadeeshshetty.github.io/SeleniumMaven/34//#testresult/7c8ecb322a13a643","status":"passed","time":{"start":1626619978320,"stop":1626619978844,"duration":524}}]},"tags":[]},"source":"4b04444af17eb0f5.json","parameterValues":[]}