{"uid":"b887bf74e516c6fc","name":"testDuesColumnAscendingSortWithStepLevelScreenshot","fullName":"test.java.tests.theInternet.TestTables.testDuesColumnAscendingSortWithStepLevelScreenshot","historyId":"89049a7fe5d7fd60424ee995e904371f","time":{"start":1682737756790,"stop":1682737756792,"duration":2},"description":"Verify the 'Due' column sort functionality in an ascending order with step level screenshot.","descriptionHtml":"<p>Verify the 'Due' column sort functionality in an ascending order with step level screenshot.</p>\n","status":"skipped","statusMessage":"Unable to establish websocket connection to http://localhost:43513/devtools/browser/b8f7d339-a509-4eaf-ab6b-02a4f3f5ad43\nBuild info: version: '4.1.2', revision: '9a5a329c5a'\nSystem info: host: 'fv-az176-64', ip: '10.1.0.11', os.name: 'Linux', os.arch: 'amd64', os.version: '5.15.0-1036-azure', java.version: '17.0.7'\nDriver info: driver.version: ChromeDriver","statusTrace":"org.openqa.selenium.remote.http.ConnectionFailedException: Unable to establish websocket connection to http://localhost:43513/devtools/browser/b8f7d339-a509-4eaf-ab6b-02a4f3f5ad43\nBuild info: version: '4.1.2', revision: '9a5a329c5a'\nSystem info: host: 'fv-az176-64', ip: '10.1.0.11', os.name: 'Linux', os.arch: 'amd64', os.version: '5.15.0-1036-azure', java.version: '17.0.7'\nDriver info: driver.version: ChromeDriver\n\tat org.openqa.selenium.remote.http.netty.NettyWebSocket.<init>(NettyWebSocket.java:104)\n\tat org.openqa.selenium.remote.http.netty.NettyWebSocket.lambda$create$3(NettyWebSocket.java:137)\n\tat org.openqa.selenium.remote.http.netty.NettyClient.openSocket(NettyClient.java:118)\n\tat org.openqa.selenium.devtools.Connection.<init>(Connection.java:77)\n\tat org.openqa.selenium.chromium.ChromiumDriver.lambda$new$2(ChromiumDriver.java:124)\n\tat java.base/java.util.Optional.map(Optional.java:260)\n\tat org.openqa.selenium.chromium.ChromiumDriver.<init>(ChromiumDriver.java:122)\n\tat org.openqa.selenium.chrome.ChromeDriver.<init>(ChromeDriver.java:106)\n\tat org.openqa.selenium.chrome.ChromeDriver.<init>(ChromeDriver.java:93)\n\tat org.openqa.selenium.chrome.ChromeDriver.<init>(ChromeDriver.java:82)\n\tat test.java.helper.Base.setup(Base.java:54)\n\tat jdk.internal.reflect.GeneratedMethodAccessor58.invoke(Unknown Source)\n\tat java.base/jdk.internal.reflect.DelegatingMethodAccessorImpl.invoke(DelegatingMethodAccessorImpl.java:43)\n\tat java.base/java.lang.reflect.Method.invoke(Method.java:568)\n\tat org.testng.internal.MethodInvocationHelper.invokeMethod(MethodInvocationHelper.java:133)\n\tat org.testng.internal.MethodInvocationHelper.invokeMethodConsideringTimeout(MethodInvocationHelper.java:62)\n\tat org.testng.internal.ConfigInvoker.invokeConfigurationMethod(ConfigInvoker.java:385)\n\tat org.testng.internal.ConfigInvoker.invokeConfigurations(ConfigInvoker.java:321)\n\tat org.testng.internal.TestInvoker.runConfigMethods(TestInvoker.java:700)\n\tat org.testng.internal.TestInvoker.invokeMethod(TestInvoker.java:527)\n\tat org.testng.internal.TestInvoker.invokeTestMethod(TestInvoker.java:173)\n\tat org.testng.internal.MethodRunner.runInSequence(MethodRunner.java:46)\n\tat org.testng.internal.TestInvoker$MethodInvocationAgent.invoke(TestInvoker.java:824)\n\tat org.testng.internal.TestInvoker.invokeTestMethods(TestInvoker.java:146)\n\tat org.testng.internal.TestMethodWorker.invokeTestMethods(TestMethodWorker.java:146)\n\tat org.testng.internal.TestMethodWorker.run(TestMethodWorker.java:128)\n\tat java.base/java.util.concurrent.ThreadPoolExecutor.runWorker(ThreadPoolExecutor.java:1136)\n\tat java.base/java.util.concurrent.ThreadPoolExecutor$Worker.run(ThreadPoolExecutor.java:635)\n\tat java.base/java.lang.Thread.run(Thread.java:833)\n","flaky":false,"newFailed":false,"newBroken":false,"newPassed":false,"retriesCount":0,"retriesStatusChange":false,"beforeStages":[{"name":"setup","time":{"start":1682737756412,"stop":1682737756786,"duration":374},"description":"","status":"broken","statusMessage":"Unable to establish websocket connection to http://localhost:43513/devtools/browser/b8f7d339-a509-4eaf-ab6b-02a4f3f5ad43\nBuild info: version: '4.1.2', revision: '9a5a329c5a'\nSystem info: host: 'fv-az176-64', ip: '10.1.0.11', os.name: 'Linux', os.arch: 'amd64', os.version: '5.15.0-1036-azure', java.version: '17.0.7'\nDriver info: driver.version: ChromeDriver","statusTrace":"org.openqa.selenium.remote.http.ConnectionFailedException: Unable to establish websocket connection to http://localhost:43513/devtools/browser/b8f7d339-a509-4eaf-ab6b-02a4f3f5ad43\nBuild info: version: '4.1.2', revision: '9a5a329c5a'\nSystem info: host: 'fv-az176-64', ip: '10.1.0.11', os.name: 'Linux', os.arch: 'amd64', os.version: '5.15.0-1036-azure', java.version: '17.0.7'\nDriver info: driver.version: ChromeDriver\n\tat org.openqa.selenium.remote.http.netty.NettyWebSocket.<init>(NettyWebSocket.java:104)\n\tat org.openqa.selenium.remote.http.netty.NettyWebSocket.lambda$create$3(NettyWebSocket.java:137)\n\tat org.openqa.selenium.remote.http.netty.NettyClient.openSocket(NettyClient.java:118)\n\tat org.openqa.selenium.devtools.Connection.<init>(Connection.java:77)\n\tat org.openqa.selenium.chromium.ChromiumDriver.lambda$new$2(ChromiumDriver.java:124)\n\tat java.base/java.util.Optional.map(Optional.java:260)\n\tat org.openqa.selenium.chromium.ChromiumDriver.<init>(ChromiumDriver.java:122)\n\tat org.openqa.selenium.chrome.ChromeDriver.<init>(ChromeDriver.java:106)\n\tat org.openqa.selenium.chrome.ChromeDriver.<init>(ChromeDriver.java:93)\n\tat org.openqa.selenium.chrome.ChromeDriver.<init>(ChromeDriver.java:82)\n\tat test.java.helper.Base.setup(Base.java:54)\n\tat jdk.internal.reflect.GeneratedMethodAccessor58.invoke(Unknown Source)\n\tat java.base/jdk.internal.reflect.DelegatingMethodAccessorImpl.invoke(DelegatingMethodAccessorImpl.java:43)\n\tat java.base/java.lang.reflect.Method.invoke(Method.java:568)\n\tat org.testng.internal.MethodInvocationHelper.invokeMethod(MethodInvocationHelper.java:133)\n\tat org.testng.internal.MethodInvocationHelper.invokeMethodConsideringTimeout(MethodInvocationHelper.java:62)\n\tat org.testng.internal.ConfigInvoker.invokeConfigurationMethod(ConfigInvoker.java:385)\n\tat org.testng.internal.ConfigInvoker.invokeConfigurations(ConfigInvoker.java:321)\n\tat org.testng.internal.TestInvoker.runConfigMethods(TestInvoker.java:700)\n\tat org.testng.internal.TestInvoker.invokeMethod(TestInvoker.java:527)\n\tat org.testng.internal.TestInvoker.invokeTestMethod(TestInvoker.java:173)\n\tat org.testng.internal.MethodRunner.runInSequence(MethodRunner.java:46)\n\tat org.testng.internal.TestInvoker$MethodInvocationAgent.invoke(TestInvoker.java:824)\n\tat org.testng.internal.TestInvoker.invokeTestMethods(TestInvoker.java:146)\n\tat org.testng.internal.TestMethodWorker.invokeTestMethods(TestMethodWorker.java:146)\n\tat org.testng.internal.TestMethodWorker.run(TestMethodWorker.java:128)\n\tat java.base/java.util.concurrent.ThreadPoolExecutor.runWorker(ThreadPoolExecutor.java:1136)\n\tat java.base/java.util.concurrent.ThreadPoolExecutor$Worker.run(ThreadPoolExecutor.java:635)\n\tat java.base/java.lang.Thread.run(Thread.java:833)\n","steps":[{"name":"Start time: 29 Apr 2023 03:09:16","time":{"start":1682737756412,"stop":1682737756412,"duration":0},"status":"passed","steps":[],"attachments":[],"parameters":[],"stepsCount":0,"attachmentsCount":0,"shouldDisplayMessage":false,"hasContent":false},{"name":"Running Test on 'Linux' OS.","time":{"start":1682737756412,"stop":1682737756412,"duration":0},"status":"passed","steps":[],"attachments":[],"parameters":[],"stepsCount":0,"attachmentsCount":0,"shouldDisplayMessage":false,"hasContent":false},{"name":"JVM Version: 17.0.7","time":{"start":1682737756412,"stop":1682737756412,"duration":0},"status":"passed","steps":[],"attachments":[],"parameters":[],"stepsCount":0,"attachmentsCount":0,"shouldDisplayMessage":false,"hasContent":false},{"name":"Browser: CHROMEHEADLESS","time":{"start":1682737756412,"stop":1682737756412,"duration":0},"status":"passed","steps":[],"attachments":[],"parameters":[],"stepsCount":0,"attachmentsCount":0,"shouldDisplayMessage":false,"hasContent":false}],"attachments":[],"parameters":[],"stepsCount":4,"attachmentsCount":0,"shouldDisplayMessage":true,"hasContent":true}],"afterStages":[{"name":"teardown","time":{"start":1682737756793,"stop":1682737756793,"duration":0},"description":"","status":"broken","steps":[],"attachments":[],"parameters":[],"stepsCount":0,"attachmentsCount":0,"shouldDisplayMessage":false,"hasContent":false}],"labels":[{"name":"package","value":"test.java.tests.theInternet.TestTables"},{"name":"testClass","value":"test.java.tests.theInternet.TestTables"},{"name":"testMethod","value":"testDuesColumnAscendingSortWithStepLevelScreenshot"},{"name":"parentSuite","value":"Suite - Parallel Execution"},{"name":"suite","value":"Test Parallel Execution"},{"name":"subSuite","value":"test.java.tests.theInternet.TestTables"},{"name":"host","value":"fv-az176-64"},{"name":"thread","value":"2469@fv-az176-64.TestNG-test=Test Parallel Execution-1(17)"},{"name":"framework","value":"testng"},{"name":"language","value":"java"},{"name":"severity","value":"minor"},{"name":"resultFormat","value":"allure2"}],"parameters":[],"links":[],"hidden":false,"retry":false,"extra":{"severity":"minor","retries":[],"categories":[],"history":{"statistic":{"failed":0,"broken":0,"skipped":4,"passed":0,"unknown":0,"total":4},"items":[{"uid":"f60c34098e080477","reportUrl":"https://jagadeeshshetty.github.io/SeleniumMaven/66//#testresult/f60c34098e080477","status":"skipped","statusDetails":"Unable to establish websocket connection to http://localhost:44201/devtools/browser/c1c5c168-62fe-4883-a49d-bd1e1c1118a5\nBuild info: version: '4.1.2', revision: '9a5a329c5a'\nSystem info: host: 'fv-az247-602', ip: '10.1.0.210', os.name: 'Linux', os.arch: 'amd64', os.version: '5.15.0-1036-azure', java.version: '17.0.7'\nDriver info: driver.version: ChromeDriver","time":{"start":1682644061857,"stop":1682644061858,"duration":1}},{"uid":"f6113d4c61e327fb","reportUrl":"https://jagadeeshshetty.github.io/SeleniumMaven/67//#testresult/f6113d4c61e327fb","status":"skipped","statusDetails":"Unable to establish websocket connection to http://localhost:43421/devtools/browser/f5d96d56-5e4b-4d4f-b8ed-36020e8c372d\nBuild info: version: '4.1.2', revision: '9a5a329c5a'\nSystem info: host: 'fv-az951-323', ip: '10.1.0.79', os.name: 'Linux', os.arch: 'amd64', os.version: '5.15.0-1036-azure', java.version: '17.0.7'\nDriver info: driver.version: ChromeDriver","time":{"start":1682644052435,"stop":1682644052435,"duration":0}},{"uid":"e636f7e5bad2eb6","reportUrl":"https://jagadeeshshetty.github.io/SeleniumMaven/68//#testresult/e636f7e5bad2eb6","status":"skipped","statusDetails":"Unable to establish websocket connection to http://localhost:41681/devtools/browser/7e578509-f38a-49b6-a96b-c3ebb981e15e\nBuild info: version: '4.1.2', revision: '9a5a329c5a'\nSystem info: host: 'fv-az592-394', ip: '10.1.0.173', os.name: 'Linux', os.arch: 'amd64', os.version: '5.15.0-1036-azure', java.version: '17.0.7'\nDriver info: driver.version: ChromeDriver","time":{"start":1682644043989,"stop":1682644043991,"duration":2}}]},"tags":[]},"source":"b887bf74e516c6fc.json","parameterValues":[]}