{"uid":"4128fa045f11710e","name":"Test_With_Cookie_Before_Visiting_Page","fullName":"test.java.tests.theInternet.ABTestOptOut.Test_With_Cookie_Before_Visiting_Page","historyId":"90516de3d965a2f332fdd09ef723b14c","time":{"start":1680605893748,"stop":1680605893748,"duration":0},"description":"The test will verify the ABTest scenario by forge an opt-out cookie.","descriptionHtml":"<p>The test will verify the ABTest scenario by forge an opt-out cookie.</p>\n","status":"skipped","statusMessage":"Unable to establish websocket connection to http://localhost:46703/devtools/browser/271bbac3-09e1-4160-a4b5-6878e2f0adda\nBuild info: version: '4.1.2', revision: '9a5a329c5a'\nSystem info: host: 'fv-az203-458', ip: '10.1.1.70', os.name: 'Linux', os.arch: 'amd64', os.version: '5.15.0-1034-azure', java.version: '17.0.6'\nDriver info: driver.version: ChromeDriver","statusTrace":"org.openqa.selenium.remote.http.ConnectionFailedException: Unable to establish websocket connection to http://localhost:46703/devtools/browser/271bbac3-09e1-4160-a4b5-6878e2f0adda\nBuild info: version: '4.1.2', revision: '9a5a329c5a'\nSystem info: host: 'fv-az203-458', ip: '10.1.1.70', os.name: 'Linux', os.arch: 'amd64', os.version: '5.15.0-1034-azure', java.version: '17.0.6'\nDriver info: driver.version: ChromeDriver\n\tat org.openqa.selenium.remote.http.netty.NettyWebSocket.<init>(NettyWebSocket.java:104)\n\tat org.openqa.selenium.remote.http.netty.NettyWebSocket.lambda$create$3(NettyWebSocket.java:137)\n\tat org.openqa.selenium.remote.http.netty.NettyClient.openSocket(NettyClient.java:118)\n\tat org.openqa.selenium.devtools.Connection.<init>(Connection.java:77)\n\tat org.openqa.selenium.chromium.ChromiumDriver.lambda$new$2(ChromiumDriver.java:124)\n\tat java.base/java.util.Optional.map(Optional.java:260)\n\tat org.openqa.selenium.chromium.ChromiumDriver.<init>(ChromiumDriver.java:122)\n\tat org.openqa.selenium.chrome.ChromeDriver.<init>(ChromeDriver.java:106)\n\tat org.openqa.selenium.chrome.ChromeDriver.<init>(ChromeDriver.java:93)\n\tat org.openqa.selenium.chrome.ChromeDriver.<init>(ChromeDriver.java:82)\n\tat test.java.helper.Base.setup(Base.java:54)\n\tat jdk.internal.reflect.GeneratedMethodAccessor47.invoke(Unknown Source)\n\tat java.base/jdk.internal.reflect.DelegatingMethodAccessorImpl.invoke(DelegatingMethodAccessorImpl.java:43)\n\tat java.base/java.lang.reflect.Method.invoke(Method.java:568)\n\tat org.testng.internal.MethodInvocationHelper.invokeMethod(MethodInvocationHelper.java:133)\n\tat org.testng.internal.MethodInvocationHelper.invokeMethodConsideringTimeout(MethodInvocationHelper.java:62)\n\tat org.testng.internal.ConfigInvoker.invokeConfigurationMethod(ConfigInvoker.java:385)\n\tat org.testng.internal.ConfigInvoker.invokeConfigurations(ConfigInvoker.java:321)\n\tat org.testng.internal.TestInvoker.runConfigMethods(TestInvoker.java:700)\n\tat org.testng.internal.TestInvoker.invokeMethod(TestInvoker.java:527)\n\tat org.testng.internal.TestInvoker.invokeTestMethod(TestInvoker.java:173)\n\tat org.testng.internal.MethodRunner.runInSequence(MethodRunner.java:46)\n\tat org.testng.internal.TestInvoker$MethodInvocationAgent.invoke(TestInvoker.java:824)\n\tat org.testng.internal.TestInvoker.invokeTestMethods(TestInvoker.java:146)\n\tat org.testng.internal.TestMethodWorker.invokeTestMethods(TestMethodWorker.java:146)\n\tat org.testng.internal.TestMethodWorker.run(TestMethodWorker.java:128)\n\tat java.base/java.util.concurrent.ThreadPoolExecutor.runWorker(ThreadPoolExecutor.java:1136)\n\tat java.base/java.util.concurrent.ThreadPoolExecutor$Worker.run(ThreadPoolExecutor.java:635)\n\tat java.base/java.lang.Thread.run(Thread.java:833)\n","flaky":false,"newFailed":false,"newBroken":false,"newPassed":false,"retriesCount":0,"retriesStatusChange":false,"beforeStages":[{"name":"setup","time":{"start":1680605893210,"stop":1680605893741,"duration":531},"description":"","status":"broken","statusMessage":"Unable to establish websocket connection to http://localhost:46703/devtools/browser/271bbac3-09e1-4160-a4b5-6878e2f0adda\nBuild info: version: '4.1.2', revision: '9a5a329c5a'\nSystem info: host: 'fv-az203-458', ip: '10.1.1.70', os.name: 'Linux', os.arch: 'amd64', os.version: '5.15.0-1034-azure', java.version: '17.0.6'\nDriver info: driver.version: ChromeDriver","statusTrace":"org.openqa.selenium.remote.http.ConnectionFailedException: Unable to establish websocket connection to http://localhost:46703/devtools/browser/271bbac3-09e1-4160-a4b5-6878e2f0adda\nBuild info: version: '4.1.2', revision: '9a5a329c5a'\nSystem info: host: 'fv-az203-458', ip: '10.1.1.70', os.name: 'Linux', os.arch: 'amd64', os.version: '5.15.0-1034-azure', java.version: '17.0.6'\nDriver info: driver.version: ChromeDriver\n\tat org.openqa.selenium.remote.http.netty.NettyWebSocket.<init>(NettyWebSocket.java:104)\n\tat org.openqa.selenium.remote.http.netty.NettyWebSocket.lambda$create$3(NettyWebSocket.java:137)\n\tat org.openqa.selenium.remote.http.netty.NettyClient.openSocket(NettyClient.java:118)\n\tat org.openqa.selenium.devtools.Connection.<init>(Connection.java:77)\n\tat org.openqa.selenium.chromium.ChromiumDriver.lambda$new$2(ChromiumDriver.java:124)\n\tat java.base/java.util.Optional.map(Optional.java:260)\n\tat org.openqa.selenium.chromium.ChromiumDriver.<init>(ChromiumDriver.java:122)\n\tat org.openqa.selenium.chrome.ChromeDriver.<init>(ChromeDriver.java:106)\n\tat org.openqa.selenium.chrome.ChromeDriver.<init>(ChromeDriver.java:93)\n\tat org.openqa.selenium.chrome.ChromeDriver.<init>(ChromeDriver.java:82)\n\tat test.java.helper.Base.setup(Base.java:54)\n\tat jdk.internal.reflect.GeneratedMethodAccessor47.invoke(Unknown Source)\n\tat java.base/jdk.internal.reflect.DelegatingMethodAccessorImpl.invoke(DelegatingMethodAccessorImpl.java:43)\n\tat java.base/java.lang.reflect.Method.invoke(Method.java:568)\n\tat org.testng.internal.MethodInvocationHelper.invokeMethod(MethodInvocationHelper.java:133)\n\tat org.testng.internal.MethodInvocationHelper.invokeMethodConsideringTimeout(MethodInvocationHelper.java:62)\n\tat org.testng.internal.ConfigInvoker.invokeConfigurationMethod(ConfigInvoker.java:385)\n\tat org.testng.internal.ConfigInvoker.invokeConfigurations(ConfigInvoker.java:321)\n\tat org.testng.internal.TestInvoker.runConfigMethods(TestInvoker.java:700)\n\tat org.testng.internal.TestInvoker.invokeMethod(TestInvoker.java:527)\n\tat org.testng.internal.TestInvoker.invokeTestMethod(TestInvoker.java:173)\n\tat org.testng.internal.MethodRunner.runInSequence(MethodRunner.java:46)\n\tat org.testng.internal.TestInvoker$MethodInvocationAgent.invoke(TestInvoker.java:824)\n\tat org.testng.internal.TestInvoker.invokeTestMethods(TestInvoker.java:146)\n\tat org.testng.internal.TestMethodWorker.invokeTestMethods(TestMethodWorker.java:146)\n\tat org.testng.internal.TestMethodWorker.run(TestMethodWorker.java:128)\n\tat java.base/java.util.concurrent.ThreadPoolExecutor.runWorker(ThreadPoolExecutor.java:1136)\n\tat java.base/java.util.concurrent.ThreadPoolExecutor$Worker.run(ThreadPoolExecutor.java:635)\n\tat java.base/java.lang.Thread.run(Thread.java:833)\n","steps":[{"name":"Start time: 4 Apr 2023 10:58:13","time":{"start":1680605893210,"stop":1680605893210,"duration":0},"status":"passed","steps":[],"attachments":[],"parameters":[],"stepsCount":0,"attachmentsCount":0,"shouldDisplayMessage":false,"hasContent":false},{"name":"Running Test on 'Linux' OS.","time":{"start":1680605893210,"stop":1680605893210,"duration":0},"status":"passed","steps":[],"attachments":[],"parameters":[],"stepsCount":0,"attachmentsCount":0,"shouldDisplayMessage":false,"hasContent":false},{"name":"JVM Version: 17.0.6","time":{"start":1680605893210,"stop":1680605893210,"duration":0},"status":"passed","steps":[],"attachments":[],"parameters":[],"stepsCount":0,"attachmentsCount":0,"shouldDisplayMessage":false,"hasContent":false},{"name":"Browser: CHROMEHEADLESS","time":{"start":1680605893210,"stop":1680605893210,"duration":0},"status":"passed","steps":[],"attachments":[],"parameters":[],"stepsCount":0,"attachmentsCount":0,"shouldDisplayMessage":false,"hasContent":false}],"attachments":[],"parameters":[],"stepsCount":4,"attachmentsCount":0,"shouldDisplayMessage":true,"hasContent":true}],"afterStages":[{"name":"teardown","time":{"start":1680605893749,"stop":1680605893749,"duration":0},"description":"","status":"broken","steps":[],"attachments":[],"parameters":[],"stepsCount":0,"attachmentsCount":0,"shouldDisplayMessage":false,"hasContent":false}],"labels":[{"name":"package","value":"test.java.tests.theInternet.ABTestOptOut"},{"name":"testClass","value":"test.java.tests.theInternet.ABTestOptOut"},{"name":"testMethod","value":"Test_With_Cookie_Before_Visiting_Page"},{"name":"parentSuite","value":"Suite - Parallel Execution"},{"name":"suite","value":"Test Parallel Execution"},{"name":"subSuite","value":"test.java.tests.theInternet.ABTestOptOut"},{"name":"host","value":"fv-az203-458"},{"name":"thread","value":"2380@fv-az203-458.TestNG-test=Test Parallel Execution-4(20)"},{"name":"framework","value":"testng"},{"name":"language","value":"java"},{"name":"severity","value":"normal"},{"name":"resultFormat","value":"allure2"}],"parameters":[],"links":[],"hidden":false,"retry":false,"extra":{"severity":"normal","retries":[],"categories":[],"history":{"statistic":{"failed":0,"broken":0,"skipped":4,"passed":12,"unknown":0,"total":16},"items":[{"uid":"d7577bdc690ccd8e","reportUrl":"https://jagadeeshshetty.github.io/SeleniumMaven/58//#testresult/d7577bdc690ccd8e","status":"skipped","statusDetails":"Unable to establish websocket connection to http://localhost:33695/devtools/browser/08cbb51e-b903-49a3-abe5-c402c614fdc5\nBuild info: version: '4.1.2', revision: '9a5a329c5a'\nSystem info: host: 'fv-az178-146', ip: '10.1.1.99', os.name: 'Linux', os.arch: 'amd64', os.version: '5.15.0-1034-azure', java.version: '17.0.6'\nDriver info: driver.version: ChromeDriver","time":{"start":1680605791458,"stop":1680605791459,"duration":1}},{"uid":"c5eaa3c8c98fa179","reportUrl":"https://jagadeeshshetty.github.io/SeleniumMaven/57//#testresult/c5eaa3c8c98fa179","status":"skipped","statusDetails":"Unable to establish websocket connection to http://localhost:41423/devtools/browser/eae460f0-a1ea-4fab-9bb9-a3cdc08acf03\nBuild info: version: '4.1.2', revision: '9a5a329c5a'\nSystem info: host: 'fv-az436-419', ip: '10.1.0.212', os.name: 'Linux', os.arch: 'amd64', os.version: '5.15.0-1034-azure', java.version: '17.0.6'\nDriver info: driver.version: ChromeDriver","time":{"start":1680604537296,"stop":1680604537300,"duration":4}},{"uid":"8784c8594e8d8445","reportUrl":"https://jagadeeshshetty.github.io/SeleniumMaven/56//#testresult/8784c8594e8d8445","status":"skipped","statusDetails":"Unable to establish websocket connection to http://localhost:38743/devtools/browser/9941cddb-6357-400c-9462-6429535de123\nBuild info: version: '4.1.2', revision: '9a5a329c5a'\nSystem info: host: 'fv-az175-915', ip: '10.1.1.146', os.name: 'Linux', os.arch: 'amd64', os.version: '5.15.0-1034-azure', java.version: '17.0.6'\nDriver info: driver.version: ChromeDriver","time":{"start":1680604519906,"stop":1680604519908,"duration":2}},{"uid":"f813bc7544596122","reportUrl":"https://jagadeeshshetty.github.io/SeleniumMaven/55//#testresult/f813bc7544596122","status":"passed","time":{"start":1661670749268,"stop":1661670750134,"duration":866}},{"uid":"54da6ff100556143","reportUrl":"https://jagadeeshshetty.github.io/SeleniumMaven/54//#testresult/54da6ff100556143","status":"passed","time":{"start":1653206423046,"stop":1653206423622,"duration":576}},{"uid":"8a70bb230057a4e8","reportUrl":"https://jagadeeshshetty.github.io/SeleniumMaven/53//#testresult/8a70bb230057a4e8","status":"passed","time":{"start":1648576761954,"stop":1648576762681,"duration":727}},{"uid":"810a65374c6114e9","reportUrl":"https://jagadeeshshetty.github.io/SeleniumMaven/52//#testresult/810a65374c6114e9","status":"passed","time":{"start":1648561242863,"stop":1648561244829,"duration":1966}},{"uid":"9e07edca4059bc02","reportUrl":"https://jagadeeshshetty.github.io/SeleniumMaven/51//#testresult/9e07edca4059bc02","status":"passed","time":{"start":1648448520220,"stop":1648448520771,"duration":551}},{"uid":"2cabdf40c88f9559","reportUrl":"https://jagadeeshshetty.github.io/SeleniumMaven/50//#testresult/2cabdf40c88f9559","status":"passed","time":{"start":1647626448387,"stop":1647626449173,"duration":786}},{"uid":"1bbbaff340612825","reportUrl":"https://jagadeeshshetty.github.io/SeleniumMaven/49//#testresult/1bbbaff340612825","status":"passed","time":{"start":1635766781355,"stop":1635766782146,"duration":791}},{"uid":"a91a2e818fcddb5e","reportUrl":"https://jagadeeshshetty.github.io/SeleniumMaven/48//#testresult/a91a2e818fcddb5e","status":"passed","time":{"start":1635765702509,"stop":1635765703201,"duration":692}},{"uid":"911f66f8fe73422e","reportUrl":"https://jagadeeshshetty.github.io/SeleniumMaven/47//#testresult/911f66f8fe73422e","status":"passed","time":{"start":1634460325742,"stop":1634460326334,"duration":592}},{"uid":"96415215883df605","reportUrl":"https://jagadeeshshetty.github.io/SeleniumMaven/47//#testresult/96415215883df605","status":"passed","time":{"start":1634459944224,"stop":1634459945071,"duration":847}},{"uid":"dcefbf5ee6c21a01","reportUrl":"https://jagadeeshshetty.github.io/SeleniumMaven/46//#testresult/dcefbf5ee6c21a01","status":"passed","time":{"start":1634459765366,"stop":1634459765940,"duration":574}},{"uid":"69ccd50daacb1a9e","reportUrl":"https://jagadeeshshetty.github.io/SeleniumMaven/45//#testresult/69ccd50daacb1a9e","status":"passed","time":{"start":1634459251428,"stop":1634459252029,"duration":601}}]},"tags":[]},"source":"4128fa045f11710e.json","parameterValues":[]}