{"uid":"bd8c32502ff5dc73","name":"testThreeExpectedFailure","fullName":"test.java.tests.theInternet.parallel.TestThree.testThreeExpectedFailure","historyId":"cad436207142227918581ae7912911d3","time":{"start":1680605892517,"stop":1680605892517,"duration":0},"description":"Verify the successful login with valid username and password.","descriptionHtml":"<p>Verify the successful login with valid username and password.</p>\n","status":"skipped","statusMessage":"Unable to establish websocket connection to http://localhost:42019/devtools/browser/a48e8a94-2cd3-4044-98a0-f132ba504d32\nBuild info: version: '4.1.2', revision: '9a5a329c5a'\nSystem info: host: 'fv-az203-458', ip: '10.1.1.70', os.name: 'Linux', os.arch: 'amd64', os.version: '5.15.0-1034-azure', java.version: '17.0.6'\nDriver info: driver.version: ChromeDriver","statusTrace":"org.openqa.selenium.remote.http.ConnectionFailedException: Unable to establish websocket connection to http://localhost:42019/devtools/browser/a48e8a94-2cd3-4044-98a0-f132ba504d32\nBuild info: version: '4.1.2', revision: '9a5a329c5a'\nSystem info: host: 'fv-az203-458', ip: '10.1.1.70', os.name: 'Linux', os.arch: 'amd64', os.version: '5.15.0-1034-azure', java.version: '17.0.6'\nDriver info: driver.version: ChromeDriver\n\tat org.openqa.selenium.remote.http.netty.NettyWebSocket.<init>(NettyWebSocket.java:104)\n\tat org.openqa.selenium.remote.http.netty.NettyWebSocket.lambda$create$3(NettyWebSocket.java:137)\n\tat org.openqa.selenium.remote.http.netty.NettyClient.openSocket(NettyClient.java:118)\n\tat org.openqa.selenium.devtools.Connection.<init>(Connection.java:77)\n\tat org.openqa.selenium.chromium.ChromiumDriver.lambda$new$2(ChromiumDriver.java:124)\n\tat java.base/java.util.Optional.map(Optional.java:260)\n\tat org.openqa.selenium.chromium.ChromiumDriver.<init>(ChromiumDriver.java:122)\n\tat org.openqa.selenium.chrome.ChromeDriver.<init>(ChromeDriver.java:106)\n\tat org.openqa.selenium.chrome.ChromeDriver.<init>(ChromeDriver.java:93)\n\tat org.openqa.selenium.chrome.ChromeDriver.<init>(ChromeDriver.java:82)\n\tat test.java.helper.Base.setup(Base.java:54)\n\tat java.base/jdk.internal.reflect.NativeMethodAccessorImpl.invoke0(Native Method)\n\tat java.base/jdk.internal.reflect.NativeMethodAccessorImpl.invoke(NativeMethodAccessorImpl.java:77)\n\tat java.base/jdk.internal.reflect.DelegatingMethodAccessorImpl.invoke(DelegatingMethodAccessorImpl.java:43)\n\tat java.base/java.lang.reflect.Method.invoke(Method.java:568)\n\tat org.testng.internal.MethodInvocationHelper.invokeMethod(MethodInvocationHelper.java:133)\n\tat org.testng.internal.MethodInvocationHelper.invokeMethodConsideringTimeout(MethodInvocationHelper.java:62)\n\tat org.testng.internal.ConfigInvoker.invokeConfigurationMethod(ConfigInvoker.java:385)\n\tat org.testng.internal.ConfigInvoker.invokeConfigurations(ConfigInvoker.java:321)\n\tat org.testng.internal.TestInvoker.runConfigMethods(TestInvoker.java:700)\n\tat org.testng.internal.TestInvoker.invokeMethod(TestInvoker.java:527)\n\tat org.testng.internal.TestInvoker.invokeTestMethod(TestInvoker.java:173)\n\tat org.testng.internal.MethodRunner.runInSequence(MethodRunner.java:46)\n\tat org.testng.internal.TestInvoker$MethodInvocationAgent.invoke(TestInvoker.java:824)\n\tat org.testng.internal.TestInvoker.invokeTestMethods(TestInvoker.java:146)\n\tat org.testng.internal.TestMethodWorker.invokeTestMethods(TestMethodWorker.java:146)\n\tat org.testng.internal.TestMethodWorker.run(TestMethodWorker.java:128)\n\tat java.base/java.util.concurrent.ThreadPoolExecutor.runWorker(ThreadPoolExecutor.java:1136)\n\tat java.base/java.util.concurrent.ThreadPoolExecutor$Worker.run(ThreadPoolExecutor.java:635)\n\tat java.base/java.lang.Thread.run(Thread.java:833)\n","flaky":false,"newFailed":false,"newBroken":false,"newPassed":false,"retriesCount":0,"retriesStatusChange":false,"beforeStages":[{"name":"setup","time":{"start":1680605891951,"stop":1680605892512,"duration":561},"description":"","status":"broken","statusMessage":"Unable to establish websocket connection to http://localhost:42019/devtools/browser/a48e8a94-2cd3-4044-98a0-f132ba504d32\nBuild info: version: '4.1.2', revision: '9a5a329c5a'\nSystem info: host: 'fv-az203-458', ip: '10.1.1.70', os.name: 'Linux', os.arch: 'amd64', os.version: '5.15.0-1034-azure', java.version: '17.0.6'\nDriver info: driver.version: ChromeDriver","statusTrace":"org.openqa.selenium.remote.http.ConnectionFailedException: Unable to establish websocket connection to http://localhost:42019/devtools/browser/a48e8a94-2cd3-4044-98a0-f132ba504d32\nBuild info: version: '4.1.2', revision: '9a5a329c5a'\nSystem info: host: 'fv-az203-458', ip: '10.1.1.70', os.name: 'Linux', os.arch: 'amd64', os.version: '5.15.0-1034-azure', java.version: '17.0.6'\nDriver info: driver.version: ChromeDriver\n\tat org.openqa.selenium.remote.http.netty.NettyWebSocket.<init>(NettyWebSocket.java:104)\n\tat org.openqa.selenium.remote.http.netty.NettyWebSocket.lambda$create$3(NettyWebSocket.java:137)\n\tat org.openqa.selenium.remote.http.netty.NettyClient.openSocket(NettyClient.java:118)\n\tat org.openqa.selenium.devtools.Connection.<init>(Connection.java:77)\n\tat org.openqa.selenium.chromium.ChromiumDriver.lambda$new$2(ChromiumDriver.java:124)\n\tat java.base/java.util.Optional.map(Optional.java:260)\n\tat org.openqa.selenium.chromium.ChromiumDriver.<init>(ChromiumDriver.java:122)\n\tat org.openqa.selenium.chrome.ChromeDriver.<init>(ChromeDriver.java:106)\n\tat org.openqa.selenium.chrome.ChromeDriver.<init>(ChromeDriver.java:93)\n\tat org.openqa.selenium.chrome.ChromeDriver.<init>(ChromeDriver.java:82)\n\tat test.java.helper.Base.setup(Base.java:54)\n\tat java.base/jdk.internal.reflect.NativeMethodAccessorImpl.invoke0(Native Method)\n\tat java.base/jdk.internal.reflect.NativeMethodAccessorImpl.invoke(NativeMethodAccessorImpl.java:77)\n\tat java.base/jdk.internal.reflect.DelegatingMethodAccessorImpl.invoke(DelegatingMethodAccessorImpl.java:43)\n\tat java.base/java.lang.reflect.Method.invoke(Method.java:568)\n\tat org.testng.internal.MethodInvocationHelper.invokeMethod(MethodInvocationHelper.java:133)\n\tat org.testng.internal.MethodInvocationHelper.invokeMethodConsideringTimeout(MethodInvocationHelper.java:62)\n\tat org.testng.internal.ConfigInvoker.invokeConfigurationMethod(ConfigInvoker.java:385)\n\tat org.testng.internal.ConfigInvoker.invokeConfigurations(ConfigInvoker.java:321)\n\tat org.testng.internal.TestInvoker.runConfigMethods(TestInvoker.java:700)\n\tat org.testng.internal.TestInvoker.invokeMethod(TestInvoker.java:527)\n\tat org.testng.internal.TestInvoker.invokeTestMethod(TestInvoker.java:173)\n\tat org.testng.internal.MethodRunner.runInSequence(MethodRunner.java:46)\n\tat org.testng.internal.TestInvoker$MethodInvocationAgent.invoke(TestInvoker.java:824)\n\tat org.testng.internal.TestInvoker.invokeTestMethods(TestInvoker.java:146)\n\tat org.testng.internal.TestMethodWorker.invokeTestMethods(TestMethodWorker.java:146)\n\tat org.testng.internal.TestMethodWorker.run(TestMethodWorker.java:128)\n\tat java.base/java.util.concurrent.ThreadPoolExecutor.runWorker(ThreadPoolExecutor.java:1136)\n\tat java.base/java.util.concurrent.ThreadPoolExecutor$Worker.run(ThreadPoolExecutor.java:635)\n\tat java.base/java.lang.Thread.run(Thread.java:833)\n","steps":[{"name":"Start time: 4 Apr 2023 10:58:11","time":{"start":1680605891951,"stop":1680605891951,"duration":0},"status":"passed","steps":[],"attachments":[],"parameters":[],"stepsCount":0,"attachmentsCount":0,"shouldDisplayMessage":false,"hasContent":false},{"name":"Running Test on 'Linux' OS.","time":{"start":1680605891951,"stop":1680605891952,"duration":1},"status":"passed","steps":[],"attachments":[],"parameters":[],"stepsCount":0,"attachmentsCount":0,"shouldDisplayMessage":false,"hasContent":false},{"name":"JVM Version: 17.0.6","time":{"start":1680605891952,"stop":1680605891952,"duration":0},"status":"passed","steps":[],"attachments":[],"parameters":[],"stepsCount":0,"attachmentsCount":0,"shouldDisplayMessage":false,"hasContent":false},{"name":"Browser: CHROMEHEADLESS","time":{"start":1680605891952,"stop":1680605891952,"duration":0},"status":"passed","steps":[],"attachments":[],"parameters":[],"stepsCount":0,"attachmentsCount":0,"shouldDisplayMessage":false,"hasContent":false}],"attachments":[],"parameters":[],"stepsCount":4,"attachmentsCount":0,"shouldDisplayMessage":true,"hasContent":true}],"afterStages":[{"name":"teardown","time":{"start":1680605892518,"stop":1680605892518,"duration":0},"description":"","status":"broken","steps":[],"attachments":[],"parameters":[],"stepsCount":0,"attachmentsCount":0,"shouldDisplayMessage":false,"hasContent":false}],"labels":[{"name":"package","value":"test.java.tests.theInternet.parallel.TestThree"},{"name":"testClass","value":"test.java.tests.theInternet.parallel.TestThree"},{"name":"testMethod","value":"testThreeExpectedFailure"},{"name":"parentSuite","value":"Suite - Parallel Execution"},{"name":"suite","value":"Test Parallel Execution"},{"name":"subSuite","value":"test.java.tests.theInternet.parallel.TestThree"},{"name":"host","value":"fv-az203-458"},{"name":"thread","value":"2380@fv-az203-458.TestNG-test=Test Parallel Execution-12(87)"},{"name":"framework","value":"testng"},{"name":"language","value":"java"},{"name":"severity","value":"blocker"},{"name":"resultFormat","value":"allure2"}],"parameters":[],"links":[],"hidden":false,"retry":false,"extra":{"severity":"blocker","retries":[],"categories":[],"history":{"statistic":{"failed":46,"broken":0,"skipped":5,"passed":1,"unknown":0,"total":52},"items":[{"uid":"d6a72dbf67ada7bd","reportUrl":"https://jagadeeshshetty.github.io/SeleniumMaven/58//#testresult/d6a72dbf67ada7bd","status":"skipped","statusDetails":"Unable to establish websocket connection to http://localhost:43391/devtools/browser/68073079-836f-4593-b464-0bed3753821f\nBuild info: version: '4.1.2', revision: '9a5a329c5a'\nSystem info: host: 'fv-az178-146', ip: '10.1.1.99', os.name: 'Linux', os.arch: 'amd64', os.version: '5.15.0-1034-azure', java.version: '17.0.6'\nDriver info: driver.version: ChromeDriver","time":{"start":1680605790312,"stop":1680605790316,"duration":4}},{"uid":"3759ac65bf80621c","reportUrl":"https://jagadeeshshetty.github.io/SeleniumMaven/57//#testresult/3759ac65bf80621c","status":"skipped","statusDetails":"Unable to establish websocket connection to http://localhost:35659/devtools/browser/89a8acd0-42c6-4fa3-9afb-8b9f1e43a704\nBuild info: version: '4.1.2', revision: '9a5a329c5a'\nSystem info: host: 'fv-az436-419', ip: '10.1.0.212', os.name: 'Linux', os.arch: 'amd64', os.version: '5.15.0-1034-azure', java.version: '17.0.6'\nDriver info: driver.version: ChromeDriver","time":{"start":1680604535723,"stop":1680604535723,"duration":0}},{"uid":"4eab26f7008c6b6d","reportUrl":"https://jagadeeshshetty.github.io/SeleniumMaven/56//#testresult/4eab26f7008c6b6d","status":"skipped","statusDetails":"Unable to establish websocket connection to http://localhost:43625/devtools/browser/98ea5c7f-dd6d-421e-beb8-ef9bf8896053\nBuild info: version: '4.1.2', revision: '9a5a329c5a'\nSystem info: host: 'fv-az175-915', ip: '10.1.1.146', os.name: 'Linux', os.arch: 'amd64', os.version: '5.15.0-1034-azure', java.version: '17.0.6'\nDriver info: driver.version: ChromeDriver","time":{"start":1680604518467,"stop":1680604518468,"duration":1}},{"uid":"4bd80737ae0fdc90","reportUrl":"https://jagadeeshshetty.github.io/SeleniumMaven/55//#testresult/4bd80737ae0fdc90","status":"failed","statusDetails":"success message not present expected [false] but found [true]","time":{"start":1661670744006,"stop":1661670744866,"duration":860}},{"uid":"fd32aa6cc31de92d","reportUrl":"https://jagadeeshshetty.github.io/SeleniumMaven/54//#testresult/fd32aa6cc31de92d","status":"failed","statusDetails":"success message not present expected [false] but found [true]","time":{"start":1653206418303,"stop":1653206418844,"duration":541}},{"uid":"a550ff2f2551751b","reportUrl":"https://jagadeeshshetty.github.io/SeleniumMaven/53//#testresult/a550ff2f2551751b","status":"failed","statusDetails":"success message not present expected [false] but found [true]","time":{"start":1648576755480,"stop":1648576756498,"duration":1018}},{"uid":"95b53299237342ed","reportUrl":"https://jagadeeshshetty.github.io/SeleniumMaven/52//#testresult/95b53299237342ed","status":"failed","statusDetails":"success message not present expected [false] but found [true]","time":{"start":1648561228947,"stop":1648561230551,"duration":1604}},{"uid":"742b7bc949b55911","reportUrl":"https://jagadeeshshetty.github.io/SeleniumMaven/51//#testresult/742b7bc949b55911","status":"failed","statusDetails":"success message not present expected [false] but found [true]","time":{"start":1648448516282,"stop":1648448516829,"duration":547}},{"uid":"87b93de3f8d3e6b5","reportUrl":"https://jagadeeshshetty.github.io/SeleniumMaven/50//#testresult/87b93de3f8d3e6b5","status":"passed","time":{"start":1647626442122,"stop":1647626443460,"duration":1338}},{"uid":"f95fc31331a6dc58","reportUrl":"https://jagadeeshshetty.github.io/SeleniumMaven/49//#testresult/f95fc31331a6dc58","status":"failed","statusDetails":"success message not present expected [false] but found [true]","time":{"start":1635766776501,"stop":1635766777102,"duration":601}},{"uid":"ac834d03c3fe7099","reportUrl":"https://jagadeeshshetty.github.io/SeleniumMaven/48//#testresult/ac834d03c3fe7099","status":"failed","statusDetails":"success message not present expected [false] but found [true]","time":{"start":1635765697938,"stop":1635765698608,"duration":670}},{"uid":"c4eb0cb0f4adfa89","reportUrl":"https://jagadeeshshetty.github.io/SeleniumMaven/47//#testresult/c4eb0cb0f4adfa89","status":"failed","statusDetails":"success message not present expected [false] but found [true]","time":{"start":1634460321606,"stop":1634460322168,"duration":562}},{"uid":"268e9d92e8ecf622","reportUrl":"https://jagadeeshshetty.github.io/SeleniumMaven/47//#testresult/268e9d92e8ecf622","status":"failed","statusDetails":"success message not present expected [false] but found [true]","time":{"start":1634459937900,"stop":1634459938914,"duration":1014}},{"uid":"74be7d8cc1cc339","reportUrl":"https://jagadeeshshetty.github.io/SeleniumMaven/46//#testresult/74be7d8cc1cc339","status":"failed","statusDetails":"success message not present expected [false] but found [true]","time":{"start":1634459760551,"stop":1634459761137,"duration":586}},{"uid":"28f13012cccca126","reportUrl":"https://jagadeeshshetty.github.io/SeleniumMaven/45//#testresult/28f13012cccca126","status":"failed","statusDetails":"success message not present expected [false] but found [true]","time":{"start":1634459245870,"stop":1634459246554,"duration":684}},{"uid":"67b6aa20d5c3d48","reportUrl":"https://jagadeeshshetty.github.io/SeleniumMaven/44//#testresult/67b6aa20d5c3d48","status":"failed","statusDetails":"success message not present expected [false] but found [true]","time":{"start":1634459126519,"stop":1634459128029,"duration":1510}},{"uid":"2d1e1490604e19e0","reportUrl":"https://jagadeeshshetty.github.io/SeleniumMaven/43//#testresult/2d1e1490604e19e0","status":"failed","statusDetails":"success message not present expected [false] but found [true]","time":{"start":1634440456157,"stop":1634440457700,"duration":1543}},{"uid":"ca30d3dff118ae82","reportUrl":"https://jagadeeshshetty.github.io/SeleniumMaven/42//#testresult/ca30d3dff118ae82","status":"skipped","statusDetails":"org/apache/commons/io/IOUtils","time":{"start":1634438932693,"stop":1634438932693,"duration":0}},{"uid":"31450d45db696c49","reportUrl":"https://jagadeeshshetty.github.io/SeleniumMaven/41//#testresult/31450d45db696c49","status":"failed","statusDetails":"success message not present expected [false] but found [true]","time":{"start":1632593624919,"stop":1632593625623,"duration":704}},{"uid":"76255a2ae87d90f8","reportUrl":"https://jagadeeshshetty.github.io/SeleniumMaven/40//#testresult/76255a2ae87d90f8","status":"failed","statusDetails":"success message not present expected [false] but found [true]","time":{"start":1632201915551,"stop":1632201916050,"duration":499}}]},"tags":[]},"source":"bd8c32502ff5dc73.json","parameterValues":[]}