{"uid":"d02009933f4296b9","name":"testTwoExpectedFailure","fullName":"test.java.tests.theInternet.parallel.TestTwo.testTwoExpectedFailure","historyId":"4efe4554ba541344b9f422311a9a859c","time":{"start":1680605891873,"stop":1680605891873,"duration":0},"description":"Verify the successful login with valid username and password.","descriptionHtml":"<p>Verify the successful login with valid username and password.</p>\n","status":"skipped","statusMessage":"Unable to establish websocket connection to http://localhost:33521/devtools/browser/b2ecb605-df3b-4901-9733-277f885664e8\nBuild info: version: '4.1.2', revision: '9a5a329c5a'\nSystem info: host: 'fv-az203-458', ip: '10.1.1.70', os.name: 'Linux', os.arch: 'amd64', os.version: '5.15.0-1034-azure', java.version: '17.0.6'\nDriver info: driver.version: ChromeDriver","statusTrace":"org.openqa.selenium.remote.http.ConnectionFailedException: Unable to establish websocket connection to http://localhost:33521/devtools/browser/b2ecb605-df3b-4901-9733-277f885664e8\nBuild info: version: '4.1.2', revision: '9a5a329c5a'\nSystem info: host: 'fv-az203-458', ip: '10.1.1.70', os.name: 'Linux', os.arch: 'amd64', os.version: '5.15.0-1034-azure', java.version: '17.0.6'\nDriver info: driver.version: ChromeDriver\n\tat org.openqa.selenium.remote.http.netty.NettyWebSocket.<init>(NettyWebSocket.java:104)\n\tat org.openqa.selenium.remote.http.netty.NettyWebSocket.lambda$create$3(NettyWebSocket.java:137)\n\tat org.openqa.selenium.remote.http.netty.NettyClient.openSocket(NettyClient.java:118)\n\tat org.openqa.selenium.devtools.Connection.<init>(Connection.java:77)\n\tat org.openqa.selenium.chromium.ChromiumDriver.lambda$new$2(ChromiumDriver.java:124)\n\tat java.base/java.util.Optional.map(Optional.java:260)\n\tat org.openqa.selenium.chromium.ChromiumDriver.<init>(ChromiumDriver.java:122)\n\tat org.openqa.selenium.chrome.ChromeDriver.<init>(ChromeDriver.java:106)\n\tat org.openqa.selenium.chrome.ChromeDriver.<init>(ChromeDriver.java:93)\n\tat org.openqa.selenium.chrome.ChromeDriver.<init>(ChromeDriver.java:82)\n\tat test.java.helper.Base.setup(Base.java:54)\n\tat java.base/jdk.internal.reflect.NativeMethodAccessorImpl.invoke0(Native Method)\n\tat java.base/jdk.internal.reflect.NativeMethodAccessorImpl.invoke(NativeMethodAccessorImpl.java:77)\n\tat java.base/jdk.internal.reflect.DelegatingMethodAccessorImpl.invoke(DelegatingMethodAccessorImpl.java:43)\n\tat java.base/java.lang.reflect.Method.invoke(Method.java:568)\n\tat org.testng.internal.MethodInvocationHelper.invokeMethod(MethodInvocationHelper.java:133)\n\tat org.testng.internal.MethodInvocationHelper.invokeMethodConsideringTimeout(MethodInvocationHelper.java:62)\n\tat org.testng.internal.ConfigInvoker.invokeConfigurationMethod(ConfigInvoker.java:385)\n\tat org.testng.internal.ConfigInvoker.invokeConfigurations(ConfigInvoker.java:321)\n\tat org.testng.internal.TestInvoker.runConfigMethods(TestInvoker.java:700)\n\tat org.testng.internal.TestInvoker.invokeMethod(TestInvoker.java:527)\n\tat org.testng.internal.TestInvoker.invokeTestMethod(TestInvoker.java:173)\n\tat org.testng.internal.MethodRunner.runInSequence(MethodRunner.java:46)\n\tat org.testng.internal.TestInvoker$MethodInvocationAgent.invoke(TestInvoker.java:824)\n\tat org.testng.internal.TestInvoker.invokeTestMethods(TestInvoker.java:146)\n\tat org.testng.internal.TestMethodWorker.invokeTestMethods(TestMethodWorker.java:146)\n\tat org.testng.internal.TestMethodWorker.run(TestMethodWorker.java:128)\n\tat java.base/java.util.concurrent.ThreadPoolExecutor.runWorker(ThreadPoolExecutor.java:1136)\n\tat java.base/java.util.concurrent.ThreadPoolExecutor$Worker.run(ThreadPoolExecutor.java:635)\n\tat java.base/java.lang.Thread.run(Thread.java:833)\n","flaky":false,"newFailed":false,"newBroken":false,"newPassed":false,"retriesCount":0,"retriesStatusChange":false,"beforeStages":[{"name":"setup","time":{"start":1680605891041,"stop":1680605891861,"duration":820},"description":"","status":"broken","statusMessage":"Unable to establish websocket connection to http://localhost:39895/devtools/browser/e2b5aa46-ac0c-4ee5-9e0c-89d896057eb4\nBuild info: version: '4.1.2', revision: '9a5a329c5a'\nSystem info: host: 'fv-az203-458', ip: '10.1.1.70', os.name: 'Linux', os.arch: 'amd64', os.version: '5.15.0-1034-azure', java.version: '17.0.6'\nDriver info: driver.version: ChromeDriver","statusTrace":"org.openqa.selenium.remote.http.ConnectionFailedException: Unable to establish websocket connection to http://localhost:39895/devtools/browser/e2b5aa46-ac0c-4ee5-9e0c-89d896057eb4\nBuild info: version: '4.1.2', revision: '9a5a329c5a'\nSystem info: host: 'fv-az203-458', ip: '10.1.1.70', os.name: 'Linux', os.arch: 'amd64', os.version: '5.15.0-1034-azure', java.version: '17.0.6'\nDriver info: driver.version: ChromeDriver\n\tat org.openqa.selenium.remote.http.netty.NettyWebSocket.<init>(NettyWebSocket.java:104)\n\tat org.openqa.selenium.remote.http.netty.NettyWebSocket.lambda$create$3(NettyWebSocket.java:137)\n\tat org.openqa.selenium.remote.http.netty.NettyClient.openSocket(NettyClient.java:118)\n\tat org.openqa.selenium.devtools.Connection.<init>(Connection.java:77)\n\tat org.openqa.selenium.chromium.ChromiumDriver.lambda$new$2(ChromiumDriver.java:124)\n\tat java.base/java.util.Optional.map(Optional.java:260)\n\tat org.openqa.selenium.chromium.ChromiumDriver.<init>(ChromiumDriver.java:122)\n\tat org.openqa.selenium.chrome.ChromeDriver.<init>(ChromeDriver.java:106)\n\tat org.openqa.selenium.chrome.ChromeDriver.<init>(ChromeDriver.java:93)\n\tat org.openqa.selenium.chrome.ChromeDriver.<init>(ChromeDriver.java:82)\n\tat test.java.helper.Base.setup(Base.java:54)\n\tat java.base/jdk.internal.reflect.NativeMethodAccessorImpl.invoke0(Native Method)\n\tat java.base/jdk.internal.reflect.NativeMethodAccessorImpl.invoke(NativeMethodAccessorImpl.java:77)\n\tat java.base/jdk.internal.reflect.DelegatingMethodAccessorImpl.invoke(DelegatingMethodAccessorImpl.java:43)\n\tat java.base/java.lang.reflect.Method.invoke(Method.java:568)\n\tat org.testng.internal.MethodInvocationHelper.invokeMethod(MethodInvocationHelper.java:133)\n\tat org.testng.internal.MethodInvocationHelper.invokeMethodConsideringTimeout(MethodInvocationHelper.java:62)\n\tat org.testng.internal.ConfigInvoker.invokeConfigurationMethod(ConfigInvoker.java:385)\n\tat org.testng.internal.ConfigInvoker.invokeConfigurations(ConfigInvoker.java:321)\n\tat org.testng.internal.TestInvoker.runConfigMethods(TestInvoker.java:700)\n\tat org.testng.internal.TestInvoker.invokeMethod(TestInvoker.java:527)\n\tat org.testng.internal.TestInvoker.invokeTestMethod(TestInvoker.java:173)\n\tat org.testng.internal.MethodRunner.runInSequence(MethodRunner.java:46)\n\tat org.testng.internal.TestInvoker$MethodInvocationAgent.invoke(TestInvoker.java:824)\n\tat org.testng.internal.TestInvoker.invokeTestMethods(TestInvoker.java:146)\n\tat org.testng.internal.TestMethodWorker.invokeTestMethods(TestMethodWorker.java:146)\n\tat org.testng.internal.TestMethodWorker.run(TestMethodWorker.java:128)\n\tat java.base/java.util.concurrent.ThreadPoolExecutor.runWorker(ThreadPoolExecutor.java:1136)\n\tat java.base/java.util.concurrent.ThreadPoolExecutor$Worker.run(ThreadPoolExecutor.java:635)\n\tat java.base/java.lang.Thread.run(Thread.java:833)\n","steps":[{"name":"Start time: 4 Apr 2023 10:58:11","time":{"start":1680605891041,"stop":1680605891041,"duration":0},"status":"passed","steps":[],"attachments":[],"parameters":[],"stepsCount":0,"attachmentsCount":0,"shouldDisplayMessage":false,"hasContent":false},{"name":"Running Test on 'Linux' OS.","time":{"start":1680605891041,"stop":1680605891041,"duration":0},"status":"passed","steps":[],"attachments":[],"parameters":[],"stepsCount":0,"attachmentsCount":0,"shouldDisplayMessage":false,"hasContent":false},{"name":"JVM Version: 17.0.6","time":{"start":1680605891041,"stop":1680605891041,"duration":0},"status":"passed","steps":[],"attachments":[],"parameters":[],"stepsCount":0,"attachmentsCount":0,"shouldDisplayMessage":false,"hasContent":false},{"name":"Browser: CHROMEHEADLESS","time":{"start":1680605891041,"stop":1680605891041,"duration":0},"status":"passed","steps":[],"attachments":[],"parameters":[],"stepsCount":0,"attachmentsCount":0,"shouldDisplayMessage":false,"hasContent":false}],"attachments":[],"parameters":[],"stepsCount":4,"attachmentsCount":0,"shouldDisplayMessage":true,"hasContent":true}],"afterStages":[{"name":"teardown","time":{"start":1680605891874,"stop":1680605891874,"duration":0},"description":"","status":"broken","steps":[],"attachments":[],"parameters":[],"stepsCount":0,"attachmentsCount":0,"shouldDisplayMessage":false,"hasContent":false}],"labels":[{"name":"package","value":"test.java.tests.theInternet.parallel.TestTwo"},{"name":"testClass","value":"test.java.tests.theInternet.parallel.TestTwo"},{"name":"testMethod","value":"testTwoExpectedFailure"},{"name":"parentSuite","value":"Suite - Parallel Execution"},{"name":"suite","value":"Test Parallel Execution"},{"name":"subSuite","value":"test.java.tests.theInternet.parallel.TestTwo"},{"name":"host","value":"fv-az203-458"},{"name":"thread","value":"2380@fv-az203-458.TestNG-test=Test Parallel Execution-8(59)"},{"name":"framework","value":"testng"},{"name":"language","value":"java"},{"name":"severity","value":"blocker"},{"name":"resultFormat","value":"allure2"}],"parameters":[],"links":[],"hidden":false,"retry":false,"extra":{"severity":"blocker","retries":[],"categories":[],"history":{"statistic":{"failed":45,"broken":0,"skipped":5,"passed":2,"unknown":0,"total":52},"items":[{"uid":"5c3b2e405806c8c4","reportUrl":"https://jagadeeshshetty.github.io/SeleniumMaven/58//#testresult/5c3b2e405806c8c4","status":"skipped","statusDetails":"Unable to establish websocket connection to http://localhost:38393/devtools/browser/5f6fb609-1a75-45d5-acc1-116daff4c2dd\nBuild info: version: '4.1.2', revision: '9a5a329c5a'\nSystem info: host: 'fv-az178-146', ip: '10.1.1.99', os.name: 'Linux', os.arch: 'amd64', os.version: '5.15.0-1034-azure', java.version: '17.0.6'\nDriver info: driver.version: ChromeDriver","time":{"start":1680605789602,"stop":1680605789602,"duration":0}},{"uid":"960dd6e0a5d2782c","reportUrl":"https://jagadeeshshetty.github.io/SeleniumMaven/57//#testresult/960dd6e0a5d2782c","status":"skipped","statusDetails":"Unable to establish websocket connection to http://localhost:40691/devtools/browser/db9a3803-76ab-4911-b30e-e4a7f974489b\nBuild info: version: '4.1.2', revision: '9a5a329c5a'\nSystem info: host: 'fv-az436-419', ip: '10.1.0.212', os.name: 'Linux', os.arch: 'amd64', os.version: '5.15.0-1034-azure', java.version: '17.0.6'\nDriver info: driver.version: ChromeDriver","time":{"start":1680604534585,"stop":1680604534592,"duration":7}},{"uid":"a4e87391538c5d0a","reportUrl":"https://jagadeeshshetty.github.io/SeleniumMaven/56//#testresult/a4e87391538c5d0a","status":"skipped","statusDetails":"Unable to establish websocket connection to http://localhost:45245/devtools/browser/8e1785b9-2de6-4f75-ba1b-dd482c456fad\nBuild info: version: '4.1.2', revision: '9a5a329c5a'\nSystem info: host: 'fv-az175-915', ip: '10.1.1.146', os.name: 'Linux', os.arch: 'amd64', os.version: '5.15.0-1034-azure', java.version: '17.0.6'\nDriver info: driver.version: ChromeDriver","time":{"start":1680604517620,"stop":1680604517622,"duration":2}},{"uid":"4d1d00eb79bce492","reportUrl":"https://jagadeeshshetty.github.io/SeleniumMaven/55//#testresult/4d1d00eb79bce492","status":"failed","statusDetails":"success message not present expected [false] but found [true]","time":{"start":1661670739328,"stop":1661670740181,"duration":853}},{"uid":"241efdfff64bf86d","reportUrl":"https://jagadeeshshetty.github.io/SeleniumMaven/54//#testresult/241efdfff64bf86d","status":"failed","statusDetails":"success message not present expected [false] but found [true]","time":{"start":1653206414770,"stop":1653206415312,"duration":542}},{"uid":"9050a4408c35ec66","reportUrl":"https://jagadeeshshetty.github.io/SeleniumMaven/53//#testresult/9050a4408c35ec66","status":"failed","statusDetails":"success message not present expected [false] but found [true]","time":{"start":1648576751225,"stop":1648576752182,"duration":957}},{"uid":"537f7b98021ffc6f","reportUrl":"https://jagadeeshshetty.github.io/SeleniumMaven/52//#testresult/537f7b98021ffc6f","status":"failed","statusDetails":"success message not present expected [false] but found [true]","time":{"start":1648561219780,"stop":1648561221293,"duration":1513}},{"uid":"d0c77ab7215e073","reportUrl":"https://jagadeeshshetty.github.io/SeleniumMaven/51//#testresult/d0c77ab7215e073","status":"failed","statusDetails":"success message not present expected [false] but found [true]","time":{"start":1648448513012,"stop":1648448513548,"duration":536}},{"uid":"d86571cfdcfffd9","reportUrl":"https://jagadeeshshetty.github.io/SeleniumMaven/50//#testresult/d86571cfdcfffd9","status":"failed","statusDetails":"success message not present expected [false] but found [true]","time":{"start":1647626440288,"stop":1647626441302,"duration":1014}},{"uid":"834eb6e84ce7a369","reportUrl":"https://jagadeeshshetty.github.io/SeleniumMaven/49//#testresult/834eb6e84ce7a369","status":"passed","time":{"start":1635766772311,"stop":1635766773761,"duration":1450}},{"uid":"a13f555119b5fbfb","reportUrl":"https://jagadeeshshetty.github.io/SeleniumMaven/48//#testresult/a13f555119b5fbfb","status":"failed","statusDetails":"success message not present expected [false] but found [true]","time":{"start":1635765694156,"stop":1635765694802,"duration":646}},{"uid":"f031dbadea28a881","reportUrl":"https://jagadeeshshetty.github.io/SeleniumMaven/47//#testresult/f031dbadea28a881","status":"failed","statusDetails":"success message not present expected [false] but found [true]","time":{"start":1634460318337,"stop":1634460318917,"duration":580}},{"uid":"90e1dacb26e04162","reportUrl":"https://jagadeeshshetty.github.io/SeleniumMaven/47//#testresult/90e1dacb26e04162","status":"failed","statusDetails":"success message not present expected [false] but found [true]","time":{"start":1634459932624,"stop":1634459933635,"duration":1011}},{"uid":"2094197e28727f9a","reportUrl":"https://jagadeeshshetty.github.io/SeleniumMaven/46//#testresult/2094197e28727f9a","status":"failed","statusDetails":"success message not present expected [false] but found [true]","time":{"start":1634459757191,"stop":1634459757873,"duration":682}},{"uid":"89b4a8352ac9eb81","reportUrl":"https://jagadeeshshetty.github.io/SeleniumMaven/45//#testresult/89b4a8352ac9eb81","status":"failed","statusDetails":"success message not present expected [false] but found [true]","time":{"start":1634459241403,"stop":1634459242507,"duration":1104}},{"uid":"86dfc11a5ecc73e9","reportUrl":"https://jagadeeshshetty.github.io/SeleniumMaven/44//#testresult/86dfc11a5ecc73e9","status":"failed","statusDetails":"success message not present expected [false] but found [true]","time":{"start":1634459120540,"stop":1634459122033,"duration":1493}},{"uid":"ee98b12aaacb70b0","reportUrl":"https://jagadeeshshetty.github.io/SeleniumMaven/43//#testresult/ee98b12aaacb70b0","status":"failed","statusDetails":"success message not present expected [false] but found [true]","time":{"start":1634440452320,"stop":1634440452885,"duration":565}},{"uid":"42945cb8c209e0de","reportUrl":"https://jagadeeshshetty.github.io/SeleniumMaven/42//#testresult/42945cb8c209e0de","status":"skipped","statusDetails":"org/apache/commons/io/IOUtils","time":{"start":1634438932566,"stop":1634438932566,"duration":0}},{"uid":"36ed8c2eae39b6c6","reportUrl":"https://jagadeeshshetty.github.io/SeleniumMaven/41//#testresult/36ed8c2eae39b6c6","status":"passed","time":{"start":1632593620762,"stop":1632593621698,"duration":936}},{"uid":"64c4526b9a2cd531","reportUrl":"https://jagadeeshshetty.github.io/SeleniumMaven/40//#testresult/64c4526b9a2cd531","status":"failed","statusDetails":"success message not present expected [false] but found [true]","time":{"start":1632201912230,"stop":1632201912752,"duration":522}}]},"tags":[]},"source":"d02009933f4296b9.json","parameterValues":[]}