{"uid":"7a9836a6b9e510a2","name":"testThreeUnstableTest","fullName":"test.java.tests.theInternet.parallel.TestThree.testThreeUnstableTest","historyId":"dc2a2636bf926c66fb76da458eb86862","time":{"start":1692603543811,"stop":1692603543812,"duration":1},"description":"Verify the error message with invalid username and password.","descriptionHtml":"<p>Verify the error message with invalid username and password.</p>\n","status":"failed","statusMessage":"expected [true] but found [false]","statusTrace":"java.lang.AssertionError: expected [true] but found [false]\n\tat org.testng.Assert.fail(Assert.java:110)\n\tat org.testng.Assert.failNotEquals(Assert.java:1577)\n\tat org.testng.Assert.assertTrue(Assert.java:56)\n\tat org.testng.Assert.assertTrue(Assert.java:66)\n\tat test.java.tests.theInternet.parallel.TestThree.testThreeUnstableTest(TestThree.java:62)\n\tat java.base/jdk.internal.reflect.NativeMethodAccessorImpl.invoke0(Native Method)\n\tat java.base/jdk.internal.reflect.NativeMethodAccessorImpl.invoke(NativeMethodAccessorImpl.java:77)\n\tat java.base/jdk.internal.reflect.DelegatingMethodAccessorImpl.invoke(DelegatingMethodAccessorImpl.java:43)\n\tat java.base/java.lang.reflect.Method.invoke(Method.java:568)\n\tat org.testng.internal.invokers.MethodInvocationHelper.invokeMethod(MethodInvocationHelper.java:139)\n\tat org.testng.internal.invokers.TestInvoker.invokeMethod(TestInvoker.java:677)\n\tat org.testng.internal.invokers.TestInvoker.retryFailed(TestInvoker.java:263)\n\tat org.testng.internal.invokers.MethodRunner.runInSequence(MethodRunner.java:62)\n\tat org.testng.internal.invokers.TestInvoker$MethodInvocationAgent.invoke(TestInvoker.java:969)\n\tat org.testng.internal.invokers.TestInvoker.invokeTestMethods(TestInvoker.java:194)\n\tat org.testng.internal.invokers.TestMethodWorker.invokeTestMethods(TestMethodWorker.java:148)\n\tat org.testng.internal.invokers.TestMethodWorker.run(TestMethodWorker.java:128)\n\tat java.base/java.util.concurrent.ThreadPoolExecutor.runWorker(ThreadPoolExecutor.java:1136)\n\tat java.base/java.util.concurrent.ThreadPoolExecutor$Worker.run(ThreadPoolExecutor.java:635)\n\tat java.base/java.lang.Thread.run(Thread.java:833)\n","flaky":false,"newFailed":true,"newBroken":false,"newPassed":false,"retriesCount":2,"retriesStatusChange":true,"beforeStages":[{"name":"setup","time":{"start":1692603543176,"stop":1692603543806,"duration":630},"description":"","status":"passed","steps":[{"name":"Start time: 21 Aug 2023 07:39:03","time":{"start":1692603543176,"stop":1692603543176,"duration":0},"status":"passed","steps":[],"attachments":[],"parameters":[],"stepsCount":0,"attachmentsCount":0,"shouldDisplayMessage":false,"hasContent":false},{"name":"Running Test on 'Linux' OS.","time":{"start":1692603543176,"stop":1692603543176,"duration":0},"status":"passed","steps":[],"attachments":[],"parameters":[],"stepsCount":0,"attachmentsCount":0,"shouldDisplayMessage":false,"hasContent":false},{"name":"JVM Version: 17.0.8","time":{"start":1692603543176,"stop":1692603543176,"duration":0},"status":"passed","steps":[],"attachments":[],"parameters":[],"stepsCount":0,"attachmentsCount":0,"shouldDisplayMessage":false,"hasContent":false},{"name":"Browser: CHROME 115.0.5790.170","time":{"start":1692603543800,"stop":1692603543800,"duration":0},"status":"passed","steps":[],"attachments":[],"parameters":[],"stepsCount":0,"attachmentsCount":0,"shouldDisplayMessage":false,"hasContent":false},{"name":"Driver instance: ChromeDriver: chrome on linux (c14e7adbe41acc4f31ea94975eb3fb12)","time":{"start":1692603543800,"stop":1692603543800,"duration":0},"status":"passed","steps":[],"attachments":[],"parameters":[],"stepsCount":0,"attachmentsCount":0,"shouldDisplayMessage":false,"hasContent":false}],"attachments":[],"parameters":[],"stepsCount":5,"attachmentsCount":0,"shouldDisplayMessage":false,"hasContent":true}],"testStage":{"description":"Verify the error message with invalid username and password.","status":"failed","statusMessage":"expected [true] but found [false]","statusTrace":"java.lang.AssertionError: expected [true] but found [false]\n\tat org.testng.Assert.fail(Assert.java:110)\n\tat org.testng.Assert.failNotEquals(Assert.java:1577)\n\tat org.testng.Assert.assertTrue(Assert.java:56)\n\tat org.testng.Assert.assertTrue(Assert.java:66)\n\tat test.java.tests.theInternet.parallel.TestThree.testThreeUnstableTest(TestThree.java:62)\n\tat java.base/jdk.internal.reflect.NativeMethodAccessorImpl.invoke0(Native Method)\n\tat java.base/jdk.internal.reflect.NativeMethodAccessorImpl.invoke(NativeMethodAccessorImpl.java:77)\n\tat java.base/jdk.internal.reflect.DelegatingMethodAccessorImpl.invoke(DelegatingMethodAccessorImpl.java:43)\n\tat java.base/java.lang.reflect.Method.invoke(Method.java:568)\n\tat org.testng.internal.invokers.MethodInvocationHelper.invokeMethod(MethodInvocationHelper.java:139)\n\tat org.testng.internal.invokers.TestInvoker.invokeMethod(TestInvoker.java:677)\n\tat org.testng.internal.invokers.TestInvoker.retryFailed(TestInvoker.java:263)\n\tat org.testng.internal.invokers.MethodRunner.runInSequence(MethodRunner.java:62)\n\tat org.testng.internal.invokers.TestInvoker$MethodInvocationAgent.invoke(TestInvoker.java:969)\n\tat org.testng.internal.invokers.TestInvoker.invokeTestMethods(TestInvoker.java:194)\n\tat org.testng.internal.invokers.TestMethodWorker.invokeTestMethods(TestMethodWorker.java:148)\n\tat org.testng.internal.invokers.TestMethodWorker.run(TestMethodWorker.java:128)\n\tat java.base/java.util.concurrent.ThreadPoolExecutor.runWorker(ThreadPoolExecutor.java:1136)\n\tat java.base/java.util.concurrent.ThreadPoolExecutor$Worker.run(ThreadPoolExecutor.java:635)\n\tat java.base/java.lang.Thread.run(Thread.java:833)\n","steps":[{"name":"1","time":{"start":1692603543811,"stop":1692603543811,"duration":0},"status":"passed","steps":[],"attachments":[],"parameters":[],"stepsCount":0,"attachmentsCount":0,"shouldDisplayMessage":false,"hasContent":false}],"attachments":[],"parameters":[],"stepsCount":1,"attachmentsCount":0,"shouldDisplayMessage":true,"hasContent":true},"afterStages":[{"name":"teardown","time":{"start":1692603543898,"stop":1692603543967,"duration":69},"description":"","status":"passed","steps":[{"name":"Cleaning up driver instance: ChromeDriver: chrome on linux (c14e7adbe41acc4f31ea94975eb3fb12)","time":{"start":1692603543898,"stop":1692603543898,"duration":0},"status":"passed","steps":[],"attachments":[],"parameters":[],"stepsCount":0,"attachmentsCount":0,"shouldDisplayMessage":false,"hasContent":false},{"name":"Complete time: 21 Aug 2023 07:39:03","time":{"start":1692603543967,"stop":1692603543967,"duration":0},"status":"passed","steps":[],"attachments":[],"parameters":[],"stepsCount":0,"attachmentsCount":0,"shouldDisplayMessage":false,"hasContent":false}],"attachments":[],"parameters":[],"stepsCount":2,"attachmentsCount":0,"shouldDisplayMessage":false,"hasContent":true}],"labels":[{"name":"package","value":"test.java.tests.theInternet.parallel.TestThree"},{"name":"testClass","value":"test.java.tests.theInternet.parallel.TestThree"},{"name":"testMethod","value":"testThreeUnstableTest"},{"name":"parentSuite","value":"Suite - Parallel Execution"},{"name":"suite","value":"Test Parallel Execution"},{"name":"subSuite","value":"test.java.tests.theInternet.parallel.TestThree"},{"name":"host","value":"fv-az442-393"},{"name":"thread","value":"2294@fv-az442-393.TestNG-test=Test Parallel Execution-11(103)"},{"name":"framework","value":"testng"},{"name":"language","value":"java"},{"name":"severity","value":"trivial"},{"name":"resultFormat","value":"allure2"}],"parameters":[],"links":[],"hidden":false,"retry":false,"extra":{"severity":"trivial","retries":[{"uid":"6261c8fe0c7afd24","status":"skipped","statusDetails":"expected [true] but found [false]","time":{"start":1692603543068,"stop":1692603543068,"duration":0}},{"uid":"c5d8912570bfecdb","status":"skipped","statusDetails":"expected [true] but found [false]","time":{"start":1692603542178,"stop":1692603542191,"duration":13}}],"categories":[{"name":"Product defects","matchedStatuses":[],"flaky":false}],"history":{"statistic":{"failed":2,"broken":0,"skipped":1,"passed":12,"unknown":0,"total":15},"items":[{"uid":"e6cf8789654ed271","reportUrl":"https://jagadeeshshetty.github.io/SeleniumMaven/92//#testresult/e6cf8789654ed271","status":"passed","time":{"start":1692603558945,"stop":1692603558946,"duration":1}},{"uid":"311265bf33abd10e","reportUrl":"https://jagadeeshshetty.github.io/SeleniumMaven/87//#testresult/311265bf33abd10e","status":"passed","time":{"start":1692603569710,"stop":1692603569712,"duration":2}},{"uid":"b135dea6de8921d2","reportUrl":"https://jagadeeshshetty.github.io/SeleniumMaven/85//#testresult/b135dea6de8921d2","status":"passed","time":{"start":1692415375445,"stop":1692415375448,"duration":3}},{"uid":"a62fd254d04e7e3","reportUrl":"https://jagadeeshshetty.github.io/SeleniumMaven/84//#testresult/a62fd254d04e7e3","status":"passed","time":{"start":1692414751110,"stop":1692414751111,"duration":1}},{"uid":"4cc3d4ea28f3e927","reportUrl":"https://jagadeeshshetty.github.io/SeleniumMaven/83//#testresult/4cc3d4ea28f3e927","status":"passed","time":{"start":1692275156757,"stop":1692275156757,"duration":0}},{"uid":"dd15e024ad30c070","reportUrl":"https://jagadeeshshetty.github.io/SeleniumMaven/82//#testresult/dd15e024ad30c070","status":"passed","time":{"start":1692274113264,"stop":1692274113264,"duration":0}},{"uid":"2397f286451ca4da","reportUrl":"https://jagadeeshshetty.github.io/SeleniumMaven/81//#testresult/2397f286451ca4da","status":"passed","time":{"start":1692271215290,"stop":1692271215291,"duration":1}},{"uid":"75c0b23b7f6b6f6d","reportUrl":"https://jagadeeshshetty.github.io/SeleniumMaven/80//#testresult/75c0b23b7f6b6f6d","status":"passed","time":{"start":1692270662088,"stop":1692270662089,"duration":1}},{"uid":"ead3b7a548637c1b","reportUrl":"https://jagadeeshshetty.github.io/SeleniumMaven/79//#testresult/ead3b7a548637c1b","status":"passed","time":{"start":1692182197424,"stop":1692182197434,"duration":10}},{"uid":"c16ee9bd919c662a","reportUrl":"https://jagadeeshshetty.github.io/SeleniumMaven/78//#testresult/c16ee9bd919c662a","status":"failed","statusDetails":"expected [true] but found [false]","time":{"start":1692181646388,"stop":1692181646388,"duration":0}},{"uid":"11bacfef0aa43811","reportUrl":"https://jagadeeshshetty.github.io/SeleniumMaven/77//#testresult/11bacfef0aa43811","status":"passed","time":{"start":1692178425032,"stop":1692178425032,"duration":0}},{"uid":"2577343ba14d1680","reportUrl":"https://jagadeeshshetty.github.io/SeleniumMaven/76//#testresult/2577343ba14d1680","status":"passed","time":{"start":1692176618083,"stop":1692176618083,"duration":0}},{"uid":"641282164b61da25","reportUrl":"https://jagadeeshshetty.github.io/SeleniumMaven/75//#testresult/641282164b61da25","status":"passed","time":{"start":1692124625047,"stop":1692124625050,"duration":3}},{"uid":"7b1006569a5de680","reportUrl":"https://jagadeeshshetty.github.io/SeleniumMaven/73//#testresult/7b1006569a5de680","status":"skipped","statusDetails":"Unable to establish websocket connection to http://localhost:34445/devtools/browser/b0d78bfa-1a03-4b2f-800c-ddd96ba06897\nBuild info: version: '4.1.2', revision: '9a5a329c5a'\nSystem info: host: 'fv-az203-597', ip: '10.1.0.117', os.name: 'Linux', os.arch: 'amd64', os.version: '5.15.0-1041-azure', java.version: '17.0.8'\nDriver info: driver.version: ChromeDriver","time":{"start":1690849858447,"stop":1690849858447,"duration":0}}]},"tags":[]},"source":"7a9836a6b9e510a2.json","parameterValues":[]}